Using learning rate: 0.001
Using sequence aggregation method: mean
Using optimizer: adam
Using cpu device
DimensionPredictor(
  (softmax): Softmax(dim=0)
  (first_projection): Linear(in_features=1024, out_features=256, bias=True)
  (second_projection): Linear(in_features=256, out_features=1, bias=True)
)
loss: 0.257994  [    0/  385]
loss: 0.025663  [  160/  385]
loss: 0.023405  [  320/  385]
Test Error: 
MSE: 0.333123
RMSE: 0.577168
MAE: 0.699866
R^2: -0.13942751825729793
Saved PyTorch Model State to dimension_models/model_objects/EU_Emotion_Stimulus_Set_valence_wav2vec2_large_ls960_1665093316_BEST.pt
loss: 0.013300  [    0/  385]
loss: 0.022125  [  160/  385]
loss: 0.023776  [  320/  385]
Test Error: 
MSE: 0.272409
RMSE: 0.521928
MAE: 0.668982
R^2: 0.0682429960387878
Saved PyTorch Model State to dimension_models/model_objects/EU_Emotion_Stimulus_Set_valence_wav2vec2_large_ls960_1665093316_BEST.pt
loss: 0.018789  [    0/  385]
loss: 0.023748  [  160/  385]
loss: 0.027355  [  320/  385]
Test Error: 
MSE: 0.331925
RMSE: 0.576129
MAE: 0.700823
R^2: -0.13532739704962293
loss: 0.024709  [    0/  385]
loss: 0.006565  [  160/  385]
loss: 0.017206  [  320/  385]
Test Error: 
MSE: 0.289462
RMSE: 0.538016
MAE: 0.678826
R^2: 0.009914640762917037
loss: 0.011126  [    0/  385]
loss: 0.019183  [  160/  385]
loss: 0.016616  [  320/  385]
Test Error: 
MSE: 0.351349
RMSE: 0.592747
MAE: 0.707134
R^2: -0.2017662071922499
loss: 0.010877  [    0/  385]
loss: 0.010134  [  160/  385]
loss: 0.013479  [  320/  385]
Test Error: 
MSE: 0.358006
RMSE: 0.598336
MAE: 0.710649
R^2: -0.22453739164834752
loss: 0.012920  [    0/  385]
loss: 0.013372  [  160/  385]
loss: 0.012292  [  320/  385]
Test Error: 
MSE: 0.248206
RMSE: 0.498203
MAE: 0.644937
R^2: 0.1510260228459963
Saved PyTorch Model State to dimension_models/model_objects/EU_Emotion_Stimulus_Set_valence_wav2vec2_large_ls960_1665093316_BEST.pt
loss: 0.011474  [    0/  385]
loss: 0.019906  [  160/  385]
loss: 0.010894  [  320/  385]
Test Error: 
MSE: 0.329645
RMSE: 0.574148
MAE: 0.695829
R^2: -0.1275312827230246
loss: 0.017876  [    0/  385]
loss: 0.004959  [  160/  385]
loss: 0.012639  [  320/  385]
Test Error: 
MSE: 0.529836
RMSE: 0.727898
MAE: 0.785268
R^2: -0.8122701005521085
loss: 0.022948  [    0/  385]
loss: 0.021157  [  160/  385]
loss: 0.009347  [  320/  385]
Test Error: 
MSE: 0.293287
RMSE: 0.541560
MAE: 0.684128
R^2: -0.0031702672338191906
loss: 0.012775  [    0/  385]
loss: 0.007100  [  160/  385]
loss: 0.014273  [  320/  385]
Test Error: 
MSE: 0.437674
RMSE: 0.661570
MAE: 0.759185
R^2: -0.4970369460941557
loss: 0.021817  [    0/  385]
loss: 0.013537  [  160/  385]
loss: 0.015794  [  320/  385]
Test Error: 
MSE: 0.400792
RMSE: 0.633082
MAE: 0.734902
R^2: -0.3708844147470267
loss: 0.017519  [    0/  385]
loss: 0.014935  [  160/  385]
loss: 0.007971  [  320/  385]
Test Error: 
MSE: 0.189246
RMSE: 0.435024
MAE: 0.600082
R^2: 0.3526966849748495
Saved PyTorch Model State to dimension_models/model_objects/EU_Emotion_Stimulus_Set_valence_wav2vec2_large_ls960_1665093316_BEST.pt
loss: 0.006205  [    0/  385]
loss: 0.009430  [  160/  385]
loss: 0.015391  [  320/  385]
Test Error: 
MSE: 0.250210
RMSE: 0.500210
MAE: 0.632429
R^2: 0.1441724848580307
loss: 0.013427  [    0/  385]
loss: 0.011440  [  160/  385]
loss: 0.012126  [  320/  385]
Test Error: 
MSE: 0.287379
RMSE: 0.536077
MAE: 0.643225
R^2: 0.017040106121377185
loss: 0.012783  [    0/  385]
loss: 0.012292  [  160/  385]
loss: 0.014589  [  320/  385]
Test Error: 
MSE: 0.225183
RMSE: 0.474534
MAE: 0.614881
R^2: 0.2297765381788165
loss: 0.014951  [    0/  385]
loss: 0.007872  [  160/  385]
loss: 0.012458  [  320/  385]
Test Error: 
MSE: 0.225266
RMSE: 0.474621
MAE: 0.630726
R^2: 0.22949356830944723
loss: 0.009099  [    0/  385]
loss: 0.008534  [  160/  385]
loss: 0.006021  [  320/  385]
Test Error: 
MSE: 0.231879
RMSE: 0.481538
MAE: 0.634741
R^2: 0.2068734042547974
loss: 0.006348  [    0/  385]
loss: 0.009006  [  160/  385]
loss: 0.013648  [  320/  385]
Test Error: 
MSE: 0.226219
RMSE: 0.475625
MAE: 0.629011
R^2: 0.22623198619897045
loss: 0.006635  [    0/  385]
loss: 0.006725  [  160/  385]
loss: 0.011253  [  320/  385]
Test Error: 
MSE: 0.312781
RMSE: 0.559269
MAE: 0.682315
R^2: -0.06984847110402503
loss: 0.014825  [    0/  385]
loss: 0.009561  [  160/  385]
loss: 0.009843  [  320/  385]
Test Error: 
MSE: 0.295566
RMSE: 0.543660
MAE: 0.672595
R^2: -0.010965088686531566
loss: 0.015203  [    0/  385]
loss: 0.007186  [  160/  385]
loss: 0.008750  [  320/  385]
Test Error: 
MSE: 0.221451
RMSE: 0.470586
MAE: 0.617917
R^2: 0.24254091837200087
loss: 0.011477  [    0/  385]
loss: 0.009621  [  160/  385]
loss: 0.004394  [  320/  385]
Test Error: 
MSE: 0.213917
RMSE: 0.462512
MAE: 0.610832
R^2: 0.268310479386876
loss: 0.009818  [    0/  385]
loss: 0.011792  [  160/  385]
loss: 0.007463  [  320/  385]
Test Error: 
MSE: 0.295499
RMSE: 0.543598
MAE: 0.680520
R^2: -0.010735851730513613
loss: 0.010968  [    0/  385]
loss: 0.006420  [  160/  385]
loss: 0.006425  [  320/  385]
Test Error: 
MSE: 0.257716
RMSE: 0.507658
MAE: 0.658307
R^2: 0.1184978547865988
loss: 0.006235  [    0/  385]
loss: 0.011286  [  160/  385]
loss: 0.006802  [  320/  385]
Test Error: 
MSE: 0.214481
RMSE: 0.463121
MAE: 0.605891
R^2: 0.266380560768506
loss: 0.010537  [    0/  385]
loss: 0.005522  [  160/  385]
loss: 0.010700  [  320/  385]
Test Error: 
MSE: 0.216599
RMSE: 0.465402
MAE: 0.608806
R^2: 0.2591377207809539
loss: 0.011592  [    0/  385]
loss: 0.005402  [  160/  385]
loss: 0.009482  [  320/  385]
Test Error: 
MSE: 0.197168
RMSE: 0.444036
MAE: 0.590999
R^2: 0.32560026276193244
loss: 0.008470  [    0/  385]
loss: 0.005779  [  160/  385]
loss: 0.011644  [  320/  385]
Test Error: 
MSE: 0.248830
RMSE: 0.498829
MAE: 0.652070
R^2: 0.14889257967363123
loss: 0.005051  [    0/  385]
loss: 0.007415  [  160/  385]
loss: 0.011921  [  320/  385]
Test Error: 
MSE: 0.462868
RMSE: 0.680344
MAE: 0.772537
R^2: -0.5832101371571587
loss: 0.017471  [    0/  385]
loss: 0.006256  [  160/  385]
loss: 0.009366  [  320/  385]
Test Error: 
MSE: 0.326508
RMSE: 0.571409
MAE: 0.705863
R^2: -0.11679864876603907
loss: 0.013428  [    0/  385]
loss: 0.011342  [  160/  385]
loss: 0.006179  [  320/  385]
Test Error: 
MSE: 0.293104
RMSE: 0.541391
MAE: 0.687823
R^2: -0.0025440147713151617
loss: 0.014593  [    0/  385]
loss: 0.005630  [  160/  385]
loss: 0.006897  [  320/  385]
Test Error: 
MSE: 0.273062
RMSE: 0.522554
MAE: 0.668762
R^2: 0.06600826348290545
loss: 0.010805  [    0/  385]
loss: 0.010844  [  160/  385]
loss: 0.011100  [  320/  385]
Test Error: 
MSE: 0.257912
RMSE: 0.507850
MAE: 0.654617
R^2: 0.11783004935403452
loss: 0.006240  [    0/  385]
loss: 0.009141  [  160/  385]
loss: 0.008727  [  320/  385]
Test Error: 
MSE: 0.239275
RMSE: 0.489158
MAE: 0.620088
R^2: 0.1815739193247664
loss: 0.009399  [    0/  385]
loss: 0.005379  [  160/  385]
loss: 0.007603  [  320/  385]
Test Error: 
MSE: 0.255634
RMSE: 0.505603
MAE: 0.654370
R^2: 0.12562021176421667
loss: 0.008589  [    0/  385]
loss: 0.006190  [  160/  385]
loss: 0.007410  [  320/  385]
Test Error: 
MSE: 0.286382
RMSE: 0.535147
MAE: 0.651949
R^2: 0.020448197148024927
loss: 0.006447  [    0/  385]
loss: 0.004405  [  160/  385]
loss: 0.008103  [  320/  385]
Test Error: 
MSE: 0.322210
RMSE: 0.567636
MAE: 0.694115
R^2: -0.1020989760734603
loss: 0.009692  [    0/  385]
loss: 0.008484  [  160/  385]
loss: 0.006340  [  320/  385]
Test Error: 
MSE: 0.270844
RMSE: 0.520426
MAE: 0.659320
R^2: 0.0735966460359192
loss: 0.006875  [    0/  385]
loss: 0.010976  [  160/  385]
loss: 0.010434  [  320/  385]
Test Error: 
MSE: 0.253469
RMSE: 0.503457
MAE: 0.639547
R^2: 0.1330258816150388
loss: 0.007178  [    0/  385]
loss: 0.008689  [  160/  385]
loss: 0.007452  [  320/  385]
Test Error: 
MSE: 0.292157
RMSE: 0.540516
MAE: 0.647284
R^2: 0.0006941460825017343
loss: 0.013156  [    0/  385]
loss: 0.007154  [  160/  385]
loss: 0.005961  [  320/  385]
Test Error: 
MSE: 0.233383
RMSE: 0.483098
MAE: 0.635987
R^2: 0.20172738739747298
loss: 0.008281  [    0/  385]
loss: 0.009447  [  160/  385]
loss: 0.005716  [  320/  385]
Test Error: 
MSE: 0.375024
RMSE: 0.612392
MAE: 0.729367
R^2: -0.28274486939738863
loss: 0.008198  [    0/  385]
loss: 0.008727  [  160/  385]
loss: 0.006858  [  320/  385]
Test Error: 
MSE: 0.273095
RMSE: 0.522585
MAE: 0.669541
R^2: 0.06589474816720364
loss: 0.003160  [    0/  385]
loss: 0.005988  [  160/  385]
loss: 0.005615  [  320/  385]
Test Error: 
MSE: 0.259573
RMSE: 0.509483
MAE: 0.658307
R^2: 0.11214727492182319
loss: 0.005526  [    0/  385]
loss: 0.005504  [  160/  385]
loss: 0.008632  [  320/  385]
Test Error: 
MSE: 0.292540
RMSE: 0.540870
MAE: 0.680691
R^2: -0.0006145242196258227
loss: 0.007711  [    0/  385]
loss: 0.007208  [  160/  385]
loss: 0.010003  [  320/  385]
Test Error: 
MSE: 0.250502
RMSE: 0.500502
MAE: 0.627549
R^2: 0.14317313743115134
loss: 0.007603  [    0/  385]
loss: 0.007143  [  160/  385]
loss: 0.007538  [  320/  385]
Test Error: 
MSE: 0.258868
RMSE: 0.508790
MAE: 0.654482
R^2: 0.11455948429382534
loss: 0.005658  [    0/  385]
loss: 0.004922  [  160/  385]
loss: 0.006754  [  320/  385]
Test Error: 
MSE: 0.352535
RMSE: 0.593747
MAE: 0.725310
R^2: -0.2058240492895842
loss: 0.012541  [    0/  385]
loss: 0.009878  [  160/  385]
loss: 0.004803  [  320/  385]
Test Error: 
MSE: 0.226342
RMSE: 0.475754
MAE: 0.627760
R^2: 0.22581195098905227
loss: 0.008636  [    0/  385]
loss: 0.004950  [  160/  385]
loss: 0.005012  [  320/  385]
Test Error: 
MSE: 0.218620
RMSE: 0.467568
MAE: 0.614847
R^2: 0.2522242601876933
loss: 0.005609  [    0/  385]
loss: 0.006025  [  160/  385]
loss: 0.004443  [  320/  385]
Test Error: 
MSE: 0.266200
RMSE: 0.515945
MAE: 0.657995
R^2: 0.08948081996027768
loss: 0.003912  [    0/  385]
loss: 0.005041  [  160/  385]
loss: 0.005330  [  320/  385]
Test Error: 
MSE: 0.247012
RMSE: 0.497003
MAE: 0.629857
R^2: 0.15511222066015462
loss: 0.005039  [    0/  385]
loss: 0.006757  [  160/  385]
loss: 0.004628  [  320/  385]
Test Error: 
MSE: 0.280257
RMSE: 0.529393
MAE: 0.668834
R^2: 0.04139745864702993
loss: 0.004358  [    0/  385]
loss: 0.005127  [  160/  385]
loss: 0.005825  [  320/  385]
Test Error: 
MSE: 0.261918
RMSE: 0.511779
MAE: 0.640409
R^2: 0.10412777806081952
loss: 0.006291  [    0/  385]
loss: 0.005502  [  160/  385]
loss: 0.006251  [  320/  385]
Test Error: 
MSE: 0.270292
RMSE: 0.519896
MAE: 0.657112
R^2: 0.07548384669537334
loss: 0.004762  [    0/  385]
loss: 0.006354  [  160/  385]
loss: 0.003703  [  320/  385]
Test Error: 
MSE: 0.273129
RMSE: 0.522617
MAE: 0.647172
R^2: 0.0657795647507311
loss: 0.006823  [    0/  385]
loss: 0.006154  [  160/  385]
loss: 0.007517  [  320/  385]
Test Error: 
MSE: 0.290811
RMSE: 0.539269
MAE: 0.668054
R^2: 0.005299039782194703
loss: 0.003619  [    0/  385]
loss: 0.003508  [  160/  385]
loss: 0.009723  [  320/  385]
Test Error: 
MSE: 0.295290
RMSE: 0.543406
MAE: 0.672770
R^2: -0.01001995458324978
loss: 0.005418  [    0/  385]
loss: 0.003839  [  160/  385]
loss: 0.006909  [  320/  385]
Test Error: 
MSE: 0.296014
RMSE: 0.544072
MAE: 0.673975
R^2: -0.012496384034946129
loss: 0.002256  [    0/  385]
loss: 0.005295  [  160/  385]
loss: 0.007049  [  320/  385]
Test Error: 
MSE: 0.288358
RMSE: 0.536990
MAE: 0.670017
R^2: 0.013688607425652144
loss: 0.005757  [    0/  385]
loss: 0.005608  [  160/  385]
loss: 0.004366  [  320/  385]
Test Error: 
MSE: 0.292065
RMSE: 0.540430
MAE: 0.674631
R^2: 0.0010107571392613535
loss: 0.004330  [    0/  385]
loss: 0.004351  [  160/  385]
loss: 0.003794  [  320/  385]
Test Error: 
MSE: 0.297695
RMSE: 0.545614
MAE: 0.680674
R^2: -0.01824559511583912
loss: 0.003760  [    0/  385]
loss: 0.004447  [  160/  385]
loss: 0.003728  [  320/  385]
Test Error: 
MSE: 0.283313
RMSE: 0.532271
MAE: 0.648145
R^2: 0.03094636391242711
loss: 0.004506  [    0/  385]
loss: 0.008240  [  160/  385]
loss: 0.004475  [  320/  385]
Test Error: 
MSE: 0.384645
RMSE: 0.620198
MAE: 0.740608
R^2: -0.31565354272478574
loss: 0.006138  [    0/  385]
loss: 0.006238  [  160/  385]
loss: 0.005035  [  320/  385]
Test Error: 
MSE: 0.279913
RMSE: 0.529068
MAE: 0.647496
R^2: 0.04257463460979716
loss: 0.005758  [    0/  385]
loss: 0.003808  [  160/  385]
loss: 0.005257  [  320/  385]
Test Error: 
MSE: 0.289896
RMSE: 0.538420
MAE: 0.668008
R^2: 0.00843046504092182
loss: 0.002146  [    0/  385]
loss: 0.005973  [  160/  385]
loss: 0.008204  [  320/  385]
Test Error: 
MSE: 0.280119
RMSE: 0.529263
MAE: 0.650615
R^2: 0.04187014829325475
loss: 0.006015  [    0/  385]
loss: 0.004931  [  160/  385]
loss: 0.005838  [  320/  385]
Test Error: 
MSE: 0.294264
RMSE: 0.542461
MAE: 0.665961
R^2: -0.006512443705446236
loss: 0.004672  [    0/  385]
loss: 0.006560  [  160/  385]
loss: 0.008039  [  320/  385]
Test Error: 
MSE: 0.325860
RMSE: 0.570842
MAE: 0.697378
R^2: -0.11458437811130628
loss: 0.003937  [    0/  385]
loss: 0.005153  [  160/  385]
loss: 0.004863  [  320/  385]
Test Error: 
MSE: 0.296262
RMSE: 0.544299
MAE: 0.659196
R^2: -0.013344024709128322
loss: 0.003901  [    0/  385]
loss: 0.005145  [  160/  385]
loss: 0.004952  [  320/  385]
Test Error: 
MSE: 0.312588
RMSE: 0.559095
MAE: 0.680054
R^2: -0.06918615541142192
loss: 0.002793  [    0/  385]
loss: 0.003422  [  160/  385]
loss: 0.004759  [  320/  385]
Test Error: 
MSE: 0.305504
RMSE: 0.552724
MAE: 0.658813
R^2: -0.04495583305946371
loss: 0.005526  [    0/  385]
loss: 0.007100  [  160/  385]
loss: 0.005470  [  320/  385]
Test Error: 
MSE: 0.411160
RMSE: 0.641217
MAE: 0.745218
R^2: -0.40634508285326043
loss: 0.005351  [    0/  385]
loss: 0.003581  [  160/  385]
loss: 0.003191  [  320/  385]
Test Error: 
MSE: 0.358484
RMSE: 0.598736
MAE: 0.713973
R^2: -0.22617256743452763
loss: 0.004940  [    0/  385]
loss: 0.008535  [  160/  385]
loss: 0.011055  [  320/  385]
Test Error: 
MSE: 0.312502
RMSE: 0.559018
MAE: 0.650928
R^2: -0.06889153198647091
loss: 0.009112  [    0/  385]
loss: 0.009135  [  160/  385]
loss: 0.010258  [  320/  385]
Test Error: 
MSE: 0.311291
RMSE: 0.557935
MAE: 0.686058
R^2: -0.06475243363505423
loss: 0.003332  [    0/  385]
loss: 0.004452  [  160/  385]
loss: 0.003871  [  320/  385]
Test Error: 
MSE: 0.283497
RMSE: 0.532444
MAE: 0.654989
R^2: 0.0303182970498882
loss: 0.006837  [    0/  385]
loss: 0.002801  [  160/  385]
loss: 0.004586  [  320/  385]
Test Error: 
MSE: 0.285943
RMSE: 0.534737
MAE: 0.656330
R^2: 0.021949774111786002
loss: 0.002725  [    0/  385]
