Using learning rate: 0.0001
Using sequence aggregation method: mean
Using optimizer: adam
Using cpu device
DimensionPredictor(
  (softmax): Softmax(dim=0)
  (first_projection): Linear(in_features=1024, out_features=256, bias=True)
  (second_projection): Linear(in_features=256, out_features=1, bias=True)
)
loss: 5.339775  [    0/  385]
loss: 2.036001  [  160/  385]
loss: 1.034738  [  320/  385]
Test Error: 
MSE: 4.950764
RMSE: 2.225031
MAE: 1.398162
R^2: -10.002737471677648
Saved PyTorch Model State to dimension_models/model_objects/EU_Emotion_Stimulus_Set_valence_wavlm_large_1662422899_BEST.pt
loss: 0.318971  [    0/  385]
loss: 0.531255  [  160/  385]
loss: 0.191665  [  320/  385]
Test Error: 
MSE: 3.453358
RMSE: 1.858321
MAE: 1.260517
R^2: -6.674854744349754
Saved PyTorch Model State to dimension_models/model_objects/EU_Emotion_Stimulus_Set_valence_wavlm_large_1662422899_BEST.pt
loss: 0.230380  [    0/  385]
loss: 0.117029  [  160/  385]
loss: 0.055217  [  320/  385]
Test Error: 
MSE: 2.488296
RMSE: 1.577433
MAE: 1.150380
R^2: -4.530069973384082
Saved PyTorch Model State to dimension_models/model_objects/EU_Emotion_Stimulus_Set_valence_wavlm_large_1662422899_BEST.pt
loss: 0.249864  [    0/  385]
loss: 0.087256  [  160/  385]
loss: 0.057211  [  320/  385]
Test Error: 
MSE: 0.842740
RMSE: 0.918009
MAE: 0.850057
R^2: -0.8729332176788753
Saved PyTorch Model State to dimension_models/model_objects/EU_Emotion_Stimulus_Set_valence_wavlm_large_1662422899_BEST.pt
loss: 0.067567  [    0/  385]
loss: 0.036306  [  160/  385]
loss: 0.034519  [  320/  385]
Test Error: 
MSE: 0.680616
RMSE: 0.824994
MAE: 0.809281
R^2: -0.5126225440463139
Saved PyTorch Model State to dimension_models/model_objects/EU_Emotion_Stimulus_Set_valence_wavlm_large_1662422899_BEST.pt
loss: 0.052087  [    0/  385]
loss: 0.040561  [  160/  385]
loss: 0.020072  [  320/  385]
Test Error: 
MSE: 0.697777
RMSE: 0.835331
MAE: 0.820485
R^2: -0.5507626248188824
loss: 0.080770  [    0/  385]
loss: 0.056004  [  160/  385]
loss: 0.020004  [  320/  385]
Test Error: 
MSE: 0.668902
RMSE: 0.817864
MAE: 0.814721
R^2: -0.486588756224253
Saved PyTorch Model State to dimension_models/model_objects/EU_Emotion_Stimulus_Set_valence_wavlm_large_1662422899_BEST.pt
loss: 0.050820  [    0/  385]
loss: 0.030750  [  160/  385]
loss: 0.032337  [  320/  385]
Test Error: 
MSE: 0.569172
RMSE: 0.754435
MAE: 0.775083
R^2: -0.26494595000075405
Saved PyTorch Model State to dimension_models/model_objects/EU_Emotion_Stimulus_Set_valence_wavlm_large_1662422899_BEST.pt
loss: 0.042406  [    0/  385]
loss: 0.038443  [  160/  385]
loss: 0.033388  [  320/  385]
Test Error: 
MSE: 0.500931
RMSE: 0.707765
MAE: 0.743546
R^2: -0.11328514870616369
Saved PyTorch Model State to dimension_models/model_objects/EU_Emotion_Stimulus_Set_valence_wavlm_large_1662422899_BEST.pt
loss: 0.034717  [    0/  385]
loss: 0.023031  [  160/  385]
loss: 0.034982  [  320/  385]
Test Error: 
MSE: 1.231257
RMSE: 1.109620
MAE: 0.974002
R^2: -1.7363858544942632
loss: 0.052551  [    0/  385]
loss: 0.041901  [  160/  385]
loss: 0.036265  [  320/  385]
Test Error: 
MSE: 0.501444
RMSE: 0.708127
MAE: 0.753526
R^2: -0.11442626721688165
loss: 0.023663  [    0/  385]
loss: 0.032563  [  160/  385]
loss: 0.061660  [  320/  385]
Test Error: 
MSE: 0.769780
RMSE: 0.877371
MAE: 0.850007
R^2: -0.7107840932947751
loss: 0.057041  [    0/  385]
loss: 0.041992  [  160/  385]
loss: 0.055569  [  320/  385]
Test Error: 
MSE: 0.448916
RMSE: 0.670012
MAE: 0.732700
R^2: 0.002313816695579396
Saved PyTorch Model State to dimension_models/model_objects/EU_Emotion_Stimulus_Set_valence_wavlm_large_1662422899_BEST.pt
loss: 0.039706  [    0/  385]
loss: 0.028374  [  160/  385]
loss: 0.015976  [  320/  385]
Test Error: 
MSE: 0.523432
RMSE: 0.723486
MAE: 0.760986
R^2: -0.16329109552124565
loss: 0.028869  [    0/  385]
loss: 0.024744  [  160/  385]
loss: 0.034319  [  320/  385]
Test Error: 
MSE: 0.505403
RMSE: 0.710917
MAE: 0.733002
R^2: -0.12322365091165777
loss: 0.030284  [    0/  385]
loss: 0.026073  [  160/  385]
loss: 0.018540  [  320/  385]
Test Error: 
MSE: 0.519523
RMSE: 0.720780
MAE: 0.769667
R^2: -0.1546056851003812
loss: 0.016721  [    0/  385]
loss: 0.027309  [  160/  385]
loss: 0.021469  [  320/  385]
Test Error: 
MSE: 0.764085
RMSE: 0.874120
MAE: 0.858768
R^2: -0.6981275252275827
loss: 0.040833  [    0/  385]
loss: 0.036046  [  160/  385]
loss: 0.026952  [  320/  385]
Test Error: 
MSE: 0.388226
RMSE: 0.623078
MAE: 0.693762
R^2: 0.13719448479236895
Saved PyTorch Model State to dimension_models/model_objects/EU_Emotion_Stimulus_Set_valence_wavlm_large_1662422899_BEST.pt
loss: 0.018923  [    0/  385]
loss: 0.012029  [  160/  385]
loss: 0.026156  [  320/  385]
Test Error: 
MSE: 0.386551
RMSE: 0.621732
MAE: 0.689507
R^2: 0.14091605004904628
Saved PyTorch Model State to dimension_models/model_objects/EU_Emotion_Stimulus_Set_valence_wavlm_large_1662422899_BEST.pt
loss: 0.018432  [    0/  385]
loss: 0.015386  [  160/  385]
loss: 0.018800  [  320/  385]
Test Error: 
MSE: 0.355029
RMSE: 0.595843
MAE: 0.671552
R^2: 0.2109711664583942
Saved PyTorch Model State to dimension_models/model_objects/EU_Emotion_Stimulus_Set_valence_wavlm_large_1662422899_BEST.pt
loss: 0.015825  [    0/  385]
loss: 0.026256  [  160/  385]
loss: 0.020497  [  320/  385]
Test Error: 
MSE: 0.446271
RMSE: 0.668036
MAE: 0.720775
R^2: 0.008191972115134782
loss: 0.011280  [    0/  385]
loss: 0.017173  [  160/  385]
loss: 0.020506  [  320/  385]
Test Error: 
MSE: 0.610961
RMSE: 0.781640
MAE: 0.809718
R^2: -0.35781908990189226
loss: 0.034617  [    0/  385]
loss: 0.023596  [  160/  385]
loss: 0.047680  [  320/  385]
Test Error: 
MSE: 0.370446
RMSE: 0.608643
MAE: 0.696757
R^2: 0.17670775727835775
loss: 0.022076  [    0/  385]
loss: 0.009910  [  160/  385]
loss: 0.016168  [  320/  385]
Test Error: 
MSE: 0.458360
RMSE: 0.677023
MAE: 0.754245
R^2: -0.018673122042850654
loss: 0.048123  [    0/  385]
loss: 0.028802  [  160/  385]
loss: 0.027914  [  320/  385]
Test Error: 
MSE: 0.477405
RMSE: 0.690945
MAE: 0.743869
R^2: -0.06100102403663121
loss: 0.019735  [    0/  385]
loss: 0.019831  [  160/  385]
loss: 0.015374  [  320/  385]
Test Error: 
MSE: 0.402937
RMSE: 0.634773
MAE: 0.710843
R^2: 0.10449932044210009
loss: 0.013896  [    0/  385]
loss: 0.010891  [  160/  385]
loss: 0.020406  [  320/  385]
Test Error: 
MSE: 0.644048
RMSE: 0.802526
MAE: 0.820444
R^2: -0.43135307192523875
loss: 0.035469  [    0/  385]
loss: 0.018860  [  160/  385]
loss: 0.017190  [  320/  385]
Test Error: 
MSE: 0.511083
RMSE: 0.714901
MAE: 0.772817
R^2: -0.13584834589214845
loss: 0.025835  [    0/  385]
loss: 0.012913  [  160/  385]
loss: 0.014692  [  320/  385]
Test Error: 
MSE: 0.334399
RMSE: 0.578272
MAE: 0.649457
R^2: 0.256821682693987
Saved PyTorch Model State to dimension_models/model_objects/EU_Emotion_Stimulus_Set_valence_wavlm_large_1662422899_BEST.pt
loss: 0.014955  [    0/  385]
loss: 0.013769  [  160/  385]
loss: 0.027772  [  320/  385]
Test Error: 
MSE: 0.365261
RMSE: 0.604368
MAE: 0.672675
R^2: 0.18823167513900596
loss: 0.016757  [    0/  385]
loss: 0.009812  [  160/  385]
loss: 0.010554  [  320/  385]
Test Error: 
MSE: 0.434538
RMSE: 0.659195
MAE: 0.724179
R^2: 0.03426921527260873
loss: 0.020254  [    0/  385]
loss: 0.055142  [  160/  385]
loss: 0.011236  [  320/  385]
Test Error: 
MSE: 0.334186
RMSE: 0.578088
MAE: 0.667473
R^2: 0.25729474482834747
Saved PyTorch Model State to dimension_models/model_objects/EU_Emotion_Stimulus_Set_valence_wavlm_large_1662422899_BEST.pt
loss: 0.018049  [    0/  385]
loss: 0.019887  [  160/  385]
loss: 0.018754  [  320/  385]
Test Error: 
MSE: 0.506552
RMSE: 0.711725
MAE: 0.768517
R^2: -0.1257772492780178
loss: 0.024311  [    0/  385]
loss: 0.017723  [  160/  385]
loss: 0.023160  [  320/  385]
Test Error: 
MSE: 0.740279
RMSE: 0.860394
MAE: 0.851278
R^2: -0.6452189456482502
loss: 0.040529  [    0/  385]
loss: 0.011038  [  160/  385]
loss: 0.018118  [  320/  385]
Test Error: 
MSE: 0.389573
RMSE: 0.624158
MAE: 0.698989
R^2: 0.13420110933800022
loss: 0.020140  [    0/  385]
loss: 0.016099  [  160/  385]
loss: 0.023156  [  320/  385]
Test Error: 
MSE: 0.432449
RMSE: 0.657608
MAE: 0.721708
R^2: 0.038912038426871964
loss: 0.016057  [    0/  385]
loss: 0.013393  [  160/  385]
loss: 0.018999  [  320/  385]
Test Error: 
MSE: 0.554403
RMSE: 0.744582
MAE: 0.785066
R^2: -0.23212330625958777
loss: 0.032327  [    0/  385]
loss: 0.013961  [  160/  385]
loss: 0.013894  [  320/  385]
Test Error: 
MSE: 0.422640
RMSE: 0.650108
MAE: 0.706191
R^2: 0.06071108315220353
loss: 0.016120  [    0/  385]
loss: 0.014509  [  160/  385]
loss: 0.016310  [  320/  385]
Test Error: 
MSE: 0.493449
RMSE: 0.702459
MAE: 0.770107
R^2: -0.09665725383019241
loss: 0.015601  [    0/  385]
loss: 0.018374  [  160/  385]
loss: 0.009722  [  320/  385]
Test Error: 
MSE: 0.483502
RMSE: 0.695343
MAE: 0.756770
R^2: -0.07454950584854614
loss: 0.019364  [    0/  385]
loss: 0.020386  [  160/  385]
loss: 0.011222  [  320/  385]
Test Error: 
MSE: 0.494603
RMSE: 0.703280
MAE: 0.750875
R^2: -0.09922215137612223
loss: 0.014470  [    0/  385]
loss: 0.009659  [  160/  385]
loss: 0.016432  [  320/  385]
Test Error: 
MSE: 0.340373
RMSE: 0.583415
MAE: 0.651439
R^2: 0.2435440788074258
loss: 0.008009  [    0/  385]
loss: 0.012230  [  160/  385]
loss: 0.015848  [  320/  385]
Test Error: 
MSE: 0.310651
RMSE: 0.557361
MAE: 0.640442
R^2: 0.30959967793254006
Saved PyTorch Model State to dimension_models/model_objects/EU_Emotion_Stimulus_Set_valence_wavlm_large_1662422899_BEST.pt
loss: 0.008387  [    0/  385]
loss: 0.010952  [  160/  385]
loss: 0.011708  [  320/  385]
Test Error: 
MSE: 0.552581
RMSE: 0.743358
MAE: 0.784457
R^2: -0.2280743366037561
loss: 0.022070  [    0/  385]
loss: 0.018351  [  160/  385]
loss: 0.007674  [  320/  385]
Test Error: 
MSE: 0.492512
RMSE: 0.701792
MAE: 0.753611
R^2: -0.09457402466883558
loss: 0.017230  [    0/  385]
loss: 0.005457  [  160/  385]
loss: 0.017718  [  320/  385]
Test Error: 
MSE: 0.495357
RMSE: 0.703816
MAE: 0.757524
R^2: -0.100897838398609
loss: 0.015413  [    0/  385]
loss: 0.011868  [  160/  385]
loss: 0.014064  [  320/  385]
Test Error: 
MSE: 0.323707
RMSE: 0.568953
MAE: 0.643168
R^2: 0.28058232808779615
loss: 0.012983  [    0/  385]
loss: 0.011257  [  160/  385]
loss: 0.006841  [  320/  385]
Test Error: 
MSE: 0.309404
RMSE: 0.556241
MAE: 0.637697
R^2: 0.3123707506612716
Saved PyTorch Model State to dimension_models/model_objects/EU_Emotion_Stimulus_Set_valence_wavlm_large_1662422899_BEST.pt
loss: 0.013048  [    0/  385]
loss: 0.007436  [  160/  385]
loss: 0.007267  [  320/  385]
Test Error: 
MSE: 0.571500
RMSE: 0.755977
MAE: 0.798374
R^2: -0.270121112144174
loss: 0.024863  [    0/  385]
loss: 0.014025  [  160/  385]
loss: 0.020734  [  320/  385]
Test Error: 
MSE: 0.473225
RMSE: 0.687913
MAE: 0.731112
R^2: -0.05171025756626957
loss: 0.018968  [    0/  385]
loss: 0.011037  [  160/  385]
loss: 0.015271  [  320/  385]
Test Error: 
MSE: 0.783022
RMSE: 0.884885
MAE: 0.861788
R^2: -0.7402133472524786
loss: 0.023820  [    0/  385]
loss: 0.069630  [  160/  385]
loss: 0.016188  [  320/  385]
Test Error: 
MSE: 0.405197
RMSE: 0.636551
MAE: 0.713236
R^2: 0.09947801054479266
loss: 0.009682  [    0/  385]
loss: 0.024864  [  160/  385]
loss: 0.010676  [  320/  385]
Test Error: 
MSE: 0.337802
RMSE: 0.581207
MAE: 0.680676
R^2: 0.24925889712154403
loss: 0.010139  [    0/  385]
loss: 0.006655  [  160/  385]
loss: 0.008821  [  320/  385]
Test Error: 
MSE: 0.365521
RMSE: 0.604583
MAE: 0.677645
R^2: 0.18765461187273025
loss: 0.008576  [    0/  385]
loss: 0.011050  [  160/  385]
loss: 0.013677  [  320/  385]
Test Error: 
MSE: 0.351963
RMSE: 0.593265
MAE: 0.669701
R^2: 0.21778500936860234
loss: 0.005513  [    0/  385]
loss: 0.008278  [  160/  385]
loss: 0.005361  [  320/  385]
Test Error: 
MSE: 0.446199
RMSE: 0.667982
MAE: 0.728643
R^2: 0.008352036495300807
loss: 0.014633  [    0/  385]
loss: 0.011124  [  160/  385]
loss: 0.006763  [  320/  385]
Test Error: 
MSE: 0.656913
RMSE: 0.810501
MAE: 0.814754
R^2: -0.45994366109015217
loss: 0.026050  [    0/  385]
loss: 0.004990  [  160/  385]
loss: 0.007048  [  320/  385]
Test Error: 
MSE: 1.364895
RMSE: 1.168287
MAE: 1.020130
R^2: -2.033385944500164
loss: 0.067252  [    0/  385]
loss: 0.049826  [  160/  385]
loss: 0.041239  [  320/  385]
Test Error: 
MSE: 0.547911
RMSE: 0.740210
MAE: 0.749185
R^2: -0.2176957149741956
loss: 0.010587  [    0/  385]
loss: 0.025358  [  160/  385]
loss: 0.015713  [  320/  385]
Test Error: 
MSE: 0.744089
RMSE: 0.862606
MAE: 0.854954
R^2: -0.6536882691590926
loss: 0.033113  [    0/  385]
loss: 0.011212  [  160/  385]
loss: 0.017037  [  320/  385]
Test Error: 
MSE: 0.650968
RMSE: 0.806826
MAE: 0.821838
R^2: -0.44673294521653606
loss: 0.026105  [    0/  385]
loss: 0.005767  [  160/  385]
loss: 0.028981  [  320/  385]
Test Error: 
MSE: 0.580952
RMSE: 0.762202
MAE: 0.788190
R^2: -0.2911263699768487
loss: 0.021901  [    0/  385]
loss: 0.007800  [  160/  385]
loss: 0.017825  [  320/  385]
Test Error: 
MSE: 0.315453
RMSE: 0.561652
MAE: 0.655910
R^2: 0.29892707868579427
loss: 0.005520  [    0/  385]
loss: 0.009775  [  160/  385]
loss: 0.010368  [  320/  385]
Test Error: 
MSE: 0.397471
RMSE: 0.630453
MAE: 0.705611
R^2: 0.11664822336815073
loss: 0.010504  [    0/  385]
loss: 0.011361  [  160/  385]
loss: 0.009345  [  320/  385]
Test Error: 
MSE: 0.331053
RMSE: 0.575372
MAE: 0.661162
R^2: 0.26425651196125155
loss: 0.007589  [    0/  385]
loss: 0.007468  [  160/  385]
loss: 0.006812  [  320/  385]
Test Error: 
MSE: 0.364609
RMSE: 0.603829
MAE: 0.688554
R^2: 0.1896810578618381
loss: 0.006615  [    0/  385]
loss: 0.007756  [  160/  385]
loss: 0.004183  [  320/  385]
Test Error: 
MSE: 0.465437
RMSE: 0.682230
MAE: 0.738368
R^2: -0.03440324977182896
loss: 0.015622  [    0/  385]
loss: 0.003320  [  160/  385]
loss: 0.009332  [  320/  385]
Test Error: 
MSE: 0.705110
RMSE: 0.839708
MAE: 0.837713
R^2: -0.5670596100922074
loss: 0.031059  [    0/  385]
loss: 0.016245  [  160/  385]
loss: 0.013441  [  320/  385]
Test Error: 
MSE: 0.468529
RMSE: 0.684492
MAE: 0.728438
R^2: -0.04127456767449589
loss: 0.010243  [    0/  385]
loss: 0.017822  [  160/  385]
loss: 0.009686  [  320/  385]
Test Error: 
MSE: 0.338910
RMSE: 0.582160
MAE: 0.677093
R^2: 0.24679525791495582
loss: 0.005699  [    0/  385]
loss: 0.011971  [  160/  385]
loss: 0.013843  [  320/  385]
Test Error: 
MSE: 0.450139
RMSE: 0.670924
MAE: 0.731509
R^2: -0.00040395513135149663
loss: 0.013637  [    0/  385]
loss: 0.005819  [  160/  385]
loss: 0.004891  [  320/  385]
Test Error: 
MSE: 0.418746
RMSE: 0.647106
MAE: 0.717264
R^2: 0.06936528808615539
loss: 0.010516  [    0/  385]
loss: 0.004132  [  160/  385]
loss: 0.006798  [  320/  385]
Test Error: 
MSE: 0.344754
RMSE: 0.587157
MAE: 0.683778
R^2: 0.23380865491128877
loss: 0.005957  [    0/  385]
loss: 0.006652  [  160/  385]
loss: 0.003926  [  320/  385]
Test Error: 
MSE: 0.419480
RMSE: 0.647672
MAE: 0.721366
R^2: 0.06773505202737584
loss: 0.008800  [    0/  385]
loss: 0.007631  [  160/  385]
loss: 0.014825  [  320/  385]
Test Error: 
MSE: 0.333281
RMSE: 0.577305
MAE: 0.664454
R^2: 0.2593062582861655
loss: 0.011379  [    0/  385]
loss: 0.008835  [  160/  385]
loss: 0.005758  [  320/  385]
Test Error: 
MSE: 0.382279
RMSE: 0.618287
MAE: 0.683805
R^2: 0.15041193233290473
loss: 0.003750  [    0/  385]
loss: 0.005556  [  160/  385]
loss: 0.006961  [  320/  385]
Test Error: 
MSE: 0.332268
RMSE: 0.576427
MAE: 0.659708
R^2: 0.2615578903371578
loss: 0.005938  [    0/  385]
loss: 0.005596  [  160/  385]
loss: 0.005158  [  320/  385]
Test Error: 
MSE: 0.556994
RMSE: 0.746321
MAE: 0.783205
R^2: -0.23788208586673476
loss: 0.017421  [    0/  385]
loss: 0.008011  [  160/  385]
loss: 0.022395  [  320/  385]
Test Error: 
MSE: 0.395377
RMSE: 0.628790
MAE: 0.705972
R^2: 0.12130076621679109
loss: 0.009854  [    0/  385]
loss: 0.014850  [  160/  385]
loss: 0.009426  [  320/  385]
Test Error: 
MSE: 0.507608
RMSE: 0.712466
MAE: 0.772173
R^2: -0.12812391781687604
loss: 0.011780  [    0/  385]
loss: 0.008536  [  160/  385]
loss: 0.004984  [  320/  385]
Test Error: 
MSE: 0.449056
RMSE: 0.670117
MAE: 0.725920
R^2: 0.002002828306065463
loss: 0.007639  [    0/  385]
loss: 0.007611  [  160/  385]
loss: 0.006679  [  320/  385]
Test Error: 
MSE: 0.366133
RMSE: 0.605089
MAE: 0.682836
R^2: 0.1862948368024654
loss: 0.005188  [    0/  385]
loss: 0.009563  [  160/  385]
loss: 0.011502  [  320/  385]
Test Error: 
MSE: 0.468517
RMSE: 0.684483
MAE: 0.740208
R^2: -0.041248048816404204
loss: 0.010628  [    0/  385]
loss: 0.004612  [  160/  385]
loss: 0.005822  [  320/  385]
Test Error: 
MSE: 0.390799
RMSE: 0.625139
MAE: 0.706945
R^2: 0.13147568767784035
loss: 0.011035  [    0/  385]
loss: 0.005720  [  160/  385]
loss: 0.003710  [  320/  385]
Test Error: 
MSE: 0.344054
RMSE: 0.586561
MAE: 0.667430
R^2: 0.23536385753178346
loss: 0.004734  [    0/  385]
loss: 0.005472  [  160/  385]
loss: 0.005978  [  320/  385]
Test Error: 
MSE: 0.314744
RMSE: 0.561020
MAE: 0.651999
R^2: 0.3005028590894967
loss: 0.003670  [    0/  385]
loss: 0.003537  [  160/  385]
loss: 0.002909  [  320/  385]
Test Error: 
MSE: 0.406480
RMSE: 0.637558
MAE: 0.711084
R^2: 0.09662560307214418
loss: 0.006940  [    0/  385]
loss: 0.003556  [  160/  385]
loss: 0.003715  [  320/  385]
Test Error: 
MSE: 0.469621
RMSE: 0.685289
MAE: 0.737534
R^2: -0.0437007514157437
loss: 0.012221  [    0/  385]
loss: 0.004241  [  160/  385]
loss: 0.012304  [  320/  385]
Test Error: 
MSE: 0.621324
RMSE: 0.788241
MAE: 0.808937
R^2: -0.3808507571272495
loss: 0.024264  [    0/  385]
loss: 0.011197  [  160/  385]
loss: 0.008098  [  320/  385]
Test Error: 
MSE: 0.358657
RMSE: 0.598880
MAE: 0.680921
R^2: 0.2029096549688839
loss: 0.004215  [    0/  385]
loss: 0.004951  [  160/  385]
loss: 0.006529  [  320/  385]
Test Error: 
MSE: 0.367373
RMSE: 0.606113
MAE: 0.693378
R^2: 0.18353893140063782
loss: 0.005326  [    0/  385]
loss: 0.006588  [  160/  385]
loss: 0.008967  [  320/  385]
Test Error: 
MSE: 0.309348
RMSE: 0.556190
MAE: 0.650264
R^2: 0.3124958296882271
Saved PyTorch Model State to dimension_models/model_objects/EU_Emotion_Stimulus_Set_valence_wavlm_large_1662422899_BEST.pt
loss: 0.005236  [    0/  385]
loss: 0.005666  [  160/  385]
loss: 0.006335  [  320/  385]
Test Error: 
MSE: 0.347920
RMSE: 0.589847
MAE: 0.675961
R^2: 0.22677199769106782
loss: 0.004595  [    0/  385]
loss: 0.005055  [  160/  385]
loss: 0.004716  [  320/  385]
Test Error: 
MSE: 0.350863
RMSE: 0.592337
MAE: 0.678633
R^2: 0.22023076096317773
loss: 0.003397  [    0/  385]
loss: 0.005215  [  160/  385]
loss: 0.004233  [  320/  385]
Test Error: 
MSE: 0.368456
RMSE: 0.607006
MAE: 0.685782
R^2: 0.1811320915036757
loss: 0.005579  [    0/  385]
loss: 0.003403  [  160/  385]
loss: 0.009858  [  320/  385]
Test Error: 
MSE: 0.375448
RMSE: 0.612738
MAE: 0.689050
R^2: 0.1655926577184803
loss: 0.005454  [    0/  385]
loss: 0.013122  [  160/  385]
loss: 0.008971  [  320/  385]
Test Error: 
MSE: 0.619541
RMSE: 0.787109
MAE: 0.805109
R^2: -0.3768878618854641
loss: 0.016123  [    0/  385]
loss: 0.009664  [  160/  385]
loss: 0.023439  [  320/  385]
Test Error: 
MSE: 0.333890
RMSE: 0.577832
MAE: 0.670515
R^2: 0.2579531569355916
loss: 0.010598  [    0/  385]
loss: 0.012984  [  160/  385]
loss: 0.014964  [  320/  385]
Test Error: 
MSE: 0.358267
RMSE: 0.598554
MAE: 0.691086
R^2: 0.20377552717486702
loss: 0.008737  [    0/  385]
loss: 0.008969  [  160/  385]
loss: 0.010635  [  320/  385]
Test Error: 
MSE: 0.329890
RMSE: 0.574361
MAE: 0.664338
R^2: 0.2668418526107508
loss: 0.002866  [    0/  385]
loss: 0.006817  [  160/  385]
loss: 0.006157  [  320/  385]
Test Error: 
MSE: 0.312109
RMSE: 0.558667
MAE: 0.650588
R^2: 0.3063598236322106
loss: 0.006569  [    0/  385]
loss: 0.006026  [  160/  385]
loss: 0.008017  [  320/  385]
Test Error: 
MSE: 0.412089
RMSE: 0.641941
MAE: 0.712664
R^2: 0.08416100977494312
loss: 0.006017  [    0/  385]
loss: 0.006506  [  160/  385]
loss: 0.005856  [  320/  385]
Test Error: 
MSE: 0.777840
RMSE: 0.881952
MAE: 0.866203
R^2: -0.728696721139684
loss: 0.043404  [    0/  385]
loss: 0.024410  [  160/  385]
loss: 0.007103  [  320/  385]
Test Error: 
MSE: 0.511614
RMSE: 0.715272
MAE: 0.765854
R^2: -0.13702735502713215
loss: 0.026558  [    0/  385]
loss: 0.012736  [  160/  385]
loss: 0.008899  [  320/  385]
Test Error: 
MSE: 0.374690
RMSE: 0.612120
MAE: 0.694395
R^2: 0.16727600289983502
loss: 0.004282  [    0/  385]
loss: 0.010021  [  160/  385]
loss: 0.006953  [  320/  385]
Test Error: 
MSE: 0.369163
RMSE: 0.607588
MAE: 0.684614
R^2: 0.17955931258914315
loss: 0.008485  [    0/  385]
loss: 0.002743  [  160/  385]
loss: 0.005591  [  320/  385]
Test Error: 
MSE: 0.357259
RMSE: 0.597712
MAE: 0.683444
R^2: 0.20601578887204952
loss: 0.007197  [    0/  385]
loss: 0.010825  [  160/  385]
loss: 0.005236  [  320/  385]
Test Error: 
MSE: 0.482446
RMSE: 0.694584
MAE: 0.749596
R^2: -0.07220448036932847
loss: 0.010238  [    0/  385]
loss: 0.007247  [  160/  385]
loss: 0.008727  [  320/  385]
Test Error: 
MSE: 0.961466
RMSE: 0.980544
MAE: 0.914895
R^2: -1.1367937339392715
loss: 0.038174  [    0/  385]
loss: 0.016549  [  160/  385]
loss: 0.006080  [  320/  385]
Test Error: 
MSE: 0.628608
RMSE: 0.792848
MAE: 0.799496
R^2: -0.3970385578493789
loss: 0.022701  [    0/  385]
loss: 0.002933  [  160/  385]
loss: 0.004702  [  320/  385]
Test Error: 
MSE: 0.864986
RMSE: 0.930046
MAE: 0.889079
R^2: -0.9223720708559753
loss: 0.036609  [    0/  385]
loss: 0.011695  [  160/  385]
loss: 0.017788  [  320/  385]
Test Error: 
MSE: 0.676861
RMSE: 0.822715
MAE: 0.820920
R^2: -0.5042767094067384
loss: 0.021150  [    0/  385]
loss: 0.014303  [  160/  385]
loss: 0.010238  [  320/  385]
Test Error: 
MSE: 0.524245
RMSE: 0.724047
MAE: 0.747974
R^2: -0.1650982781134327
loss: 0.019363  [    0/  385]
loss: 0.015299  [  160/  385]
loss: 0.030010  [  320/  385]
Test Error: 
MSE: 0.645940
RMSE: 0.803704
MAE: 0.806088
R^2: -0.4355570725677942
loss: 0.017020  [    0/  385]
loss: 0.009005  [  160/  385]
loss: 0.015642  [  320/  385]
Test Error: 
MSE: 0.655455
RMSE: 0.809602
MAE: 0.814605
R^2: -0.4567053233387073
loss: 0.019697  [    0/  385]
loss: 0.040140  [  160/  385]
loss: 0.013182  [  320/  385]
Test Error: 
MSE: 0.563551
RMSE: 0.750700
MAE: 0.771233
R^2: -0.2524535674299897
loss: 0.016018  [    0/  385]
loss: 0.011236  [  160/  385]
loss: 0.009319  [  320/  385]
Test Error: 
MSE: 0.537806
RMSE: 0.733352
MAE: 0.774593
R^2: -0.1952367783985416
loss: 0.007799  [    0/  385]
loss: 0.008546  [  160/  385]
loss: 0.006741  [  320/  385]
Test Error: 
MSE: 0.591216
RMSE: 0.768906
MAE: 0.772621
R^2: -0.3139373638582468
loss: 0.016069  [    0/  385]
loss: 0.005648  [  160/  385]
loss: 0.007538  [  320/  385]
Test Error: 
MSE: 0.423990
RMSE: 0.651145
MAE: 0.702952
R^2: 0.05771120578855049
loss: 0.006854  [    0/  385]
loss: 0.005079  [  160/  385]
loss: 0.002972  [  320/  385]
Test Error: 
MSE: 0.466325
RMSE: 0.682880
MAE: 0.737879
R^2: -0.03637561048785232
loss: 0.009553  [    0/  385]
loss: 0.006459  [  160/  385]
loss: 0.006501  [  320/  385]
Test Error: 
MSE: 0.346321
RMSE: 0.588490
MAE: 0.673382
R^2: 0.23032573282766866
loss: 0.005762  [    0/  385]
loss: 0.003747  [  160/  385]
loss: 0.005185  [  320/  385]
Test Error: 
MSE: 0.374081
RMSE: 0.611621
MAE: 0.687456
R^2: 0.16863087109419528
loss: 0.005479  [    0/  385]
loss: 0.007628  [  160/  385]
loss: 0.006367  [  320/  385]
Test Error: 
MSE: 0.431465
RMSE: 0.656860
MAE: 0.709707
R^2: 0.04109883627915878
loss: 0.005165  [    0/  385]
loss: 0.003587  [  160/  385]
loss: 0.003931  [  320/  385]
Test Error: 
MSE: 0.392925
RMSE: 0.626838
MAE: 0.688388
R^2: 0.12674998958365102
loss: 0.002771  [    0/  385]
loss: 0.002482  [  160/  385]
loss: 0.003490  [  320/  385]
Test Error: 
MSE: 0.365494
RMSE: 0.604561
MAE: 0.676360
R^2: 0.18771446958596694
loss: 0.005825  [    0/  385]
loss: 0.008235  [  160/  385]
loss: 0.003077  [  320/  385]
Test Error: 
MSE: 0.721376
RMSE: 0.849339
MAE: 0.833011
R^2: -0.603209061287239
loss: 0.018276  [    0/  385]
loss: 0.009696  [  160/  385]
loss: 0.007704  [  320/  385]
Test Error: 
MSE: 0.370625
RMSE: 0.608790
MAE: 0.679649
R^2: 0.1763106501198214
loss: 0.003077  [    0/  385]
loss: 0.003618  [  160/  385]
loss: 0.003315  [  320/  385]
Test Error: 
MSE: 0.422958
RMSE: 0.650352
MAE: 0.705607
R^2: 0.060005294376885066
loss: 0.004147  [    0/  385]
loss: 0.002379  [  160/  385]
loss: 0.002014  [  320/  385]
Test Error: 
MSE: 0.420099
RMSE: 0.648151
MAE: 0.708962
R^2: 0.0663578290831488
loss: 0.005809  [    0/  385]
loss: 0.001874  [  160/  385]
loss: 0.002995  [  320/  385]
Test Error: 
MSE: 0.578026
RMSE: 0.760280
MAE: 0.781733
R^2: -0.28462335076618994
loss: 0.014267  [    0/  385]
loss: 0.014727  [  160/  385]
loss: 0.009982  [  320/  385]
Test Error: 
MSE: 0.416888
RMSE: 0.645669
MAE: 0.712224
R^2: 0.07349415886672839
loss: 0.005536  [    0/  385]
loss: 0.002866  [  160/  385]
loss: 0.003248  [  320/  385]
Test Error: 
MSE: 0.694714
RMSE: 0.833495
MAE: 0.834647
R^2: -0.5439553613081305
loss: 0.017242  [    0/  385]
loss: 0.003798  [  160/  385]
loss: 0.003910  [  320/  385]
Test Error: 
MSE: 0.434828
RMSE: 0.659415
MAE: 0.704376
R^2: 0.033623199990725494
loss: 0.006742  [    0/  385]
loss: 0.004984  [  160/  385]
loss: 0.001804  [  320/  385]
Test Error: 
MSE: 0.581573
RMSE: 0.762609
MAE: 0.788142
R^2: -0.2925057616485893
loss: 0.012220  [    0/  385]
loss: 0.006945  [  160/  385]
loss: 0.005537  [  320/  385]
Test Error: 
MSE: 0.535714
RMSE: 0.731925
MAE: 0.770547
R^2: -0.19058777365450452
loss: 0.014502  [    0/  385]
loss: 0.003531  [  160/  385]
loss: 0.002919  [  320/  385]
Test Error: 
MSE: 0.365436
RMSE: 0.604513
MAE: 0.685352
R^2: 0.18784278851078584
loss: 0.002726  [    0/  385]
loss: 0.001672  [  160/  385]
loss: 0.002880  [  320/  385]
Test Error: 
MSE: 0.361832
RMSE: 0.601524
MAE: 0.681792
R^2: 0.19585355466465826
loss: 0.002420  [    0/  385]
loss: 0.002919  [  160/  385]
loss: 0.007204  [  320/  385]
Test Error: 
MSE: 0.647843
RMSE: 0.804887
MAE: 0.822985
R^2: -0.4397871479063369
loss: 0.014536  [    0/  385]
loss: 0.007996  [  160/  385]
loss: 0.004909  [  320/  385]
Test Error: 
MSE: 0.401086
RMSE: 0.633314
MAE: 0.705575
R^2: 0.10861319268788572
loss: 0.002958  [    0/  385]
loss: 0.003213  [  160/  385]
loss: 0.003681  [  320/  385]
Test Error: 
MSE: 0.378325
RMSE: 0.615081
MAE: 0.692649
R^2: 0.15919941503849566
loss: 0.002335  [    0/  385]
loss: 0.003628  [  160/  385]
loss: 0.002672  [  320/  385]
Test Error: 
MSE: 0.418397
RMSE: 0.646836
MAE: 0.704625
R^2: 0.07014190586018587
loss: 0.004854  [    0/  385]
loss: 0.002806  [  160/  385]
loss: 0.003574  [  320/  385]
Test Error: 
MSE: 0.570338
RMSE: 0.755207
MAE: 0.771276
R^2: -0.2675364729962304
loss: 0.016243  [    0/  385]
loss: 0.011227  [  160/  385]
loss: 0.009596  [  320/  385]
Test Error: 
MSE: 0.412209
RMSE: 0.642035
MAE: 0.715386
R^2: 0.08389260554963196
loss: 0.003958  [    0/  385]
loss: 0.015038  [  160/  385]
loss: 0.009259  [  320/  385]
Test Error: 
MSE: 1.118437
RMSE: 1.057562
MAE: 0.952507
R^2: -1.4856507771827507
loss: 0.042293  [    0/  385]
loss: 0.017237  [  160/  385]
loss: 0.004641  [  320/  385]
Test Error: 
MSE: 0.512259
RMSE: 0.715723
MAE: 0.760291
R^2: -0.13846124803250603
loss: 0.005621  [    0/  385]
loss: 0.007430  [  160/  385]
loss: 0.003476  [  320/  385]
Test Error: 
MSE: 0.507350
RMSE: 0.712285
MAE: 0.762828
R^2: -0.12755180999753568
loss: 0.003810  [    0/  385]
loss: 0.005758  [  160/  385]
loss: 0.002784  [  320/  385]
Test Error: 
MSE: 0.571083
RMSE: 0.755700
MAE: 0.789611
R^2: -0.2691923743390967
loss: 0.009108  [    0/  385]
loss: 0.006847  [  160/  385]
loss: 0.004967  [  320/  385]
Test Error: 
MSE: 0.409620
RMSE: 0.640016
MAE: 0.698994
R^2: 0.0896469833185104
loss: 0.004407  [    0/  385]
loss: 0.004266  [  160/  385]
loss: 0.004482  [  320/  385]
Test Error: 
MSE: 0.499060
RMSE: 0.706442
MAE: 0.754109
R^2: -0.10912754308993322
loss: 0.006926  [    0/  385]
loss: 0.003861  [  160/  385]
loss: 0.007739  [  320/  385]
Test Error: 
MSE: 0.667198
RMSE: 0.816822
MAE: 0.811015
R^2: -0.4828018943162553
loss: 0.023386  [    0/  385]
loss: 0.010650  [  160/  385]
loss: 0.006587  [  320/  385]
Test Error: 
MSE: 0.373644
RMSE: 0.611264
MAE: 0.686071
R^2: 0.16960205843199339
loss: 0.002824  [    0/  385]
loss: 0.007094  [  160/  385]
loss: 0.003938  [  320/  385]
Test Error: 
MSE: 0.401591
RMSE: 0.633712
MAE: 0.705819
R^2: 0.10749062172869794
loss: 0.004296  [    0/  385]
loss: 0.005811  [  160/  385]
loss: 0.011732  [  320/  385]
Test Error: 
MSE: 0.459952
RMSE: 0.678197
MAE: 0.735620
R^2: -0.022211791573520934
loss: 0.004456  [    0/  385]
loss: 0.009345  [  160/  385]
loss: 0.007779  [  320/  385]
Test Error: 
MSE: 0.516215
RMSE: 0.718481
MAE: 0.764268
R^2: -0.14725366962400632
loss: 0.006391  [    0/  385]
loss: 0.011467  [  160/  385]
loss: 0.005877  [  320/  385]
Test Error: 
MSE: 0.461112
RMSE: 0.679052
MAE: 0.741720
R^2: -0.024789831644182136
loss: 0.007875  [    0/  385]
loss: 0.003345  [  160/  385]
loss: 0.001692  [  320/  385]
Test Error: 
MSE: 0.421565
RMSE: 0.649280
MAE: 0.716104
R^2: 0.06310104206848288
loss: 0.003141  [    0/  385]
loss: 0.003513  [  160/  385]
loss: 0.002465  [  320/  385]
Test Error: 
MSE: 0.872749
RMSE: 0.934210
MAE: 0.891714
R^2: -0.9396244314079443
loss: 0.029066  [    0/  385]
loss: 0.027545  [  160/  385]
loss: 0.017618  [  320/  385]
Test Error: 
MSE: 1.212747
RMSE: 1.101248
MAE: 0.970645
R^2: -1.6952469552975988
loss: 0.059681  [    0/  385]
loss: 0.027985  [  160/  385]
loss: 0.021575  [  320/  385]
Test Error: 
MSE: 1.366168
RMSE: 1.168832
MAE: 1.018493
R^2: -2.0362147971951163
loss: 0.050933  [    0/  385]
loss: 0.031640  [  160/  385]
loss: 0.012147  [  320/  385]
Test Error: 
MSE: 0.356366
RMSE: 0.596964
MAE: 0.684899
R^2: 0.20800066863009792
loss: 0.003804  [    0/  385]
loss: 0.007012  [  160/  385]
loss: 0.012417  [  320/  385]
Test Error: 
MSE: 0.462965
RMSE: 0.680415
MAE: 0.730258
R^2: -0.02890829043364751
loss: 0.004478  [    0/  385]
loss: 0.005267  [  160/  385]
loss: 0.004461  [  320/  385]
Test Error: 
MSE: 0.533783
RMSE: 0.730605
MAE: 0.758685
R^2: -0.18629744061891484
loss: 0.017710  [    0/  385]
loss: 0.014702  [  160/  385]
loss: 0.010867  [  320/  385]
Test Error: 
MSE: 0.716947
RMSE: 0.846727
MAE: 0.842767
R^2: -0.5933656884150598
loss: 0.021293  [    0/  385]
loss: 0.009410  [  160/  385]
loss: 0.006778  [  320/  385]
Test Error: 
MSE: 0.377093
RMSE: 0.614079
MAE: 0.686997
R^2: 0.1619370721346053
loss: 0.003310  [    0/  385]
