Using learning rate: 0.001
Using sequence aggregation method: mean
Using optimizer: adam
Using cpu device
DimensionPredictor(
  (softmax): Softmax(dim=0)
  (first_projection): Linear(in_features=1280, out_features=256, bias=True)
  (second_projection): Linear(in_features=256, out_features=1, bias=True)
)
loss: 4.181920  [    0/  385]
loss: 769.961007  [  160/  385]
loss: 504.091716  [  320/  385]
Test Error: 
MSE: 102.191531
RMSE: 10.108983
MAE: 2.831272
R^2: -348.5395906812454
Saved PyTorch Model State to dimension_models/model_objects/EU_Emotion_Stimulus_Set_valence_hubert_xtralarge_ll60k_1664974699_BEST.pt
loss: 7.933073  [    0/  385]
loss: 107.351832  [  160/  385]
loss: 148.642803  [  320/  385]
Test Error: 
MSE: 118.247927
RMSE: 10.874186
MAE: 2.988600
R^2: -403.45946511318255
loss: 8.915461  [    0/  385]
loss: 49.965185  [  160/  385]
loss: 39.397382  [  320/  385]
Test Error: 
MSE: 224.535463
RMSE: 14.984507
MAE: 3.700549
R^2: -767.0091818538219
loss: 10.510894  [    0/  385]
loss: 20.351474  [  160/  385]
loss: 7.391905  [  320/  385]
Test Error: 
MSE: 106.476246
RMSE: 10.318733
MAE: 2.995364
R^2: -363.1951837851727
loss: 5.654326  [    0/  385]
loss: 7.827115  [  160/  385]
loss: 6.167812  [  320/  385]
Test Error: 
MSE: 43.849409
RMSE: 6.621889
MAE: 2.271123
R^2: -148.9840988033782
Saved PyTorch Model State to dimension_models/model_objects/EU_Emotion_Stimulus_Set_valence_hubert_xtralarge_ll60k_1664974699_BEST.pt
loss: 2.222589  [    0/  385]
loss: 3.136149  [  160/  385]
loss: 3.462509  [  320/  385]
Test Error: 
MSE: 18.766838
RMSE: 4.332071
MAE: 1.824353
R^2: -63.19076917465411
Saved PyTorch Model State to dimension_models/model_objects/EU_Emotion_Stimulus_Set_valence_hubert_xtralarge_ll60k_1664974699_BEST.pt
loss: 1.001923  [    0/  385]
loss: 0.801520  [  160/  385]
loss: 0.829165  [  320/  385]
Test Error: 
MSE: 14.045014
RMSE: 3.747668
MAE: 1.767222
R^2: -47.04006988548527
Saved PyTorch Model State to dimension_models/model_objects/EU_Emotion_Stimulus_Set_valence_hubert_xtralarge_ll60k_1664974699_BEST.pt
loss: 0.882449  [    0/  385]
loss: 0.667997  [  160/  385]
loss: 0.402436  [  320/  385]
Test Error: 
MSE: 8.887113
RMSE: 2.981126
MAE: 1.540729
R^2: -29.397800504254818
Saved PyTorch Model State to dimension_models/model_objects/EU_Emotion_Stimulus_Set_valence_hubert_xtralarge_ll60k_1664974699_BEST.pt
loss: 0.394269  [    0/  385]
loss: 0.567966  [  160/  385]
loss: 0.600123  [  320/  385]
Test Error: 
MSE: 6.733138
RMSE: 2.594829
MAE: 1.395622
R^2: -22.030266669558838
Saved PyTorch Model State to dimension_models/model_objects/EU_Emotion_Stimulus_Set_valence_hubert_xtralarge_ll60k_1664974699_BEST.pt
loss: 0.417937  [    0/  385]
loss: 0.235173  [  160/  385]
loss: 0.383806  [  320/  385]
Test Error: 
MSE: 9.431129
RMSE: 3.071014
MAE: 1.541777
R^2: -31.25857348921801
loss: 0.459971  [    0/  385]
loss: 0.320659  [  160/  385]
loss: 0.203741  [  320/  385]
Test Error: 
MSE: 6.184932
RMSE: 2.486952
MAE: 1.381836
R^2: -20.155164925204588
Saved PyTorch Model State to dimension_models/model_objects/EU_Emotion_Stimulus_Set_valence_hubert_xtralarge_ll60k_1664974699_BEST.pt
loss: 0.278866  [    0/  385]
loss: 0.199386  [  160/  385]
loss: 0.345952  [  320/  385]
Test Error: 
MSE: 5.645255
RMSE: 2.375975
MAE: 1.348210
R^2: -18.309234241698427
Saved PyTorch Model State to dimension_models/model_objects/EU_Emotion_Stimulus_Set_valence_hubert_xtralarge_ll60k_1664974699_BEST.pt
loss: 0.196330  [    0/  385]
loss: 0.167359  [  160/  385]
loss: 0.338287  [  320/  385]
Test Error: 
MSE: 6.115202
RMSE: 2.472893
MAE: 1.379791
R^2: -19.91665647794293
loss: 0.237618  [    0/  385]
loss: 0.239863  [  160/  385]
loss: 0.284759  [  320/  385]
Test Error: 
MSE: 4.895028
RMSE: 2.212471
MAE: 1.356454
R^2: -15.74312886768534
Saved PyTorch Model State to dimension_models/model_objects/EU_Emotion_Stimulus_Set_valence_hubert_xtralarge_ll60k_1664974699_BEST.pt
loss: 0.408767  [    0/  385]
loss: 0.325043  [  160/  385]
loss: 0.271232  [  320/  385]
Test Error: 
MSE: 3.738678
RMSE: 1.933566
MAE: 1.236890
R^2: -11.78790792728087
Saved PyTorch Model State to dimension_models/model_objects/EU_Emotion_Stimulus_Set_valence_hubert_xtralarge_ll60k_1664974699_BEST.pt
loss: 0.114527  [    0/  385]
loss: 0.211671  [  160/  385]
loss: 0.271035  [  320/  385]
Test Error: 
MSE: 3.747798
RMSE: 1.935923
MAE: 1.258047
R^2: -11.819104586609738
loss: 0.154311  [    0/  385]
loss: 0.136069  [  160/  385]
loss: 0.162630  [  320/  385]
Test Error: 
MSE: 3.845302
RMSE: 1.960944
MAE: 1.270707
R^2: -12.152610491143859
loss: 0.190847  [    0/  385]
loss: 0.205418  [  160/  385]
loss: 0.071823  [  320/  385]
Test Error: 
MSE: 3.143724
RMSE: 1.773055
MAE: 1.200946
R^2: -9.752907851415632
Saved PyTorch Model State to dimension_models/model_objects/EU_Emotion_Stimulus_Set_valence_hubert_xtralarge_ll60k_1664974699_BEST.pt
loss: 0.061917  [    0/  385]
loss: 0.102788  [  160/  385]
loss: 0.087257  [  320/  385]
Test Error: 
MSE: 3.017386
RMSE: 1.737062
MAE: 1.210103
R^2: -9.320775461041835
Saved PyTorch Model State to dimension_models/model_objects/EU_Emotion_Stimulus_Set_valence_hubert_xtralarge_ll60k_1664974699_BEST.pt
loss: 0.132657  [    0/  385]
loss: 0.052913  [  160/  385]
loss: 0.181524  [  320/  385]
Test Error: 
MSE: 2.874087
RMSE: 1.695313
MAE: 1.183080
R^2: -8.830631174174364
Saved PyTorch Model State to dimension_models/model_objects/EU_Emotion_Stimulus_Set_valence_hubert_xtralarge_ll60k_1664974699_BEST.pt
loss: 0.076902  [    0/  385]
loss: 0.083974  [  160/  385]
loss: 0.097560  [  320/  385]
Test Error: 
MSE: 3.632818
RMSE: 1.905995
MAE: 1.247288
R^2: -11.425821043476068
loss: 0.139390  [    0/  385]
loss: 0.161071  [  160/  385]
loss: 0.139820  [  320/  385]
Test Error: 
MSE: 2.957699
RMSE: 1.719796
MAE: 1.173326
R^2: -9.116618471495093
loss: 0.129214  [    0/  385]
loss: 0.086779  [  160/  385]
loss: 0.081370  [  320/  385]
Test Error: 
MSE: 2.555016
RMSE: 1.598442
MAE: 1.148841
R^2: -7.7392670269111346
Saved PyTorch Model State to dimension_models/model_objects/EU_Emotion_Stimulus_Set_valence_hubert_xtralarge_ll60k_1664974699_BEST.pt
loss: 0.075884  [    0/  385]
loss: 0.125063  [  160/  385]
loss: 0.102129  [  320/  385]
Test Error: 
MSE: 2.612385
RMSE: 1.616287
MAE: 1.167839
R^2: -7.935495076406859
loss: 0.090561  [    0/  385]
loss: 0.123997  [  160/  385]
loss: 0.063565  [  320/  385]
Test Error: 
MSE: 2.617628
RMSE: 1.617908
MAE: 1.152375
R^2: -7.9534276961328985
loss: 0.045734  [    0/  385]
loss: 0.067688  [  160/  385]
loss: 0.063981  [  320/  385]
Test Error: 
MSE: 2.810185
RMSE: 1.676361
MAE: 1.133232
R^2: -8.612057386931763
loss: 0.079767  [    0/  385]
loss: 0.041471  [  160/  385]
loss: 0.074918  [  320/  385]
Test Error: 
MSE: 2.964911
RMSE: 1.721892
MAE: 1.201211
R^2: -9.141289909607172
loss: 0.091549  [    0/  385]
loss: 0.131329  [  160/  385]
loss: 0.056147  [  320/  385]
Test Error: 
MSE: 2.126323
RMSE: 1.458192
MAE: 1.105688
R^2: -6.272951903151895
Saved PyTorch Model State to dimension_models/model_objects/EU_Emotion_Stimulus_Set_valence_hubert_xtralarge_ll60k_1664974699_BEST.pt
loss: 0.035375  [    0/  385]
loss: 0.080107  [  160/  385]
loss: 0.098970  [  320/  385]
Test Error: 
MSE: 3.243489
RMSE: 1.800969
MAE: 1.192544
R^2: -10.094148139848132
loss: 0.118838  [    0/  385]
loss: 0.101828  [  160/  385]
loss: 0.081856  [  320/  385]
Test Error: 
MSE: 2.766875
RMSE: 1.663393
MAE: 1.161219
R^2: -8.463918696085722
loss: 0.143483  [    0/  385]
loss: 0.051466  [  160/  385]
loss: 0.040285  [  320/  385]
Test Error: 
MSE: 2.625463
RMSE: 1.620328
MAE: 1.152318
R^2: -7.980228029076342
loss: 0.115061  [    0/  385]
loss: 0.094027  [  160/  385]
loss: 0.036955  [  320/  385]
Test Error: 
MSE: 1.902200
RMSE: 1.379203
MAE: 1.069784
R^2: -5.506353829384262
Saved PyTorch Model State to dimension_models/model_objects/EU_Emotion_Stimulus_Set_valence_hubert_xtralarge_ll60k_1664974699_BEST.pt
loss: 0.029138  [    0/  385]
loss: 0.114769  [  160/  385]
loss: 0.067557  [  320/  385]
Test Error: 
MSE: 2.939336
RMSE: 1.714449
MAE: 1.165829
R^2: -9.053809904391205
loss: 0.089652  [    0/  385]
loss: 0.065124  [  160/  385]
loss: 0.032226  [  320/  385]
Test Error: 
MSE: 2.597668
RMSE: 1.611728
MAE: 1.169604
R^2: -7.885157674893366
loss: 0.101212  [    0/  385]
loss: 0.062649  [  160/  385]
loss: 0.029974  [  320/  385]
Test Error: 
MSE: 1.823533
RMSE: 1.350383
MAE: 1.063712
R^2: -5.237278208672013
Saved PyTorch Model State to dimension_models/model_objects/EU_Emotion_Stimulus_Set_valence_hubert_xtralarge_ll60k_1664974699_BEST.pt
loss: 0.079187  [    0/  385]
loss: 0.075719  [  160/  385]
loss: 0.069023  [  320/  385]
Test Error: 
MSE: 3.861179
RMSE: 1.964988
MAE: 1.290188
R^2: -12.206914762004512
loss: 0.159638  [    0/  385]
loss: 0.108924  [  160/  385]
loss: 0.090915  [  320/  385]
Test Error: 
MSE: 1.919141
RMSE: 1.385331
MAE: 1.069594
R^2: -5.5643000310993385
loss: 0.052017  [    0/  385]
loss: 0.035426  [  160/  385]
loss: 0.043102  [  320/  385]
Test Error: 
MSE: 1.674511
RMSE: 1.294029
MAE: 1.051460
R^2: -4.7275591480518555
Saved PyTorch Model State to dimension_models/model_objects/EU_Emotion_Stimulus_Set_valence_hubert_xtralarge_ll60k_1664974699_BEST.pt
loss: 0.069612  [    0/  385]
loss: 0.059670  [  160/  385]
loss: 0.042748  [  320/  385]
Test Error: 
MSE: 1.715449
RMSE: 1.309751
MAE: 1.045772
R^2: -4.867583040070603
loss: 0.038783  [    0/  385]
loss: 0.021776  [  160/  385]
loss: 0.029582  [  320/  385]
Test Error: 
MSE: 1.937869
RMSE: 1.392074
MAE: 1.052851
R^2: -5.628357602417518
loss: 0.031963  [    0/  385]
loss: 0.033860  [  160/  385]
loss: 0.039551  [  320/  385]
Test Error: 
MSE: 2.044407
RMSE: 1.429828
MAE: 1.103405
R^2: -5.992762741359686
loss: 0.064884  [    0/  385]
loss: 0.036714  [  160/  385]
loss: 0.036584  [  320/  385]
Test Error: 
MSE: 1.590627
RMSE: 1.261200
MAE: 1.027336
R^2: -4.440636414702818
Saved PyTorch Model State to dimension_models/model_objects/EU_Emotion_Stimulus_Set_valence_hubert_xtralarge_ll60k_1664974699_BEST.pt
loss: 0.027661  [    0/  385]
loss: 0.021396  [  160/  385]
loss: 0.028535  [  320/  385]
Test Error: 
MSE: 1.468738
RMSE: 1.211915
MAE: 1.005572
R^2: -4.023722954394144
Saved PyTorch Model State to dimension_models/model_objects/EU_Emotion_Stimulus_Set_valence_hubert_xtralarge_ll60k_1664974699_BEST.pt
loss: 0.030968  [    0/  385]
loss: 0.038594  [  160/  385]
loss: 0.030872  [  320/  385]
Test Error: 
MSE: 1.419044
RMSE: 1.191236
MAE: 0.991970
R^2: -3.853748710485795
Saved PyTorch Model State to dimension_models/model_objects/EU_Emotion_Stimulus_Set_valence_hubert_xtralarge_ll60k_1664974699_BEST.pt
loss: 0.027756  [    0/  385]
loss: 0.035165  [  160/  385]
loss: 0.021402  [  320/  385]
Test Error: 
MSE: 2.618984
RMSE: 1.618328
MAE: 1.155490
R^2: -7.958068654453379
loss: 0.087407  [    0/  385]
loss: 0.078180  [  160/  385]
loss: 0.076009  [  320/  385]
Test Error: 
MSE: 2.147294
RMSE: 1.465365
MAE: 1.083139
R^2: -6.344682490613426
loss: 0.061946  [    0/  385]
loss: 0.049811  [  160/  385]
loss: 0.044911  [  320/  385]
Test Error: 
MSE: 1.576874
RMSE: 1.255737
MAE: 1.020389
R^2: -4.3935979524887925
loss: 0.021593  [    0/  385]
loss: 0.030975  [  160/  385]
loss: 0.036100  [  320/  385]
Test Error: 
MSE: 1.727894
RMSE: 1.314494
MAE: 1.033991
R^2: -4.910151503972095
loss: 0.049028  [    0/  385]
loss: 0.098670  [  160/  385]
loss: 0.037731  [  320/  385]
Test Error: 
MSE: 1.715166
RMSE: 1.309643
MAE: 1.038707
R^2: -4.866614878353144
loss: 0.060541  [    0/  385]
loss: 0.059155  [  160/  385]
loss: 0.048142  [  320/  385]
Test Error: 
MSE: 1.606914
RMSE: 1.267641
MAE: 1.014548
R^2: -4.496346439154569
loss: 0.050791  [    0/  385]
loss: 0.020059  [  160/  385]
loss: 0.038297  [  320/  385]
Test Error: 
MSE: 1.544939
RMSE: 1.242956
MAE: 1.011150
R^2: -4.284363748532662
loss: 0.015995  [    0/  385]
loss: 0.033062  [  160/  385]
loss: 0.023322  [  320/  385]
Test Error: 
MSE: 1.470432
RMSE: 1.212614
MAE: 0.996914
R^2: -4.029519306097056
loss: 0.026556  [    0/  385]
loss: 0.041153  [  160/  385]
loss: 0.021831  [  320/  385]
Test Error: 
MSE: 1.394359
RMSE: 1.180830
MAE: 0.978140
R^2: -3.7693166279907517
Saved PyTorch Model State to dimension_models/model_objects/EU_Emotion_Stimulus_Set_valence_hubert_xtralarge_ll60k_1664974699_BEST.pt
loss: 0.022330  [    0/  385]
loss: 0.011854  [  160/  385]
loss: 0.027179  [  320/  385]
Test Error: 
MSE: 1.288583
RMSE: 1.135157
MAE: 0.973159
R^2: -3.4075140695637547
Saved PyTorch Model State to dimension_models/model_objects/EU_Emotion_Stimulus_Set_valence_hubert_xtralarge_ll60k_1664974699_BEST.pt
loss: 0.015111  [    0/  385]
loss: 0.023182  [  160/  385]
loss: 0.022873  [  320/  385]
Test Error: 
MSE: 1.418500
RMSE: 1.191008
MAE: 0.996518
R^2: -3.8518876593304396
loss: 0.026239  [    0/  385]
loss: 0.042163  [  160/  385]
loss: 0.037262  [  320/  385]
Test Error: 
MSE: 2.507585
RMSE: 1.583535
MAE: 1.152841
R^2: -7.577032894177396
loss: 0.110592  [    0/  385]
loss: 0.074147  [  160/  385]
loss: 0.151361  [  320/  385]
Test Error: 
MSE: 8.437577
RMSE: 2.904751
MAE: 1.634394
R^2: -27.860193653418527
loss: 0.723447  [    0/  385]
loss: 0.064991  [  160/  385]
loss: 0.180730  [  320/  385]
Test Error: 
MSE: 5.441995
RMSE: 2.332808
MAE: 1.408728
R^2: -17.613994998339212
loss: 0.265535  [    0/  385]
loss: 0.111427  [  160/  385]
loss: 0.043658  [  320/  385]
Test Error: 
MSE: 1.876010
RMSE: 1.369675
MAE: 1.026040
R^2: -5.416770742761722
loss: 0.060179  [    0/  385]
loss: 0.064390  [  160/  385]
loss: 0.032479  [  320/  385]
Test Error: 
MSE: 1.439221
RMSE: 1.199675
MAE: 0.995101
R^2: -3.9227621121145084
loss: 0.032577  [    0/  385]
loss: 0.036037  [  160/  385]
loss: 0.032900  [  320/  385]
Test Error: 
MSE: 1.418420
RMSE: 1.190974
MAE: 0.998691
R^2: -3.8516138113104077
loss: 0.043068  [    0/  385]
loss: 0.020461  [  160/  385]
loss: 0.011993  [  320/  385]
Test Error: 
MSE: 1.308607
RMSE: 1.143944
MAE: 0.946347
R^2: -3.4760066128534275
loss: 0.019899  [    0/  385]
loss: 0.018907  [  160/  385]
loss: 0.015335  [  320/  385]
Test Error: 
MSE: 2.003591
RMSE: 1.415483
MAE: 1.092975
R^2: -5.853155082384276
loss: 0.054519  [    0/  385]
loss: 0.040795  [  160/  385]
loss: 0.045015  [  320/  385]
Test Error: 
MSE: 2.375380
RMSE: 1.541227
MAE: 1.123822
R^2: -7.124834464592809
loss: 0.069349  [    0/  385]
loss: 0.110229  [  160/  385]
loss: 0.050683  [  320/  385]
Test Error: 
MSE: 2.388682
RMSE: 1.545536
MAE: 1.109651
R^2: -7.170335165553352
loss: 0.081200  [    0/  385]
loss: 0.028233  [  160/  385]
loss: 0.041460  [  320/  385]
Test Error: 
MSE: 1.341863
RMSE: 1.158388
MAE: 0.974910
R^2: -3.5897578664527767
loss: 0.036631  [    0/  385]
loss: 0.116726  [  160/  385]
loss: 0.065289  [  320/  385]
Test Error: 
MSE: 2.373866
RMSE: 1.540735
MAE: 1.128302
R^2: -7.119656008484688
loss: 0.117319  [    0/  385]
loss: 0.046284  [  160/  385]
loss: 0.029002  [  320/  385]
Test Error: 
MSE: 1.656560
RMSE: 1.287074
MAE: 1.017384
R^2: -4.666156786452581
loss: 0.041277  [    0/  385]
loss: 0.029082  [  160/  385]
loss: 0.023937  [  320/  385]
Test Error: 
MSE: 1.611222
RMSE: 1.269339
MAE: 1.032563
R^2: -4.511080165730938
loss: 0.018586  [    0/  385]
loss: 0.029255  [  160/  385]
loss: 0.022626  [  320/  385]
Test Error: 
MSE: 1.502836
RMSE: 1.225902
MAE: 0.999723
R^2: -4.140355272042469
loss: 0.044651  [    0/  385]
loss: 0.022952  [  160/  385]
loss: 0.016133  [  320/  385]
Test Error: 
MSE: 1.978935
RMSE: 1.406746
MAE: 1.059742
R^2: -5.768820766440117
loss: 0.063701  [    0/  385]
loss: 0.026142  [  160/  385]
loss: 0.025274  [  320/  385]
Test Error: 
MSE: 1.404674
RMSE: 1.185189
MAE: 0.979405
R^2: -3.8045960181459098
loss: 0.028775  [    0/  385]
loss: 0.026441  [  160/  385]
loss: 0.016736  [  320/  385]
Test Error: 
MSE: 1.346282
RMSE: 1.160294
MAE: 0.958273
R^2: -3.604872933542161
loss: 0.014992  [    0/  385]
loss: 0.015667  [  160/  385]
loss: 0.010572  [  320/  385]
Test Error: 
MSE: 1.225541
RMSE: 1.107042
MAE: 0.933244
R^2: -3.191886114755083
Saved PyTorch Model State to dimension_models/model_objects/EU_Emotion_Stimulus_Set_valence_hubert_xtralarge_ll60k_1664974699_BEST.pt
loss: 0.018601  [    0/  385]
loss: 0.015379  [  160/  385]
loss: 0.010271  [  320/  385]
Test Error: 
MSE: 1.814607
RMSE: 1.347074
MAE: 1.028227
R^2: -5.206748711029837
loss: 0.058037  [    0/  385]
loss: 0.029121  [  160/  385]
loss: 0.017794  [  320/  385]
Test Error: 
MSE: 1.358094
RMSE: 1.165373
MAE: 0.957977
R^2: -3.6452726532484245
loss: 0.035023  [    0/  385]
loss: 0.015767  [  160/  385]
loss: 0.023552  [  320/  385]
Test Error: 
MSE: 1.438435
RMSE: 1.199348
MAE: 1.006667
R^2: -3.920076121367001
loss: 0.029074  [    0/  385]
loss: 0.030759  [  160/  385]
loss: 0.006818  [  320/  385]
Test Error: 
MSE: 1.306191
RMSE: 1.142887
MAE: 0.964389
R^2: -3.467744124789702
loss: 0.026899  [    0/  385]
loss: 0.024772  [  160/  385]
loss: 0.013768  [  320/  385]
Test Error: 
MSE: 1.478596
RMSE: 1.215975
MAE: 0.991554
R^2: -4.057442566539885
loss: 0.052377  [    0/  385]
loss: 0.012392  [  160/  385]
loss: 0.009194  [  320/  385]
Test Error: 
MSE: 1.282578
RMSE: 1.132510
MAE: 0.959117
R^2: -3.386977432390041
loss: 0.017809  [    0/  385]
loss: 0.023517  [  160/  385]
loss: 0.019477  [  320/  385]
Test Error: 
MSE: 2.843134
RMSE: 1.686159
MAE: 1.198964
R^2: -8.72475687996941
loss: 0.113728  [    0/  385]
loss: 0.047931  [  160/  385]
loss: 0.031724  [  320/  385]
Test Error: 
MSE: 2.693741
RMSE: 1.641262
MAE: 1.164639
R^2: -8.213769096794119
loss: 0.107402  [    0/  385]
loss: 0.087526  [  160/  385]
loss: 0.031404  [  320/  385]
Test Error: 
MSE: 1.877580
RMSE: 1.370248
MAE: 1.071172
R^2: -5.422142113576949
loss: 0.057591  [    0/  385]
loss: 0.028483  [  160/  385]
loss: 0.013156  [  320/  385]
Test Error: 
MSE: 1.377383
RMSE: 1.173619
MAE: 0.964657
R^2: -3.7112491671423022
loss: 0.033545  [    0/  385]
loss: 0.022188  [  160/  385]
loss: 0.020773  [  320/  385]
Test Error: 
MSE: 1.284893
RMSE: 1.133531
MAE: 0.954759
R^2: -3.394895814415613
loss: 0.033845  [    0/  385]
loss: 0.032944  [  160/  385]
loss: 0.024525  [  320/  385]
Test Error: 
MSE: 1.968713
RMSE: 1.403108
MAE: 1.091375
R^2: -5.733855652441297
loss: 0.054058  [    0/  385]
loss: 0.079044  [  160/  385]
loss: 0.088371  [  320/  385]
Test Error: 
MSE: 1.648769
RMSE: 1.284044
MAE: 1.005694
R^2: -4.639508666839618
loss: 0.033050  [    0/  385]
loss: 0.043157  [  160/  385]
loss: 0.037668  [  320/  385]
Test Error: 
MSE: 1.418199
RMSE: 1.190881
MAE: 0.992640
R^2: -3.850857559530927
loss: 0.009966  [    0/  385]
loss: 0.019932  [  160/  385]
loss: 0.035844  [  320/  385]
Test Error: 
MSE: 1.372639
RMSE: 1.171597
MAE: 0.998592
R^2: -3.695024043172862
loss: 0.019399  [    0/  385]
loss: 0.030025  [  160/  385]
loss: 0.016477  [  320/  385]
Test Error: 
MSE: 1.068249
RMSE: 1.033561
MAE: 0.921477
R^2: -2.6538782468421727
Saved PyTorch Model State to dimension_models/model_objects/EU_Emotion_Stimulus_Set_valence_hubert_xtralarge_ll60k_1664974699_BEST.pt
loss: 0.012322  [    0/  385]
loss: 0.012148  [  160/  385]
loss: 0.012082  [  320/  385]
Test Error: 
MSE: 1.233072
RMSE: 1.110438
MAE: 0.958941
R^2: -3.217645210964598
loss: 0.012514  [    0/  385]
loss: 0.007112  [  160/  385]
loss: 0.012328  [  320/  385]
Test Error: 
MSE: 1.003358
RMSE: 1.001677
MAE: 0.922908
R^2: -2.431920267041846
Saved PyTorch Model State to dimension_models/model_objects/EU_Emotion_Stimulus_Set_valence_hubert_xtralarge_ll60k_1664974699_BEST.pt
loss: 0.006788  [    0/  385]
loss: 0.006968  [  160/  385]
loss: 0.008050  [  320/  385]
Test Error: 
MSE: 1.353922
RMSE: 1.163582
MAE: 0.979210
R^2: -3.6310046632590813
loss: 0.020514  [    0/  385]
loss: 0.017042  [  160/  385]
loss: 0.011002  [  320/  385]
Test Error: 
MSE: 1.282982
RMSE: 1.132688
MAE: 0.951564
R^2: -3.388356983305366
loss: 0.028704  [    0/  385]
loss: 0.018667  [  160/  385]
loss: 0.009481  [  320/  385]
Test Error: 
MSE: 1.165890
RMSE: 1.079764
MAE: 0.930411
R^2: -2.9878528210641435
loss: 0.016934  [    0/  385]
loss: 0.011908  [  160/  385]
loss: 0.008678  [  320/  385]
Test Error: 
MSE: 1.193525
RMSE: 1.092486
MAE: 0.939030
R^2: -3.0823746238337053
loss: 0.009868  [    0/  385]
loss: 0.023397  [  160/  385]
loss: 0.034102  [  320/  385]
Test Error: 
MSE: 1.900013
RMSE: 1.378410
MAE: 1.062641
R^2: -5.498872689485878
loss: 0.067610  [    0/  385]
loss: 0.047480  [  160/  385]
loss: 0.012097  [  320/  385]
Test Error: 
MSE: 1.088947
RMSE: 1.043526
MAE: 0.917626
R^2: -2.7246751642713236
loss: 0.006762  [    0/  385]
loss: 0.013546  [  160/  385]
loss: 0.014228  [  320/  385]
Test Error: 
MSE: 1.449628
RMSE: 1.204005
MAE: 0.977194
R^2: -3.95836029980038
loss: 0.022238  [    0/  385]
loss: 0.042187  [  160/  385]
loss: 0.029122  [  320/  385]
Test Error: 
MSE: 1.264681
RMSE: 1.124580
MAE: 0.956989
R^2: -3.3257594486892508
loss: 0.022215  [    0/  385]
loss: 0.013217  [  160/  385]
loss: 0.016527  [  320/  385]
Test Error: 
MSE: 1.114925
RMSE: 1.055900
MAE: 0.940227
R^2: -2.8135289944142197
loss: 0.007233  [    0/  385]
loss: 0.008836  [  160/  385]
loss: 0.007669  [  320/  385]
Test Error: 
MSE: 1.927511
RMSE: 1.388348
MAE: 1.048495
R^2: -5.592928247600651
loss: 0.055510  [    0/  385]
loss: 0.073340  [  160/  385]
loss: 0.025480  [  320/  385]
Test Error: 
MSE: 1.338544
RMSE: 1.156955
MAE: 0.982643
R^2: -3.5784047566948702
loss: 0.021016  [    0/  385]
loss: 0.029073  [  160/  385]
loss: 0.016305  [  320/  385]
Test Error: 
MSE: 1.384322
RMSE: 1.176572
MAE: 0.966833
R^2: -3.734983972849787
loss: 0.038065  [    0/  385]
loss: 0.015347  [  160/  385]
loss: 0.019020  [  320/  385]
Test Error: 
MSE: 1.244134
RMSE: 1.115407
MAE: 0.951823
R^2: -3.255479175608021
loss: 0.021771  [    0/  385]
loss: 0.009326  [  160/  385]
loss: 0.007986  [  320/  385]
Test Error: 
MSE: 1.092821
RMSE: 1.045381
MAE: 0.912643
R^2: -2.7379247028477933
loss: 0.013927  [    0/  385]
loss: 0.010464  [  160/  385]
loss: 0.008081  [  320/  385]
Test Error: 
MSE: 0.991452
RMSE: 0.995717
MAE: 0.908020
R^2: -2.391196437373911
Saved PyTorch Model State to dimension_models/model_objects/EU_Emotion_Stimulus_Set_valence_hubert_xtralarge_ll60k_1664974699_BEST.pt
loss: 0.010029  [    0/  385]
loss: 0.009313  [  160/  385]
loss: 0.010986  [  320/  385]
Test Error: 
MSE: 0.990229
RMSE: 0.995103
MAE: 0.906156
R^2: -2.3870159857467694
Saved PyTorch Model State to dimension_models/model_objects/EU_Emotion_Stimulus_Set_valence_hubert_xtralarge_ll60k_1664974699_BEST.pt
loss: 0.006824  [    0/  385]
loss: 0.006528  [  160/  385]
loss: 0.010736  [  320/  385]
Test Error: 
MSE: 1.209746
RMSE: 1.099885
MAE: 0.960065
R^2: -3.1378591270770366
loss: 0.014584  [    0/  385]
loss: 0.028992  [  160/  385]
loss: 0.025160  [  320/  385]
Test Error: 
MSE: 1.056287
RMSE: 1.027758
MAE: 0.929474
R^2: -2.6129629241929155
loss: 0.008792  [    0/  385]
loss: 0.012337  [  160/  385]
loss: 0.016402  [  320/  385]
Test Error: 
MSE: 1.783476
RMSE: 1.335469
MAE: 1.063758
R^2: -5.100266945886522
loss: 0.047947  [    0/  385]
loss: 0.176024  [  160/  385]
loss: 0.017518  [  320/  385]
Test Error: 
MSE: 4.296215
RMSE: 2.072731
MAE: 1.353302
R^2: -13.694927987211525
loss: 0.250467  [    0/  385]
loss: 0.112384  [  160/  385]
loss: 0.048864  [  320/  385]
Test Error: 
MSE: 3.437723
RMSE: 1.854110
MAE: 1.271167
R^2: -10.758509893898191
loss: 0.144740  [    0/  385]
loss: 0.242913  [  160/  385]
loss: 0.035971  [  320/  385]
Test Error: 
MSE: 2.164056
RMSE: 1.471073
MAE: 1.065209
R^2: -6.402013854495621
loss: 0.063663  [    0/  385]
loss: 0.201175  [  160/  385]
loss: 0.275652  [  320/  385]
Test Error: 
MSE: 1.990230
RMSE: 1.410755
MAE: 1.078902
R^2: -5.807454342482526
loss: 0.051133  [    0/  385]
loss: 0.042353  [  160/  385]
loss: 0.067965  [  320/  385]
Test Error: 
MSE: 1.691795
RMSE: 1.300690
MAE: 1.034220
R^2: -4.786675049311167
loss: 0.122560  [    0/  385]
loss: 0.070647  [  160/  385]
loss: 0.054352  [  320/  385]
Test Error: 
MSE: 1.360013
RMSE: 1.166196
MAE: 0.995445
R^2: -3.651837480312241
loss: 0.071156  [    0/  385]
loss: 0.017508  [  160/  385]
loss: 0.037073  [  320/  385]
Test Error: 
MSE: 0.953686
RMSE: 0.976569
MAE: 0.905187
R^2: -2.2620223502795445
Saved PyTorch Model State to dimension_models/model_objects/EU_Emotion_Stimulus_Set_valence_hubert_xtralarge_ll60k_1664974699_BEST.pt
loss: 0.011243  [    0/  385]
loss: 0.014595  [  160/  385]
loss: 0.010456  [  320/  385]
Test Error: 
MSE: 1.494127
RMSE: 1.222345
MAE: 1.002512
R^2: -4.1105661397436855
loss: 0.035511  [    0/  385]
loss: 0.031183  [  160/  385]
loss: 0.020347  [  320/  385]
Test Error: 
MSE: 1.006071
RMSE: 1.003031
MAE: 0.891059
R^2: -2.441200865785193
loss: 0.009666  [    0/  385]
loss: 0.013927  [  160/  385]
loss: 0.008576  [  320/  385]
Test Error: 
MSE: 1.043573
RMSE: 1.021554
MAE: 0.905710
R^2: -2.5694752559559455
loss: 0.013631  [    0/  385]
loss: 0.006954  [  160/  385]
loss: 0.004898  [  320/  385]
Test Error: 
MSE: 1.829695
RMSE: 1.352662
MAE: 1.067453
R^2: -5.258355291100207
loss: 0.067857  [    0/  385]
loss: 0.011584  [  160/  385]
loss: 0.022824  [  320/  385]
Test Error: 
MSE: 1.709779
RMSE: 1.307585
MAE: 1.036186
R^2: -4.848189978967008
loss: 0.047912  [    0/  385]
loss: 0.055291  [  160/  385]
loss: 0.021365  [  320/  385]
Test Error: 
MSE: 2.142115
RMSE: 1.463597
MAE: 1.105837
R^2: -6.3269678369518685
loss: 0.088629  [    0/  385]
loss: 0.038869  [  160/  385]
loss: 0.016242  [  320/  385]
Test Error: 
MSE: 1.166653
RMSE: 1.080117
MAE: 0.931123
R^2: -2.99046349032992
loss: 0.019281  [    0/  385]
loss: 0.018433  [  160/  385]
loss: 0.041497  [  320/  385]
Test Error: 
MSE: 1.087582
RMSE: 1.042872
MAE: 0.926133
R^2: -2.7200060385118907
loss: 0.014629  [    0/  385]
loss: 0.031020  [  160/  385]
loss: 0.030929  [  320/  385]
Test Error: 
MSE: 1.185777
RMSE: 1.088934
MAE: 0.939678
R^2: -3.0558751744483255
loss: 0.020489  [    0/  385]
loss: 0.022645  [  160/  385]
loss: 0.010993  [  320/  385]
Test Error: 
MSE: 1.896041
RMSE: 1.376968
MAE: 1.081805
R^2: -5.485287285613383
loss: 0.052884  [    0/  385]
loss: 0.029952  [  160/  385]
loss: 0.041390  [  320/  385]
Test Error: 
MSE: 5.217628
RMSE: 2.284213
MAE: 1.427891
R^2: -16.846561729842282
loss: 0.353305  [    0/  385]
loss: 0.033091  [  160/  385]
loss: 0.165522  [  320/  385]
Test Error: 
MSE: 2.057666
RMSE: 1.434457
MAE: 1.086889
R^2: -6.038114870042243
loss: 0.124285  [    0/  385]
loss: 0.063742  [  160/  385]
loss: 0.060808  [  320/  385]
Test Error: 
MSE: 2.843703
RMSE: 1.686328
MAE: 1.193064
R^2: -8.726704540077383
loss: 0.133307  [    0/  385]
loss: 0.044352  [  160/  385]
loss: 0.013903  [  320/  385]
Test Error: 
MSE: 1.327157
RMSE: 1.152023
MAE: 0.954906
R^2: -3.539456750105236
loss: 0.027359  [    0/  385]
loss: 0.013993  [  160/  385]
loss: 0.019056  [  320/  385]
Test Error: 
MSE: 1.289813
RMSE: 1.135699
MAE: 0.947486
R^2: -3.4117213060812492
loss: 0.029208  [    0/  385]
loss: 0.017285  [  160/  385]
loss: 0.020669  [  320/  385]
Test Error: 
MSE: 1.732866
RMSE: 1.316384
MAE: 1.053750
R^2: -4.927158735279188
loss: 0.054156  [    0/  385]
loss: 0.019535  [  160/  385]
loss: 0.016146  [  320/  385]
Test Error: 
MSE: 1.458120
RMSE: 1.207527
MAE: 0.993257
R^2: -3.987407790590023
loss: 0.027649  [    0/  385]
loss: 0.013271  [  160/  385]
loss: 0.019046  [  320/  385]
Test Error: 
MSE: 1.377023
RMSE: 1.173466
MAE: 0.978754
R^2: -3.7100189549931235
loss: 0.032025  [    0/  385]
loss: 0.012038  [  160/  385]
loss: 0.009928  [  320/  385]
Test Error: 
MSE: 1.804118
RMSE: 1.343175
MAE: 1.062837
R^2: -5.1708692805161425
loss: 0.061366  [    0/  385]
loss: 0.010412  [  160/  385]
loss: 0.056311  [  320/  385]
Test Error: 
MSE: 1.551020
RMSE: 1.245399
MAE: 1.010156
R^2: -4.305163788445517
loss: 0.093435  [    0/  385]
loss: 0.103692  [  160/  385]
loss: 0.112664  [  320/  385]
Test Error: 
MSE: 1.616623
RMSE: 1.271465
MAE: 0.966835
R^2: -4.529554862065253
loss: 0.042241  [    0/  385]
loss: 0.026851  [  160/  385]
loss: 0.055811  [  320/  385]
Test Error: 
MSE: 4.989731
RMSE: 2.233771
MAE: 1.422201
R^2: -16.067057210131757
loss: 0.264856  [    0/  385]
loss: 0.055009  [  160/  385]
loss: 0.131677  [  320/  385]
Test Error: 
MSE: 1.629639
RMSE: 1.276573
MAE: 1.010743
R^2: -4.574075405945929
loss: 0.054656  [    0/  385]
loss: 0.059287  [  160/  385]
loss: 0.119018  [  320/  385]
Test Error: 
MSE: 16.031742
RMSE: 4.003966
MAE: 1.953059
R^2: -53.83554871680447
loss: 0.968830  [    0/  385]
loss: 0.160111  [  160/  385]
loss: 0.387855  [  320/  385]
Test Error: 
MSE: 3.063606
RMSE: 1.750316
MAE: 1.206836
R^2: -9.47886846134112
loss: 0.080683  [    0/  385]
loss: 0.608508  [  160/  385]
loss: 0.568774  [  320/  385]
Test Error: 
MSE: 48.567636
RMSE: 6.969048
MAE: 2.582929
R^2: -165.12249103086737
loss: 2.690347  [    0/  385]
loss: 0.428937  [  160/  385]
loss: 0.824873  [  320/  385]
Test Error: 
MSE: 16.737868
RMSE: 4.091194
MAE: 1.871949
R^2: -56.250806095749425
loss: 1.127971  [    0/  385]
loss: 0.558396  [  160/  385]
loss: 0.376415  [  320/  385]
Test Error: 
MSE: 47.856153
RMSE: 6.917814
MAE: 2.566420
R^2: -162.6889069347286
loss: 2.899461  [    0/  385]
loss: 0.677337  [  160/  385]
loss: 1.638233  [  320/  385]
Test Error: 
MSE: 35.052994
RMSE: 5.920557
MAE: 2.296189
R^2: -118.89652368653576
loss: 1.732138  [    0/  385]
loss: 1.331379  [  160/  385]
loss: 0.643186  [  320/  385]
Test Error: 
MSE: 157.250518
RMSE: 12.539957
MAE: 3.493082
R^2: -536.865332910782
loss: 10.876249  [    0/  385]
loss: 1.719151  [  160/  385]
loss: 11.360666  [  320/  385]
Test Error: 
MSE: 81.368131
RMSE: 9.020429
MAE: 2.845226
R^2: -277.31448580535294
loss: 4.060178  [    0/  385]
loss: 28.827436  [  160/  385]
loss: 4.765952  [  320/  385]
Test Error: 
MSE: 118.438189
RMSE: 10.882931
MAE: 3.062888
R^2: -404.11024616665225
loss: 28.437933  [    0/  385]
loss: 15.988306  [  160/  385]
loss: 2.702849  [  320/  385]
Test Error: 
MSE: 58.094487
RMSE: 7.621974
MAE: 2.504726
R^2: -197.70847369077217
loss: 3.915812  [    0/  385]
loss: 1.767499  [  160/  385]
loss: 2.098456  [  320/  385]
Test Error: 
MSE: 25.160575
RMSE: 5.016032
MAE: 2.019673
R^2: -85.06013739213812
loss: 3.060073  [    0/  385]
loss: 0.648218  [  160/  385]
loss: 0.389819  [  320/  385]
Test Error: 
MSE: 7.147872
RMSE: 2.673550
MAE: 1.445275
R^2: -23.4488395783085
loss: 0.270244  [    0/  385]
loss: 0.263840  [  160/  385]
loss: 0.113591  [  320/  385]
Test Error: 
MSE: 9.013548
RMSE: 3.002257
MAE: 1.598575
R^2: -29.830263847613992
loss: 0.558157  [    0/  385]
loss: 0.137411  [  160/  385]
loss: 0.471959  [  320/  385]
Test Error: 
MSE: 14.638145
RMSE: 3.825983
MAE: 1.833585
R^2: -49.0688375738086
loss: 0.879621  [    0/  385]
loss: 0.825783  [  160/  385]
loss: 0.423303  [  320/  385]
Test Error: 
MSE: 3.750567
RMSE: 1.936638
MAE: 1.256836
R^2: -11.828574368618687
loss: 0.145929  [    0/  385]
loss: 0.202195  [  160/  385]
loss: 0.228468  [  320/  385]
Test Error: 
MSE: 3.711676
RMSE: 1.926571
MAE: 1.232494
R^2: -11.69554918236166
loss: 0.104832  [    0/  385]
loss: 0.100479  [  160/  385]
loss: 0.134624  [  320/  385]
Test Error: 
MSE: 11.336268
RMSE: 3.366937
MAE: 1.738068
R^2: -37.77497889979462
loss: 0.492743  [    0/  385]
loss: 0.155391  [  160/  385]
loss: 0.350595  [  320/  385]
Test Error: 
MSE: 1.922598
RMSE: 1.386578
MAE: 1.042074
R^2: -5.576121909073831
loss: 0.071313  [    0/  385]
loss: 0.231362  [  160/  385]
loss: 0.214594  [  320/  385]
Test Error: 
MSE: 2.920061
RMSE: 1.708819
MAE: 1.152668
R^2: -8.987881785067614
loss: 0.313743  [    0/  385]
loss: 0.148242  [  160/  385]
loss: 0.089788  [  320/  385]
Test Error: 
MSE: 3.320130
RMSE: 1.822123
MAE: 1.234795
R^2: -10.356293754410979
loss: 0.290740  [    0/  385]
loss: 0.130226  [  160/  385]
loss: 0.197641  [  320/  385]
Test Error: 
MSE: 5.681046
RMSE: 2.383495
MAE: 1.448959
R^2: -18.43165465934948
loss: 0.373633  [    0/  385]
loss: 0.091198  [  160/  385]
loss: 0.100347  [  320/  385]
Test Error: 
MSE: 1.691605
RMSE: 1.300617
MAE: 1.017086
R^2: -4.786027532567287
loss: 0.072531  [    0/  385]
loss: 0.043147  [  160/  385]
loss: 0.041619  [  320/  385]
Test Error: 
MSE: 1.400160
RMSE: 1.183284
MAE: 0.967325
R^2: -3.78915753001154
loss: 0.041434  [    0/  385]
loss: 0.018349  [  160/  385]
loss: 0.036602  [  320/  385]
Test Error: 
MSE: 2.528729
RMSE: 1.590198
MAE: 1.181072
R^2: -7.649356474633638
loss: 0.121867  [    0/  385]
loss: 0.062728  [  160/  385]
loss: 0.093064  [  320/  385]
Test Error: 
MSE: 1.946528
RMSE: 1.395180
MAE: 1.060057
R^2: -5.657974820509099
loss: 0.085068  [    0/  385]
loss: 0.025755  [  160/  385]
loss: 0.069260  [  320/  385]
Test Error: 
MSE: 1.534358
RMSE: 1.238692
MAE: 0.987587
R^2: -4.248172870702629
loss: 0.041384  [    0/  385]
loss: 0.026813  [  160/  385]
loss: 0.049264  [  320/  385]
Test Error: 
MSE: 1.036363
RMSE: 1.018019
MAE: 0.873981
R^2: -2.5448123237639995
loss: 0.027499  [    0/  385]
loss: 0.114515  [  160/  385]
loss: 0.035238  [  320/  385]
Test Error: 
MSE: 1.215458
RMSE: 1.102478
MAE: 0.941400
R^2: -3.1573968725846155
loss: 0.040642  [    0/  385]
loss: 0.012296  [  160/  385]
loss: 0.019304  [  320/  385]
Test Error: 
MSE: 2.376766
RMSE: 1.541676
MAE: 1.133031
R^2: -7.129575781627338
loss: 0.163759  [    0/  385]
loss: 0.042341  [  160/  385]
loss: 0.059669  [  320/  385]
Test Error: 
MSE: 1.456463
RMSE: 1.206840
MAE: 0.995104
R^2: -3.9817376330353085
loss: 0.118898  [    0/  385]
loss: 0.029881  [  160/  385]
loss: 0.018632  [  320/  385]
Test Error: 
MSE: 1.050081
RMSE: 1.024735
MAE: 0.879037
R^2: -2.591735952496448
loss: 0.019675  [    0/  385]
loss: 0.088307  [  160/  385]
loss: 0.046822  [  320/  385]
Test Error: 
MSE: 1.387671
RMSE: 1.177994
MAE: 0.987095
R^2: -3.7464389130802394
loss: 0.065152  [    0/  385]
loss: 0.028991  [  160/  385]
loss: 0.025286  [  320/  385]
Test Error: 
MSE: 1.702787
RMSE: 1.304909
MAE: 1.045890
R^2: -4.824272567376048
loss: 0.057522  [    0/  385]
loss: 0.010094  [  160/  385]
loss: 0.060478  [  320/  385]
Test Error: 
MSE: 1.684723
RMSE: 1.297969
MAE: 1.039224
R^2: -4.762488499400862
loss: 0.076658  [    0/  385]
loss: 0.080510  [  160/  385]
loss: 0.114815  [  320/  385]
Test Error: 
MSE: 1.418662
RMSE: 1.191076
MAE: 0.948799
R^2: -3.852441595882322
loss: 0.039348  [    0/  385]
loss: 0.038103  [  160/  385]
loss: 0.072487  [  320/  385]
Test Error: 
MSE: 1.115358
RMSE: 1.056105
MAE: 0.907232
R^2: -2.815011633413803
loss: 0.014984  [    0/  385]
loss: 0.028453  [  160/  385]
loss: 0.044035  [  320/  385]
Test Error: 
MSE: 1.781259
RMSE: 1.334638
MAE: 1.061934
R^2: -5.092683072048687
loss: 0.085323  [    0/  385]
loss: 0.028222  [  160/  385]
loss: 0.052922  [  320/  385]
Test Error: 
MSE: 0.961453
RMSE: 0.980537
MAE: 0.870790
R^2: -2.2885875481589344
loss: 0.018238  [    0/  385]
loss: 0.016985  [  160/  385]
loss: 0.027462  [  320/  385]
Test Error: 
MSE: 1.048400
RMSE: 1.023914
MAE: 0.883908
R^2: -2.585985501143947
loss: 0.023144  [    0/  385]
loss: 0.016855  [  160/  385]
loss: 0.010704  [  320/  385]
Test Error: 
MSE: 1.051654
RMSE: 1.025502
MAE: 0.856072
R^2: -2.597114506081311
loss: 0.012695  [    0/  385]
loss: 0.010633  [  160/  385]
loss: 0.045439  [  320/  385]
Test Error: 
MSE: 1.068952
RMSE: 1.033901
MAE: 0.883358
R^2: -2.656280941940827
loss: 0.018053  [    0/  385]
loss: 0.012187  [  160/  385]
loss: 0.029437  [  320/  385]
Test Error: 
MSE: 0.892049
RMSE: 0.944484
MAE: 0.836067
R^2: -2.051197416025648
Saved PyTorch Model State to dimension_models/model_objects/EU_Emotion_Stimulus_Set_valence_hubert_xtralarge_ll60k_1664974699_BEST.pt
loss: 0.008218  [    0/  385]
loss: 0.008947  [  160/  385]
loss: 0.006336  [  320/  385]
Test Error: 
MSE: 4.676319
RMSE: 2.162480
MAE: 1.399881
R^2: -14.995049164254691
loss: 0.290294  [    0/  385]
loss: 0.110357  [  160/  385]
loss: 0.195610  [  320/  385]
Test Error: 
MSE: 1.812919
RMSE: 1.346447
MAE: 0.976148
R^2: -5.200971982520985
loss: 0.056287  [    0/  385]
loss: 0.228170  [  160/  385]
loss: 0.089209  [  320/  385]
Test Error: 
MSE: 2.637779
RMSE: 1.624124
MAE: 1.119554
R^2: -8.02235579207548
loss: 0.057716  [    0/  385]
loss: 0.085247  [  160/  385]
loss: 0.057006  [  320/  385]
Test Error: 
MSE: 1.128050
RMSE: 1.062097
MAE: 0.955589
R^2: -2.8584238462798917
loss: 0.056074  [    0/  385]
loss: 0.023244  [  160/  385]
loss: 0.021746  [  320/  385]
Test Error: 
MSE: 2.276696
RMSE: 1.508873
MAE: 1.143450
R^2: -6.787294334149478
loss: 0.116768  [    0/  385]
loss: 0.054771  [  160/  385]
loss: 0.050697  [  320/  385]
Test Error: 
MSE: 0.979385
RMSE: 0.989639
MAE: 0.864688
R^2: -2.3499226244613634
loss: 0.052648  [    0/  385]
loss: 0.063765  [  160/  385]
loss: 0.028912  [  320/  385]
Test Error: 
MSE: 0.995004
RMSE: 0.997499
MAE: 0.889405
R^2: -2.403347731258279
loss: 0.021517  [    0/  385]
loss: 0.025491  [  160/  385]
loss: 0.016108  [  320/  385]
Test Error: 
MSE: 0.975132
RMSE: 0.987488
MAE: 0.869508
R^2: -2.3353764604930918
loss: 0.009989  [    0/  385]
loss: 0.019756  [  160/  385]
loss: 0.011253  [  320/  385]
Test Error: 
MSE: 2.375009
RMSE: 1.541106
MAE: 1.148951
R^2: -7.123566115842095
loss: 0.107058  [    0/  385]
loss: 0.025757  [  160/  385]
loss: 0.087859  [  320/  385]
Test Error: 
MSE: 1.759578
RMSE: 1.326491
MAE: 1.058776
R^2: -5.01852430665833
loss: 0.098508  [    0/  385]
loss: 0.031408  [  160/  385]
loss: 0.018951  [  320/  385]
Test Error: 
MSE: 0.942436
RMSE: 0.970791
MAE: 0.879944
R^2: -2.2235419595052566
loss: 0.018481  [    0/  385]
loss: 0.033275  [  160/  385]
loss: 0.026400  [  320/  385]
Test Error: 
MSE: 1.160992
RMSE: 1.077493
MAE: 0.904895
R^2: -2.9710988130947875
loss: 0.028576  [    0/  385]
loss: 0.015092  [  160/  385]
loss: 0.011900  [  320/  385]
Test Error: 
MSE: 2.324214
RMSE: 1.524537
MAE: 1.151266
R^2: -6.949825087824861
loss: 0.108340  [    0/  385]
loss: 0.036965  [  160/  385]
loss: 0.086597  [  320/  385]
Test Error: 
MSE: 2.022287
RMSE: 1.422071
MAE: 1.081777
R^2: -5.91710269669923
loss: 0.089121  [    0/  385]
loss: 0.077430  [  160/  385]
loss: 0.023808  [  320/  385]
Test Error: 
MSE: 1.088653
RMSE: 1.043385
MAE: 0.891176
R^2: -2.7236686645468855
loss: 0.049675  [    0/  385]
loss: 0.022683  [  160/  385]
loss: 0.014636  [  320/  385]
Test Error: 
MSE: 0.911582
RMSE: 0.954768
MAE: 0.861416
R^2: -2.1180069731524807
loss: 0.012928  [    0/  385]
loss: 0.004587  [  160/  385]
loss: 0.012004  [  320/  385]
Test Error: 
MSE: 0.852962
RMSE: 0.923559
MAE: 0.860179
R^2: -1.9175009532260185
Saved PyTorch Model State to dimension_models/model_objects/EU_Emotion_Stimulus_Set_valence_hubert_xtralarge_ll60k_1664974699_BEST.pt
loss: 0.010530  [    0/  385]
loss: 0.006844  [  160/  385]
loss: 0.003550  [  320/  385]
Test Error: 
MSE: 0.818941
RMSE: 0.904954
MAE: 0.835849
R^2: -1.8011357615598276
Saved PyTorch Model State to dimension_models/model_objects/EU_Emotion_Stimulus_Set_valence_hubert_xtralarge_ll60k_1664974699_BEST.pt
loss: 0.011108  [    0/  385]
loss: 0.009429  [  160/  385]
loss: 0.007086  [  320/  385]
Test Error: 
MSE: 0.834536
RMSE: 0.913529
MAE: 0.841797
R^2: -1.8544769008704671
loss: 0.004444  [    0/  385]
loss: 0.005265  [  160/  385]
loss: 0.004933  [  320/  385]
Test Error: 
MSE: 0.977609
RMSE: 0.988741
MAE: 0.878384
R^2: -2.343850246590582
loss: 0.021186  [    0/  385]
loss: 0.009190  [  160/  385]
loss: 0.004764  [  320/  385]
Test Error: 
MSE: 0.842972
RMSE: 0.918135
MAE: 0.856708
R^2: -1.8833316718958675
loss: 0.016179  [    0/  385]
loss: 0.013463  [  160/  385]
loss: 0.002322  [  320/  385]
Test Error: 
MSE: 0.703155
RMSE: 0.838543
MAE: 0.808064
R^2: -1.4050964049086052
Saved PyTorch Model State to dimension_models/model_objects/EU_Emotion_Stimulus_Set_valence_hubert_xtralarge_ll60k_1664974699_BEST.pt
loss: 0.005003  [    0/  385]
loss: 0.007148  [  160/  385]
loss: 0.006020  [  320/  385]
Test Error: 
MSE: 0.745652
RMSE: 0.863511
MAE: 0.819196
R^2: -1.550454391880891
loss: 0.003631  [    0/  385]
loss: 0.006512  [  160/  385]
loss: 0.004599  [  320/  385]
Test Error: 
MSE: 0.705106
RMSE: 0.839706
MAE: 0.808850
R^2: -1.411769170241301
loss: 0.007994  [    0/  385]
loss: 0.005315  [  160/  385]
loss: 0.003004  [  320/  385]
Test Error: 
MSE: 0.825296
RMSE: 0.908458
MAE: 0.835023
R^2: -1.822873820812617
loss: 0.008892  [    0/  385]
loss: 0.009397  [  160/  385]
loss: 0.002078  [  320/  385]
Test Error: 
MSE: 0.724335
RMSE: 0.851079
MAE: 0.807886
R^2: -1.4775408801895615
loss: 0.012326  [    0/  385]
loss: 0.007391  [  160/  385]
loss: 0.004671  [  320/  385]
Test Error: 
MSE: 0.870826
RMSE: 0.933181
MAE: 0.864028
R^2: -1.9786059314110975
loss: 0.015086  [    0/  385]
loss: 0.015278  [  160/  385]
loss: 0.003196  [  320/  385]
Test Error: 
MSE: 1.244084
RMSE: 1.115385
MAE: 0.954070
R^2: -3.255308008918382
loss: 0.040333  [    0/  385]
loss: 0.012886  [  160/  385]
loss: 0.018205  [  320/  385]
Test Error: 
MSE: 0.952314
RMSE: 0.975866
MAE: 0.855334
R^2: -2.2573291916325156
loss: 0.015497  [    0/  385]
loss: 0.006317  [  160/  385]
loss: 0.006308  [  320/  385]
Test Error: 
MSE: 0.721029
RMSE: 0.849134
MAE: 0.815549
R^2: -1.466233425507519
loss: 0.006137  [    0/  385]
loss: 0.005625  [  160/  385]
loss: 0.004801  [  320/  385]
Test Error: 
MSE: 0.690281
RMSE: 0.830831
MAE: 0.802752
R^2: -1.3610608959911312
Saved PyTorch Model State to dimension_models/model_objects/EU_Emotion_Stimulus_Set_valence_hubert_xtralarge_ll60k_1664974699_BEST.pt
loss: 0.003190  [    0/  385]
loss: 0.006901  [  160/  385]
loss: 0.005794  [  320/  385]
Test Error: 
MSE: 1.119649
RMSE: 1.058135
MAE: 0.928445
R^2: -2.8296890522346185
loss: 0.021573  [    0/  385]
loss: 0.009781  [  160/  385]
loss: 0.007540  [  320/  385]
Test Error: 
MSE: 0.917476
RMSE: 0.957849
MAE: 0.862018
R^2: -2.1381666136220865
loss: 0.014383  [    0/  385]
loss: 0.009614  [  160/  385]
loss: 0.003796  [  320/  385]
Test Error: 
MSE: 0.946387
RMSE: 0.972824
MAE: 0.870594
R^2: -2.2370563972302664
loss: 0.018951  [    0/  385]
loss: 0.015323  [  160/  385]
loss: 0.015604  [  320/  385]
Test Error: 
MSE: 0.734545
RMSE: 0.857056
MAE: 0.826280
R^2: -1.512465019421243
loss: 0.009705  [    0/  385]
loss: 0.006442  [  160/  385]
loss: 0.011306  [  320/  385]
Test Error: 
MSE: 0.728864
RMSE: 0.853735
MAE: 0.812090
R^2: -1.4930314976606676
loss: 0.007726  [    0/  385]
loss: 0.011668  [  160/  385]
loss: 0.009103  [  320/  385]
Test Error: 
MSE: 0.913798
RMSE: 0.955928
MAE: 0.856642
R^2: -2.1255859794378775
loss: 0.015252  [    0/  385]
loss: 0.017597  [  160/  385]
loss: 0.005522  [  320/  385]
Test Error: 
MSE: 1.998840
RMSE: 1.413803
MAE: 1.111889
R^2: -5.83690404754625
loss: 0.082788  [    0/  385]
loss: 0.088592  [  160/  385]
loss: 0.013906  [  320/  385]
Test Error: 
MSE: 1.054950
RMSE: 1.027107
MAE: 0.898567
R^2: -2.6083875476172524
loss: 0.008664  [    0/  385]
loss: 0.008463  [  160/  385]
loss: 0.005831  [  320/  385]
Test Error: 
MSE: 0.646888
RMSE: 0.804293
MAE: 0.788947
R^2: -1.2126381195822127
Saved PyTorch Model State to dimension_models/model_objects/EU_Emotion_Stimulus_Set_valence_hubert_xtralarge_ll60k_1664974699_BEST.pt
loss: 0.005330  [    0/  385]
loss: 0.003753  [  160/  385]
loss: 0.004438  [  320/  385]
Test Error: 
MSE: 0.706924
RMSE: 0.840788
MAE: 0.818102
R^2: -1.4179882272200373
loss: 0.003235  [    0/  385]
loss: 0.006787  [  160/  385]
loss: 0.006903  [  320/  385]
Test Error: 
MSE: 0.746031
RMSE: 0.863731
MAE: 0.819368
R^2: -1.5517522679898557
loss: 0.005919  [    0/  385]
loss: 0.003957  [  160/  385]
loss: 0.007386  [  320/  385]
Test Error: 
MSE: 0.657378
RMSE: 0.810789
MAE: 0.804496
R^2: -1.248521071864741
loss: 0.002034  [    0/  385]
loss: 0.005664  [  160/  385]
loss: 0.004135  [  320/  385]
Test Error: 
MSE: 0.726584
RMSE: 0.852399
MAE: 0.817273
R^2: -1.4852355060408238
loss: 0.006351  [    0/  385]
loss: 0.004893  [  160/  385]
loss: 0.006714  [  320/  385]
Test Error: 
MSE: 0.826317
RMSE: 0.909020
MAE: 0.838856
R^2: -1.8263638272916856
loss: 0.010889  [    0/  385]
loss: 0.005332  [  160/  385]
loss: 0.003366  [  320/  385]
Test Error: 
MSE: 0.697413
RMSE: 0.835113
MAE: 0.820456
R^2: -1.3854581375486412
loss: 0.004335  [    0/  385]
loss: 0.003446  [  160/  385]
loss: 0.002469  [  320/  385]
Test Error: 
MSE: 0.683191
RMSE: 0.826554
MAE: 0.814285
R^2: -1.3368116674724746
loss: 0.004536  [    0/  385]
loss: 0.003190  [  160/  385]
loss: 0.003064  [  320/  385]
Test Error: 
MSE: 0.712857
RMSE: 0.844309
MAE: 0.804746
R^2: -1.4382817383192061
loss: 0.006236  [    0/  385]
loss: 0.005657  [  160/  385]
loss: 0.002490  [  320/  385]
Test Error: 
MSE: 0.686036
RMSE: 0.828273
MAE: 0.814308
R^2: -1.3465431899562117
loss: 0.005512  [    0/  385]
loss: 0.004357  [  160/  385]
loss: 0.002840  [  320/  385]
Test Error: 
MSE: 0.693401
RMSE: 0.832707
MAE: 0.816003
R^2: -1.371735050917322
loss: 0.004193  [    0/  385]
loss: 0.004401  [  160/  385]
loss: 0.003469  [  320/  385]
Test Error: 
MSE: 1.046242
RMSE: 1.022860
MAE: 0.898591
R^2: -2.5786047289341276
loss: 0.021805  [    0/  385]
loss: 0.025648  [  160/  385]
loss: 0.030333  [  320/  385]
Test Error: 
MSE: 1.579133
RMSE: 1.256636
MAE: 1.013775
R^2: -4.401324068598275
loss: 0.060836  [    0/  385]
loss: 0.029047  [  160/  385]
loss: 0.020093  [  320/  385]
Test Error: 
MSE: 0.722767
RMSE: 0.850157
MAE: 0.809038
R^2: -1.4721779213110104
loss: 0.006866  [    0/  385]
loss: 0.011728  [  160/  385]
loss: 0.010382  [  320/  385]
Test Error: 
MSE: 1.258923
RMSE: 1.122017
MAE: 0.955969
R^2: -3.3060661355296723
loss: 0.042784  [    0/  385]
loss: 0.030561  [  160/  385]
loss: 0.014698  [  320/  385]
Test Error: 
MSE: 0.803953
RMSE: 0.896634
MAE: 0.816507
R^2: -1.749868280917172
loss: 0.012528  [    0/  385]
loss: 0.009960  [  160/  385]
loss: 0.006724  [  320/  385]
Test Error: 
MSE: 0.744218
RMSE: 0.862681
MAE: 0.833531
R^2: -1.5455496740906316
loss: 0.009044  [    0/  385]
loss: 0.004091  [  160/  385]
loss: 0.003559  [  320/  385]
Test Error: 
MSE: 0.778308
RMSE: 0.882218
MAE: 0.827111
R^2: -1.6621532845458153
loss: 0.008214  [    0/  385]
loss: 0.005642  [  160/  385]
loss: 0.002165  [  320/  385]
Test Error: 
MSE: 0.784520
RMSE: 0.885731
MAE: 0.836981
R^2: -1.6834007282374133
loss: 0.008724  [    0/  385]
loss: 0.008321  [  160/  385]
loss: 0.009863  [  320/  385]
Test Error: 
MSE: 0.627047
RMSE: 0.791863
MAE: 0.785903
R^2: -1.1447737576791868
Saved PyTorch Model State to dimension_models/model_objects/EU_Emotion_Stimulus_Set_valence_hubert_xtralarge_ll60k_1664974699_BEST.pt
loss: 0.002538  [    0/  385]
loss: 0.005457  [  160/  385]
loss: 0.003301  [  320/  385]
Test Error: 
MSE: 0.641962
RMSE: 0.801225
MAE: 0.788281
R^2: -1.1957883225586161
loss: 0.002582  [    0/  385]
loss: 0.001781  [  160/  385]
loss: 0.001537  [  320/  385]
Test Error: 
MSE: 0.664802
RMSE: 0.815354
MAE: 0.802440
R^2: -1.2739125773891176
loss: 0.003031  [    0/  385]
loss: 0.002142  [  160/  385]
loss: 0.001912  [  320/  385]
Test Error: 
MSE: 0.664723
RMSE: 0.815306
MAE: 0.808077
R^2: -1.273643719435717
loss: 0.001773  [    0/  385]
loss: 0.001717  [  160/  385]
loss: 0.001585  [  320/  385]
Test Error: 
MSE: 0.708815
RMSE: 0.841912
MAE: 0.806025
R^2: -1.4244576280273944
loss: 0.003428  [    0/  385]
loss: 0.005389  [  160/  385]
loss: 0.002625  [  320/  385]
Test Error: 
MSE: 0.660650
RMSE: 0.812804
MAE: 0.799825
R^2: -1.2597114928963777
loss: 0.003420  [    0/  385]
loss: 0.003957  [  160/  385]
loss: 0.001483  [  320/  385]
Test Error: 
MSE: 0.639130
RMSE: 0.799456
MAE: 0.796170
R^2: -1.186104495552477
loss: 0.001393  [    0/  385]
loss: 0.001820  [  160/  385]
loss: 0.001187  [  320/  385]
Test Error: 
MSE: 0.623040
RMSE: 0.789329
MAE: 0.785964
R^2: -1.1310691993487456
Saved PyTorch Model State to dimension_models/model_objects/EU_Emotion_Stimulus_Set_valence_hubert_xtralarge_ll60k_1664974699_BEST.pt
loss: 0.002071  [    0/  385]
loss: 0.002804  [  160/  385]
loss: 0.002599  [  320/  385]
Test Error: 
MSE: 0.678856
RMSE: 0.823927
MAE: 0.817801
R^2: -1.3219833411926905
loss: 0.001129  [    0/  385]
loss: 0.003181  [  160/  385]
loss: 0.003396  [  320/  385]
Test Error: 
MSE: 0.886507
RMSE: 0.941545
MAE: 0.867531
R^2: -2.032239654949231
loss: 0.017020  [    0/  385]
loss: 0.008445  [  160/  385]
loss: 0.003893  [  320/  385]
Test Error: 
MSE: 0.666959
RMSE: 0.816675
MAE: 0.805073
R^2: -1.281290027935393
loss: 0.003869  [    0/  385]
loss: 0.002953  [  160/  385]
loss: 0.002441  [  320/  385]
Test Error: 
MSE: 0.654598
RMSE: 0.809072
MAE: 0.798602
R^2: -1.2390098901608826
loss: 0.002669  [    0/  385]
loss: 0.004554  [  160/  385]
loss: 0.005968  [  320/  385]
Test Error: 
MSE: 0.802994
RMSE: 0.896099
MAE: 0.845927
R^2: -1.7465898949690706
loss: 0.009720  [    0/  385]
loss: 0.005685  [  160/  385]
loss: 0.007211  [  320/  385]
Test Error: 
MSE: 0.738455
RMSE: 0.859334
MAE: 0.818303
R^2: -1.5258374981548064
loss: 0.004827  [    0/  385]
loss: 0.008002  [  160/  385]
loss: 0.006336  [  320/  385]
Test Error: 
MSE: 0.875900
RMSE: 0.935895
MAE: 0.870353
R^2: -1.9959601258691544
loss: 0.014295  [    0/  385]
loss: 0.009088  [  160/  385]
loss: 0.002109  [  320/  385]
Test Error: 
MSE: 0.718194
RMSE: 0.847463
MAE: 0.833749
R^2: -1.4565350970305029
loss: 0.003700  [    0/  385]
loss: 0.005690  [  160/  385]
loss: 0.002533  [  320/  385]
Test Error: 
MSE: 0.654763
RMSE: 0.809174
MAE: 0.789383
R^2: -1.239573654511673
loss: 0.003592  [    0/  385]
loss: 0.002768  [  160/  385]
loss: 0.001504  [  320/  385]
Test Error: 
MSE: 0.684165
RMSE: 0.827143
MAE: 0.809969
R^2: -1.3401438493514202
loss: 0.002497  [    0/  385]
loss: 0.004622  [  160/  385]
loss: 0.001800  [  320/  385]
Test Error: 
MSE: 0.618725
RMSE: 0.786591
MAE: 0.788291
R^2: -1.1163089536910111
Saved PyTorch Model State to dimension_models/model_objects/EU_Emotion_Stimulus_Set_valence_hubert_xtralarge_ll60k_1664974699_BEST.pt
loss: 0.001624  [    0/  385]
loss: 0.001075  [  160/  385]
loss: 0.001068  [  320/  385]
Test Error: 
MSE: 0.597858
RMSE: 0.773213
MAE: 0.780752
R^2: -1.044934291624056
Saved PyTorch Model State to dimension_models/model_objects/EU_Emotion_Stimulus_Set_valence_hubert_xtralarge_ll60k_1664974699_BEST.pt
loss: 0.000949  [    0/  385]
loss: 0.001396  [  160/  385]
loss: 0.001357  [  320/  385]
Test Error: 
MSE: 0.716217
RMSE: 0.846296
MAE: 0.830445
R^2: -1.4497733066218288
loss: 0.007771  [    0/  385]
loss: 0.012639  [  160/  385]
loss: 0.003106  [  320/  385]
Test Error: 
MSE: 0.616931
RMSE: 0.785450
MAE: 0.792569
R^2: -1.110174646677482
loss: 0.001441  [    0/  385]
loss: 0.002093  [  160/  385]
loss: 0.001936  [  320/  385]
Test Error: 
MSE: 0.795856
RMSE: 0.892108
MAE: 0.831904
R^2: -1.72217514050464
loss: 0.011024  [    0/  385]
loss: 0.005200  [  160/  385]
loss: 0.002293  [  320/  385]
Test Error: 
MSE: 0.831958
RMSE: 0.912117
MAE: 0.839102
R^2: -1.8456591812538297
loss: 0.015323  [    0/  385]
loss: 0.026985  [  160/  385]
loss: 0.003328  [  320/  385]
Test Error: 
MSE: 1.681880
RMSE: 1.296873
MAE: 1.012406
R^2: -4.752761224494333
loss: 0.053888  [    0/  385]
loss: 0.033164  [  160/  385]
loss: 0.008804  [  320/  385]
Test Error: 
MSE: 0.660933
RMSE: 0.812978
MAE: 0.805117
R^2: -1.2606774311870987
loss: 0.004834  [    0/  385]
loss: 0.008119  [  160/  385]
loss: 0.004458  [  320/  385]
Test Error: 
MSE: 0.999751
RMSE: 0.999875
MAE: 0.869680
R^2: -2.4195830167290735
loss: 0.025629  [    0/  385]
loss: 0.015185  [  160/  385]
loss: 0.008735  [  320/  385]
Test Error: 
MSE: 0.856467
RMSE: 0.925455
MAE: 0.858836
R^2: -1.9294916187692293
loss: 0.018084  [    0/  385]
loss: 0.006309  [  160/  385]
loss: 0.004193  [  320/  385]
Test Error: 
MSE: 0.659286
RMSE: 0.811964
MAE: 0.795800
R^2: -1.2550460023561838
loss: 0.003118  [    0/  385]
loss: 0.001597  [  160/  385]
loss: 0.001516  [  320/  385]
Test Error: 
MSE: 0.639297
RMSE: 0.799561
MAE: 0.793493
R^2: -1.1866757688927918
