Using learning rate: 0.0001
Using sequence aggregation method: mean
Using optimizer: adam
Using cpu device
DimensionPredictor(
  (softmax): Softmax(dim=0)
  (first_projection): Linear(in_features=1024, out_features=256, bias=True)
  (second_projection): Linear(in_features=256, out_features=1, bias=True)
)
loss: 0.518099  [    0/  385]
loss: 1.125313  [  160/  385]
loss: 0.502183  [  320/  385]
Test Error: 
MSE: 3.001715
RMSE: 1.732546
MAE: 1.217157
R^2: -9.26717458571314
Saved PyTorch Model State to dimension_models/model_objects/EU_Emotion_Stimulus_Set_valence_wavlm_large_1662413332_BEST.pt
loss: 0.205242  [    0/  385]
loss: 0.113833  [  160/  385]
loss: 0.103026  [  320/  385]
Test Error: 
MSE: 0.932465
RMSE: 0.965643
MAE: 0.870517
R^2: -2.189438392121088
Saved PyTorch Model State to dimension_models/model_objects/EU_Emotion_Stimulus_Set_valence_wavlm_large_1662413332_BEST.pt
loss: 0.060789  [    0/  385]
loss: 0.065614  [  160/  385]
loss: 0.055775  [  320/  385]
Test Error: 
MSE: 1.607834
RMSE: 1.268004
MAE: 1.055409
R^2: -4.499493480332828
loss: 0.122170  [    0/  385]
loss: 0.229986  [  160/  385]
loss: 0.202418  [  320/  385]
Test Error: 
MSE: 1.421913
RMSE: 1.192440
MAE: 0.996775
R^2: -3.8635626583584504
loss: 0.079931  [    0/  385]
loss: 0.094757  [  160/  385]
loss: 0.098419  [  320/  385]
Test Error: 
MSE: 2.307789
RMSE: 1.519141
MAE: 1.152669
R^2: -6.8936457170428325
loss: 0.065866  [    0/  385]
loss: 0.126124  [  160/  385]
loss: 0.112356  [  320/  385]
Test Error: 
MSE: 3.926473
RMSE: 1.981533
MAE: 1.353786
R^2: -12.430249789109377
loss: 0.240292  [    0/  385]
loss: 0.104742  [  160/  385]
loss: 0.031157  [  320/  385]
Test Error: 
MSE: 0.434494
RMSE: 0.659161
MAE: 0.718311
R^2: -0.4861579118125281
Saved PyTorch Model State to dimension_models/model_objects/EU_Emotion_Stimulus_Set_valence_wavlm_large_1662413332_BEST.pt
loss: 0.033128  [    0/  385]
loss: 0.043302  [  160/  385]
loss: 0.040448  [  320/  385]
Test Error: 
MSE: 2.597691
RMSE: 1.611735
MAE: 1.223979
R^2: -7.8852358737270585
loss: 0.115889  [    0/  385]
loss: 0.019291  [  160/  385]
loss: 0.037295  [  320/  385]
Test Error: 
MSE: 1.224184
RMSE: 1.106428
MAE: 0.952789
R^2: -3.18724227630757
loss: 0.081325  [    0/  385]
loss: 0.093056  [  160/  385]
loss: 0.113686  [  320/  385]
Test Error: 
MSE: 0.701580
RMSE: 0.837604
MAE: 0.822462
R^2: -1.3997082363836268
loss: 0.039918  [    0/  385]
loss: 0.034808  [  160/  385]
loss: 0.057806  [  320/  385]
Test Error: 
MSE: 1.637494
RMSE: 1.279646
MAE: 1.077599
R^2: -4.600944672494052
loss: 0.116503  [    0/  385]
loss: 0.060101  [  160/  385]
loss: 0.033169  [  320/  385]
Test Error: 
MSE: 1.222741
RMSE: 1.105776
MAE: 0.979513
R^2: -3.182307307731903
loss: 0.054358  [    0/  385]
loss: 0.026716  [  160/  385]
loss: 0.026967  [  320/  385]
Test Error: 
MSE: 4.206987
RMSE: 2.051094
MAE: 1.394035
R^2: -13.389728089161114
loss: 0.232288  [    0/  385]
loss: 0.010366  [  160/  385]
loss: 0.115995  [  320/  385]
Test Error: 
MSE: 3.640461
RMSE: 1.907999
MAE: 1.347161
R^2: -11.45196426255023
loss: 0.209178  [    0/  385]
loss: 0.381491  [  160/  385]
loss: 0.321270  [  320/  385]
Test Error: 
MSE: 3.653593
RMSE: 1.911438
MAE: 1.328639
R^2: -11.496882257105149
loss: 0.221323  [    0/  385]
loss: 0.057365  [  160/  385]
loss: 0.021094  [  320/  385]
Test Error: 
MSE: 1.418000
RMSE: 1.190798
MAE: 1.015951
R^2: -3.85017938257373
loss: 0.085402  [    0/  385]
loss: 0.049571  [  160/  385]
loss: 0.027921  [  320/  385]
Test Error: 
MSE: 0.729191
RMSE: 0.853927
MAE: 0.837619
R^2: -1.494149874434736
loss: 0.053971  [    0/  385]
loss: 0.023429  [  160/  385]
loss: 0.028862  [  320/  385]
Test Error: 
MSE: 0.625291
RMSE: 0.790753
MAE: 0.774923
R^2: -1.138766843593476
loss: 0.027437  [    0/  385]
loss: 0.019554  [  160/  385]
loss: 0.052669  [  320/  385]
Test Error: 
MSE: 0.960080
RMSE: 0.979837
MAE: 0.916695
R^2: -2.2838933429632893
loss: 0.049541  [    0/  385]
loss: 0.029368  [  160/  385]
loss: 0.045207  [  320/  385]
Test Error: 
MSE: 0.800283
RMSE: 0.894586
MAE: 0.847057
R^2: -1.7373181769394312
loss: 0.032410  [    0/  385]
loss: 0.017033  [  160/  385]
loss: 0.066460  [  320/  385]
Test Error: 
MSE: 0.551033
RMSE: 0.742316
MAE: 0.784211
R^2: -0.8847734405135472
loss: 0.031826  [    0/  385]
loss: 0.014607  [  160/  385]
loss: 0.023577  [  320/  385]
Test Error: 
MSE: 0.556739
RMSE: 0.746150
MAE: 0.757187
R^2: -0.9042913022623937
loss: 0.028639  [    0/  385]
loss: 0.026416  [  160/  385]
loss: 0.078556  [  320/  385]
Test Error: 
MSE: 0.580239
RMSE: 0.761734
MAE: 0.759739
R^2: -0.984671469329081
loss: 0.033702  [    0/  385]
loss: 0.026414  [  160/  385]
loss: 0.009333  [  320/  385]
Test Error: 
MSE: 0.900564
RMSE: 0.948981
MAE: 0.878040
R^2: -2.0803224604987394
loss: 0.049191  [    0/  385]
loss: 0.019689  [  160/  385]
loss: 0.013603  [  320/  385]
Test Error: 
MSE: 0.686146
RMSE: 0.828339
MAE: 0.790125
R^2: -1.3469192491621147
loss: 0.022702  [    0/  385]
loss: 0.042223  [  160/  385]
loss: 0.015603  [  320/  385]
Test Error: 
MSE: 0.709577
RMSE: 0.842364
MAE: 0.819033
R^2: -1.4270619850302046
loss: 0.031046  [    0/  385]
loss: 0.007948  [  160/  385]
loss: 0.051160  [  320/  385]
Test Error: 
MSE: 2.463793
RMSE: 1.569647
MAE: 1.183243
R^2: -7.427244589434249
loss: 0.145130  [    0/  385]
loss: 0.034578  [  160/  385]
loss: 0.010560  [  320/  385]
Test Error: 
MSE: 2.293469
RMSE: 1.514420
MAE: 1.165130
R^2: -6.844662898337803
loss: 0.093692  [    0/  385]
loss: 0.016365  [  160/  385]
loss: 0.032639  [  320/  385]
Test Error: 
MSE: 0.562816
RMSE: 0.750211
MAE: 0.760528
R^2: -0.9250776847668223
loss: 0.017725  [    0/  385]
loss: 0.036647  [  160/  385]
loss: 0.077913  [  320/  385]
Test Error: 
MSE: 0.856242
RMSE: 0.925333
MAE: 0.847354
R^2: -1.928720493289723
loss: 0.019316  [    0/  385]
loss: 0.010149  [  160/  385]
loss: 0.008711  [  320/  385]
Test Error: 
MSE: 0.937571
RMSE: 0.968282
MAE: 0.915007
R^2: -2.2069013044845547
loss: 0.036560  [    0/  385]
loss: 0.036065  [  160/  385]
loss: 0.048467  [  320/  385]
Test Error: 
MSE: 0.928883
RMSE: 0.963786
MAE: 0.896083
R^2: -2.177185528313677
loss: 0.038320  [    0/  385]
loss: 0.023236  [  160/  385]
loss: 0.007069  [  320/  385]
Test Error: 
MSE: 0.570853
RMSE: 0.755548
MAE: 0.761709
R^2: -0.9525649879147469
loss: 0.021088  [    0/  385]
loss: 0.033289  [  160/  385]
loss: 0.012338  [  320/  385]
Test Error: 
MSE: 0.437792
RMSE: 0.661659
MAE: 0.719676
R^2: -0.49743963458023077
loss: 0.012306  [    0/  385]
loss: 0.019624  [  160/  385]
loss: 0.007921  [  320/  385]
Test Error: 
MSE: 0.674005
RMSE: 0.820978
MAE: 0.758851
R^2: -1.3053924522414198
loss: 0.016396  [    0/  385]
loss: 0.026779  [  160/  385]
loss: 0.030206  [  320/  385]
Test Error: 
MSE: 0.665419
RMSE: 0.815732
MAE: 0.794098
R^2: -1.2760220570266183
loss: 0.022570  [    0/  385]
loss: 0.011275  [  160/  385]
loss: 0.007405  [  320/  385]
Test Error: 
MSE: 0.734402
RMSE: 0.856973
MAE: 0.799317
R^2: -1.511975986543455
loss: 0.016518  [    0/  385]
loss: 0.056657  [  160/  385]
loss: 0.031033  [  320/  385]
Test Error: 
MSE: 0.818284
RMSE: 0.904590
MAE: 0.849491
R^2: -1.798887878680246
loss: 0.029493  [    0/  385]
loss: 0.030936  [  160/  385]
loss: 0.022978  [  320/  385]
Test Error: 
MSE: 0.457428
RMSE: 0.676334
MAE: 0.740682
R^2: -0.5646037623840976
loss: 0.008451  [    0/  385]
loss: 0.022034  [  160/  385]
loss: 0.015887  [  320/  385]
Test Error: 
MSE: 0.777063
RMSE: 0.881512
MAE: 0.829365
R^2: -1.6578945636585654
loss: 0.025947  [    0/  385]
loss: 0.016300  [  160/  385]
loss: 0.118145  [  320/  385]
Test Error: 
MSE: 0.523918
RMSE: 0.723822
MAE: 0.738057
R^2: -0.792026965365068
loss: 0.008329  [    0/  385]
loss: 0.025046  [  160/  385]
loss: 0.018727  [  320/  385]
Test Error: 
MSE: 5.120956
RMSE: 2.262953
MAE: 1.465697
R^2: -16.515902601829694
loss: 0.292070  [    0/  385]
loss: 0.323654  [  160/  385]
loss: 0.033504  [  320/  385]
Test Error: 
MSE: 3.122298
RMSE: 1.767003
MAE: 1.279713
R^2: -9.679620012992467
loss: 0.180862  [    0/  385]
loss: 0.195966  [  160/  385]
loss: 0.336307  [  320/  385]
Test Error: 
MSE: 0.713002
RMSE: 0.844394
MAE: 0.802268
R^2: -1.438777880946163
loss: 0.025001  [    0/  385]
loss: 0.043036  [  160/  385]
loss: 0.014531  [  320/  385]
Test Error: 
MSE: 0.677386
RMSE: 0.823035
MAE: 0.807641
R^2: -1.3169564011164456
loss: 0.011982  [    0/  385]
loss: 0.058616  [  160/  385]
loss: 0.019231  [  320/  385]
Test Error: 
MSE: 0.859601
RMSE: 0.927147
MAE: 0.865314
R^2: -1.9402096567710827
loss: 0.039107  [    0/  385]
loss: 0.045412  [  160/  385]
loss: 0.053588  [  320/  385]
Test Error: 
MSE: 1.222254
RMSE: 1.105556
MAE: 0.933967
R^2: -3.1806417178318176
loss: 0.051702  [    0/  385]
loss: 0.034372  [  160/  385]
loss: 0.021639  [  320/  385]
Test Error: 
MSE: 1.995618
RMSE: 1.412664
MAE: 1.084751
R^2: -5.825884471759695
loss: 0.111579  [    0/  385]
loss: 0.158372  [  160/  385]
loss: 0.111341  [  320/  385]
Test Error: 
MSE: 1.313059
RMSE: 1.145888
MAE: 0.944231
R^2: -3.491235192734253
loss: 0.050326  [    0/  385]
loss: 0.069399  [  160/  385]
loss: 0.105139  [  320/  385]
Test Error: 
MSE: 1.216033
RMSE: 1.102739
MAE: 0.976396
R^2: -3.159363567581198
loss: 0.071424  [    0/  385]
loss: 0.030410  [  160/  385]
loss: 0.009403  [  320/  385]
Test Error: 
MSE: 1.894175
RMSE: 1.376290
MAE: 1.118272
R^2: -5.478903212958851
loss: 0.099128  [    0/  385]
loss: 0.070974  [  160/  385]
loss: 0.092167  [  320/  385]
Test Error: 
MSE: 0.996572
RMSE: 0.998285
MAE: 0.898063
R^2: -2.4087117746810383
loss: 0.031841  [    0/  385]
loss: 0.007103  [  160/  385]
loss: 0.006244  [  320/  385]
Test Error: 
MSE: 1.375655
RMSE: 1.172883
MAE: 1.012124
R^2: -3.705341453039514
loss: 0.058256  [    0/  385]
loss: 0.018953  [  160/  385]
loss: 0.013703  [  320/  385]
Test Error: 
MSE: 0.606200
RMSE: 0.778589
MAE: 0.775603
R^2: -1.0734688911359287
loss: 0.012097  [    0/  385]
loss: 0.035592  [  160/  385]
loss: 0.013877  [  320/  385]
Test Error: 
MSE: 0.590565
RMSE: 0.768482
MAE: 0.775098
R^2: -1.0199896838823892
loss: 0.013015  [    0/  385]
loss: 0.069143  [  160/  385]
loss: 0.017768  [  320/  385]
Test Error: 
MSE: 0.808712
RMSE: 0.899284
MAE: 0.829672
R^2: -1.7661473055825399
loss: 0.015811  [    0/  385]
loss: 0.017184  [  160/  385]
loss: 0.021145  [  320/  385]
Test Error: 
MSE: 0.501552
RMSE: 0.708204
MAE: 0.742700
R^2: -0.715528044021559
loss: 0.011345  [    0/  385]
loss: 0.082596  [  160/  385]
loss: 0.056455  [  320/  385]
Test Error: 
MSE: 1.622565
RMSE: 1.273799
MAE: 1.074666
R^2: -4.549879441780023
loss: 0.078389  [    0/  385]
loss: 0.021290  [  160/  385]
loss: 0.006096  [  320/  385]
Test Error: 
MSE: 1.810211
RMSE: 1.345441
MAE: 1.105302
R^2: -5.191712092724287
loss: 0.092010  [    0/  385]
loss: 0.022678  [  160/  385]
loss: 0.004352  [  320/  385]
Test Error: 
MSE: 0.764797
RMSE: 0.874527
MAE: 0.838249
R^2: -1.6159379037611932
loss: 0.025501  [    0/  385]
loss: 0.076748  [  160/  385]
loss: 0.025063  [  320/  385]
Test Error: 
MSE: 1.129527
RMSE: 1.062792
MAE: 0.935371
R^2: -2.863474758453843
loss: 0.034930  [    0/  385]
loss: 0.012942  [  160/  385]
loss: 0.007802  [  320/  385]
Test Error: 
MSE: 0.536954
RMSE: 0.732772
MAE: 0.743219
R^2: -0.8366170773955226
loss: 0.019381  [    0/  385]
loss: 0.033539  [  160/  385]
loss: 0.005284  [  320/  385]
Test Error: 
MSE: 1.535968
RMSE: 1.239342
MAE: 1.028260
R^2: -4.253680571910545
loss: 0.075787  [    0/  385]
loss: 0.179820  [  160/  385]
loss: 0.115893  [  320/  385]
Test Error: 
MSE: 0.594133
RMSE: 0.770801
MAE: 0.799415
R^2: -1.0321953424022796
loss: 0.015011  [    0/  385]
loss: 0.037204  [  160/  385]
loss: 0.022539  [  320/  385]
Test Error: 
MSE: 1.887483
RMSE: 1.373857
MAE: 1.097151
R^2: -5.456015741848979
loss: 0.093810  [    0/  385]
loss: 0.023421  [  160/  385]
loss: 0.029177  [  320/  385]
Test Error: 
MSE: 0.414068
RMSE: 0.643481
MAE: 0.695780
R^2: -0.416293778530064
Saved PyTorch Model State to dimension_models/model_objects/EU_Emotion_Stimulus_Set_valence_wavlm_large_1662413332_BEST.pt
loss: 0.006565  [    0/  385]
loss: 0.008534  [  160/  385]
loss: 0.012474  [  320/  385]
Test Error: 
MSE: 1.023314
RMSE: 1.011590
MAE: 0.908070
R^2: -2.500178341526624
loss: 0.037828  [    0/  385]
loss: 0.079952  [  160/  385]
loss: 0.061877  [  320/  385]
Test Error: 
MSE: 0.786414
RMSE: 0.886800
MAE: 0.804442
R^2: -1.6898779430685944
loss: 0.018672  [    0/  385]
loss: 0.050522  [  160/  385]
loss: 0.058668  [  320/  385]
Test Error: 
MSE: 0.509185
RMSE: 0.713572
MAE: 0.753158
R^2: -0.7416348818781549
loss: 0.009317  [    0/  385]
loss: 0.009649  [  160/  385]
loss: 0.010191  [  320/  385]
Test Error: 
MSE: 0.532071
RMSE: 0.729432
MAE: 0.752649
R^2: -0.8199152522148769
loss: 0.015503  [    0/  385]
loss: 0.005962  [  160/  385]
loss: 0.034545  [  320/  385]
Test Error: 
MSE: 2.788113
RMSE: 1.669764
MAE: 1.221635
R^2: -8.536561885302124
loss: 0.156898  [    0/  385]
loss: 0.021406  [  160/  385]
loss: 0.027336  [  320/  385]
Test Error: 
MSE: 0.765675
RMSE: 0.875029
MAE: 0.841341
R^2: -1.6189437594365201
loss: 0.022849  [    0/  385]
loss: 0.008917  [  160/  385]
loss: 0.017415  [  320/  385]
Test Error: 
MSE: 1.460864
RMSE: 1.208662
MAE: 1.031912
R^2: -3.9967933665110333
loss: 0.081950  [    0/  385]
loss: 0.010656  [  160/  385]
loss: 0.032267  [  320/  385]
Test Error: 
MSE: 2.138143
RMSE: 1.462239
MAE: 1.160079
R^2: -6.313380072336345
loss: 0.123623  [    0/  385]
loss: 0.030508  [  160/  385]
loss: 0.047243  [  320/  385]
Test Error: 
MSE: 1.188765
RMSE: 1.090305
MAE: 0.982494
R^2: -3.0660956221689535
loss: 0.045264  [    0/  385]
loss: 0.069116  [  160/  385]
loss: 0.109809  [  320/  385]
Test Error: 
MSE: 2.559415
RMSE: 1.599817
MAE: 1.218319
R^2: -7.754313594610524
loss: 0.132631  [    0/  385]
loss: 0.062926  [  160/  385]
loss: 0.010259  [  320/  385]
Test Error: 
MSE: 0.530910
RMSE: 0.728636
MAE: 0.772482
R^2: -0.8159439130357524
loss: 0.011856  [    0/  385]
loss: 0.008528  [  160/  385]
loss: 0.009548  [  320/  385]
Test Error: 
MSE: 0.873124
RMSE: 0.934411
MAE: 0.849828
R^2: -1.986463311141291
loss: 0.027195  [    0/  385]
loss: 0.015092  [  160/  385]
loss: 0.020337  [  320/  385]
Test Error: 
MSE: 0.641387
RMSE: 0.800866
MAE: 0.811798
R^2: -1.1938230090198578
loss: 0.012273  [    0/  385]
loss: 0.017651  [  160/  385]
loss: 0.024145  [  320/  385]
Test Error: 
MSE: 0.825453
RMSE: 0.908544
MAE: 0.839742
R^2: -1.8234094944751051
loss: 0.029946  [    0/  385]
loss: 0.069928  [  160/  385]
loss: 0.010741  [  320/  385]
Test Error: 
MSE: 1.086123
RMSE: 1.042172
MAE: 0.949013
R^2: -2.715013648412637
loss: 0.042277  [    0/  385]
loss: 0.025771  [  160/  385]
loss: 0.010702  [  320/  385]
Test Error: 
MSE: 0.464530
RMSE: 0.681565
MAE: 0.727218
R^2: -0.5888967053950027
loss: 0.005589  [    0/  385]
loss: 0.010228  [  160/  385]
loss: 0.010223  [  320/  385]
Test Error: 
MSE: 1.332809
RMSE: 1.154473
MAE: 1.000840
R^2: -3.5587880892185932
loss: 0.053743  [    0/  385]
loss: 0.088890  [  160/  385]
loss: 0.054644  [  320/  385]
Test Error: 
MSE: 1.060181
RMSE: 1.029651
MAE: 0.917473
R^2: -2.6262798946793464
loss: 0.047277  [    0/  385]
loss: 0.073291  [  160/  385]
loss: 0.010061  [  320/  385]
Test Error: 
MSE: 0.947459
RMSE: 0.973375
MAE: 0.907738
R^2: -2.2407212874373204
loss: 0.042608  [    0/  385]
loss: 0.036840  [  160/  385]
loss: 0.026083  [  320/  385]
Test Error: 
MSE: 0.523996
RMSE: 0.723876
MAE: 0.729566
R^2: -0.7922940277969246
loss: 0.006552  [    0/  385]
loss: 0.006375  [  160/  385]
loss: 0.031279  [  320/  385]
Test Error: 
MSE: 1.195429
RMSE: 1.093357
MAE: 0.930539
R^2: -3.088887008061743
loss: 0.056655  [    0/  385]
loss: 0.030440  [  160/  385]
loss: 0.020473  [  320/  385]
Test Error: 
MSE: 0.677601
RMSE: 0.823165
MAE: 0.788907
R^2: -1.317689674669634
loss: 0.020578  [    0/  385]
