Using learning rate: 0.0001
Using sequence aggregation method: mean
Using optimizer: adam
Using cpu device
DimensionPredictor(
  (softmax): Softmax(dim=0)
  (first_projection): Linear(in_features=1024, out_features=256, bias=True)
  (second_projection): Linear(in_features=256, out_features=1, bias=True)
)
loss: 0.518099  [    0/  385]
loss: 1.125313  [  160/  385]
loss: 0.502183  [  320/  385]
Test Error: 
MSE: 3.001715
RMSE: 1.732546
MAE: 1.217157
R^2: -9.26717458571314
Saved PyTorch Model State to dimension_models/model_objects/EU_Emotion_Stimulus_Set_valence_wavlm_large_1662414122_BEST.pt
loss: 0.205242  [    0/  385]
loss: 0.113833  [  160/  385]
loss: 0.103026  [  320/  385]
Test Error: 
MSE: 0.932465
RMSE: 0.965643
MAE: 0.870517
R^2: -2.189438392121088
Saved PyTorch Model State to dimension_models/model_objects/EU_Emotion_Stimulus_Set_valence_wavlm_large_1662414122_BEST.pt
loss: 0.060789  [    0/  385]
loss: 0.065614  [  160/  385]
loss: 0.055775  [  320/  385]
Test Error: 
MSE: 1.607834
RMSE: 1.268004
MAE: 1.055409
R^2: -4.499493480332828
loss: 0.122170  [    0/  385]
loss: 0.229986  [  160/  385]
loss: 0.202418  [  320/  385]
Test Error: 
MSE: 1.421913
RMSE: 1.192440
MAE: 0.996775
R^2: -3.8635626583584504
loss: 0.079931  [    0/  385]
loss: 0.094757  [  160/  385]
loss: 0.098419  [  320/  385]
Test Error: 
MSE: 2.307789
RMSE: 1.519141
MAE: 1.152669
R^2: -6.8936457170428325
loss: 0.065866  [    0/  385]
loss: 0.126124  [  160/  385]
loss: 0.112356  [  320/  385]
Test Error: 
MSE: 3.926473
RMSE: 1.981533
MAE: 1.353786
R^2: -12.430249789109377
loss: 0.240292  [    0/  385]
loss: 0.104742  [  160/  385]
loss: 0.031157  [  320/  385]
Test Error: 
MSE: 0.434494
RMSE: 0.659161
MAE: 0.718311
R^2: -0.4861579118125281
Saved PyTorch Model State to dimension_models/model_objects/EU_Emotion_Stimulus_Set_valence_wavlm_large_1662414122_BEST.pt
loss: 0.033128  [    0/  385]
loss: 0.043302  [  160/  385]
loss: 0.040448  [  320/  385]
Test Error: 
MSE: 2.597691
RMSE: 1.611735
MAE: 1.223979
R^2: -7.8852358737270585
loss: 0.115889  [    0/  385]
loss: 0.019291  [  160/  385]
loss: 0.037295  [  320/  385]
Test Error: 
MSE: 1.224184
RMSE: 1.106428
MAE: 0.952789
R^2: -3.18724227630757
loss: 0.081325  [    0/  385]
loss: 0.093056  [  160/  385]
loss: 0.113686  [  320/  385]
Test Error: 
MSE: 0.701580
RMSE: 0.837604
MAE: 0.822462
R^2: -1.3997082363836268
loss: 0.039918  [    0/  385]
loss: 0.034808  [  160/  385]
loss: 0.057806  [  320/  385]
Test Error: 
MSE: 1.637494
RMSE: 1.279646
MAE: 1.077599
R^2: -4.600944672494052
loss: 0.116503  [    0/  385]
loss: 0.060101  [  160/  385]
loss: 0.033169  [  320/  385]
Test Error: 
MSE: 1.222741
RMSE: 1.105776
MAE: 0.979513
R^2: -3.182307307731903
loss: 0.054358  [    0/  385]
loss: 0.026716  [  160/  385]
loss: 0.026967  [  320/  385]
Test Error: 
MSE: 4.206987
RMSE: 2.051094
MAE: 1.394035
R^2: -13.389728089161114
loss: 0.232288  [    0/  385]
loss: 0.010366  [  160/  385]
loss: 0.115995  [  320/  385]
Test Error: 
MSE: 3.640461
RMSE: 1.907999
MAE: 1.347161
R^2: -11.45196426255023
loss: 0.209178  [    0/  385]
loss: 0.381491  [  160/  385]
loss: 0.321270  [  320/  385]
Test Error: 
MSE: 3.653593
RMSE: 1.911438
MAE: 1.328639
R^2: -11.496882257105149
loss: 0.221323  [    0/  385]
loss: 0.057365  [  160/  385]
loss: 0.021094  [  320/  385]
Test Error: 
MSE: 1.418000
RMSE: 1.190798
MAE: 1.015951
R^2: -3.85017938257373
loss: 0.085402  [    0/  385]
loss: 0.049571  [  160/  385]
loss: 0.027921  [  320/  385]
Test Error: 
MSE: 0.729191
RMSE: 0.853927
MAE: 0.837619
R^2: -1.494149874434736
loss: 0.053971  [    0/  385]
loss: 0.023429  [  160/  385]
loss: 0.028862  [  320/  385]
Test Error: 
MSE: 0.625291
RMSE: 0.790753
MAE: 0.774923
R^2: -1.138766843593476
loss: 0.027437  [    0/  385]
loss: 0.019554  [  160/  385]
loss: 0.052669  [  320/  385]
Test Error: 
MSE: 0.960080
RMSE: 0.979837
MAE: 0.916695
R^2: -2.2838933429632893
loss: 0.049541  [    0/  385]
loss: 0.029368  [  160/  385]
loss: 0.045207  [  320/  385]
Test Error: 
MSE: 0.800283
RMSE: 0.894586
MAE: 0.847057
R^2: -1.7373181769394312
loss: 0.032410  [    0/  385]
loss: 0.017033  [  160/  385]
loss: 0.066460  [  320/  385]
Test Error: 
MSE: 0.551033
RMSE: 0.742316
MAE: 0.784211
R^2: -0.8847734405135472
loss: 0.031826  [    0/  385]
loss: 0.014607  [  160/  385]
loss: 0.023577  [  320/  385]
Test Error: 
MSE: 0.556739
RMSE: 0.746150
MAE: 0.757187
R^2: -0.9042913022623937
loss: 0.028639  [    0/  385]
loss: 0.026416  [  160/  385]
loss: 0.078556  [  320/  385]
Test Error: 
MSE: 0.580239
RMSE: 0.761734
MAE: 0.759739
R^2: -0.984671469329081
loss: 0.033702  [    0/  385]
loss: 0.026414  [  160/  385]
loss: 0.009333  [  320/  385]
Test Error: 
MSE: 0.900564
RMSE: 0.948981
MAE: 0.878040
R^2: -2.0803224604987394
loss: 0.049191  [    0/  385]
loss: 0.019689  [  160/  385]
loss: 0.013603  [  320/  385]
Test Error: 
MSE: 0.686146
RMSE: 0.828339
MAE: 0.790125
R^2: -1.3469192491621147
loss: 0.022702  [    0/  385]
loss: 0.042223  [  160/  385]
loss: 0.015603  [  320/  385]
Test Error: 
MSE: 0.709577
RMSE: 0.842364
MAE: 0.819033
R^2: -1.4270619850302046
loss: 0.031046  [    0/  385]
loss: 0.007948  [  160/  385]
loss: 0.051160  [  320/  385]
Test Error: 
MSE: 2.463793
RMSE: 1.569647
MAE: 1.183243
R^2: -7.427244589434249
loss: 0.145130  [    0/  385]
loss: 0.034578  [  160/  385]
loss: 0.010560  [  320/  385]
Test Error: 
MSE: 2.293469
RMSE: 1.514420
MAE: 1.165130
R^2: -6.844662898337803
loss: 0.093692  [    0/  385]
loss: 0.016365  [  160/  385]
loss: 0.032639  [  320/  385]
Test Error: 
MSE: 0.562816
RMSE: 0.750211
MAE: 0.760528
R^2: -0.9250776847668223
loss: 0.017725  [    0/  385]
loss: 0.036647  [  160/  385]
loss: 0.077913  [  320/  385]
Test Error: 
MSE: 0.856242
RMSE: 0.925333
MAE: 0.847354
R^2: -1.928720493289723
loss: 0.019316  [    0/  385]
loss: 0.010149  [  160/  385]
loss: 0.008711  [  320/  385]
Test Error: 
MSE: 0.937571
RMSE: 0.968282
MAE: 0.915007
R^2: -2.2069013044845547
loss: 0.036560  [    0/  385]
loss: 0.036065  [  160/  385]
loss: 0.048467  [  320/  385]
Test Error: 
MSE: 0.928883
RMSE: 0.963786
MAE: 0.896083
R^2: -2.177185528313677
loss: 0.038320  [    0/  385]
loss: 0.023236  [  160/  385]
loss: 0.007069  [  320/  385]
Test Error: 
MSE: 0.570853
RMSE: 0.755548
MAE: 0.761709
R^2: -0.9525649879147469
loss: 0.021088  [    0/  385]
loss: 0.033289  [  160/  385]
loss: 0.012338  [  320/  385]
Test Error: 
MSE: 0.437792
RMSE: 0.661659
MAE: 0.719676
R^2: -0.49743963458023077
loss: 0.012306  [    0/  385]
loss: 0.019624  [  160/  385]
loss: 0.007921  [  320/  385]
Test Error: 
MSE: 0.674005
RMSE: 0.820978
MAE: 0.758851
R^2: -1.3053924522414198
loss: 0.016396  [    0/  385]
loss: 0.026779  [  160/  385]
loss: 0.030206  [  320/  385]
Test Error: 
MSE: 0.665419
RMSE: 0.815732
MAE: 0.794098
R^2: -1.2760220570266183
loss: 0.022570  [    0/  385]
loss: 0.011275  [  160/  385]
loss: 0.007405  [  320/  385]
Test Error: 
MSE: 0.734402
RMSE: 0.856973
MAE: 0.799317
R^2: -1.511975986543455
loss: 0.016518  [    0/  385]
loss: 0.056657  [  160/  385]
loss: 0.031033  [  320/  385]
Test Error: 
MSE: 0.818284
RMSE: 0.904590
MAE: 0.849491
R^2: -1.798887878680246
loss: 0.029493  [    0/  385]
loss: 0.030936  [  160/  385]
loss: 0.022978  [  320/  385]
Test Error: 
MSE: 0.457428
RMSE: 0.676334
MAE: 0.740682
R^2: -0.5646037623840976
loss: 0.008451  [    0/  385]
loss: 0.022034  [  160/  385]
loss: 0.015887  [  320/  385]
Test Error: 
MSE: 0.777063
RMSE: 0.881512
MAE: 0.829365
R^2: -1.6578945636585654
loss: 0.025947  [    0/  385]
loss: 0.016300  [  160/  385]
loss: 0.118145  [  320/  385]
Test Error: 
MSE: 0.523918
RMSE: 0.723822
MAE: 0.738057
R^2: -0.792026965365068
loss: 0.008329  [    0/  385]
loss: 0.025046  [  160/  385]
loss: 0.018727  [  320/  385]
Test Error: 
MSE: 5.120956
RMSE: 2.262953
MAE: 1.465697
R^2: -16.515902601829694
loss: 0.292070  [    0/  385]
loss: 0.323654  [  160/  385]
loss: 0.033504  [  320/  385]
Test Error: 
MSE: 3.122298
RMSE: 1.767003
MAE: 1.279713
R^2: -9.679620012992467
loss: 0.180862  [    0/  385]
loss: 0.195966  [  160/  385]
loss: 0.336307  [  320/  385]
Test Error: 
MSE: 0.713002
RMSE: 0.844394
MAE: 0.802268
R^2: -1.438777880946163
loss: 0.025001  [    0/  385]
loss: 0.043036  [  160/  385]
loss: 0.014531  [  320/  385]
Test Error: 
MSE: 0.677386
RMSE: 0.823035
MAE: 0.807641
R^2: -1.3169564011164456
loss: 0.011982  [    0/  385]
loss: 0.058616  [  160/  385]
loss: 0.019231  [  320/  385]
Test Error: 
MSE: 0.859601
RMSE: 0.927147
MAE: 0.865314
R^2: -1.9402096567710827
loss: 0.039107  [    0/  385]
loss: 0.045412  [  160/  385]
loss: 0.053588  [  320/  385]
Test Error: 
MSE: 1.222254
RMSE: 1.105556
MAE: 0.933967
R^2: -3.1806417178318176
loss: 0.051702  [    0/  385]
loss: 0.034372  [  160/  385]
loss: 0.021639  [  320/  385]
Test Error: 
MSE: 1.995618
RMSE: 1.412664
MAE: 1.084751
R^2: -5.825884471759695
loss: 0.111579  [    0/  385]
loss: 0.158372  [  160/  385]
loss: 0.111341  [  320/  385]
Test Error: 
MSE: 1.313059
RMSE: 1.145888
MAE: 0.944231
R^2: -3.491235192734253
loss: 0.050326  [    0/  385]
loss: 0.069399  [  160/  385]
loss: 0.105139  [  320/  385]
Test Error: 
MSE: 1.216033
RMSE: 1.102739
MAE: 0.976396
R^2: -3.159363567581198
loss: 0.071424  [    0/  385]
loss: 0.030410  [  160/  385]
loss: 0.009403  [  320/  385]
Test Error: 
MSE: 1.894175
RMSE: 1.376290
MAE: 1.118272
R^2: -5.478903212958851
loss: 0.099128  [    0/  385]
loss: 0.070974  [  160/  385]
loss: 0.092167  [  320/  385]
Test Error: 
MSE: 0.996572
RMSE: 0.998285
MAE: 0.898063
R^2: -2.4087117746810383
loss: 0.031841  [    0/  385]
loss: 0.007103  [  160/  385]
loss: 0.006244  [  320/  385]
Test Error: 
MSE: 1.375655
RMSE: 1.172883
MAE: 1.012124
R^2: -3.705341453039514
loss: 0.058256  [    0/  385]
loss: 0.018953  [  160/  385]
loss: 0.013703  [  320/  385]
Test Error: 
MSE: 0.606200
RMSE: 0.778589
MAE: 0.775603
R^2: -1.0734688911359287
loss: 0.012097  [    0/  385]
loss: 0.035592  [  160/  385]
loss: 0.013877  [  320/  385]
Test Error: 
MSE: 0.590565
RMSE: 0.768482
MAE: 0.775098
R^2: -1.0199896838823892
loss: 0.013015  [    0/  385]
loss: 0.069143  [  160/  385]
loss: 0.017768  [  320/  385]
Test Error: 
MSE: 0.808712
RMSE: 0.899284
MAE: 0.829672
R^2: -1.7661473055825399
loss: 0.015811  [    0/  385]
loss: 0.017184  [  160/  385]
loss: 0.021145  [  320/  385]
Test Error: 
MSE: 0.501552
RMSE: 0.708204
MAE: 0.742700
R^2: -0.715528044021559
loss: 0.011345  [    0/  385]
loss: 0.082596  [  160/  385]
loss: 0.056455  [  320/  385]
Test Error: 
MSE: 1.622565
RMSE: 1.273799
MAE: 1.074666
R^2: -4.549879441780023
loss: 0.078389  [    0/  385]
loss: 0.021290  [  160/  385]
loss: 0.006096  [  320/  385]
Test Error: 
MSE: 1.810211
RMSE: 1.345441
MAE: 1.105302
R^2: -5.191712092724287
loss: 0.092010  [    0/  385]
loss: 0.022678  [  160/  385]
loss: 0.004352  [  320/  385]
Test Error: 
MSE: 0.764797
RMSE: 0.874527
MAE: 0.838249
R^2: -1.6159379037611932
loss: 0.025501  [    0/  385]
loss: 0.076748  [  160/  385]
loss: 0.025063  [  320/  385]
Test Error: 
MSE: 1.129527
RMSE: 1.062792
MAE: 0.935371
R^2: -2.863474758453843
loss: 0.034930  [    0/  385]
loss: 0.012942  [  160/  385]
loss: 0.007802  [  320/  385]
Test Error: 
MSE: 0.536954
RMSE: 0.732772
MAE: 0.743219
R^2: -0.8366170773955226
loss: 0.019381  [    0/  385]
loss: 0.033539  [  160/  385]
loss: 0.005284  [  320/  385]
Test Error: 
MSE: 1.535968
RMSE: 1.239342
MAE: 1.028260
R^2: -4.253680571910545
loss: 0.075787  [    0/  385]
loss: 0.179820  [  160/  385]
loss: 0.115893  [  320/  385]
Test Error: 
MSE: 0.594133
RMSE: 0.770801
MAE: 0.799415
R^2: -1.0321953424022796
loss: 0.015011  [    0/  385]
loss: 0.037204  [  160/  385]
loss: 0.022539  [  320/  385]
Test Error: 
MSE: 1.887483
RMSE: 1.373857
MAE: 1.097151
R^2: -5.456015741848979
loss: 0.093810  [    0/  385]
loss: 0.023421  [  160/  385]
loss: 0.029177  [  320/  385]
Test Error: 
MSE: 0.414068
RMSE: 0.643481
MAE: 0.695780
R^2: -0.416293778530064
Saved PyTorch Model State to dimension_models/model_objects/EU_Emotion_Stimulus_Set_valence_wavlm_large_1662414122_BEST.pt
loss: 0.006565  [    0/  385]
loss: 0.008534  [  160/  385]
loss: 0.012474  [  320/  385]
Test Error: 
MSE: 1.023314
RMSE: 1.011590
MAE: 0.908070
R^2: -2.500178341526624
loss: 0.037828  [    0/  385]
loss: 0.079952  [  160/  385]
loss: 0.061877  [  320/  385]
Test Error: 
MSE: 0.786414
RMSE: 0.886800
MAE: 0.804442
R^2: -1.6898779430685944
loss: 0.018672  [    0/  385]
loss: 0.050522  [  160/  385]
loss: 0.058668  [  320/  385]
Test Error: 
MSE: 0.509185
RMSE: 0.713572
MAE: 0.753158
R^2: -0.7416348818781549
loss: 0.009317  [    0/  385]
loss: 0.009649  [  160/  385]
loss: 0.010191  [  320/  385]
Test Error: 
MSE: 0.532071
RMSE: 0.729432
MAE: 0.752649
R^2: -0.8199152522148769
loss: 0.015503  [    0/  385]
loss: 0.005962  [  160/  385]
loss: 0.034545  [  320/  385]
Test Error: 
MSE: 2.788113
RMSE: 1.669764
MAE: 1.221635
R^2: -8.536561885302124
loss: 0.156898  [    0/  385]
loss: 0.021406  [  160/  385]
loss: 0.027336  [  320/  385]
Test Error: 
MSE: 0.765675
RMSE: 0.875029
MAE: 0.841341
R^2: -1.6189437594365201
loss: 0.022849  [    0/  385]
loss: 0.008917  [  160/  385]
loss: 0.017415  [  320/  385]
Test Error: 
MSE: 1.460864
RMSE: 1.208662
MAE: 1.031912
R^2: -3.9967933665110333
loss: 0.081950  [    0/  385]
loss: 0.010656  [  160/  385]
loss: 0.032267  [  320/  385]
Test Error: 
MSE: 2.138143
RMSE: 1.462239
MAE: 1.160079
R^2: -6.313380072336345
loss: 0.123623  [    0/  385]
loss: 0.030508  [  160/  385]
loss: 0.047243  [  320/  385]
Test Error: 
MSE: 1.188765
RMSE: 1.090305
MAE: 0.982494
R^2: -3.0660956221689535
loss: 0.045264  [    0/  385]
loss: 0.069116  [  160/  385]
loss: 0.109809  [  320/  385]
Test Error: 
MSE: 2.559415
RMSE: 1.599817
MAE: 1.218319
R^2: -7.754313594610524
loss: 0.132631  [    0/  385]
loss: 0.062926  [  160/  385]
loss: 0.010259  [  320/  385]
Test Error: 
MSE: 0.530910
RMSE: 0.728636
MAE: 0.772482
R^2: -0.8159439130357524
loss: 0.011856  [    0/  385]
loss: 0.008528  [  160/  385]
loss: 0.009548  [  320/  385]
Test Error: 
MSE: 0.873124
RMSE: 0.934411
MAE: 0.849828
R^2: -1.986463311141291
loss: 0.027195  [    0/  385]
loss: 0.015092  [  160/  385]
loss: 0.020337  [  320/  385]
Test Error: 
MSE: 0.641387
RMSE: 0.800866
MAE: 0.811798
R^2: -1.1938230090198578
loss: 0.012273  [    0/  385]
loss: 0.017651  [  160/  385]
loss: 0.024145  [  320/  385]
Test Error: 
MSE: 0.825453
RMSE: 0.908544
MAE: 0.839742
R^2: -1.8234094944751051
loss: 0.029946  [    0/  385]
loss: 0.069928  [  160/  385]
loss: 0.010741  [  320/  385]
Test Error: 
MSE: 1.086123
RMSE: 1.042172
MAE: 0.949013
R^2: -2.715013648412637
loss: 0.042277  [    0/  385]
loss: 0.025771  [  160/  385]
loss: 0.010702  [  320/  385]
Test Error: 
MSE: 0.464530
RMSE: 0.681565
MAE: 0.727218
R^2: -0.5888967053950027
loss: 0.005589  [    0/  385]
loss: 0.010228  [  160/  385]
loss: 0.010223  [  320/  385]
Test Error: 
MSE: 1.332809
RMSE: 1.154473
MAE: 1.000840
R^2: -3.5587880892185932
loss: 0.053743  [    0/  385]
loss: 0.088890  [  160/  385]
loss: 0.054644  [  320/  385]
Test Error: 
MSE: 1.060181
RMSE: 1.029651
MAE: 0.917473
R^2: -2.6262798946793464
loss: 0.047277  [    0/  385]
loss: 0.073291  [  160/  385]
loss: 0.010061  [  320/  385]
Test Error: 
MSE: 0.947459
RMSE: 0.973375
MAE: 0.907738
R^2: -2.2407212874373204
loss: 0.042608  [    0/  385]
loss: 0.036840  [  160/  385]
loss: 0.026083  [  320/  385]
Test Error: 
MSE: 0.523996
RMSE: 0.723876
MAE: 0.729566
R^2: -0.7922940277969246
loss: 0.006552  [    0/  385]
loss: 0.006375  [  160/  385]
loss: 0.031279  [  320/  385]
Test Error: 
MSE: 1.195429
RMSE: 1.093357
MAE: 0.930539
R^2: -3.088887008061743
loss: 0.056655  [    0/  385]
loss: 0.030440  [  160/  385]
loss: 0.020473  [  320/  385]
Test Error: 
MSE: 0.677601
RMSE: 0.823165
MAE: 0.788907
R^2: -1.317689674669634
loss: 0.020578  [    0/  385]
loss: 0.010510  [  160/  385]
loss: 0.009353  [  320/  385]
Test Error: 
MSE: 0.955583
RMSE: 0.977539
MAE: 0.879662
R^2: -2.268511398904172
loss: 0.028464  [    0/  385]
loss: 0.038179  [  160/  385]
loss: 0.054028  [  320/  385]
Test Error: 
MSE: 0.887331
RMSE: 0.941983
MAE: 0.863798
R^2: -2.0350596834656853
loss: 0.021362  [    0/  385]
loss: 0.184901  [  160/  385]
loss: 0.079329  [  320/  385]
Test Error: 
MSE: 0.525659
RMSE: 0.725023
MAE: 0.746970
R^2: -0.797982005510897
loss: 0.010788  [    0/  385]
loss: 0.006114  [  160/  385]
loss: 0.085367  [  320/  385]
Test Error: 
MSE: 0.635653
RMSE: 0.797278
MAE: 0.787481
R^2: -1.1742095573061886
loss: 0.017258  [    0/  385]
loss: 0.161027  [  160/  385]
loss: 0.077935  [  320/  385]
Test Error: 
MSE: 0.832928
RMSE: 0.912649
MAE: 0.851798
R^2: -1.8489768040121053
loss: 0.029313  [    0/  385]
loss: 0.026940  [  160/  385]
loss: 0.032377  [  320/  385]
Test Error: 
MSE: 0.390140
RMSE: 0.624612
MAE: 0.656404
R^2: -0.33444886401449425
Saved PyTorch Model State to dimension_models/model_objects/EU_Emotion_Stimulus_Set_valence_wavlm_large_1662414122_BEST.pt
loss: 0.004754  [    0/  385]
loss: 0.007160  [  160/  385]
loss: 0.004964  [  320/  385]
Test Error: 
MSE: 0.466244
RMSE: 0.682821
MAE: 0.685309
R^2: -0.5947579395417126
loss: 0.005667  [    0/  385]
loss: 0.028814  [  160/  385]
loss: 0.026559  [  320/  385]
Test Error: 
MSE: 1.146810
RMSE: 1.070892
MAE: 0.942816
R^2: -2.922590801707397
loss: 0.047073  [    0/  385]
loss: 0.044134  [  160/  385]
loss: 0.096517  [  320/  385]
Test Error: 
MSE: 0.847729
RMSE: 0.920722
MAE: 0.876001
R^2: -1.8996030194197453
loss: 0.029896  [    0/  385]
loss: 0.053273  [  160/  385]
loss: 0.014308  [  320/  385]
Test Error: 
MSE: 1.340466
RMSE: 1.157785
MAE: 0.985273
R^2: -3.5849787371212516
loss: 0.045226  [    0/  385]
loss: 0.008245  [  160/  385]
loss: 0.021368  [  320/  385]
Test Error: 
MSE: 0.495541
RMSE: 0.703947
MAE: 0.721445
R^2: -0.6949657960829507
loss: 0.005761  [    0/  385]
loss: 0.011965  [  160/  385]
loss: 0.057976  [  320/  385]
Test Error: 
MSE: 0.600219
RMSE: 0.774738
MAE: 0.787010
R^2: -1.0530106248946898
loss: 0.016320  [    0/  385]
loss: 0.080864  [  160/  385]
loss: 0.074048  [  320/  385]
Test Error: 
MSE: 0.980514
RMSE: 0.990209
MAE: 0.895208
R^2: -2.353785681192087
loss: 0.028054  [    0/  385]
loss: 0.027427  [  160/  385]
loss: 0.018612  [  320/  385]
Test Error: 
MSE: 0.935890
RMSE: 0.967414
MAE: 0.885170
R^2: -2.2011510358050166
loss: 0.025813  [    0/  385]
loss: 0.110704  [  160/  385]
loss: 0.061866  [  320/  385]
Test Error: 
MSE: 1.894298
RMSE: 1.376335
MAE: 1.078906
R^2: -5.4793258317941405
loss: 0.076221  [    0/  385]
loss: 0.049190  [  160/  385]
loss: 0.008605  [  320/  385]
Test Error: 
MSE: 0.708088
RMSE: 0.841480
MAE: 0.823006
R^2: -1.4219702198782715
loss: 0.022577  [    0/  385]
loss: 0.038195  [  160/  385]
loss: 0.010371  [  320/  385]
Test Error: 
MSE: 0.510141
RMSE: 0.714242
MAE: 0.739121
R^2: -0.7449046273918096
loss: 0.012447  [    0/  385]
loss: 0.035971  [  160/  385]
loss: 0.103082  [  320/  385]
Test Error: 
MSE: 0.414113
RMSE: 0.643516
MAE: 0.704036
R^2: -0.4164482882304483
loss: 0.008460  [    0/  385]
loss: 0.028635  [  160/  385]
loss: 0.006312  [  320/  385]
Test Error: 
MSE: 0.437919
RMSE: 0.661755
MAE: 0.696236
R^2: -0.49787517265901693
loss: 0.005992  [    0/  385]
loss: 0.015182  [  160/  385]
loss: 0.004263  [  320/  385]
Test Error: 
MSE: 1.034129
RMSE: 1.016921
MAE: 0.948721
R^2: -2.5371704116294995
loss: 0.039465  [    0/  385]
loss: 0.142516  [  160/  385]
loss: 0.121840  [  320/  385]
Test Error: 
MSE: 0.531414
RMSE: 0.728981
MAE: 0.735158
R^2: -0.8176660853021429
loss: 0.011406  [    0/  385]
loss: 0.022872  [  160/  385]
loss: 0.007655  [  320/  385]
Test Error: 
MSE: 2.400682
RMSE: 1.549413
MAE: 1.184960
R^2: -7.211377522755432
loss: 0.111093  [    0/  385]
loss: 0.175815  [  160/  385]
loss: 0.080603  [  320/  385]
Test Error: 
MSE: 1.571129
RMSE: 1.253447
MAE: 1.058265
R^2: -4.373945715269324
loss: 0.068088  [    0/  385]
loss: 0.038176  [  160/  385]
loss: 0.029310  [  320/  385]
Test Error: 
MSE: 1.384600
RMSE: 1.176690
MAE: 1.031449
R^2: -3.7359363480786207
loss: 0.066053  [    0/  385]
loss: 0.066043  [  160/  385]
loss: 0.007462  [  320/  385]
Test Error: 
MSE: 0.540808
RMSE: 0.735397
MAE: 0.759272
R^2: -0.8498005764185073
loss: 0.011118  [    0/  385]
loss: 0.018730  [  160/  385]
loss: 0.005245  [  320/  385]
Test Error: 
MSE: 0.522604
RMSE: 0.722914
MAE: 0.717636
R^2: -0.7875347163974087
loss: 0.003808  [    0/  385]
loss: 0.005883  [  160/  385]
loss: 0.011283  [  320/  385]
Test Error: 
MSE: 0.826718
RMSE: 0.909240
MAE: 0.880422
R^2: -1.8277347825489891
loss: 0.025455  [    0/  385]
loss: 0.034415  [  160/  385]
loss: 0.025507  [  320/  385]
Test Error: 
MSE: 1.358939
RMSE: 1.165735
MAE: 1.000348
R^2: -3.6481627148988673
loss: 0.068385  [    0/  385]
loss: 0.005380  [  160/  385]
loss: 0.011244  [  320/  385]
Test Error: 
MSE: 0.676364
RMSE: 0.822413
MAE: 0.815617
R^2: -1.3134593152331164
loss: 0.019154  [    0/  385]
loss: 0.006215  [  160/  385]
loss: 0.013069  [  320/  385]
Test Error: 
MSE: 0.455250
RMSE: 0.674722
MAE: 0.690145
R^2: -0.5571530568948346
loss: 0.002139  [    0/  385]
loss: 0.008270  [  160/  385]
loss: 0.006855  [  320/  385]
Test Error: 
MSE: 0.477326
RMSE: 0.690888
MAE: 0.732594
R^2: -0.6326634207896065
loss: 0.004862  [    0/  385]
loss: 0.017139  [  160/  385]
loss: 0.004748  [  320/  385]
Test Error: 
MSE: 0.677252
RMSE: 0.822953
MAE: 0.779716
R^2: -1.3164955147455961
loss: 0.013005  [    0/  385]
loss: 0.031601  [  160/  385]
loss: 0.165089  [  320/  385]
Test Error: 
MSE: 0.860892
RMSE: 0.927843
MAE: 0.885286
R^2: -1.9446265410011394
loss: 0.039622  [    0/  385]
loss: 0.011898  [  160/  385]
loss: 0.010150  [  320/  385]
Test Error: 
MSE: 0.571883
RMSE: 0.756229
MAE: 0.762083
R^2: -0.9560883522058856
loss: 0.010117  [    0/  385]
loss: 0.013245  [  160/  385]
loss: 0.017294  [  320/  385]
Test Error: 
MSE: 0.710975
RMSE: 0.843193
MAE: 0.773685
R^2: -1.4318446325312983
loss: 0.007888  [    0/  385]
loss: 0.016037  [  160/  385]
loss: 0.028011  [  320/  385]
Test Error: 
MSE: 0.803625
RMSE: 0.896451
MAE: 0.819321
R^2: -1.7487475114981703
loss: 0.023313  [    0/  385]
loss: 0.012858  [  160/  385]
loss: 0.038561  [  320/  385]
Test Error: 
MSE: 0.439475
RMSE: 0.662929
MAE: 0.705860
R^2: -0.5031969249122763
loss: 0.003484  [    0/  385]
loss: 0.012477  [  160/  385]
loss: 0.018565  [  320/  385]
Test Error: 
MSE: 1.390518
RMSE: 1.179202
MAE: 1.003091
R^2: -3.7561782301369258
loss: 0.059678  [    0/  385]
loss: 0.017923  [  160/  385]
loss: 0.004763  [  320/  385]
Test Error: 
MSE: 0.539724
RMSE: 0.734659
MAE: 0.762373
R^2: -0.8460898192746367
loss: 0.008931  [    0/  385]
loss: 0.008146  [  160/  385]
loss: 0.005244  [  320/  385]
Test Error: 
MSE: 0.508411
RMSE: 0.713029
MAE: 0.730096
R^2: -0.7389869755974952
loss: 0.006096  [    0/  385]
loss: 0.025764  [  160/  385]
loss: 0.002236  [  320/  385]
Test Error: 
MSE: 0.584548
RMSE: 0.764557
MAE: 0.754580
R^2: -0.9994081094411582
loss: 0.005401  [    0/  385]
loss: 0.014196  [  160/  385]
loss: 0.016081  [  320/  385]
Test Error: 
MSE: 0.612279
RMSE: 0.782483
MAE: 0.783064
R^2: -1.0942609596671642
loss: 0.013572  [    0/  385]
loss: 0.005206  [  160/  385]
loss: 0.006757  [  320/  385]
Test Error: 
MSE: 0.711899
RMSE: 0.843741
MAE: 0.814837
R^2: -1.4350049055572112
loss: 0.012911  [    0/  385]
loss: 0.058060  [  160/  385]
loss: 0.017454  [  320/  385]
Test Error: 
MSE: 0.793999
RMSE: 0.891066
MAE: 0.860407
R^2: -1.7158214625774737
loss: 0.020195  [    0/  385]
loss: 0.020310  [  160/  385]
loss: 0.005804  [  320/  385]
Test Error: 
MSE: 0.460337
RMSE: 0.678482
MAE: 0.719456
R^2: -0.5745542399624908
loss: 0.009714  [    0/  385]
loss: 0.013657  [  160/  385]
loss: 0.021867  [  320/  385]
Test Error: 
MSE: 0.831972
RMSE: 0.912125
MAE: 0.872827
R^2: -1.845708109066463
loss: 0.020982  [    0/  385]
loss: 0.009759  [  160/  385]
loss: 0.009012  [  320/  385]
Test Error: 
MSE: 1.012567
RMSE: 1.006264
MAE: 0.925894
R^2: -2.46342148267849
loss: 0.034810  [    0/  385]
loss: 0.017548  [  160/  385]
loss: 0.016396  [  320/  385]
Test Error: 
MSE: 0.627573
RMSE: 0.792195
MAE: 0.794476
R^2: -1.1465745488349177
loss: 0.015359  [    0/  385]
loss: 0.033827  [  160/  385]
loss: 0.020162  [  320/  385]
Test Error: 
MSE: 0.678109
RMSE: 0.823473
MAE: 0.811046
R^2: -1.3194268381616356
loss: 0.029689  [    0/  385]
loss: 0.051978  [  160/  385]
loss: 0.028065  [  320/  385]
Test Error: 
MSE: 0.621038
RMSE: 0.788060
MAE: 0.796954
R^2: -1.124220769287723
loss: 0.014441  [    0/  385]
loss: 0.010922  [  160/  385]
loss: 0.029237  [  320/  385]
Test Error: 
MSE: 0.980813
RMSE: 0.990360
MAE: 0.925046
R^2: -2.354808103110456
loss: 0.035379  [    0/  385]
loss: 0.034760  [  160/  385]
loss: 0.007608  [  320/  385]
Test Error: 
MSE: 0.531378
RMSE: 0.728957
MAE: 0.723961
R^2: -0.8175443251105978
loss: 0.004924  [    0/  385]
loss: 0.010616  [  160/  385]
loss: 0.006592  [  320/  385]
Test Error: 
MSE: 0.738484
RMSE: 0.859351
MAE: 0.838399
R^2: -1.525938161633829
loss: 0.019075  [    0/  385]
loss: 0.051042  [  160/  385]
loss: 0.007458  [  320/  385]
Test Error: 
MSE: 0.976261
RMSE: 0.988059
MAE: 0.867733
R^2: -2.339239515825179
loss: 0.020826  [    0/  385]
loss: 0.021467  [  160/  385]
loss: 0.013106  [  320/  385]
Test Error: 
MSE: 1.174405
RMSE: 1.083700
MAE: 0.964510
R^2: -3.0169779895050297
loss: 0.052301  [    0/  385]
loss: 0.009000  [  160/  385]
loss: 0.019639  [  320/  385]
Test Error: 
MSE: 0.637833
RMSE: 0.798645
MAE: 0.777026
R^2: -1.181667566714511
loss: 0.011795  [    0/  385]
loss: 0.006890  [  160/  385]
loss: 0.043713  [  320/  385]
Test Error: 
MSE: 0.576264
RMSE: 0.759121
MAE: 0.801448
R^2: -0.9710748871554993
loss: 0.018606  [    0/  385]
loss: 0.005738  [  160/  385]
loss: 0.015125  [  320/  385]
Test Error: 
MSE: 1.863463
RMSE: 1.365087
MAE: 1.100157
R^2: -5.373857149666884
loss: 0.069626  [    0/  385]
loss: 0.004332  [  160/  385]
loss: 0.009757  [  320/  385]
Test Error: 
MSE: 0.689257
RMSE: 0.830215
MAE: 0.779548
R^2: -1.3575588555597342
loss: 0.013049  [    0/  385]
loss: 0.010129  [  160/  385]
loss: 0.018939  [  320/  385]
Test Error: 
MSE: 0.738463
RMSE: 0.859339
MAE: 0.823720
R^2: -1.5258657958782234
loss: 0.018043  [    0/  385]
loss: 0.039310  [  160/  385]
loss: 0.058473  [  320/  385]
Test Error: 
MSE: 0.549950
RMSE: 0.741586
MAE: 0.768917
R^2: -0.8810701902404012
loss: 0.006401  [    0/  385]
loss: 0.063815  [  160/  385]
loss: 0.017977  [  320/  385]
Test Error: 
MSE: 2.244044
RMSE: 1.498014
MAE: 1.170778
R^2: -6.675610538470738
loss: 0.110822  [    0/  385]
loss: 0.012298  [  160/  385]
loss: 0.004110  [  320/  385]
Test Error: 
MSE: 1.361458
RMSE: 1.166815
MAE: 0.996841
R^2: -3.6567797596770166
loss: 0.060416  [    0/  385]
loss: 0.004958  [  160/  385]
loss: 0.007209  [  320/  385]
Test Error: 
MSE: 0.973603
RMSE: 0.986713
MAE: 0.879205
R^2: -2.330148197561448
loss: 0.025856  [    0/  385]
loss: 0.060130  [  160/  385]
loss: 0.041896  [  320/  385]
Test Error: 
MSE: 1.454228
RMSE: 1.205914
MAE: 1.018837
R^2: -3.974094203367758
loss: 0.072115  [    0/  385]
loss: 0.135605  [  160/  385]
loss: 0.090315  [  320/  385]
Test Error: 
MSE: 0.446059
RMSE: 0.667877
MAE: 0.742852
R^2: -0.5257163885780096
loss: 0.007604  [    0/  385]
loss: 0.055046  [  160/  385]
loss: 0.025776  [  320/  385]
Test Error: 
MSE: 0.615827
RMSE: 0.784747
MAE: 0.755012
R^2: -1.1063982653196036
loss: 0.009527  [    0/  385]
loss: 0.008128  [  160/  385]
loss: 0.014406  [  320/  385]
Test Error: 
MSE: 1.082159
RMSE: 1.040269
MAE: 0.904391
R^2: -2.701456809392647
loss: 0.034295  [    0/  385]
loss: 0.031833  [  160/  385]
loss: 0.010566  [  320/  385]
Test Error: 
MSE: 0.583050
RMSE: 0.763577
MAE: 0.746951
R^2: -0.994285912102715
loss: 0.005242  [    0/  385]
loss: 0.005937  [  160/  385]
loss: 0.004049  [  320/  385]
Test Error: 
MSE: 0.484949
RMSE: 0.696383
MAE: 0.736953
R^2: -0.6587368528498938
loss: 0.003837  [    0/  385]
loss: 0.003529  [  160/  385]
loss: 0.009781  [  320/  385]
Test Error: 
MSE: 0.642790
RMSE: 0.801742
MAE: 0.815791
R^2: -1.198621187418976
loss: 0.018941  [    0/  385]
loss: 0.021774  [  160/  385]
loss: 0.029091  [  320/  385]
Test Error: 
MSE: 0.790058
RMSE: 0.888852
MAE: 0.829229
R^2: -1.702344238915924
loss: 0.023425  [    0/  385]
loss: 0.022337  [  160/  385]
loss: 0.006840  [  320/  385]
Test Error: 
MSE: 0.609965
RMSE: 0.781002
MAE: 0.775463
R^2: -1.0863451976454095
loss: 0.015907  [    0/  385]
loss: 0.100263  [  160/  385]
loss: 0.010787  [  320/  385]
Test Error: 
MSE: 0.556936
RMSE: 0.746281
MAE: 0.748899
R^2: -0.9049631056225089
loss: 0.010831  [    0/  385]
loss: 0.007216  [  160/  385]
loss: 0.012023  [  320/  385]
Test Error: 
MSE: 0.638691
RMSE: 0.799182
MAE: 0.774981
R^2: -1.1846024321015096
loss: 0.014375  [    0/  385]
loss: 0.004158  [  160/  385]
loss: 0.036871  [  320/  385]
Test Error: 
MSE: 0.579576
RMSE: 0.761299
MAE: 0.782435
R^2: -0.98240314387672
loss: 0.010476  [    0/  385]
loss: 0.016008  [  160/  385]
loss: 0.104851  [  320/  385]
Test Error: 
MSE: 0.474246
RMSE: 0.688656
MAE: 0.710722
R^2: -0.6221297116525961
loss: 0.004448  [    0/  385]
loss: 0.021364  [  160/  385]
loss: 0.005787  [  320/  385]
Test Error: 
MSE: 0.542222
RMSE: 0.736357
MAE: 0.749483
R^2: -0.8546357862139642
loss: 0.006666  [    0/  385]
loss: 0.035723  [  160/  385]
loss: 0.007283  [  320/  385]
Test Error: 
MSE: 0.892311
RMSE: 0.944622
MAE: 0.867158
R^2: -2.052091756137031
loss: 0.027955  [    0/  385]
loss: 0.046765  [  160/  385]
loss: 0.063371  [  320/  385]
Test Error: 
MSE: 0.499677
RMSE: 0.706878
MAE: 0.728158
R^2: -0.7091134625551954
loss: 0.007453  [    0/  385]
loss: 0.008168  [  160/  385]
loss: 0.015459  [  320/  385]
Test Error: 
MSE: 0.910945
RMSE: 0.954434
MAE: 0.883253
R^2: -2.115828763704048
loss: 0.035870  [    0/  385]
loss: 0.077597  [  160/  385]
loss: 0.072840  [  320/  385]
Test Error: 
MSE: 1.943769
RMSE: 1.394191
MAE: 1.102646
R^2: -5.648537650531483
loss: 0.088205  [    0/  385]
loss: 0.036886  [  160/  385]
loss: 0.011128  [  320/  385]
Test Error: 
MSE: 0.511643
RMSE: 0.715292
MAE: 0.736776
R^2: -0.7500432869596771
loss: 0.005272  [    0/  385]
loss: 0.041851  [  160/  385]
loss: 0.003871  [  320/  385]
Test Error: 
MSE: 0.437659
RMSE: 0.661558
MAE: 0.709834
R^2: -0.4969838953968002
loss: 0.003363  [    0/  385]
loss: 0.012856  [  160/  385]
loss: 0.041001  [  320/  385]
Test Error: 
MSE: 0.602104
RMSE: 0.775954
MAE: 0.780182
R^2: -1.0594580751281888
loss: 0.011334  [    0/  385]
loss: 0.018879  [  160/  385]
loss: 0.033852  [  320/  385]
Test Error: 
MSE: 0.485590
RMSE: 0.696843
MAE: 0.729733
R^2: -0.6609297328214574
loss: 0.004336  [    0/  385]
loss: 0.003264  [  160/  385]
loss: 0.021629  [  320/  385]
Test Error: 
MSE: 0.568944
RMSE: 0.754284
MAE: 0.774765
R^2: -0.9460355474199884
loss: 0.013648  [    0/  385]
loss: 0.019277  [  160/  385]
loss: 0.044790  [  320/  385]
Test Error: 
MSE: 0.883440
RMSE: 0.939915
MAE: 0.871830
R^2: -2.0217503119182227
loss: 0.038020  [    0/  385]
loss: 0.007035  [  160/  385]
loss: 0.002579  [  320/  385]
Test Error: 
MSE: 0.820462
RMSE: 0.905794
MAE: 0.870877
R^2: -1.8063385478682732
loss: 0.026380  [    0/  385]
loss: 0.063394  [  160/  385]
loss: 0.117883  [  320/  385]
Test Error: 
MSE: 1.097535
RMSE: 1.047633
MAE: 0.923637
R^2: -2.7540489726079858
loss: 0.039199  [    0/  385]
loss: 0.002178  [  160/  385]
loss: 0.032852  [  320/  385]
Test Error: 
MSE: 1.131758
RMSE: 1.063841
MAE: 0.934768
R^2: -2.8711062167756194
loss: 0.047120  [    0/  385]
loss: 0.055222  [  160/  385]
loss: 0.025555  [  320/  385]
Test Error: 
MSE: 1.332799
RMSE: 1.154469
MAE: 1.010025
R^2: -3.5587545646275442
loss: 0.057966  [    0/  385]
loss: 0.063869  [  160/  385]
loss: 0.003829  [  320/  385]
Test Error: 
MSE: 0.980646
RMSE: 0.990276
MAE: 0.892366
R^2: -2.3542369105604175
loss: 0.034636  [    0/  385]
loss: 0.017791  [  160/  385]
loss: 0.028651  [  320/  385]
Test Error: 
MSE: 0.657352
RMSE: 0.810773
MAE: 0.813076
R^2: -1.2484307715352916
loss: 0.018146  [    0/  385]
loss: 0.019649  [  160/  385]
loss: 0.041072  [  320/  385]
Test Error: 
MSE: 0.447936
RMSE: 0.669280
MAE: 0.717072
R^2: -0.5321370421369729
loss: 0.003713  [    0/  385]
loss: 0.008873  [  160/  385]
loss: 0.026609  [  320/  385]
Test Error: 
MSE: 0.479003
RMSE: 0.692101
MAE: 0.722353
R^2: -0.6383996201560287
loss: 0.004073  [    0/  385]
loss: 0.019494  [  160/  385]
loss: 0.006395  [  320/  385]
Test Error: 
MSE: 0.512232
RMSE: 0.715704
MAE: 0.735938
R^2: -0.7520575527855231
loss: 0.005535  [    0/  385]
loss: 0.021595  [  160/  385]
loss: 0.017607  [  320/  385]
Test Error: 
MSE: 0.839796
RMSE: 0.916404
MAE: 0.846661
R^2: -1.8724671256923928
loss: 0.032714  [    0/  385]
loss: 0.028347  [  160/  385]
loss: 0.002185  [  320/  385]
Test Error: 
MSE: 0.452359
RMSE: 0.672576
MAE: 0.698169
R^2: -0.5472649817176494
loss: 0.002678  [    0/  385]
loss: 0.005191  [  160/  385]
loss: 0.003247  [  320/  385]
Test Error: 
MSE: 0.667586
RMSE: 0.817060
MAE: 0.792630
R^2: -1.283436474956818
loss: 0.014627  [    0/  385]
loss: 0.025193  [  160/  385]
loss: 0.009188  [  320/  385]
Test Error: 
MSE: 0.788192
RMSE: 0.887802
MAE: 0.855289
R^2: -1.6959596389998532
loss: 0.027551  [    0/  385]
loss: 0.009468  [  160/  385]
loss: 0.020780  [  320/  385]
Test Error: 
MSE: 0.723096
RMSE: 0.850350
MAE: 0.841721
R^2: -1.473302488872673
loss: 0.018978  [    0/  385]
loss: 0.015040  [  160/  385]
loss: 0.010340  [  320/  385]
Test Error: 
MSE: 0.403520
RMSE: 0.635232
MAE: 0.701445
R^2: -0.3802126906290857
loss: 0.002555  [    0/  385]
loss: 0.055705  [  160/  385]
loss: 0.043148  [  320/  385]
Test Error: 
MSE: 1.970524
RMSE: 1.403754
MAE: 1.118535
R^2: -5.740051841090434
loss: 0.097876  [    0/  385]
loss: 0.044992  [  160/  385]
loss: 0.023216  [  320/  385]
Test Error: 
MSE: 0.454216
RMSE: 0.673955
MAE: 0.716492
R^2: -0.5536158220540834
loss: 0.005336  [    0/  385]
loss: 0.029970  [  160/  385]
loss: 0.024072  [  320/  385]
Test Error: 
MSE: 1.336060
RMSE: 1.155881
MAE: 0.978722
R^2: -3.569907778017675
loss: 0.054562  [    0/  385]
loss: 0.086222  [  160/  385]
loss: 0.136742  [  320/  385]
Test Error: 
MSE: 0.911213
RMSE: 0.954575
MAE: 0.890030
R^2: -2.1167470213571127
loss: 0.035419  [    0/  385]
loss: 0.015897  [  160/  385]
loss: 0.007200  [  320/  385]
Test Error: 
MSE: 0.514286
RMSE: 0.717138
MAE: 0.733720
R^2: -0.7590831983849144
loss: 0.006583  [    0/  385]
loss: 0.003955  [  160/  385]
loss: 0.012494  [  320/  385]
Test Error: 
MSE: 0.499429
RMSE: 0.706703
MAE: 0.726444
R^2: -0.708264371884461
loss: 0.003233  [    0/  385]
loss: 0.024452  [  160/  385]
loss: 0.002854  [  320/  385]
Test Error: 
MSE: 0.812960
RMSE: 0.901643
MAE: 0.840109
R^2: -1.7806768409561218
loss: 0.028124  [    0/  385]
loss: 0.035321  [  160/  385]
loss: 0.023845  [  320/  385]
Test Error: 
MSE: 0.578933
RMSE: 0.760877
MAE: 0.746276
R^2: -0.9802037468826847
loss: 0.008010  [    0/  385]
loss: 0.004485  [  160/  385]
loss: 0.006264  [  320/  385]
Test Error: 
MSE: 0.458764
RMSE: 0.677321
MAE: 0.720266
R^2: -0.5691717391205331
loss: 0.005053  [    0/  385]
loss: 0.011504  [  160/  385]
loss: 0.002127  [  320/  385]
Test Error: 
MSE: 0.662796
RMSE: 0.814123
MAE: 0.813839
R^2: -1.2670520619053178
loss: 0.017941  [    0/  385]
loss: 0.003656  [  160/  385]
