Using learning rate: 0.001
Using sequence aggregation method: mean
Using optimizer: adam
Using cpu device
DimensionPredictor(
  (softmax): Softmax(dim=0)
  (first_projection): Linear(in_features=768, out_features=256, bias=True)
  (second_projection): Linear(in_features=256, out_features=1, bias=True)
)
loss: 0.216551  [    0/  385]
loss: 0.057333  [  160/  385]
loss: 0.043263  [  320/  385]
Test Error: 
MSE: 0.530668
RMSE: 0.728470
MAE: 0.749081
R^2: -0.8151174235583285
Saved PyTorch Model State to dimension_models/model_objects/EU_Emotion_Stimulus_Set_valence_wavlm_base_plus_1662449753_BEST.pt
loss: 0.028251  [    0/  385]
loss: 0.014282  [  160/  385]
loss: 0.026579  [  320/  385]
Test Error: 
MSE: 0.229314
RMSE: 0.478867
MAE: 0.647981
R^2: 0.2156472662081237
Saved PyTorch Model State to dimension_models/model_objects/EU_Emotion_Stimulus_Set_valence_wavlm_base_plus_1662449753_BEST.pt
loss: 0.013590  [    0/  385]
loss: 0.023988  [  160/  385]
loss: 0.018837  [  320/  385]
Test Error: 
MSE: 0.211039
RMSE: 0.459390
MAE: 0.633963
R^2: 0.2781541138964905
Saved PyTorch Model State to dimension_models/model_objects/EU_Emotion_Stimulus_Set_valence_wavlm_base_plus_1662449753_BEST.pt
loss: 0.012061  [    0/  385]
loss: 0.022368  [  160/  385]
loss: 0.018886  [  320/  385]
Test Error: 
MSE: 0.211028
RMSE: 0.459378
MAE: 0.636497
R^2: 0.278192427916522
Saved PyTorch Model State to dimension_models/model_objects/EU_Emotion_Stimulus_Set_valence_wavlm_base_plus_1662449753_BEST.pt
loss: 0.011440  [    0/  385]
loss: 0.015912  [  160/  385]
loss: 0.018011  [  320/  385]
Test Error: 
MSE: 0.266451
RMSE: 0.516189
MAE: 0.664557
R^2: 0.08862152336909945
loss: 0.015904  [    0/  385]
loss: 0.019363  [  160/  385]
loss: 0.015083  [  320/  385]
Test Error: 
MSE: 0.220846
RMSE: 0.469942
MAE: 0.631794
R^2: 0.2446115402743152
loss: 0.020169  [    0/  385]
loss: 0.011842  [  160/  385]
loss: 0.012095  [  320/  385]
Test Error: 
MSE: 0.173859
RMSE: 0.416964
MAE: 0.598176
R^2: 0.40532704331030855
Saved PyTorch Model State to dimension_models/model_objects/EU_Emotion_Stimulus_Set_valence_wavlm_base_plus_1662449753_BEST.pt
loss: 0.017320  [    0/  385]
loss: 0.014313  [  160/  385]
loss: 0.009976  [  320/  385]
Test Error: 
MSE: 0.180091
RMSE: 0.424372
MAE: 0.599716
R^2: 0.3840094827998749
loss: 0.010266  [    0/  385]
loss: 0.013221  [  160/  385]
loss: 0.014043  [  320/  385]
Test Error: 
MSE: 0.195396
RMSE: 0.442036
MAE: 0.605619
R^2: 0.3316599222000959
loss: 0.016786  [    0/  385]
loss: 0.015741  [  160/  385]
loss: 0.015094  [  320/  385]
Test Error: 
MSE: 0.194194
RMSE: 0.440674
MAE: 0.606908
R^2: 0.33577198047485735
loss: 0.007486  [    0/  385]
loss: 0.011003  [  160/  385]
loss: 0.012858  [  320/  385]
Test Error: 
MSE: 0.317119
RMSE: 0.563133
MAE: 0.691282
R^2: -0.08468500124796297
loss: 0.017908  [    0/  385]
loss: 0.013019  [  160/  385]
loss: 0.010395  [  320/  385]
Test Error: 
MSE: 0.232192
RMSE: 0.481863
MAE: 0.638506
R^2: 0.20580142909621013
loss: 0.018875  [    0/  385]
loss: 0.018762  [  160/  385]
loss: 0.011628  [  320/  385]
Test Error: 
MSE: 0.209234
RMSE: 0.457421
MAE: 0.609338
R^2: 0.284329760239294
loss: 0.017114  [    0/  385]
loss: 0.013967  [  160/  385]
loss: 0.007010  [  320/  385]
Test Error: 
MSE: 0.339111
RMSE: 0.582332
MAE: 0.707024
R^2: -0.15990780599194077
loss: 0.023914  [    0/  385]
loss: 0.007752  [  160/  385]
loss: 0.012063  [  320/  385]
Test Error: 
MSE: 0.185290
RMSE: 0.430453
MAE: 0.602112
R^2: 0.366227523855878
loss: 0.015167  [    0/  385]
loss: 0.009681  [  160/  385]
loss: 0.022452  [  320/  385]
Test Error: 
MSE: 0.234190
RMSE: 0.483932
MAE: 0.645540
R^2: 0.19896736147047944
loss: 0.013202  [    0/  385]
loss: 0.009242  [  160/  385]
loss: 0.013976  [  320/  385]
Test Error: 
MSE: 0.180370
RMSE: 0.424700
MAE: 0.597070
R^2: 0.3830562389745743
loss: 0.010033  [    0/  385]
loss: 0.015527  [  160/  385]
loss: 0.009820  [  320/  385]
Test Error: 
MSE: 0.194170
RMSE: 0.440647
MAE: 0.603069
R^2: 0.33585330343111897
loss: 0.012969  [    0/  385]
loss: 0.006946  [  160/  385]
loss: 0.010816  [  320/  385]
Test Error: 
MSE: 0.222288
RMSE: 0.471474
MAE: 0.598368
R^2: 0.2396795716631136
loss: 0.020532  [    0/  385]
loss: 0.011167  [  160/  385]
loss: 0.012508  [  320/  385]
Test Error: 
MSE: 0.218766
RMSE: 0.467724
MAE: 0.621220
R^2: 0.25172475085598645
loss: 0.012133  [    0/  385]
loss: 0.011082  [  160/  385]
loss: 0.013703  [  320/  385]
Test Error: 
MSE: 0.219689
RMSE: 0.468709
MAE: 0.622057
R^2: 0.24856935205723896
loss: 0.012346  [    0/  385]
loss: 0.008312  [  160/  385]
loss: 0.009718  [  320/  385]
Test Error: 
MSE: 0.233698
RMSE: 0.483423
MAE: 0.617087
R^2: 0.2006504705028559
loss: 0.025396  [    0/  385]
loss: 0.014681  [  160/  385]
loss: 0.009181  [  320/  385]
Test Error: 
MSE: 0.222244
RMSE: 0.471428
MAE: 0.612115
R^2: 0.23982890600723417
loss: 0.010129  [    0/  385]
loss: 0.008495  [  160/  385]
loss: 0.007415  [  320/  385]
Test Error: 
MSE: 0.204228
RMSE: 0.451916
MAE: 0.615911
R^2: 0.30144981698316453
loss: 0.004612  [    0/  385]
loss: 0.007112  [  160/  385]
loss: 0.006556  [  320/  385]
Test Error: 
MSE: 0.206009
RMSE: 0.453882
MAE: 0.604326
R^2: 0.2953597624246648
loss: 0.006268  [    0/  385]
loss: 0.010405  [  160/  385]
loss: 0.007012  [  320/  385]
Test Error: 
MSE: 0.227014
RMSE: 0.476460
MAE: 0.629017
R^2: 0.2235128295885086
loss: 0.008991  [    0/  385]
loss: 0.007420  [  160/  385]
loss: 0.004454  [  320/  385]
Test Error: 
MSE: 0.244361
RMSE: 0.494328
MAE: 0.613084
R^2: 0.1641803138993735
loss: 0.007167  [    0/  385]
loss: 0.008208  [  160/  385]
loss: 0.011655  [  320/  385]
Test Error: 
MSE: 0.208722
RMSE: 0.456861
MAE: 0.600082
R^2: 0.2860810360964723
loss: 0.006640  [    0/  385]
loss: 0.007662  [  160/  385]
loss: 0.007395  [  320/  385]
Test Error: 
MSE: 0.192440
RMSE: 0.438680
MAE: 0.593544
R^2: 0.34177022392104617
loss: 0.004930  [    0/  385]
loss: 0.011331  [  160/  385]
loss: 0.006914  [  320/  385]
Test Error: 
MSE: 0.243764
RMSE: 0.493725
MAE: 0.641001
R^2: 0.1662208591876262
loss: 0.007285  [    0/  385]
loss: 0.010770  [  160/  385]
loss: 0.009156  [  320/  385]
Test Error: 
MSE: 0.306094
RMSE: 0.553257
MAE: 0.681437
R^2: -0.04697374496189033
loss: 0.012619  [    0/  385]
loss: 0.008917  [  160/  385]
loss: 0.009498  [  320/  385]
Test Error: 
MSE: 0.333480
RMSE: 0.577477
MAE: 0.666221
R^2: -0.14064738157179812
loss: 0.016546  [    0/  385]
loss: 0.008500  [  160/  385]
loss: 0.013731  [  320/  385]
Test Error: 
MSE: 0.222738
RMSE: 0.471951
MAE: 0.611494
R^2: 0.23813897146125262
loss: 0.008320  [    0/  385]
loss: 0.013268  [  160/  385]
loss: 0.011919  [  320/  385]
Test Error: 
MSE: 0.215818
RMSE: 0.464562
MAE: 0.609430
R^2: 0.2618084757980388
loss: 0.012783  [    0/  385]
loss: 0.009963  [  160/  385]
loss: 0.011781  [  320/  385]
Test Error: 
MSE: 0.236114
RMSE: 0.485916
MAE: 0.629703
R^2: 0.19238721166222827
loss: 0.012523  [    0/  385]
loss: 0.007326  [  160/  385]
loss: 0.010496  [  320/  385]
Test Error: 
MSE: 0.211344
RMSE: 0.459722
MAE: 0.605217
R^2: 0.277111707050828
loss: 0.007869  [    0/  385]
loss: 0.006138  [  160/  385]
loss: 0.008300  [  320/  385]
Test Error: 
MSE: 0.280976
RMSE: 0.530072
MAE: 0.665640
R^2: 0.038938519111545444
loss: 0.009528  [    0/  385]
loss: 0.004024  [  160/  385]
loss: 0.006357  [  320/  385]
Test Error: 
MSE: 0.271269
RMSE: 0.520835
MAE: 0.660666
R^2: 0.07214028377562054
loss: 0.015007  [    0/  385]
loss: 0.006063  [  160/  385]
loss: 0.006868  [  320/  385]
Test Error: 
MSE: 0.254429
RMSE: 0.504410
MAE: 0.648792
R^2: 0.12974090578710862
loss: 0.010918  [    0/  385]
loss: 0.004742  [  160/  385]
loss: 0.004743  [  320/  385]
Test Error: 
MSE: 0.278929
RMSE: 0.528137
MAE: 0.667792
R^2: 0.045942916216250684
loss: 0.009631  [    0/  385]
loss: 0.006634  [  160/  385]
loss: 0.007136  [  320/  385]
Test Error: 
MSE: 0.248983
RMSE: 0.498982
MAE: 0.645327
R^2: 0.14837055828755907
loss: 0.011031  [    0/  385]
loss: 0.010034  [  160/  385]
loss: 0.008895  [  320/  385]
Test Error: 
MSE: 0.371811
RMSE: 0.609763
MAE: 0.721905
R^2: -0.2717557857458368
loss: 0.011135  [    0/  385]
loss: 0.009626  [  160/  385]
loss: 0.005306  [  320/  385]
Test Error: 
MSE: 0.282339
RMSE: 0.531356
MAE: 0.668154
R^2: 0.03427618409642308
loss: 0.005944  [    0/  385]
loss: 0.013848  [  160/  385]
loss: 0.008342  [  320/  385]
Test Error: 
MSE: 0.261677
RMSE: 0.511544
MAE: 0.657192
R^2: 0.1049495899513897
loss: 0.008433  [    0/  385]
loss: 0.012090  [  160/  385]
loss: 0.008978  [  320/  385]
Test Error: 
MSE: 0.224628
RMSE: 0.473950
MAE: 0.590733
R^2: 0.2316735995620215
loss: 0.013731  [    0/  385]
loss: 0.008187  [  160/  385]
loss: 0.006816  [  320/  385]
Test Error: 
MSE: 0.197245
RMSE: 0.444123
MAE: 0.582321
R^2: 0.32533452950778075
loss: 0.011032  [    0/  385]
loss: 0.008016  [  160/  385]
loss: 0.005260  [  320/  385]
Test Error: 
MSE: 0.194496
RMSE: 0.441017
MAE: 0.588215
R^2: 0.33473811457136093
loss: 0.006951  [    0/  385]
loss: 0.005942  [  160/  385]
loss: 0.007296  [  320/  385]
Test Error: 
MSE: 0.203669
RMSE: 0.451297
MAE: 0.599470
R^2: 0.30336321004139577
loss: 0.005078  [    0/  385]
loss: 0.008445  [  160/  385]
loss: 0.008344  [  320/  385]
Test Error: 
MSE: 0.209355
RMSE: 0.457554
MAE: 0.599139
R^2: 0.2839133715889848
loss: 0.006097  [    0/  385]
loss: 0.008509  [  160/  385]
loss: 0.006385  [  320/  385]
Test Error: 
MSE: 0.211573
RMSE: 0.459971
MAE: 0.601860
R^2: 0.27632646006540207
loss: 0.005751  [    0/  385]
loss: 0.004190  [  160/  385]
loss: 0.007175  [  320/  385]
Test Error: 
MSE: 0.234185
RMSE: 0.483927
MAE: 0.626990
R^2: 0.1989848025177705
loss: 0.006135  [    0/  385]
loss: 0.007180  [  160/  385]
loss: 0.004855  [  320/  385]
Test Error: 
MSE: 0.285465
RMSE: 0.534290
MAE: 0.670447
R^2: 0.023584223506074253
loss: 0.011281  [    0/  385]
loss: 0.006404  [  160/  385]
loss: 0.005247  [  320/  385]
Test Error: 
MSE: 0.309780
RMSE: 0.556579
MAE: 0.686600
R^2: -0.05958427974753411
loss: 0.008877  [    0/  385]
loss: 0.005244  [  160/  385]
loss: 0.005252  [  320/  385]
Test Error: 
MSE: 0.221212
RMSE: 0.470332
MAE: 0.606608
R^2: 0.24335831593566792
loss: 0.006109  [    0/  385]
loss: 0.005802  [  160/  385]
loss: 0.011832  [  320/  385]
Test Error: 
MSE: 0.222557
RMSE: 0.471759
MAE: 0.596231
R^2: 0.23875805822718976
loss: 0.004018  [    0/  385]
loss: 0.006545  [  160/  385]
loss: 0.005969  [  320/  385]
Test Error: 
MSE: 0.244698
RMSE: 0.494669
MAE: 0.632307
R^2: 0.1630264467583643
loss: 0.005681  [    0/  385]
loss: 0.005796  [  160/  385]
loss: 0.006382  [  320/  385]
Test Error: 
MSE: 0.235658
RMSE: 0.485446
MAE: 0.631409
R^2: 0.1939461402536885
loss: 0.006213  [    0/  385]
loss: 0.009053  [  160/  385]
loss: 0.005976  [  320/  385]
Test Error: 
MSE: 0.231201
RMSE: 0.480833
MAE: 0.630575
R^2: 0.20919335516238635
loss: 0.002744  [    0/  385]
loss: 0.003752  [  160/  385]
loss: 0.006519  [  320/  385]
Test Error: 
MSE: 0.297236
RMSE: 0.545194
MAE: 0.678190
R^2: -0.01667719988885441
loss: 0.008890  [    0/  385]
loss: 0.007853  [  160/  385]
loss: 0.004910  [  320/  385]
Test Error: 
MSE: 0.239599
RMSE: 0.489488
MAE: 0.605728
R^2: 0.18046858521228992
loss: 0.006544  [    0/  385]
loss: 0.005651  [  160/  385]
loss: 0.006312  [  320/  385]
Test Error: 
MSE: 0.265411
RMSE: 0.515180
MAE: 0.615467
R^2: 0.09218010249275965
loss: 0.007482  [    0/  385]
loss: 0.014033  [  160/  385]
loss: 0.005762  [  320/  385]
Test Error: 
MSE: 0.251360
RMSE: 0.501358
MAE: 0.639753
R^2: 0.14023917655079288
loss: 0.004639  [    0/  385]
loss: 0.005044  [  160/  385]
loss: 0.006115  [  320/  385]
Test Error: 
MSE: 0.231805
RMSE: 0.481462
MAE: 0.621623
R^2: 0.20712515276697885
loss: 0.002955  [    0/  385]
loss: 0.008220  [  160/  385]
loss: 0.005935  [  320/  385]
Test Error: 
MSE: 0.238343
RMSE: 0.488204
MAE: 0.625580
R^2: 0.18476214258139334
loss: 0.008247  [    0/  385]
loss: 0.003358  [  160/  385]
loss: 0.005456  [  320/  385]
Test Error: 
MSE: 0.317485
RMSE: 0.563458
MAE: 0.690192
R^2: -0.08593662117658596
loss: 0.007148  [    0/  385]
loss: 0.005867  [  160/  385]
loss: 0.006881  [  320/  385]
Test Error: 
MSE: 0.243774
RMSE: 0.493734
MAE: 0.631819
R^2: 0.16618761107091673
loss: 0.005809  [    0/  385]
loss: 0.009478  [  160/  385]
loss: 0.004156  [  320/  385]
Test Error: 
MSE: 0.222166
RMSE: 0.471345
MAE: 0.600287
R^2: 0.24009459839557
loss: 0.007384  [    0/  385]
loss: 0.007098  [  160/  385]
loss: 0.002169  [  320/  385]
Test Error: 
MSE: 0.222324
RMSE: 0.471513
MAE: 0.615969
R^2: 0.2395538529460548
loss: 0.005730  [    0/  385]
loss: 0.007327  [  160/  385]
loss: 0.003542  [  320/  385]
Test Error: 
MSE: 0.237422
RMSE: 0.487259
MAE: 0.605267
R^2: 0.18791428546814537
loss: 0.008266  [    0/  385]
loss: 0.013348  [  160/  385]
loss: 0.010367  [  320/  385]
Test Error: 
MSE: 0.249459
RMSE: 0.499459
MAE: 0.629714
R^2: 0.14674112177176557
loss: 0.003067  [    0/  385]
loss: 0.006898  [  160/  385]
loss: 0.005416  [  320/  385]
Test Error: 
MSE: 0.258549
RMSE: 0.508478
MAE: 0.638274
R^2: 0.11564813725697654
loss: 0.005208  [    0/  385]
loss: 0.004814  [  160/  385]
loss: 0.006090  [  320/  385]
Test Error: 
MSE: 0.303473
RMSE: 0.550884
MAE: 0.675697
R^2: -0.0380112906647736
loss: 0.007869  [    0/  385]
loss: 0.006791  [  160/  385]
loss: 0.012388  [  320/  385]
Test Error: 
MSE: 0.250383
RMSE: 0.500383
MAE: 0.610352
R^2: 0.1435816044360535
loss: 0.006126  [    0/  385]
loss: 0.003720  [  160/  385]
loss: 0.007291  [  320/  385]
Test Error: 
MSE: 0.246809
RMSE: 0.496799
MAE: 0.626911
R^2: 0.15580570497011237
loss: 0.003260  [    0/  385]
loss: 0.005718  [  160/  385]
loss: 0.005502  [  320/  385]
Test Error: 
MSE: 0.279361
RMSE: 0.528546
MAE: 0.661854
R^2: 0.044463595958041835
loss: 0.005740  [    0/  385]
loss: 0.006444  [  160/  385]
loss: 0.008474  [  320/  385]
Test Error: 
MSE: 0.250492
RMSE: 0.500492
MAE: 0.625636
R^2: 0.1432069554572296
loss: 0.006591  [    0/  385]
loss: 0.007990  [  160/  385]
loss: 0.005317  [  320/  385]
Test Error: 
MSE: 0.277151
RMSE: 0.526451
MAE: 0.634380
R^2: 0.05202222105062926
loss: 0.004868  [    0/  385]
loss: 0.006669  [  160/  385]
loss: 0.003961  [  320/  385]
Test Error: 
MSE: 0.259610
RMSE: 0.509519
MAE: 0.629709
R^2: 0.11202176630727945
loss: 0.003133  [    0/  385]
loss: 0.005555  [  160/  385]
loss: 0.008212  [  320/  385]
Test Error: 
MSE: 0.242610
RMSE: 0.492554
MAE: 0.611261
R^2: 0.17016912075831558
loss: 0.002875  [    0/  385]
loss: 0.005231  [  160/  385]
loss: 0.006431  [  320/  385]
Test Error: 
MSE: 0.243234
RMSE: 0.493187
MAE: 0.609785
R^2: 0.16803397722005198
loss: 0.003611  [    0/  385]
loss: 0.003158  [  160/  385]
loss: 0.004004  [  320/  385]
Test Error: 
MSE: 0.249867
RMSE: 0.499867
MAE: 0.622918
R^2: 0.14534505926643682
loss: 0.003929  [    0/  385]
loss: 0.003280  [  160/  385]
loss: 0.002666  [  320/  385]
Test Error: 
MSE: 0.347953
RMSE: 0.589875
MAE: 0.700962
R^2: -0.19014974542059981
loss: 0.008683  [    0/  385]
loss: 0.003387  [  160/  385]
loss: 0.008534  [  320/  385]
Test Error: 
MSE: 0.251003
RMSE: 0.501002
MAE: 0.619559
R^2: 0.14146016952767027
loss: 0.004624  [    0/  385]
loss: 0.011962  [  160/  385]
loss: 0.004835  [  320/  385]
Test Error: 
MSE: 0.234774
RMSE: 0.484535
MAE: 0.610314
R^2: 0.19696888435718096
loss: 0.003389  [    0/  385]
loss: 0.006878  [  160/  385]
loss: 0.007181  [  320/  385]
Test Error: 
MSE: 0.260671
RMSE: 0.510560
MAE: 0.640669
R^2: 0.10839017220375413
loss: 0.004177  [    0/  385]
loss: 0.006242  [  160/  385]
loss: 0.006612  [  320/  385]
Test Error: 
MSE: 0.249710
RMSE: 0.499710
MAE: 0.615069
R^2: 0.14588204238201696
loss: 0.004446  [    0/  385]
loss: 0.003548  [  160/  385]
loss: 0.005833  [  320/  385]
Test Error: 
MSE: 0.236966
RMSE: 0.486792
MAE: 0.616531
R^2: 0.18947128819461934
loss: 0.004449  [    0/  385]
loss: 0.002515  [  160/  385]
loss: 0.002495  [  320/  385]
Test Error: 
MSE: 0.263785
RMSE: 0.513600
MAE: 0.633927
R^2: 0.09774149840020896
loss: 0.004082  [    0/  385]
loss: 0.003534  [  160/  385]
loss: 0.002203  [  320/  385]
Test Error: 
MSE: 0.275819
RMSE: 0.525185
MAE: 0.646942
R^2: 0.056577139238740304
loss: 0.004121  [    0/  385]
loss: 0.011216  [  160/  385]
loss: 0.005479  [  320/  385]
Test Error: 
MSE: 0.268038
RMSE: 0.517724
MAE: 0.617648
R^2: 0.08319323021120306
loss: 0.004380  [    0/  385]
loss: 0.004938  [  160/  385]
loss: 0.008267  [  320/  385]
Test Error: 
MSE: 0.504184
RMSE: 0.710059
MAE: 0.779858
R^2: -0.7245281530946905
loss: 0.014718  [    0/  385]
loss: 0.012642  [  160/  385]
loss: 0.014517  [  320/  385]
Test Error: 
MSE: 0.337038
RMSE: 0.580550
MAE: 0.658081
R^2: -0.15281738621231122
loss: 0.012487  [    0/  385]
loss: 0.007157  [  160/  385]
loss: 0.006574  [  320/  385]
Test Error: 
MSE: 0.228488
RMSE: 0.478004
MAE: 0.609721
R^2: 0.21847271351814068
loss: 0.004509  [    0/  385]
loss: 0.003834  [  160/  385]
loss: 0.004558  [  320/  385]
Test Error: 
MSE: 0.236215
RMSE: 0.486020
MAE: 0.619074
R^2: 0.19204175123445777
loss: 0.004763  [    0/  385]
loss: 0.004032  [  160/  385]
loss: 0.004171  [  320/  385]
Test Error: 
MSE: 0.240877
RMSE: 0.490793
MAE: 0.614137
R^2: 0.176094604278891
loss: 0.003607  [    0/  385]
loss: 0.003142  [  160/  385]
loss: 0.002525  [  320/  385]
Test Error: 
MSE: 0.315938
RMSE: 0.562083
MAE: 0.683152
R^2: -0.08064481611318586
loss: 0.005536  [    0/  385]
loss: 0.007919  [  160/  385]
loss: 0.003438  [  320/  385]
Test Error: 
MSE: 0.254011
RMSE: 0.503995
MAE: 0.626501
R^2: 0.13117095767255327
loss: 0.002311  [    0/  385]
loss: 0.003733  [  160/  385]
loss: 0.005384  [  320/  385]
Test Error: 
MSE: 0.259623
RMSE: 0.509532
MAE: 0.620743
R^2: 0.11197522815636862
loss: 0.004403  [    0/  385]
loss: 0.003046  [  160/  385]
loss: 0.005383  [  320/  385]
Test Error: 
MSE: 0.264342
RMSE: 0.514142
MAE: 0.615135
R^2: 0.09583514891169675
loss: 0.003183  [    0/  385]
loss: 0.005138  [  160/  385]
loss: 0.003491  [  320/  385]
Test Error: 
MSE: 0.277853
RMSE: 0.527118
MAE: 0.641887
R^2: 0.0496206605790942
loss: 0.005215  [    0/  385]
loss: 0.002793  [  160/  385]
loss: 0.004137  [  320/  385]
Test Error: 
MSE: 0.265091
RMSE: 0.514870
MAE: 0.632201
R^2: 0.09327342920029613
loss: 0.002871  [    0/  385]
loss: 0.002737  [  160/  385]
loss: 0.002624  [  320/  385]
Test Error: 
MSE: 0.412677
RMSE: 0.642399
MAE: 0.704866
R^2: -0.4115336708729591
loss: 0.016937  [    0/  385]
loss: 0.014332  [  160/  385]
loss: 0.014932  [  320/  385]
Test Error: 
MSE: 0.320107
RMSE: 0.565780
MAE: 0.706265
R^2: -0.09490581578211454
loss: 0.007768  [    0/  385]
loss: 0.010634  [  160/  385]
loss: 0.013158  [  320/  385]
Test Error: 
MSE: 0.248494
RMSE: 0.498492
MAE: 0.629886
R^2: 0.15004282386004753
loss: 0.005357  [    0/  385]
loss: 0.003723  [  160/  385]
loss: 0.006695  [  320/  385]
Test Error: 
MSE: 0.260312
RMSE: 0.510208
MAE: 0.610482
R^2: 0.10961963786940976
loss: 0.004518  [    0/  385]
loss: 0.004300  [  160/  385]
loss: 0.006115  [  320/  385]
Test Error: 
MSE: 0.238902
RMSE: 0.488776
MAE: 0.612883
R^2: 0.18285079466511223
loss: 0.002518  [    0/  385]
loss: 0.006101  [  160/  385]
loss: 0.003562  [  320/  385]
Test Error: 
MSE: 0.248635
RMSE: 0.498633
MAE: 0.601769
R^2: 0.1495598993200875
loss: 0.003847  [    0/  385]
loss: 0.004176  [  160/  385]
loss: 0.004953  [  320/  385]
Test Error: 
MSE: 0.288966
RMSE: 0.537556
MAE: 0.653868
R^2: 0.01160945787953338
loss: 0.005223  [    0/  385]
loss: 0.006549  [  160/  385]
loss: 0.004272  [  320/  385]
Test Error: 
MSE: 0.288872
RMSE: 0.537468
MAE: 0.627462
R^2: 0.011933128696565376
loss: 0.007090  [    0/  385]
loss: 0.004542  [  160/  385]
loss: 0.005685  [  320/  385]
Test Error: 
MSE: 0.294400
RMSE: 0.542587
MAE: 0.624900
R^2: -0.0069778398220186055
loss: 0.005933  [    0/  385]
loss: 0.005615  [  160/  385]
loss: 0.003746  [  320/  385]
Test Error: 
MSE: 0.295612
RMSE: 0.543702
MAE: 0.663074
R^2: -0.01112216657239129
loss: 0.005406  [    0/  385]
loss: 0.004973  [  160/  385]
loss: 0.003727  [  320/  385]
Test Error: 
MSE: 0.244166
RMSE: 0.494131
MAE: 0.629371
R^2: 0.16484732856179185
loss: 0.005127  [    0/  385]
loss: 0.005139  [  160/  385]
loss: 0.005124  [  320/  385]
Test Error: 
MSE: 0.257456
RMSE: 0.507401
MAE: 0.632248
R^2: 0.11938812923514253
loss: 0.003120  [    0/  385]
loss: 0.005948  [  160/  385]
loss: 0.005138  [  320/  385]
Test Error: 
MSE: 0.257660
RMSE: 0.507602
MAE: 0.636623
R^2: 0.11869107601918327
loss: 0.003559  [    0/  385]
loss: 0.005000  [  160/  385]
loss: 0.003770  [  320/  385]
Test Error: 
MSE: 0.261881
RMSE: 0.511743
MAE: 0.634339
R^2: 0.10425258628532885
loss: 0.003409  [    0/  385]
loss: 0.004725  [  160/  385]
loss: 0.004733  [  320/  385]
Test Error: 
MSE: 0.273682
RMSE: 0.523146
MAE: 0.640520
R^2: 0.06388889744353987
loss: 0.004561  [    0/  385]
loss: 0.002087  [  160/  385]
loss: 0.002911  [  320/  385]
Test Error: 
MSE: 0.303656
RMSE: 0.551050
MAE: 0.644292
R^2: -0.038637591621838
loss: 0.006946  [    0/  385]
loss: 0.002718  [  160/  385]
loss: 0.007030  [  320/  385]
Test Error: 
MSE: 0.287649
RMSE: 0.536329
MAE: 0.656740
R^2: 0.016115664576707323
loss: 0.004335  [    0/  385]
loss: 0.002751  [  160/  385]
loss: 0.002958  [  320/  385]
Test Error: 
MSE: 0.277856
RMSE: 0.527120
MAE: 0.641938
R^2: 0.04961174379494149
loss: 0.002864  [    0/  385]
loss: 0.003569  [  160/  385]
loss: 0.002777  [  320/  385]
Test Error: 
MSE: 0.280996
RMSE: 0.530090
MAE: 0.638718
R^2: 0.038871546077401065
loss: 0.003266  [    0/  385]
loss: 0.003453  [  160/  385]
loss: 0.003575  [  320/  385]
Test Error: 
MSE: 0.300718
RMSE: 0.548378
MAE: 0.638663
R^2: -0.028586289179561852
loss: 0.004277  [    0/  385]
loss: 0.005445  [  160/  385]
loss: 0.009971  [  320/  385]
Test Error: 
MSE: 0.271088
RMSE: 0.520661
MAE: 0.630102
R^2: 0.07276139879055599
loss: 0.001899  [    0/  385]
loss: 0.005226  [  160/  385]
loss: 0.004271  [  320/  385]
Test Error: 
MSE: 0.312703
RMSE: 0.559199
MAE: 0.671531
R^2: -0.06958064697115018
loss: 0.005938  [    0/  385]
loss: 0.005142  [  160/  385]
loss: 0.003431  [  320/  385]
Test Error: 
MSE: 0.271836
RMSE: 0.521379
MAE: 0.641489
R^2: 0.07020158007395394
loss: 0.002144  [    0/  385]
loss: 0.005556  [  160/  385]
loss: 0.004897  [  320/  385]
Test Error: 
MSE: 0.304457
RMSE: 0.551776
MAE: 0.675433
R^2: -0.041375256274831074
loss: 0.007925  [    0/  385]
loss: 0.007525  [  160/  385]
loss: 0.005228  [  320/  385]
Test Error: 
MSE: 0.254121
RMSE: 0.504104
MAE: 0.621960
R^2: 0.13079574713702802
loss: 0.003726  [    0/  385]
loss: 0.003145  [  160/  385]
loss: 0.002764  [  320/  385]
Test Error: 
MSE: 0.275143
RMSE: 0.524541
MAE: 0.640330
R^2: 0.05889161669109977
loss: 0.004641  [    0/  385]
loss: 0.002611  [  160/  385]
loss: 0.003873  [  320/  385]
Test Error: 
MSE: 0.271970
RMSE: 0.521508
MAE: 0.627085
R^2: 0.06974267037140613
loss: 0.003779  [    0/  385]
loss: 0.004853  [  160/  385]
loss: 0.004722  [  320/  385]
Test Error: 
MSE: 0.289929
RMSE: 0.538450
MAE: 0.644496
R^2: 0.008317088539267603
loss: 0.002912  [    0/  385]
loss: 0.003036  [  160/  385]
loss: 0.002054  [  320/  385]
Test Error: 
MSE: 0.321728
RMSE: 0.567211
MAE: 0.680059
R^2: -0.10045001257195674
loss: 0.004889  [    0/  385]
loss: 0.005815  [  160/  385]
loss: 0.002579  [  320/  385]
Test Error: 
MSE: 0.288589
RMSE: 0.537205
MAE: 0.648079
R^2: 0.012899204174487422
loss: 0.003492  [    0/  385]
loss: 0.002140  [  160/  385]
loss: 0.005020  [  320/  385]
Test Error: 
MSE: 0.303345
RMSE: 0.550768
MAE: 0.635045
R^2: -0.0375733752613987
loss: 0.003080  [    0/  385]
loss: 0.002301  [  160/  385]
loss: 0.003532  [  320/  385]
Test Error: 
MSE: 0.303510
RMSE: 0.550917
MAE: 0.647297
R^2: -0.03813570180532522
loss: 0.001366  [    0/  385]
loss: 0.003237  [  160/  385]
loss: 0.002707  [  320/  385]
Test Error: 
MSE: 0.289777
RMSE: 0.538310
MAE: 0.632310
R^2: 0.008835643477816735
loss: 0.002899  [    0/  385]
loss: 0.002624  [  160/  385]
loss: 0.002238  [  320/  385]
Test Error: 
MSE: 0.296290
RMSE: 0.544325
MAE: 0.649548
R^2: -0.013439980095843573
loss: 0.002746  [    0/  385]
loss: 0.002987  [  160/  385]
loss: 0.002417  [  320/  385]
Test Error: 
MSE: 0.292242
RMSE: 0.540595
MAE: 0.637148
R^2: 0.0004034566972488385
loss: 0.001966  [    0/  385]
loss: 0.002466  [  160/  385]
loss: 0.002996  [  320/  385]
Test Error: 
MSE: 0.307131
RMSE: 0.554194
MAE: 0.652831
R^2: -0.050522290576139994
loss: 0.002616  [    0/  385]
loss: 0.001274  [  160/  385]
loss: 0.004296  [  320/  385]
Test Error: 
MSE: 0.309009
RMSE: 0.555886
MAE: 0.652064
R^2: -0.056946651630091605
loss: 0.002230  [    0/  385]
loss: 0.003197  [  160/  385]
loss: 0.003172  [  320/  385]
Test Error: 
MSE: 0.308452
RMSE: 0.555385
MAE: 0.646501
R^2: -0.055041586333345105
loss: 0.003079  [    0/  385]
loss: 0.001966  [  160/  385]
loss: 0.003240  [  320/  385]
Test Error: 
MSE: 0.323995
RMSE: 0.569206
MAE: 0.672318
R^2: -0.10820458121934351
loss: 0.003034  [    0/  385]
loss: 0.002061  [  160/  385]
loss: 0.002198  [  320/  385]
Test Error: 
MSE: 0.311349
RMSE: 0.557986
MAE: 0.644267
R^2: -0.06494906786898458
loss: 0.003498  [    0/  385]
loss: 0.002395  [  160/  385]
loss: 0.005320  [  320/  385]
Test Error: 
MSE: 0.355424
RMSE: 0.596174
MAE: 0.658480
R^2: -0.21570514658061013
loss: 0.006340  [    0/  385]
loss: 0.006618  [  160/  385]
loss: 0.006149  [  320/  385]
Test Error: 
MSE: 0.298673
RMSE: 0.546510
MAE: 0.654606
R^2: -0.02159199620188823
loss: 0.003055  [    0/  385]
loss: 0.001526  [  160/  385]
loss: 0.001112  [  320/  385]
Test Error: 
MSE: 0.284737
RMSE: 0.533607
MAE: 0.630774
R^2: 0.026076876914464142
loss: 0.002452  [    0/  385]
loss: 0.001654  [  160/  385]
loss: 0.001161  [  320/  385]
Test Error: 
MSE: 0.307199
RMSE: 0.554255
MAE: 0.650208
R^2: -0.05075369342820779
loss: 0.003402  [    0/  385]
loss: 0.002439  [  160/  385]
loss: 0.002847  [  320/  385]
Test Error: 
MSE: 0.344481
RMSE: 0.586925
MAE: 0.681607
R^2: -0.17827614192258756
loss: 0.002495  [    0/  385]
loss: 0.007936  [  160/  385]
loss: 0.001358  [  320/  385]
Test Error: 
MSE: 0.333301
RMSE: 0.577322
MAE: 0.638369
R^2: -0.1400337589107261
loss: 0.003154  [    0/  385]
loss: 0.001989  [  160/  385]
loss: 0.001884  [  320/  385]
Test Error: 
MSE: 0.321338
RMSE: 0.566867
MAE: 0.667483
R^2: -0.09911600838102985
loss: 0.004443  [    0/  385]
loss: 0.002645  [  160/  385]
loss: 0.003168  [  320/  385]
Test Error: 
MSE: 0.312374
RMSE: 0.558904
MAE: 0.650555
R^2: -0.0684554270249671
loss: 0.002061  [    0/  385]
loss: 0.002368  [  160/  385]
loss: 0.002366  [  320/  385]
Test Error: 
MSE: 0.369160
RMSE: 0.607586
MAE: 0.657606
R^2: -0.26268899547725755
loss: 0.002247  [    0/  385]
loss: 0.004469  [  160/  385]
loss: 0.002398  [  320/  385]
Test Error: 
MSE: 0.320423
RMSE: 0.566059
MAE: 0.659261
R^2: -0.09598730331967653
loss: 0.002389  [    0/  385]
loss: 0.001865  [  160/  385]
loss: 0.002281  [  320/  385]
Test Error: 
MSE: 0.347463
RMSE: 0.589460
MAE: 0.657985
R^2: -0.18847558100993544
loss: 0.005098  [    0/  385]
loss: 0.005648  [  160/  385]
loss: 0.002448  [  320/  385]
Test Error: 
MSE: 0.351973
RMSE: 0.593273
MAE: 0.688863
R^2: -0.20389945973401935
loss: 0.003111  [    0/  385]
loss: 0.002569  [  160/  385]
loss: 0.001697  [  320/  385]
Test Error: 
MSE: 0.333065
RMSE: 0.577118
MAE: 0.669302
R^2: -0.1392272906593035
loss: 0.001712  [    0/  385]
loss: 0.005250  [  160/  385]
loss: 0.002951  [  320/  385]
Test Error: 
MSE: 0.318235
RMSE: 0.564124
MAE: 0.654683
R^2: -0.08850407457336074
loss: 0.002783  [    0/  385]
loss: 0.001549  [  160/  385]
loss: 0.003115  [  320/  385]
Test Error: 
MSE: 0.317584
RMSE: 0.563546
MAE: 0.660641
R^2: -0.08627570319977296
loss: 0.003669  [    0/  385]
loss: 0.001833  [  160/  385]
loss: 0.002157  [  320/  385]
Test Error: 
MSE: 0.312885
RMSE: 0.559361
MAE: 0.662028
R^2: -0.07020171540820086
loss: 0.002802  [    0/  385]
loss: 0.002996  [  160/  385]
loss: 0.004353  [  320/  385]
Test Error: 
MSE: 0.320420
RMSE: 0.566056
MAE: 0.662745
R^2: -0.09597472145576136
loss: 0.001456  [    0/  385]
loss: 0.002462  [  160/  385]
loss: 0.002739  [  320/  385]
Test Error: 
MSE: 0.395925
RMSE: 0.629225
MAE: 0.717597
R^2: -0.35423462704975806
loss: 0.005023  [    0/  385]
loss: 0.003461  [  160/  385]
loss: 0.003053  [  320/  385]
Test Error: 
MSE: 0.364840
RMSE: 0.604020
MAE: 0.659670
R^2: -0.2479104987698335
loss: 0.006493  [    0/  385]
loss: 0.001251  [  160/  385]
loss: 0.001640  [  320/  385]
Test Error: 
MSE: 0.320601
RMSE: 0.566216
MAE: 0.648830
R^2: -0.0965940943899335
loss: 0.001731  [    0/  385]
loss: 0.007104  [  160/  385]
loss: 0.003372  [  320/  385]
Test Error: 
MSE: 0.348082
RMSE: 0.589985
MAE: 0.678081
R^2: -0.19059261742010114
loss: 0.003485  [    0/  385]
loss: 0.003558  [  160/  385]
loss: 0.001942  [  320/  385]
Test Error: 
MSE: 0.361163
RMSE: 0.600968
MAE: 0.658712
R^2: -0.23533506539887616
loss: 0.005665  [    0/  385]
loss: 0.001844  [  160/  385]
loss: 0.002099  [  320/  385]
Test Error: 
MSE: 0.361668
RMSE: 0.601388
MAE: 0.658113
R^2: -0.23706111653304052
loss: 0.004711  [    0/  385]
loss: 0.008300  [  160/  385]
loss: 0.002561  [  320/  385]
Test Error: 
MSE: 0.456015
RMSE: 0.675289
MAE: 0.748417
R^2: -0.5597707362385866
loss: 0.007168  [    0/  385]
loss: 0.003133  [  160/  385]
loss: 0.002603  [  320/  385]
Test Error: 
MSE: 0.309787
RMSE: 0.556585
MAE: 0.638457
R^2: -0.05960687930566677
loss: 0.002127  [    0/  385]
loss: 0.002008  [  160/  385]
loss: 0.003260  [  320/  385]
Test Error: 
MSE: 0.336014
RMSE: 0.579667
MAE: 0.673114
R^2: -0.14931420091483405
loss: 0.003274  [    0/  385]
loss: 0.002992  [  160/  385]
loss: 0.004567  [  320/  385]
Test Error: 
MSE: 0.423691
RMSE: 0.650916
MAE: 0.702462
R^2: -0.44920905390534527
loss: 0.011515  [    0/  385]
loss: 0.010048  [  160/  385]
loss: 0.008268  [  320/  385]
Test Error: 
MSE: 0.402062
RMSE: 0.634083
MAE: 0.723250
R^2: -0.375225829457317
loss: 0.005833  [    0/  385]
loss: 0.008566  [  160/  385]
loss: 0.006769  [  320/  385]
Test Error: 
MSE: 0.248528
RMSE: 0.498526
MAE: 0.622726
R^2: 0.14992512026630156
loss: 0.003072  [    0/  385]
loss: 0.003995  [  160/  385]
loss: 0.003697  [  320/  385]
Test Error: 
MSE: 0.298039
RMSE: 0.545929
MAE: 0.620127
R^2: -0.019421921891890515
loss: 0.002854  [    0/  385]
loss: 0.005852  [  160/  385]
loss: 0.010374  [  320/  385]
Test Error: 
MSE: 0.379604
RMSE: 0.616120
MAE: 0.702664
R^2: -0.29841128425064944
loss: 0.007297  [    0/  385]
loss: 0.002786  [  160/  385]
loss: 0.003424  [  320/  385]
Test Error: 
MSE: 0.312824
RMSE: 0.559307
MAE: 0.634211
R^2: -0.06999494806700213
loss: 0.004228  [    0/  385]
loss: 0.003790  [  160/  385]
loss: 0.003035  [  320/  385]
Test Error: 
MSE: 0.286163
RMSE: 0.534942
MAE: 0.647982
R^2: 0.021197537901131325
loss: 0.003810  [    0/  385]
loss: 0.002440  [  160/  385]
loss: 0.001872  [  320/  385]
Test Error: 
MSE: 0.304813
RMSE: 0.552099
MAE: 0.643435
R^2: -0.04259258747425987
loss: 0.001369  [    0/  385]
loss: 0.002798  [  160/  385]
loss: 0.002974  [  320/  385]
Test Error: 
MSE: 0.334237
RMSE: 0.578133
MAE: 0.673262
R^2: -0.1432379761746987
loss: 0.001697  [    0/  385]
loss: 0.005573  [  160/  385]
loss: 0.004436  [  320/  385]
Test Error: 
MSE: 0.322368
RMSE: 0.567775
MAE: 0.670465
R^2: -0.10263908481834338
loss: 0.003491  [    0/  385]
loss: 0.005123  [  160/  385]
loss: 0.005056  [  320/  385]
Test Error: 
MSE: 0.311086
RMSE: 0.557751
MAE: 0.632027
R^2: -0.06405143845620076
loss: 0.002613  [    0/  385]
loss: 0.003426  [  160/  385]
loss: 0.003820  [  320/  385]
Test Error: 
MSE: 0.326549
RMSE: 0.571445
MAE: 0.653067
R^2: -0.11694146412600936
loss: 0.004765  [    0/  385]
loss: 0.006639  [  160/  385]
loss: 0.006340  [  320/  385]
Test Error: 
MSE: 0.395440
RMSE: 0.628841
MAE: 0.718956
R^2: -0.352578582648416
loss: 0.004672  [    0/  385]
loss: 0.005301  [  160/  385]
loss: 0.002367  [  320/  385]
Test Error: 
MSE: 0.345623
RMSE: 0.587897
MAE: 0.655472
R^2: -0.18218031577740934
loss: 0.006256  [    0/  385]
loss: 0.003223  [  160/  385]
loss: 0.005768  [  320/  385]
Test Error: 
MSE: 0.336309
RMSE: 0.579922
MAE: 0.681844
R^2: -0.15032422188392824
loss: 0.003778  [    0/  385]
loss: 0.003649  [  160/  385]
loss: 0.006931  [  320/  385]
Test Error: 
MSE: 0.320587
RMSE: 0.566204
MAE: 0.649279
R^2: -0.09654641253382978
loss: 0.004025  [    0/  385]
loss: 0.005404  [  160/  385]
loss: 0.002693  [  320/  385]
Test Error: 
MSE: 0.308833
RMSE: 0.555728
MAE: 0.651431
R^2: -0.056345219571134475
loss: 0.002178  [    0/  385]
loss: 0.001533  [  160/  385]
loss: 0.002990  [  320/  385]
Test Error: 
MSE: 0.327550
RMSE: 0.572320
MAE: 0.653392
R^2: -0.12036346891243466
loss: 0.002353  [    0/  385]
loss: 0.002619  [  160/  385]
loss: 0.002009  [  320/  385]
Test Error: 
MSE: 0.335820
RMSE: 0.579500
MAE: 0.673319
R^2: -0.14865090856174512
loss: 0.001949  [    0/  385]
loss: 0.002475  [  160/  385]
loss: 0.003103  [  320/  385]
Test Error: 
MSE: 0.329861
RMSE: 0.574336
MAE: 0.663021
R^2: -0.1282693773354353
loss: 0.000724  [    0/  385]
loss: 0.002634  [  160/  385]
loss: 0.002518  [  320/  385]
Test Error: 
MSE: 0.311045
RMSE: 0.557714
MAE: 0.637581
R^2: -0.06391022236580168
loss: 0.003033  [    0/  385]
loss: 0.003167  [  160/  385]
loss: 0.003063  [  320/  385]
Test Error: 
MSE: 0.312846
RMSE: 0.559327
MAE: 0.662243
R^2: -0.07007066490681835
loss: 0.001917  [    0/  385]
loss: 0.001698  [  160/  385]
loss: 0.001398  [  320/  385]
Test Error: 
MSE: 0.337045
RMSE: 0.580556
MAE: 0.673959
R^2: -0.15284118968001326
loss: 0.002369  [    0/  385]
loss: 0.002109  [  160/  385]
loss: 0.001610  [  320/  385]
Test Error: 
MSE: 0.338799
RMSE: 0.582064
MAE: 0.660718
R^2: -0.15883990777308088
loss: 0.001560  [    0/  385]
loss: 0.002890  [  160/  385]
loss: 0.003716  [  320/  385]
Test Error: 
MSE: 0.379868
RMSE: 0.616334
MAE: 0.670624
R^2: -0.29931394342793594
loss: 0.003268  [    0/  385]
loss: 0.005223  [  160/  385]
loss: 0.002970  [  320/  385]
Test Error: 
MSE: 0.383134
RMSE: 0.618978
MAE: 0.695433
R^2: -0.3104851776145323
loss: 0.004375  [    0/  385]
loss: 0.001536  [  160/  385]
loss: 0.003516  [  320/  385]
Test Error: 
MSE: 0.361937
RMSE: 0.601612
MAE: 0.684274
R^2: -0.2379829848090098
loss: 0.002618  [    0/  385]
loss: 0.004234  [  160/  385]
loss: 0.002634  [  320/  385]
Test Error: 
MSE: 0.326003
RMSE: 0.570967
MAE: 0.660609
R^2: -0.11507381368771585
loss: 0.000927  [    0/  385]
loss: 0.002869  [  160/  385]
loss: 0.002015  [  320/  385]
Test Error: 
MSE: 0.352450
RMSE: 0.593675
MAE: 0.685016
R^2: -0.20553288599349973
loss: 0.004557  [    0/  385]
loss: 0.002325  [  160/  385]
loss: 0.001479  [  320/  385]
Test Error: 
MSE: 0.450025
RMSE: 0.670839
MAE: 0.706446
R^2: -0.5392824237833747
loss: 0.007656  [    0/  385]
loss: 0.017581  [  160/  385]
loss: 0.007422  [  320/  385]
Test Error: 
MSE: 0.393339
RMSE: 0.627167
MAE: 0.713848
R^2: -0.34538971366389415
loss: 0.006750  [    0/  385]
loss: 0.003583  [  160/  385]
loss: 0.001582  [  320/  385]
Test Error: 
MSE: 0.320574
RMSE: 0.566193
MAE: 0.647818
R^2: -0.09650375833608704
loss: 0.002946  [    0/  385]
loss: 0.003347  [  160/  385]
loss: 0.002110  [  320/  385]
Test Error: 
MSE: 0.334758
RMSE: 0.578583
MAE: 0.670664
R^2: -0.1450176416315878
loss: 0.003530  [    0/  385]
loss: 0.001198  [  160/  385]
loss: 0.002794  [  320/  385]
Test Error: 
MSE: 0.327084
RMSE: 0.571913
MAE: 0.646874
R^2: -0.11877145537305744
loss: 0.002232  [    0/  385]
loss: 0.003238  [  160/  385]
loss: 0.001853  [  320/  385]
Test Error: 
MSE: 0.356206
RMSE: 0.596830
MAE: 0.693997
R^2: -0.21838082234543243
loss: 0.003313  [    0/  385]
loss: 0.003014  [  160/  385]
loss: 0.001364  [  320/  385]
Test Error: 
MSE: 0.352352
RMSE: 0.593593
MAE: 0.672082
R^2: -0.20519893541095868
loss: 0.001541  [    0/  385]
loss: 0.003538  [  160/  385]
loss: 0.001838  [  320/  385]
Test Error: 
MSE: 0.359131
RMSE: 0.599275
MAE: 0.659756
R^2: -0.22838312197202293
loss: 0.002703  [    0/  385]
loss: 0.001896  [  160/  385]
loss: 0.002253  [  320/  385]
Test Error: 
MSE: 0.351032
RMSE: 0.592480
MAE: 0.668565
R^2: -0.20068380815625386
loss: 0.001336  [    0/  385]
loss: 0.001321  [  160/  385]
loss: 0.001962  [  320/  385]
Test Error: 
MSE: 0.387720
RMSE: 0.622671
MAE: 0.699079
R^2: -0.3261705166310047
loss: 0.005307  [    0/  385]
loss: 0.003299  [  160/  385]
loss: 0.002079  [  320/  385]
Test Error: 
MSE: 0.425300
RMSE: 0.652151
MAE: 0.692477
R^2: -0.4547129878120848
loss: 0.004198  [    0/  385]
loss: 0.003643  [  160/  385]
loss: 0.001208  [  320/  385]
Test Error: 
MSE: 0.393873
RMSE: 0.627593
MAE: 0.681295
R^2: -0.3472182144357021
loss: 0.004307  [    0/  385]
loss: 0.011307  [  160/  385]
loss: 0.011141  [  320/  385]
Test Error: 
MSE: 0.483081
RMSE: 0.695040
MAE: 0.772745
R^2: -0.6523465862352806
loss: 0.013168  [    0/  385]
loss: 0.008886  [  160/  385]
loss: 0.007602  [  320/  385]
Test Error: 
MSE: 0.319499
RMSE: 0.565242
MAE: 0.631983
R^2: -0.0928247197715204
loss: 0.006346  [    0/  385]
loss: 0.003900  [  160/  385]
loss: 0.004736  [  320/  385]
Test Error: 
MSE: 0.300820
RMSE: 0.548470
MAE: 0.637966
R^2: -0.028934730699254452
loss: 0.002250  [    0/  385]
loss: 0.002834  [  160/  385]
loss: 0.001671  [  320/  385]
Test Error: 
MSE: 0.316469
RMSE: 0.562556
MAE: 0.661012
R^2: -0.08246229685423856
loss: 0.002833  [    0/  385]
loss: 0.002020  [  160/  385]
loss: 0.002642  [  320/  385]
Test Error: 
MSE: 0.328575
RMSE: 0.573214
MAE: 0.650463
R^2: -0.12386888650456251
loss: 0.002210  [    0/  385]
loss: 0.000849  [  160/  385]
loss: 0.001915  [  320/  385]
Test Error: 
MSE: 0.339369
RMSE: 0.582553
MAE: 0.669555
R^2: -0.16078838513720606
loss: 0.002250  [    0/  385]
loss: 0.001351  [  160/  385]
loss: 0.003047  [  320/  385]
Test Error: 
MSE: 0.339724
RMSE: 0.582858
MAE: 0.668034
R^2: -0.16200401180329127
loss: 0.002234  [    0/  385]
loss: 0.001619  [  160/  385]
loss: 0.001314  [  320/  385]
Test Error: 
MSE: 0.385465
RMSE: 0.620859
MAE: 0.696466
R^2: -0.3184594179552185
loss: 0.002285  [    0/  385]
loss: 0.002208  [  160/  385]
loss: 0.001197  [  320/  385]
Test Error: 
MSE: 0.372501
RMSE: 0.610329
MAE: 0.668159
R^2: -0.27411650006582367
loss: 0.002152  [    0/  385]
loss: 0.002150  [  160/  385]
loss: 0.001594  [  320/  385]
Test Error: 
MSE: 0.373594
RMSE: 0.611223
MAE: 0.684708
R^2: -0.2778547815447263
loss: 0.001109  [    0/  385]
loss: 0.000650  [  160/  385]
loss: 0.001606  [  320/  385]
Test Error: 
MSE: 0.367179
RMSE: 0.605953
MAE: 0.683014
R^2: -0.2559105837976057
loss: 0.002055  [    0/  385]
loss: 0.001237  [  160/  385]
loss: 0.001830  [  320/  385]
Test Error: 
MSE: 0.368678
RMSE: 0.607189
MAE: 0.675818
R^2: -0.26104048322324025
loss: 0.001458  [    0/  385]
loss: 0.001668  [  160/  385]
loss: 0.002313  [  320/  385]
Test Error: 
MSE: 0.366072
RMSE: 0.605039
MAE: 0.671099
R^2: -0.2521248595414187
loss: 0.001444  [    0/  385]
loss: 0.002286  [  160/  385]
loss: 0.001646  [  320/  385]
Test Error: 
MSE: 0.382382
RMSE: 0.618370
MAE: 0.692345
R^2: -0.3079129611585867
loss: 0.002197  [    0/  385]
loss: 0.001444  [  160/  385]
loss: 0.001202  [  320/  385]
Test Error: 
MSE: 0.368247
RMSE: 0.606834
MAE: 0.674590
R^2: -0.2595658246570911
loss: 0.002824  [    0/  385]
loss: 0.001211  [  160/  385]
loss: 0.001618  [  320/  385]
Test Error: 
MSE: 0.414291
RMSE: 0.643654
MAE: 0.714418
R^2: -0.417055348370605
loss: 0.004466  [    0/  385]
loss: 0.001368  [  160/  385]
loss: 0.000705  [  320/  385]
Test Error: 
MSE: 0.372184
RMSE: 0.610069
MAE: 0.674373
R^2: -0.27303263586183535
loss: 0.001581  [    0/  385]
loss: 0.001426  [  160/  385]
loss: 0.000970  [  320/  385]
Test Error: 
MSE: 0.366412
RMSE: 0.605320
MAE: 0.680199
R^2: -0.2532883724233359
loss: 0.001248  [    0/  385]
loss: 0.000869  [  160/  385]
loss: 0.001542  [  320/  385]
Test Error: 
MSE: 0.389844
RMSE: 0.624375
MAE: 0.698284
R^2: -0.3334376966917678
loss: 0.001962  [    0/  385]
loss: 0.001269  [  160/  385]
loss: 0.002296  [  320/  385]
Test Error: 
MSE: 0.377554
RMSE: 0.614454
MAE: 0.679584
R^2: -0.2913999051113163
loss: 0.000886  [    0/  385]
loss: 0.000894  [  160/  385]
loss: 0.001075  [  320/  385]
Test Error: 
MSE: 0.393019
RMSE: 0.626912
MAE: 0.702713
R^2: -0.34429647872946223
loss: 0.002018  [    0/  385]
loss: 0.002931  [  160/  385]
loss: 0.001215  [  320/  385]
Test Error: 
MSE: 0.372047
RMSE: 0.609957
MAE: 0.673756
R^2: -0.27256307941007196
loss: 0.003373  [    0/  385]
loss: 0.001096  [  160/  385]
loss: 0.003480  [  320/  385]
Test Error: 
MSE: 0.375777
RMSE: 0.613007
MAE: 0.668543
R^2: -0.2853222441830794
loss: 0.001723  [    0/  385]
loss: 0.002734  [  160/  385]
loss: 0.001483  [  320/  385]
Test Error: 
MSE: 0.390121
RMSE: 0.624596
MAE: 0.696490
R^2: -0.33438315364173676
loss: 0.001545  [    0/  385]
loss: 0.000968  [  160/  385]
loss: 0.001431  [  320/  385]
Test Error: 
MSE: 0.394083
RMSE: 0.627760
MAE: 0.676279
R^2: -0.34793552916940795
loss: 0.001268  [    0/  385]
loss: 0.001818  [  160/  385]
loss: 0.001476  [  320/  385]
Test Error: 
MSE: 0.397982
RMSE: 0.630858
MAE: 0.695820
R^2: -0.3612727317999418
loss: 0.001714  [    0/  385]
loss: 0.001685  [  160/  385]
loss: 0.002016  [  320/  385]
Test Error: 
MSE: 0.369507
RMSE: 0.607871
MAE: 0.681446
R^2: -0.2638754216738526
loss: 0.001058  [    0/  385]
loss: 0.001976  [  160/  385]
loss: 0.001475  [  320/  385]
Test Error: 
MSE: 0.375078
RMSE: 0.612436
MAE: 0.685262
R^2: -0.282928962801432
loss: 0.001397  [    0/  385]
loss: 0.001077  [  160/  385]
loss: 0.001366  [  320/  385]
Test Error: 
MSE: 0.379582
RMSE: 0.616102
MAE: 0.674242
R^2: -0.29833527259536297
loss: 0.001527  [    0/  385]
loss: 0.001798  [  160/  385]
loss: 0.001671  [  320/  385]
Test Error: 
MSE: 0.391703
RMSE: 0.625862
MAE: 0.692175
R^2: -0.3397943656929341
loss: 0.001414  [    0/  385]
loss: 0.002335  [  160/  385]
loss: 0.001222  [  320/  385]
Test Error: 
MSE: 0.441588
RMSE: 0.664521
MAE: 0.723986
R^2: -0.5104225747473952
loss: 0.002731  [    0/  385]
loss: 0.001474  [  160/  385]
loss: 0.001561  [  320/  385]
Test Error: 
MSE: 0.392350
RMSE: 0.626379
MAE: 0.697427
R^2: -0.34200952191571443
loss: 0.001774  [    0/  385]
loss: 0.001632  [  160/  385]
loss: 0.000792  [  320/  385]
Test Error: 
MSE: 0.387336
RMSE: 0.622363
MAE: 0.682686
R^2: -0.32485809174078195
loss: 0.001635  [    0/  385]
loss: 0.000673  [  160/  385]
loss: 0.000927  [  320/  385]
Test Error: 
MSE: 0.396023
RMSE: 0.629304
MAE: 0.690032
R^2: -0.3545715433626897
loss: 0.000951  [    0/  385]
loss: 0.000951  [  160/  385]
loss: 0.002124  [  320/  385]
Test Error: 
MSE: 0.397380
RMSE: 0.630381
MAE: 0.694895
R^2: -0.35921302626134954
loss: 0.001190  [    0/  385]
loss: 0.000701  [  160/  385]
loss: 0.001104  [  320/  385]
Test Error: 
MSE: 0.400881
RMSE: 0.633151
MAE: 0.683295
R^2: -0.37118649148743255
loss: 0.001782  [    0/  385]
loss: 0.001108  [  160/  385]
loss: 0.002153  [  320/  385]
Test Error: 
MSE: 0.415609
RMSE: 0.644677
MAE: 0.710355
R^2: -0.42156231654431364
loss: 0.001545  [    0/  385]
loss: 0.001097  [  160/  385]
loss: 0.001494  [  320/  385]
Test Error: 
MSE: 0.402407
RMSE: 0.634356
MAE: 0.691994
R^2: -0.37640871066585757
loss: 0.000793  [    0/  385]
loss: 0.001049  [  160/  385]
loss: 0.001302  [  320/  385]
Test Error: 
MSE: 0.396196
RMSE: 0.629441
MAE: 0.686557
R^2: -0.35516248747558365
loss: 0.001055  [    0/  385]
loss: 0.000858  [  160/  385]
loss: 0.001053  [  320/  385]
Test Error: 
MSE: 0.407980
RMSE: 0.638733
MAE: 0.702578
R^2: -0.39546931752315495
loss: 0.002318  [    0/  385]
loss: 0.001746  [  160/  385]
loss: 0.001665  [  320/  385]
Test Error: 
MSE: 0.408036
RMSE: 0.638777
MAE: 0.699335
R^2: -0.39566037961152345
loss: 0.000824  [    0/  385]
loss: 0.001254  [  160/  385]
loss: 0.001274  [  320/  385]
Test Error: 
MSE: 0.418937
RMSE: 0.647254
MAE: 0.694392
R^2: -0.43294766423428
loss: 0.001134  [    0/  385]
loss: 0.001559  [  160/  385]
loss: 0.002077  [  320/  385]
Test Error: 
MSE: 0.402040
RMSE: 0.634067
MAE: 0.693667
R^2: -0.37515340435108424
loss: 0.000716  [    0/  385]
loss: 0.001133  [  160/  385]
loss: 0.001059  [  320/  385]
Test Error: 
MSE: 0.426698
RMSE: 0.653221
MAE: 0.715295
R^2: -0.45949263051810485
loss: 0.002492  [    0/  385]
loss: 0.001228  [  160/  385]
loss: 0.002430  [  320/  385]
Test Error: 
MSE: 0.484774
RMSE: 0.696257
MAE: 0.748876
R^2: -0.658138607172001
loss: 0.006591  [    0/  385]
loss: 0.002060  [  160/  385]
loss: 0.001202  [  320/  385]
Test Error: 
MSE: 0.395091
RMSE: 0.628562
MAE: 0.683065
R^2: -0.35138254761443055
loss: 0.001469  [    0/  385]
loss: 0.001509  [  160/  385]
loss: 0.001202  [  320/  385]
Test Error: 
MSE: 0.392720
RMSE: 0.626674
MAE: 0.672009
R^2: -0.343273778769674
loss: 0.001337  [    0/  385]
loss: 0.002296  [  160/  385]
loss: 0.001179  [  320/  385]
Test Error: 
MSE: 0.404720
RMSE: 0.636176
MAE: 0.705131
R^2: -0.3843191186382029
loss: 0.001542  [    0/  385]
loss: 0.001511  [  160/  385]
loss: 0.001402  [  320/  385]
Test Error: 
MSE: 0.378857
RMSE: 0.615513
MAE: 0.691294
R^2: -0.2958545803404644
loss: 0.000649  [    0/  385]
loss: 0.001722  [  160/  385]
loss: 0.001380  [  320/  385]
Test Error: 
MSE: 0.415701
RMSE: 0.644749
MAE: 0.681352
R^2: -0.42188022083320775
loss: 0.002115  [    0/  385]
loss: 0.001898  [  160/  385]
loss: 0.001215  [  320/  385]
Test Error: 
MSE: 0.411454
RMSE: 0.641446
MAE: 0.706679
R^2: -0.40735050274986007
loss: 0.001049  [    0/  385]
loss: 0.000604  [  160/  385]
loss: 0.001995  [  320/  385]
Test Error: 
MSE: 0.414174
RMSE: 0.643564
MAE: 0.711826
R^2: -0.4166571514221957
loss: 0.002037  [    0/  385]
loss: 0.002325  [  160/  385]
loss: 0.001421  [  320/  385]
Test Error: 
MSE: 0.376077
RMSE: 0.613251
MAE: 0.687983
R^2: -0.2863458926678486
loss: 0.001128  [    0/  385]
loss: 0.001884  [  160/  385]
loss: 0.000995  [  320/  385]
Test Error: 
MSE: 0.503050
RMSE: 0.709260
MAE: 0.714343
R^2: -0.7206510553021572
loss: 0.008396  [    0/  385]
loss: 0.005739  [  160/  385]
loss: 0.002380  [  320/  385]
Test Error: 
MSE: 0.356136
RMSE: 0.596771
MAE: 0.671072
R^2: -0.21814029079003872
loss: 0.001431  [    0/  385]
loss: 0.003711  [  160/  385]
loss: 0.003839  [  320/  385]
Test Error: 
MSE: 0.396273
RMSE: 0.629502
MAE: 0.706075
R^2: -0.35542534818793947
loss: 0.006595  [    0/  385]
loss: 0.001642  [  160/  385]
loss: 0.001392  [  320/  385]
Test Error: 
MSE: 0.379780
RMSE: 0.616263
MAE: 0.675402
R^2: -0.29901228788004897
loss: 0.004848  [    0/  385]
loss: 0.005557  [  160/  385]
loss: 0.002614  [  320/  385]
Test Error: 
MSE: 0.350191
RMSE: 0.591770
MAE: 0.687340
R^2: -0.19780724686929707
loss: 0.002232  [    0/  385]
loss: 0.001608  [  160/  385]
loss: 0.001436  [  320/  385]
Test Error: 
MSE: 0.342317
RMSE: 0.585079
MAE: 0.663929
R^2: -0.17087367502223505
loss: 0.002066  [    0/  385]
loss: 0.002191  [  160/  385]
loss: 0.001698  [  320/  385]
Test Error: 
MSE: 0.354134
RMSE: 0.595092
MAE: 0.678691
R^2: -0.21129405717535787
loss: 0.001284  [    0/  385]
loss: 0.001371  [  160/  385]
loss: 0.001872  [  320/  385]
Test Error: 
MSE: 0.437377
RMSE: 0.661345
MAE: 0.692425
R^2: -0.49601961593478383
loss: 0.005214  [    0/  385]
loss: 0.004573  [  160/  385]
loss: 0.001648  [  320/  385]
Test Error: 
MSE: 0.418012
RMSE: 0.646538
MAE: 0.725573
R^2: -0.4297830482990743
loss: 0.002184  [    0/  385]
loss: 0.001722  [  160/  385]
loss: 0.001988  [  320/  385]
Test Error: 
MSE: 0.395597
RMSE: 0.628965
MAE: 0.710084
R^2: -0.3531145762850574
loss: 0.002065  [    0/  385]
loss: 0.001903  [  160/  385]
loss: 0.001341  [  320/  385]
Test Error: 
MSE: 0.380316
RMSE: 0.616698
MAE: 0.680259
R^2: -0.30084750544898564
loss: 0.002808  [    0/  385]
loss: 0.001710  [  160/  385]
loss: 0.001418  [  320/  385]
Test Error: 
MSE: 0.385890
RMSE: 0.621200
MAE: 0.686548
R^2: -0.3199103869579776
loss: 0.000818  [    0/  385]
loss: 0.001346  [  160/  385]
loss: 0.001599  [  320/  385]
Test Error: 
MSE: 0.392656
RMSE: 0.626623
MAE: 0.688562
R^2: -0.3430553664888365
loss: 0.001146  [    0/  385]
loss: 0.002962  [  160/  385]
loss: 0.001847  [  320/  385]
Test Error: 
MSE: 0.392055
RMSE: 0.626143
MAE: 0.700819
R^2: -0.34099747456139307
loss: 0.001588  [    0/  385]
loss: 0.001993  [  160/  385]
loss: 0.001694  [  320/  385]
Test Error: 
MSE: 0.391887
RMSE: 0.626009
MAE: 0.695787
R^2: -0.34042491928071694
loss: 0.000938  [    0/  385]
loss: 0.001225  [  160/  385]
loss: 0.001330  [  320/  385]
Test Error: 
MSE: 0.403446
RMSE: 0.635174
MAE: 0.677792
R^2: -0.37996050689595706
loss: 0.002050  [    0/  385]
loss: 0.002174  [  160/  385]
loss: 0.001170  [  320/  385]
Test Error: 
MSE: 0.393434
RMSE: 0.627243
MAE: 0.688815
R^2: -0.34571512728303566
loss: 0.001166  [    0/  385]
loss: 0.001065  [  160/  385]
loss: 0.001098  [  320/  385]
Test Error: 
MSE: 0.397629
RMSE: 0.630579
MAE: 0.691930
R^2: -0.3600660278112724
loss: 0.001302  [    0/  385]
loss: 0.000808  [  160/  385]
loss: 0.001339  [  320/  385]
Test Error: 
MSE: 0.400023
RMSE: 0.632474
MAE: 0.694925
R^2: -0.3682531508851792
loss: 0.000708  [    0/  385]
loss: 0.001398  [  160/  385]
loss: 0.000917  [  320/  385]
Test Error: 
MSE: 0.406996
RMSE: 0.637962
MAE: 0.689876
R^2: -0.39210366977211986
loss: 0.001619  [    0/  385]
loss: 0.000949  [  160/  385]
loss: 0.000638  [  320/  385]
Test Error: 
MSE: 0.431770
RMSE: 0.657092
MAE: 0.721302
R^2: -0.47684112466459627
loss: 0.003101  [    0/  385]
loss: 0.001212  [  160/  385]
loss: 0.001077  [  320/  385]
Test Error: 
MSE: 0.411321
RMSE: 0.641343
MAE: 0.705721
R^2: -0.40689755945892436
loss: 0.001450  [    0/  385]
loss: 0.000824  [  160/  385]
loss: 0.000959  [  320/  385]
Test Error: 
MSE: 0.415277
RMSE: 0.644420
MAE: 0.685804
R^2: -0.4204297448300691
loss: 0.001044  [    0/  385]
loss: 0.000599  [  160/  385]
loss: 0.000982  [  320/  385]
Test Error: 
MSE: 0.411828
RMSE: 0.641738
MAE: 0.692132
R^2: -0.40863158338105854
loss: 0.001117  [    0/  385]
loss: 0.000499  [  160/  385]
loss: 0.000838  [  320/  385]
Test Error: 
MSE: 0.414691
RMSE: 0.643965
MAE: 0.695394
R^2: -0.418423939600425
loss: 0.001703  [    0/  385]
loss: 0.001188  [  160/  385]
loss: 0.001029  [  320/  385]
Test Error: 
MSE: 0.478017
RMSE: 0.691388
MAE: 0.709556
R^2: -0.6350258162003257
loss: 0.005280  [    0/  385]
loss: 0.003669  [  160/  385]
loss: 0.001132  [  320/  385]
Test Error: 
MSE: 0.388740
RMSE: 0.623490
MAE: 0.693751
R^2: -0.3296610910863431
loss: 0.001024  [    0/  385]
loss: 0.002856  [  160/  385]
loss: 0.002370  [  320/  385]
Test Error: 
MSE: 0.422347
RMSE: 0.649883
MAE: 0.714565
R^2: -0.4446124110682972
loss: 0.001905  [    0/  385]
loss: 0.000881  [  160/  385]
loss: 0.000838  [  320/  385]
Test Error: 
MSE: 0.435535
RMSE: 0.659951
MAE: 0.697584
R^2: -0.48971844317516866
loss: 0.004682  [    0/  385]
loss: 0.002727  [  160/  385]
loss: 0.001381  [  320/  385]
Test Error: 
MSE: 0.383194
RMSE: 0.619027
MAE: 0.697280
R^2: -0.3106912022924173
loss: 0.001182  [    0/  385]
loss: 0.006024  [  160/  385]
loss: 0.002367  [  320/  385]
Test Error: 
MSE: 0.382983
RMSE: 0.618856
MAE: 0.702618
R^2: -0.30996967603476744
loss: 0.002226  [    0/  385]
loss: 0.001741  [  160/  385]
loss: 0.002495  [  320/  385]
Test Error: 
MSE: 0.377549
RMSE: 0.614450
MAE: 0.679298
R^2: -0.29138238115855764
loss: 0.001688  [    0/  385]
loss: 0.001569  [  160/  385]
loss: 0.001811  [  320/  385]
Test Error: 
MSE: 0.403159
RMSE: 0.634948
MAE: 0.687016
R^2: -0.3789801037156322
loss: 0.001977  [    0/  385]
loss: 0.003706  [  160/  385]
loss: 0.001809  [  320/  385]
Test Error: 
MSE: 0.372093
RMSE: 0.609994
MAE: 0.691202
R^2: -0.27272037133650473
loss: 0.001671  [    0/  385]
loss: 0.001313  [  160/  385]
loss: 0.001039  [  320/  385]
Test Error: 
MSE: 0.385054
RMSE: 0.620527
MAE: 0.690206
R^2: -0.3170530240156344
loss: 0.001072  [    0/  385]
loss: 0.001547  [  160/  385]
loss: 0.000657  [  320/  385]
Test Error: 
MSE: 0.403529
RMSE: 0.635239
MAE: 0.691603
R^2: -0.3802457218877795
loss: 0.000700  [    0/  385]
loss: 0.001086  [  160/  385]
loss: 0.001092  [  320/  385]
Test Error: 
MSE: 0.397456
RMSE: 0.630441
MAE: 0.695677
R^2: -0.3594729297255188
loss: 0.000708  [    0/  385]
loss: 0.001139  [  160/  385]
loss: 0.001349  [  320/  385]
Test Error: 
MSE: 0.413461
RMSE: 0.643010
MAE: 0.692203
R^2: -0.4142182352357793
loss: 0.000967  [    0/  385]
loss: 0.001196  [  160/  385]
loss: 0.001249  [  320/  385]
Test Error: 
MSE: 0.430992
RMSE: 0.656500
MAE: 0.693199
R^2: -0.4741800382131087
loss: 0.002371  [    0/  385]
loss: 0.002620  [  160/  385]
loss: 0.001713  [  320/  385]
Test Error: 
MSE: 0.420104
RMSE: 0.648155
MAE: 0.692682
R^2: -0.4369399196289363
loss: 0.002296  [    0/  385]
loss: 0.003080  [  160/  385]
loss: 0.002381  [  320/  385]
Test Error: 
MSE: 0.399697
RMSE: 0.632216
MAE: 0.703937
R^2: -0.3671387882495625
loss: 0.000897  [    0/  385]
loss: 0.000882  [  160/  385]
loss: 0.003290  [  320/  385]
Test Error: 
MSE: 0.406871
RMSE: 0.637865
MAE: 0.703658
R^2: -0.3916777496270545
loss: 0.000538  [    0/  385]
loss: 0.002185  [  160/  385]
loss: 0.002032  [  320/  385]
Test Error: 
MSE: 0.395830
RMSE: 0.629150
MAE: 0.706735
R^2: -0.35391006816775694
loss: 0.001575  [    0/  385]
loss: 0.001260  [  160/  385]
loss: 0.001783  [  320/  385]
Test Error: 
MSE: 0.404578
RMSE: 0.636064
MAE: 0.692774
R^2: -0.3838328241201756
loss: 0.000717  [    0/  385]
loss: 0.001333  [  160/  385]
loss: 0.000822  [  320/  385]
Test Error: 
MSE: 0.432692
RMSE: 0.657793
MAE: 0.703605
R^2: -0.47999504677324767
loss: 0.001406  [    0/  385]
loss: 0.001434  [  160/  385]
loss: 0.001134  [  320/  385]
Test Error: 
MSE: 0.433523
RMSE: 0.658425
MAE: 0.719890
R^2: -0.48283736246599007
loss: 0.001309  [    0/  385]
loss: 0.000873  [  160/  385]
loss: 0.001311  [  320/  385]
Test Error: 
MSE: 0.418754
RMSE: 0.647112
MAE: 0.693981
R^2: -0.4323226464870866
loss: 0.001406  [    0/  385]
loss: 0.000747  [  160/  385]
loss: 0.001189  [  320/  385]
Test Error: 
MSE: 0.404074
RMSE: 0.635668
MAE: 0.706105
R^2: -0.3821098486509391
loss: 0.001217  [    0/  385]
loss: 0.000824  [  160/  385]
loss: 0.000998  [  320/  385]
Test Error: 
MSE: 0.414242
RMSE: 0.643616
MAE: 0.699552
R^2: -0.4168873569797522
loss: 0.000791  [    0/  385]
loss: 0.000891  [  160/  385]
loss: 0.000924  [  320/  385]
Test Error: 
MSE: 0.430691
RMSE: 0.656271
MAE: 0.702430
R^2: -0.47315147506060384
loss: 0.000723  [    0/  385]
loss: 0.000783  [  160/  385]
loss: 0.001527  [  320/  385]
Test Error: 
MSE: 0.428445
RMSE: 0.654557
MAE: 0.703756
R^2: -0.4654702629457206
loss: 0.000399  [    0/  385]
loss: 0.000678  [  160/  385]
loss: 0.000939  [  320/  385]
Test Error: 
MSE: 0.449499
RMSE: 0.670447
MAE: 0.701737
R^2: -0.5374842596587475
loss: 0.002292  [    0/  385]
loss: 0.001175  [  160/  385]
loss: 0.003300  [  320/  385]
Test Error: 
MSE: 0.444328
RMSE: 0.666579
MAE: 0.702356
R^2: -0.5197952865638147
loss: 0.001631  [    0/  385]
loss: 0.000996  [  160/  385]
loss: 0.001375  [  320/  385]
Test Error: 
MSE: 0.428874
RMSE: 0.654885
MAE: 0.698584
R^2: -0.4669365271554695
loss: 0.001215  [    0/  385]
loss: 0.000470  [  160/  385]
loss: 0.000693  [  320/  385]
Test Error: 
MSE: 0.447065
RMSE: 0.668630
MAE: 0.699818
R^2: -0.5291586872383465
loss: 0.002832  [    0/  385]
loss: 0.001859  [  160/  385]
loss: 0.001240  [  320/  385]
Test Error: 
MSE: 0.408243
RMSE: 0.638939
MAE: 0.701583
R^2: -0.3963688480825074
loss: 0.001173  [    0/  385]
loss: 0.001140  [  160/  385]
loss: 0.000955  [  320/  385]
Test Error: 
MSE: 0.419116
RMSE: 0.647392
MAE: 0.712264
R^2: -0.4335589505054298
loss: 0.001626  [    0/  385]
loss: 0.000943  [  160/  385]
loss: 0.000863  [  320/  385]
Test Error: 
MSE: 0.416216
RMSE: 0.645148
MAE: 0.710601
R^2: -0.4236402982395244
loss: 0.001083  [    0/  385]
loss: 0.000825  [  160/  385]
loss: 0.000882  [  320/  385]
Test Error: 
MSE: 0.427463
RMSE: 0.653807
MAE: 0.709460
R^2: -0.46211130935431943
loss: 0.000694  [    0/  385]
loss: 0.000497  [  160/  385]
loss: 0.000925  [  320/  385]
Test Error: 
MSE: 0.431790
RMSE: 0.657107
MAE: 0.708110
R^2: -0.476909660712977
loss: 0.000916  [    0/  385]
loss: 0.000359  [  160/  385]
loss: 0.000801  [  320/  385]
Test Error: 
MSE: 0.437356
RMSE: 0.661329
MAE: 0.709777
R^2: -0.495949708004785
loss: 0.000830  [    0/  385]
loss: 0.000579  [  160/  385]
loss: 0.000489  [  320/  385]
Test Error: 
MSE: 0.443558
RMSE: 0.666001
MAE: 0.710426
R^2: -0.5171606209297304
loss: 0.000438  [    0/  385]
loss: 0.001438  [  160/  385]
loss: 0.000486  [  320/  385]
Test Error: 
MSE: 0.573429
RMSE: 0.757251
MAE: 0.786541
R^2: -0.9613773554469116
loss: 0.007875  [    0/  385]
loss: 0.001774  [  160/  385]
loss: 0.002353  [  320/  385]
Test Error: 
MSE: 0.446943
RMSE: 0.668538
MAE: 0.728217
R^2: -0.5287385800281985
loss: 0.002071  [    0/  385]
loss: 0.002118  [  160/  385]
loss: 0.000541  [  320/  385]
Test Error: 
MSE: 0.402787
RMSE: 0.634655
MAE: 0.704536
R^2: -0.3777068272270483
loss: 0.001490  [    0/  385]
loss: 0.000988  [  160/  385]
loss: 0.000960  [  320/  385]
Test Error: 
MSE: 0.415349
RMSE: 0.644476
MAE: 0.710306
R^2: -0.4206762552825096
loss: 0.001615  [    0/  385]
loss: 0.000431  [  160/  385]
loss: 0.000700  [  320/  385]
Test Error: 
MSE: 0.439966
RMSE: 0.663299
MAE: 0.715864
R^2: -0.5048753408287077
loss: 0.000402  [    0/  385]
loss: 0.001328  [  160/  385]
loss: 0.000628  [  320/  385]
Test Error: 
MSE: 0.442060
RMSE: 0.664876
MAE: 0.718820
R^2: -0.5120368013164678
loss: 0.001270  [    0/  385]
loss: 0.000795  [  160/  385]
loss: 0.000925  [  320/  385]
Test Error: 
MSE: 0.455973
RMSE: 0.675258
MAE: 0.730358
R^2: -0.5596260431408893
loss: 0.001539  [    0/  385]
loss: 0.000841  [  160/  385]
loss: 0.001103  [  320/  385]
Test Error: 
MSE: 0.468831
RMSE: 0.684712
MAE: 0.722190
R^2: -0.6036050043148153
loss: 0.000394  [    0/  385]
loss: 0.001050  [  160/  385]
loss: 0.001016  [  320/  385]
Test Error: 
MSE: 0.468325
RMSE: 0.684343
MAE: 0.719375
R^2: -0.601876830253327
loss: 0.001508  [    0/  385]
loss: 0.001269  [  160/  385]
loss: 0.001494  [  320/  385]
Test Error: 
MSE: 0.440416
RMSE: 0.663639
MAE: 0.705923
R^2: -0.5064161068323128
loss: 0.003945  [    0/  385]
loss: 0.001668  [  160/  385]
loss: 0.001995  [  320/  385]
Test Error: 
MSE: 0.429817
RMSE: 0.655605
MAE: 0.700878
R^2: -0.4701625660760407
loss: 0.002013  [    0/  385]
loss: 0.000478  [  160/  385]
loss: 0.001721  [  320/  385]
Test Error: 
MSE: 0.412508
RMSE: 0.642268
MAE: 0.701421
R^2: -0.4109571029472292
loss: 0.000986  [    0/  385]
loss: 0.001250  [  160/  385]
loss: 0.000661  [  320/  385]
Test Error: 
MSE: 0.525010
RMSE: 0.724576
MAE: 0.765510
R^2: -0.7957639483845447
loss: 0.005702  [    0/  385]
loss: 0.001132  [  160/  385]
loss: 0.004402  [  320/  385]
Test Error: 
MSE: 0.451671
RMSE: 0.672064
MAE: 0.727783
R^2: -0.5449104479543969
loss: 0.001119  [    0/  385]
loss: 0.000819  [  160/  385]
loss: 0.000789  [  320/  385]
Test Error: 
MSE: 0.387346
RMSE: 0.622371
MAE: 0.697735
R^2: -0.3248907940258636
loss: 0.001395  [    0/  385]
loss: 0.000870  [  160/  385]
loss: 0.001102  [  320/  385]
Test Error: 
MSE: 0.424706
RMSE: 0.651695
MAE: 0.712988
R^2: -0.452680735153965
loss: 0.000873  [    0/  385]
loss: 0.000526  [  160/  385]
loss: 0.000445  [  320/  385]
Test Error: 
MSE: 0.435293
RMSE: 0.659768
MAE: 0.718129
R^2: -0.4888932444335843
loss: 0.000648  [    0/  385]
loss: 0.000684  [  160/  385]
loss: 0.000922  [  320/  385]
Test Error: 
MSE: 0.443741
RMSE: 0.666139
MAE: 0.717492
R^2: -0.5177862616881845
loss: 0.000857  [    0/  385]
loss: 0.000726  [  160/  385]
loss: 0.000464  [  320/  385]
Test Error: 
MSE: 0.453322
RMSE: 0.673292
MAE: 0.726382
R^2: -0.5505599138931854
loss: 0.000688  [    0/  385]
loss: 0.000879  [  160/  385]
loss: 0.000962  [  320/  385]
Test Error: 
MSE: 0.457387
RMSE: 0.676304
MAE: 0.712954
R^2: -0.5644643211355638
loss: 0.001236  [    0/  385]
loss: 0.000715  [  160/  385]
loss: 0.000682  [  320/  385]
Test Error: 
MSE: 0.445181
RMSE: 0.667219
MAE: 0.712068
R^2: -0.5227140675443387
loss: 0.000707  [    0/  385]
loss: 0.000719  [  160/  385]
loss: 0.000788  [  320/  385]
Test Error: 
MSE: 0.464837
RMSE: 0.681789
MAE: 0.738055
R^2: -0.5899438723344088
loss: 0.001538  [    0/  385]
loss: 0.000693  [  160/  385]
loss: 0.000439  [  320/  385]
Test Error: 
MSE: 0.467091
RMSE: 0.683441
MAE: 0.736330
R^2: -0.5976548195625242
loss: 0.001262  [    0/  385]
loss: 0.000570  [  160/  385]
loss: 0.000837  [  320/  385]
Test Error: 
MSE: 0.454470
RMSE: 0.674144
MAE: 0.719085
R^2: -0.5544863903534902
loss: 0.000441  [    0/  385]
loss: 0.000635  [  160/  385]
loss: 0.000691  [  320/  385]
Test Error: 
MSE: 0.451152
RMSE: 0.671679
MAE: 0.726881
R^2: -0.5431366677923386
loss: 0.000546  [    0/  385]
loss: 0.000773  [  160/  385]
loss: 0.000755  [  320/  385]
Test Error: 
MSE: 0.435328
RMSE: 0.659794
MAE: 0.708884
R^2: -0.4890112427793485
loss: 0.000890  [    0/  385]
loss: 0.000376  [  160/  385]
loss: 0.000968  [  320/  385]
Test Error: 
MSE: 0.460785
RMSE: 0.678811
MAE: 0.727350
R^2: -0.5760846785582356
loss: 0.000707  [    0/  385]
loss: 0.000554  [  160/  385]
loss: 0.000750  [  320/  385]
Test Error: 
MSE: 0.474537
RMSE: 0.688866
MAE: 0.740578
R^2: -0.6231217437090399
loss: 0.000721  [    0/  385]
loss: 0.000462  [  160/  385]
loss: 0.000468  [  320/  385]
Test Error: 
MSE: 0.448225
RMSE: 0.669496
MAE: 0.726351
R^2: -0.5331237340660033
loss: 0.000519  [    0/  385]
loss: 0.000524  [  160/  385]
loss: 0.000549  [  320/  385]
Test Error: 
MSE: 0.446532
RMSE: 0.668230
MAE: 0.720797
R^2: -0.5273337222499024
loss: 0.000434  [    0/  385]
loss: 0.000752  [  160/  385]
loss: 0.000680  [  320/  385]
Test Error: 
MSE: 0.481718
RMSE: 0.694059
MAE: 0.741791
R^2: -0.647686921595283
loss: 0.001095  [    0/  385]
loss: 0.000712  [  160/  385]
loss: 0.001347  [  320/  385]
Test Error: 
MSE: 0.461106
RMSE: 0.679048
MAE: 0.718025
R^2: -0.5771834017107502
loss: 0.001071  [    0/  385]
loss: 0.000669  [  160/  385]
loss: 0.000969  [  320/  385]
Test Error: 
MSE: 0.476613
RMSE: 0.690372
MAE: 0.725088
R^2: -0.6302259035433049
loss: 0.001223  [    0/  385]
loss: 0.001276  [  160/  385]
loss: 0.001465  [  320/  385]
Test Error: 
MSE: 0.473552
RMSE: 0.688151
MAE: 0.717565
R^2: -0.6197532150256941
loss: 0.001667  [    0/  385]
loss: 0.002204  [  160/  385]
loss: 0.001832  [  320/  385]
Test Error: 
MSE: 0.423240
RMSE: 0.650569
MAE: 0.693655
R^2: -0.447666503373356
loss: 0.001309  [    0/  385]
loss: 0.001204  [  160/  385]
loss: 0.000813  [  320/  385]
Test Error: 
MSE: 0.444052
RMSE: 0.666372
MAE: 0.720145
R^2: -0.5188519106364788
loss: 0.001192  [    0/  385]
loss: 0.001158  [  160/  385]
loss: 0.000967  [  320/  385]
Test Error: 
MSE: 0.455594
RMSE: 0.674977
MAE: 0.727148
R^2: -0.558330110312486
loss: 0.001511  [    0/  385]
loss: 0.000728  [  160/  385]
loss: 0.001086  [  320/  385]
Test Error: 
MSE: 0.451147
RMSE: 0.671675
MAE: 0.731499
R^2: -0.54311901319714
loss: 0.001169  [    0/  385]
loss: 0.000403  [  160/  385]
loss: 0.002232  [  320/  385]
Test Error: 
MSE: 0.435183
RMSE: 0.659684
MAE: 0.723876
R^2: -0.488517157777679
loss: 0.000708  [    0/  385]
loss: 0.001309  [  160/  385]
loss: 0.000813  [  320/  385]
Test Error: 
MSE: 0.452878
RMSE: 0.672962
MAE: 0.733053
R^2: -0.549039870917498
loss: 0.002438  [    0/  385]
loss: 0.001067  [  160/  385]
loss: 0.000907  [  320/  385]
Test Error: 
MSE: 0.438845
RMSE: 0.662454
MAE: 0.710321
R^2: -0.5010413404954772
loss: 0.000560  [    0/  385]
loss: 0.000780  [  160/  385]
loss: 0.000753  [  320/  385]
Test Error: 
MSE: 0.431446
RMSE: 0.656845
MAE: 0.707344
R^2: -0.4757317877056666
loss: 0.000887  [    0/  385]
loss: 0.000696  [  160/  385]
loss: 0.000552  [  320/  385]
Test Error: 
MSE: 0.451604
RMSE: 0.672015
MAE: 0.724545
R^2: -0.5446829185899735
loss: 0.000785  [    0/  385]
loss: 0.000473  [  160/  385]
loss: 0.000738  [  320/  385]
Test Error: 
MSE: 0.458963
RMSE: 0.677468
MAE: 0.732287
R^2: -0.5698532435532855
loss: 0.000687  [    0/  385]
loss: 0.000700  [  160/  385]
loss: 0.000567  [  320/  385]
Test Error: 
MSE: 0.461620
RMSE: 0.679427
MAE: 0.727911
R^2: -0.5789430351953744
loss: 0.000364  [    0/  385]
loss: 0.000896  [  160/  385]
loss: 0.000675  [  320/  385]
Test Error: 
MSE: 0.483816
RMSE: 0.695569
MAE: 0.741453
R^2: -0.6548625956523473
loss: 0.001471  [    0/  385]
loss: 0.000820  [  160/  385]
loss: 0.000978  [  320/  385]
Test Error: 
MSE: 0.563560
RMSE: 0.750706
MAE: 0.787092
R^2: -0.9276196810712118
loss: 0.006005  [    0/  385]
loss: 0.001159  [  160/  385]
loss: 0.005334  [  320/  385]
Test Error: 
MSE: 0.562994
RMSE: 0.750329
MAE: 0.789747
R^2: -0.9256850465667621
loss: 0.009273  [    0/  385]
loss: 0.001101  [  160/  385]
loss: 0.004364  [  320/  385]
Test Error: 
MSE: 0.412600
RMSE: 0.642339
MAE: 0.720946
R^2: -0.4112718021830395
loss: 0.003896  [    0/  385]
loss: 0.002916  [  160/  385]
loss: 0.001650  [  320/  385]
Test Error: 
MSE: 0.394074
RMSE: 0.627753
MAE: 0.677865
R^2: -0.34790508440189827
loss: 0.003588  [    0/  385]
loss: 0.000879  [  160/  385]
loss: 0.002665  [  320/  385]
Test Error: 
MSE: 0.397347
RMSE: 0.630354
MAE: 0.680063
R^2: -0.35909887342412405
loss: 0.001158  [    0/  385]
loss: 0.003194  [  160/  385]
loss: 0.001132  [  320/  385]
Test Error: 
MSE: 0.389984
RMSE: 0.624487
MAE: 0.687503
R^2: -0.3339158931376387
loss: 0.000870  [    0/  385]
loss: 0.003468  [  160/  385]
loss: 0.001163  [  320/  385]
Test Error: 
MSE: 0.389239
RMSE: 0.623890
MAE: 0.696084
R^2: -0.33136544305146365
loss: 0.000761  [    0/  385]
loss: 0.001564  [  160/  385]
loss: 0.001182  [  320/  385]
Test Error: 
MSE: 0.423799
RMSE: 0.650998
MAE: 0.692412
R^2: -0.4495771363265664
loss: 0.001875  [    0/  385]
loss: 0.001273  [  160/  385]
loss: 0.000986  [  320/  385]
Test Error: 
MSE: 0.426167
RMSE: 0.652815
MAE: 0.705468
R^2: -0.4576780361940156
loss: 0.000640  [    0/  385]
loss: 0.001224  [  160/  385]
loss: 0.000500  [  320/  385]
Test Error: 
MSE: 0.432639
RMSE: 0.657753
MAE: 0.712273
R^2: -0.4798149149442501
loss: 0.000915  [    0/  385]
loss: 0.000590  [  160/  385]
loss: 0.000499  [  320/  385]
Test Error: 
MSE: 0.428058
RMSE: 0.654262
MAE: 0.709572
R^2: -0.46414567898679415
loss: 0.000827  [    0/  385]
loss: 0.000470  [  160/  385]
loss: 0.000525  [  320/  385]
Test Error: 
MSE: 0.461446
RMSE: 0.679299
MAE: 0.731431
R^2: -0.5783481338009988
loss: 0.001316  [    0/  385]
