Using learning rate: 0.001
Using sequence aggregation method: mean
Using optimizer: adam
Using cpu device
DimensionPredictor(
  (softmax): Softmax(dim=0)
  (first_projection): Linear(in_features=768, out_features=256, bias=True)
  (second_projection): Linear(in_features=256, out_features=1, bias=True)
)
loss: 0.223889  [    0/  385]
loss: 0.051721  [  160/  385]
loss: 0.057843  [  320/  385]
Test Error: 
MSE: 0.340838
RMSE: 0.583813
MAE: 0.675542
R^2: -0.16581324185782975
Saved PyTorch Model State to dimension_models/model_objects/EU_Emotion_Stimulus_Set_valence_wav2vec2_base_1664400439_BEST.pt
loss: 0.017418  [    0/  385]
loss: 0.021967  [  160/  385]
loss: 0.023886  [  320/  385]
Test Error: 
MSE: 0.219618
RMSE: 0.468634
MAE: 0.620979
R^2: 0.2488120660385732
Saved PyTorch Model State to dimension_models/model_objects/EU_Emotion_Stimulus_Set_valence_wav2vec2_base_1664400439_BEST.pt
loss: 0.008754  [    0/  385]
loss: 0.015791  [  160/  385]
loss: 0.019629  [  320/  385]
Test Error: 
MSE: 0.215605
RMSE: 0.464332
MAE: 0.611985
R^2: 0.26253846762877453
Saved PyTorch Model State to dimension_models/model_objects/EU_Emotion_Stimulus_Set_valence_wav2vec2_base_1664400439_BEST.pt
loss: 0.014247  [    0/  385]
loss: 0.018410  [  160/  385]
loss: 0.017301  [  320/  385]
Test Error: 
MSE: 0.201648
RMSE: 0.449052
MAE: 0.605435
R^2: 0.3102759215651707
Saved PyTorch Model State to dimension_models/model_objects/EU_Emotion_Stimulus_Set_valence_wav2vec2_base_1664400439_BEST.pt
loss: 0.010349  [    0/  385]
loss: 0.014277  [  160/  385]
loss: 0.015668  [  320/  385]
Test Error: 
MSE: 0.213976
RMSE: 0.462575
MAE: 0.622474
R^2: 0.26811015609378963
loss: 0.008258  [    0/  385]
loss: 0.015927  [  160/  385]
loss: 0.013654  [  320/  385]
Test Error: 
MSE: 0.219160
RMSE: 0.468145
MAE: 0.626921
R^2: 0.2503768715373539
loss: 0.014849  [    0/  385]
loss: 0.011496  [  160/  385]
loss: 0.012938  [  320/  385]
Test Error: 
MSE: 0.185318
RMSE: 0.430486
MAE: 0.587771
R^2: 0.3661300874823836
Saved PyTorch Model State to dimension_models/model_objects/EU_Emotion_Stimulus_Set_valence_wav2vec2_base_1664400439_BEST.pt
loss: 0.015363  [    0/  385]
loss: 0.013317  [  160/  385]
loss: 0.008544  [  320/  385]
Test Error: 
MSE: 0.185014
RMSE: 0.430133
MAE: 0.595431
R^2: 0.3671710816520256
Saved PyTorch Model State to dimension_models/model_objects/EU_Emotion_Stimulus_Set_valence_wav2vec2_base_1664400439_BEST.pt
loss: 0.011388  [    0/  385]
loss: 0.013582  [  160/  385]
loss: 0.010092  [  320/  385]
Test Error: 
MSE: 0.186563
RMSE: 0.431930
MAE: 0.591025
R^2: 0.3618726705804949
loss: 0.016244  [    0/  385]
loss: 0.015430  [  160/  385]
loss: 0.013329  [  320/  385]
Test Error: 
MSE: 0.196629
RMSE: 0.443429
MAE: 0.592211
R^2: 0.3274425747246721
loss: 0.008779  [    0/  385]
loss: 0.009029  [  160/  385]
loss: 0.012586  [  320/  385]
Test Error: 
MSE: 0.531294
RMSE: 0.728899
MAE: 0.789283
R^2: -0.8172564328135494
loss: 0.025354  [    0/  385]
loss: 0.016603  [  160/  385]
loss: 0.009653  [  320/  385]
Test Error: 
MSE: 0.243243
RMSE: 0.493197
MAE: 0.642918
R^2: 0.16800169995377778
loss: 0.017455  [    0/  385]
loss: 0.019745  [  160/  385]
loss: 0.011874  [  320/  385]
Test Error: 
MSE: 0.206308
RMSE: 0.454211
MAE: 0.604698
R^2: 0.29433829920562304
loss: 0.017039  [    0/  385]
loss: 0.011914  [  160/  385]
loss: 0.008012  [  320/  385]
Test Error: 
MSE: 0.262090
RMSE: 0.511947
MAE: 0.662052
R^2: 0.10353823235259241
loss: 0.013490  [    0/  385]
loss: 0.008982  [  160/  385]
loss: 0.011711  [  320/  385]
Test Error: 
MSE: 0.210892
RMSE: 0.459230
MAE: 0.618840
R^2: 0.27865652221289494
loss: 0.013400  [    0/  385]
loss: 0.009788  [  160/  385]
loss: 0.015039  [  320/  385]
Test Error: 
MSE: 0.226592
RMSE: 0.476017
MAE: 0.633648
R^2: 0.2249569670004069
loss: 0.007827  [    0/  385]
loss: 0.007254  [  160/  385]
loss: 0.014087  [  320/  385]
Test Error: 
MSE: 0.187469
RMSE: 0.432976
MAE: 0.604285
R^2: 0.3587756764012371
loss: 0.010000  [    0/  385]
loss: 0.017185  [  160/  385]
loss: 0.007298  [  320/  385]
Test Error: 
MSE: 0.195899
RMSE: 0.442605
MAE: 0.616230
R^2: 0.32993924342558945
loss: 0.012620  [    0/  385]
loss: 0.005529  [  160/  385]
loss: 0.010577  [  320/  385]
Test Error: 
MSE: 0.202045
RMSE: 0.449494
MAE: 0.595340
R^2: 0.30891852903933736
loss: 0.015696  [    0/  385]
loss: 0.009134  [  160/  385]
loss: 0.009516  [  320/  385]
Test Error: 
MSE: 0.205013
RMSE: 0.452784
MAE: 0.606985
R^2: 0.29876582615592717
loss: 0.010850  [    0/  385]
loss: 0.012459  [  160/  385]
loss: 0.013679  [  320/  385]
Test Error: 
MSE: 0.249478
RMSE: 0.499477
MAE: 0.635637
R^2: 0.1466774813933186
loss: 0.011344  [    0/  385]
loss: 0.008896  [  160/  385]
loss: 0.010974  [  320/  385]
Test Error: 
MSE: 0.208693
RMSE: 0.456829
MAE: 0.614367
R^2: 0.28618050781471316
loss: 0.019719  [    0/  385]
loss: 0.007729  [  160/  385]
loss: 0.006174  [  320/  385]
Test Error: 
MSE: 0.209114
RMSE: 0.457290
MAE: 0.611950
R^2: 0.2847398440303207
loss: 0.007508  [    0/  385]
loss: 0.007008  [  160/  385]
loss: 0.006039  [  320/  385]
Test Error: 
MSE: 0.202986
RMSE: 0.450539
MAE: 0.609710
R^2: 0.3057006042812491
loss: 0.004021  [    0/  385]
loss: 0.008400  [  160/  385]
loss: 0.004231  [  320/  385]
Test Error: 
MSE: 0.194465
RMSE: 0.440982
MAE: 0.606561
R^2: 0.3348435312426865
loss: 0.004476  [    0/  385]
loss: 0.009123  [  160/  385]
loss: 0.008161  [  320/  385]
Test Error: 
MSE: 0.240062
RMSE: 0.489962
MAE: 0.637134
R^2: 0.1788816908801968
loss: 0.007779  [    0/  385]
loss: 0.007701  [  160/  385]
loss: 0.004612  [  320/  385]
Test Error: 
MSE: 0.202415
RMSE: 0.449906
MAE: 0.615690
R^2: 0.30765137903979856
loss: 0.005982  [    0/  385]
loss: 0.006760  [  160/  385]
loss: 0.007760  [  320/  385]
Test Error: 
MSE: 0.201718
RMSE: 0.449130
MAE: 0.614690
R^2: 0.31003606317817467
loss: 0.005792  [    0/  385]
loss: 0.005311  [  160/  385]
loss: 0.005939  [  320/  385]
Test Error: 
MSE: 0.206097
RMSE: 0.453979
MAE: 0.618670
R^2: 0.2950578103633721
loss: 0.005760  [    0/  385]
loss: 0.011318  [  160/  385]
loss: 0.007546  [  320/  385]
Test Error: 
MSE: 0.371307
RMSE: 0.609350
MAE: 0.712520
R^2: -0.2700328768471796
loss: 0.012778  [    0/  385]
loss: 0.013572  [  160/  385]
loss: 0.006937  [  320/  385]
Test Error: 
MSE: 0.259464
RMSE: 0.509376
MAE: 0.648518
R^2: 0.11251899242086949
loss: 0.011565  [    0/  385]
loss: 0.017078  [  160/  385]
loss: 0.009990  [  320/  385]
Test Error: 
MSE: 0.302288
RMSE: 0.549807
MAE: 0.657632
R^2: -0.03395513615338763
loss: 0.013513  [    0/  385]
loss: 0.011578  [  160/  385]
loss: 0.012891  [  320/  385]
Test Error: 
MSE: 0.235683
RMSE: 0.485472
MAE: 0.643323
R^2: 0.19386020412958116
loss: 0.006735  [    0/  385]
loss: 0.008843  [  160/  385]
loss: 0.009451  [  320/  385]
Test Error: 
MSE: 0.217593
RMSE: 0.466469
MAE: 0.625300
R^2: 0.25573677786544124
loss: 0.010132  [    0/  385]
loss: 0.006316  [  160/  385]
loss: 0.012180  [  320/  385]
Test Error: 
MSE: 0.295547
RMSE: 0.543642
MAE: 0.680128
R^2: -0.01089889235209962
loss: 0.012481  [    0/  385]
loss: 0.005584  [  160/  385]
loss: 0.006663  [  320/  385]
Test Error: 
MSE: 0.263948
RMSE: 0.513759
MAE: 0.657799
R^2: 0.09718190057847664
loss: 0.007467  [    0/  385]
loss: 0.004178  [  160/  385]
loss: 0.006427  [  320/  385]
Test Error: 
MSE: 0.239063
RMSE: 0.488940
MAE: 0.642560
R^2: 0.18230179559608095
loss: 0.006217  [    0/  385]
loss: 0.005826  [  160/  385]
loss: 0.004233  [  320/  385]
Test Error: 
MSE: 0.210248
RMSE: 0.458528
MAE: 0.621088
R^2: 0.2808603507237938
loss: 0.012647  [    0/  385]
loss: 0.004713  [  160/  385]
loss: 0.005675  [  320/  385]
Test Error: 
MSE: 0.215018
RMSE: 0.463700
MAE: 0.625761
R^2: 0.26454456806755133
loss: 0.008024  [    0/  385]
loss: 0.003025  [  160/  385]
loss: 0.003975  [  320/  385]
Test Error: 
MSE: 0.404450
RMSE: 0.635964
MAE: 0.730073
R^2: -0.38339511673758797
loss: 0.013521  [    0/  385]
loss: 0.009772  [  160/  385]
loss: 0.007699  [  320/  385]
Test Error: 
MSE: 0.270128
RMSE: 0.519738
MAE: 0.661199
R^2: 0.07604538936890326
loss: 0.010559  [    0/  385]
loss: 0.012246  [  160/  385]
loss: 0.010999  [  320/  385]
Test Error: 
MSE: 0.256969
RMSE: 0.506921
MAE: 0.652758
R^2: 0.12105544809329272
loss: 0.004438  [    0/  385]
loss: 0.007060  [  160/  385]
loss: 0.006368  [  320/  385]
Test Error: 
MSE: 0.298269
RMSE: 0.546140
MAE: 0.667631
R^2: -0.02021067557110623
loss: 0.007219  [    0/  385]
loss: 0.009107  [  160/  385]
loss: 0.007840  [  320/  385]
Test Error: 
MSE: 0.260028
RMSE: 0.509929
MAE: 0.654414
R^2: 0.1105920420334866
loss: 0.007692  [    0/  385]
loss: 0.010020  [  160/  385]
loss: 0.010443  [  320/  385]
Test Error: 
MSE: 0.224040
RMSE: 0.473329
MAE: 0.618681
R^2: 0.2336851406946736
loss: 0.008988  [    0/  385]
loss: 0.007588  [  160/  385]
loss: 0.004504  [  320/  385]
Test Error: 
MSE: 0.217032
RMSE: 0.465867
MAE: 0.627411
R^2: 0.25765625685789884
loss: 0.009424  [    0/  385]
loss: 0.006902  [  160/  385]
loss: 0.006301  [  320/  385]
Test Error: 
MSE: 0.212891
RMSE: 0.461402
MAE: 0.619268
R^2: 0.2718187118344175
loss: 0.007329  [    0/  385]
loss: 0.006562  [  160/  385]
loss: 0.008129  [  320/  385]
Test Error: 
MSE: 0.216099
RMSE: 0.464865
MAE: 0.634400
R^2: 0.26084637345905815
loss: 0.007262  [    0/  385]
loss: 0.006979  [  160/  385]
loss: 0.006327  [  320/  385]
Test Error: 
MSE: 0.197527
RMSE: 0.444440
MAE: 0.615058
R^2: 0.32437259773090255
loss: 0.009080  [    0/  385]
loss: 0.009342  [  160/  385]
loss: 0.005665  [  320/  385]
Test Error: 
MSE: 0.205673
RMSE: 0.453512
MAE: 0.613799
R^2: 0.2965081828667946
loss: 0.003824  [    0/  385]
loss: 0.005613  [  160/  385]
loss: 0.008891  [  320/  385]
Test Error: 
MSE: 0.226754
RMSE: 0.476187
MAE: 0.640116
R^2: 0.22440171270672615
loss: 0.007312  [    0/  385]
loss: 0.007141  [  160/  385]
loss: 0.003984  [  320/  385]
Test Error: 
MSE: 0.261643
RMSE: 0.511511
MAE: 0.655248
R^2: 0.10506603161447015
loss: 0.006867  [    0/  385]
loss: 0.005397  [  160/  385]
loss: 0.005516  [  320/  385]
Test Error: 
MSE: 0.408488
RMSE: 0.639131
MAE: 0.730104
R^2: -0.39720773014646804
loss: 0.007952  [    0/  385]
loss: 0.006667  [  160/  385]
loss: 0.005280  [  320/  385]
Test Error: 
MSE: 0.262563
RMSE: 0.512409
MAE: 0.651240
R^2: 0.10191975105512185
loss: 0.007865  [    0/  385]
loss: 0.004779  [  160/  385]
loss: 0.013839  [  320/  385]
Test Error: 
MSE: 0.241309
RMSE: 0.491233
MAE: 0.644723
R^2: 0.1746165530456275
loss: 0.007115  [    0/  385]
loss: 0.004538  [  160/  385]
loss: 0.005787  [  320/  385]
Test Error: 
MSE: 0.234242
RMSE: 0.483986
MAE: 0.633108
R^2: 0.19878964871188176
loss: 0.005329  [    0/  385]
loss: 0.005245  [  160/  385]
loss: 0.008203  [  320/  385]
Test Error: 
MSE: 0.219756
RMSE: 0.468781
MAE: 0.626778
R^2: 0.24833975379165607
loss: 0.005942  [    0/  385]
loss: 0.007368  [  160/  385]
loss: 0.006705  [  320/  385]
Test Error: 
MSE: 0.216129
RMSE: 0.464897
MAE: 0.626431
R^2: 0.2607446573598009
loss: 0.003672  [    0/  385]
loss: 0.004114  [  160/  385]
loss: 0.005907  [  320/  385]
Test Error: 
MSE: 0.304384
RMSE: 0.551710
MAE: 0.672563
R^2: -0.04112662926967392
loss: 0.005688  [    0/  385]
loss: 0.007986  [  160/  385]
loss: 0.006982  [  320/  385]
Test Error: 
MSE: 0.213967
RMSE: 0.462565
MAE: 0.619566
R^2: 0.26814029162116304
loss: 0.004901  [    0/  385]
loss: 0.004217  [  160/  385]
loss: 0.005323  [  320/  385]
Test Error: 
MSE: 0.228298
RMSE: 0.477805
MAE: 0.622520
R^2: 0.21912268502087084
loss: 0.004863  [    0/  385]
loss: 0.009543  [  160/  385]
loss: 0.004837  [  320/  385]
Test Error: 
MSE: 0.209681
RMSE: 0.457909
MAE: 0.615908
R^2: 0.28279997619224695
loss: 0.006449  [    0/  385]
loss: 0.005124  [  160/  385]
loss: 0.009995  [  320/  385]
Test Error: 
MSE: 0.205388
RMSE: 0.453198
MAE: 0.617882
R^2: 0.29748302840720164
loss: 0.005621  [    0/  385]
loss: 0.015519  [  160/  385]
loss: 0.014280  [  320/  385]
Test Error: 
MSE: 0.212878
RMSE: 0.461387
MAE: 0.620579
R^2: 0.2718651276375057
loss: 0.006338  [    0/  385]
loss: 0.006282  [  160/  385]
loss: 0.009979  [  320/  385]
Test Error: 
MSE: 0.392606
RMSE: 0.626583
MAE: 0.721032
R^2: -0.34288470155419626
loss: 0.009928  [    0/  385]
loss: 0.003210  [  160/  385]
loss: 0.003392  [  320/  385]
Test Error: 
MSE: 0.332090
RMSE: 0.576273
MAE: 0.690580
R^2: -0.13589282760099985
loss: 0.010089  [    0/  385]
loss: 0.008371  [  160/  385]
loss: 0.004915  [  320/  385]
Test Error: 
MSE: 0.205409
RMSE: 0.453221
MAE: 0.616806
R^2: 0.2974113450272451
loss: 0.008976  [    0/  385]
loss: 0.005886  [  160/  385]
loss: 0.003104  [  320/  385]
Test Error: 
MSE: 0.211603
RMSE: 0.460003
MAE: 0.619501
R^2: 0.2762255171154695
loss: 0.005269  [    0/  385]
loss: 0.006678  [  160/  385]
loss: 0.004493  [  320/  385]
Test Error: 
MSE: 0.219399
RMSE: 0.468400
MAE: 0.623448
R^2: 0.24956099397168663
loss: 0.008235  [    0/  385]
loss: 0.009811  [  160/  385]
loss: 0.006963  [  320/  385]
Test Error: 
MSE: 0.255100
RMSE: 0.505074
MAE: 0.649923
R^2: 0.12744639855205386
loss: 0.004491  [    0/  385]
loss: 0.005248  [  160/  385]
loss: 0.003895  [  320/  385]
Test Error: 
MSE: 0.415485
RMSE: 0.644581
MAE: 0.733749
R^2: -0.4211394592510309
loss: 0.008045  [    0/  385]
loss: 0.010860  [  160/  385]
loss: 0.007896  [  320/  385]
Test Error: 
MSE: 0.309760
RMSE: 0.556561
MAE: 0.679927
R^2: -0.05951587515192314
loss: 0.005756  [    0/  385]
loss: 0.003936  [  160/  385]
loss: 0.011112  [  320/  385]
Test Error: 
MSE: 0.210164
RMSE: 0.458436
MAE: 0.623722
R^2: 0.2811485033342138
loss: 0.004370  [    0/  385]
loss: 0.003716  [  160/  385]
loss: 0.002788  [  320/  385]
Test Error: 
MSE: 0.271976
RMSE: 0.521513
MAE: 0.663078
R^2: 0.06972251124743922
loss: 0.005259  [    0/  385]
loss: 0.004760  [  160/  385]
loss: 0.005895  [  320/  385]
Test Error: 
MSE: 0.356314
RMSE: 0.596920
MAE: 0.708419
R^2: -0.21874837230385502
loss: 0.007915  [    0/  385]
loss: 0.006901  [  160/  385]
loss: 0.006360  [  320/  385]
Test Error: 
MSE: 0.320124
RMSE: 0.565795
MAE: 0.691874
R^2: -0.09496375857399997
loss: 0.010041  [    0/  385]
loss: 0.009829  [  160/  385]
loss: 0.007566  [  320/  385]
Test Error: 
MSE: 0.257349
RMSE: 0.507296
MAE: 0.655352
R^2: 0.11975506917820267
loss: 0.004948  [    0/  385]
loss: 0.004827  [  160/  385]
loss: 0.004412  [  320/  385]
Test Error: 
MSE: 0.246714
RMSE: 0.496703
MAE: 0.640972
R^2: 0.1561312482553181
loss: 0.004045  [    0/  385]
loss: 0.003994  [  160/  385]
loss: 0.006413  [  320/  385]
Test Error: 
MSE: 0.259107
RMSE: 0.509025
MAE: 0.649567
R^2: 0.11374260303044093
loss: 0.002879  [    0/  385]
loss: 0.007079  [  160/  385]
loss: 0.003739  [  320/  385]
Test Error: 
MSE: 0.246055
RMSE: 0.496039
MAE: 0.641628
R^2: 0.15838404337591605
loss: 0.003304  [    0/  385]
loss: 0.003040  [  160/  385]
loss: 0.004191  [  320/  385]
Test Error: 
MSE: 0.267409
RMSE: 0.517116
MAE: 0.652940
R^2: 0.08534310729486438
loss: 0.003282  [    0/  385]
loss: 0.006440  [  160/  385]
loss: 0.004317  [  320/  385]
Test Error: 
MSE: 0.300570
RMSE: 0.548243
MAE: 0.672112
R^2: -0.028080051617516144
loss: 0.003765  [    0/  385]
loss: 0.003270  [  160/  385]
loss: 0.004505  [  320/  385]
Test Error: 
MSE: 0.240676
RMSE: 0.490587
MAE: 0.638963
R^2: 0.17678370401784638
loss: 0.003032  [    0/  385]
loss: 0.007087  [  160/  385]
loss: 0.004423  [  320/  385]
Test Error: 
MSE: 0.221730
RMSE: 0.470882
MAE: 0.630687
R^2: 0.24158724993789338
loss: 0.003901  [    0/  385]
loss: 0.008315  [  160/  385]
loss: 0.008517  [  320/  385]
Test Error: 
MSE: 0.248530
RMSE: 0.498528
MAE: 0.645752
R^2: 0.14992012598765025
loss: 0.004218  [    0/  385]
loss: 0.005996  [  160/  385]
loss: 0.002781  [  320/  385]
Test Error: 
MSE: 0.232394
RMSE: 0.482072
MAE: 0.635196
R^2: 0.20511155762730993
loss: 0.004184  [    0/  385]
loss: 0.005201  [  160/  385]
loss: 0.005204  [  320/  385]
Test Error: 
MSE: 0.216055
RMSE: 0.464818
MAE: 0.623032
R^2: 0.2609964818530526
loss: 0.006994  [    0/  385]
loss: 0.005771  [  160/  385]
loss: 0.002972  [  320/  385]
Test Error: 
MSE: 0.275788
RMSE: 0.525156
MAE: 0.663524
R^2: 0.05668323459413871
loss: 0.004743  [    0/  385]
loss: 0.003312  [  160/  385]
loss: 0.003296  [  320/  385]
Test Error: 
MSE: 0.267723
RMSE: 0.517420
MAE: 0.658485
R^2: 0.08426976606682046
loss: 0.004204  [    0/  385]
loss: 0.007414  [  160/  385]
loss: 0.005000  [  320/  385]
Test Error: 
MSE: 0.318199
RMSE: 0.564091
MAE: 0.686680
R^2: -0.08837810290914971
loss: 0.004002  [    0/  385]
loss: 0.004803  [  160/  385]
loss: 0.003871  [  320/  385]
Test Error: 
MSE: 0.364254
RMSE: 0.603535
MAE: 0.706395
R^2: -0.24590752899742196
loss: 0.007309  [    0/  385]
loss: 0.007460  [  160/  385]
loss: 0.012112  [  320/  385]
Test Error: 
MSE: 0.239996
RMSE: 0.489894
MAE: 0.643716
R^2: 0.17910803460294755
loss: 0.003673  [    0/  385]
loss: 0.005274  [  160/  385]
loss: 0.004591  [  320/  385]
Test Error: 
MSE: 0.226798
RMSE: 0.476233
MAE: 0.629343
R^2: 0.22425216986240004
loss: 0.007454  [    0/  385]
loss: 0.004091  [  160/  385]
loss: 0.005126  [  320/  385]
Test Error: 
MSE: 0.243807
RMSE: 0.493768
MAE: 0.643542
R^2: 0.166074324563796
loss: 0.003160  [    0/  385]
loss: 0.005254  [  160/  385]
loss: 0.002848  [  320/  385]
Test Error: 
MSE: 0.223698
RMSE: 0.472967
MAE: 0.630355
R^2: 0.2348552030049671
loss: 0.002416  [    0/  385]
loss: 0.005166  [  160/  385]
loss: 0.003723  [  320/  385]
Test Error: 
MSE: 0.255963
RMSE: 0.505928
MAE: 0.650502
R^2: 0.12449510744792114
loss: 0.002697  [    0/  385]
loss: 0.003684  [  160/  385]
loss: 0.002586  [  320/  385]
Test Error: 
MSE: 0.239025
RMSE: 0.488902
MAE: 0.641472
R^2: 0.18242998510619868
loss: 0.003025  [    0/  385]
loss: 0.004616  [  160/  385]
loss: 0.004768  [  320/  385]
Test Error: 
MSE: 0.262337
RMSE: 0.512188
MAE: 0.658355
R^2: 0.10269454520824317
loss: 0.003942  [    0/  385]
loss: 0.002524  [  160/  385]
loss: 0.003046  [  320/  385]
Test Error: 
MSE: 0.238951
RMSE: 0.488826
MAE: 0.642485
R^2: 0.1826822870962307
loss: 0.003675  [    0/  385]
loss: 0.003759  [  160/  385]
loss: 0.004713  [  320/  385]
Test Error: 
MSE: 0.288451
RMSE: 0.537076
MAE: 0.669102
R^2: 0.01337207129769069
loss: 0.005320  [    0/  385]
loss: 0.003610  [  160/  385]
loss: 0.003656  [  320/  385]
Test Error: 
MSE: 0.269853
RMSE: 0.519474
MAE: 0.655635
R^2: 0.07698599264871742
loss: 0.002340  [    0/  385]
loss: 0.003571  [  160/  385]
loss: 0.005870  [  320/  385]
Test Error: 
MSE: 0.243396
RMSE: 0.493352
MAE: 0.647507
R^2: 0.1674800187852833
loss: 0.004990  [    0/  385]
loss: 0.005679  [  160/  385]
loss: 0.004908  [  320/  385]
Test Error: 
MSE: 0.399033
RMSE: 0.631690
MAE: 0.722728
R^2: -0.36486552083727575
loss: 0.005745  [    0/  385]
loss: 0.007448  [  160/  385]
loss: 0.008349  [  320/  385]
Test Error: 
MSE: 0.250142
RMSE: 0.500142
MAE: 0.648588
R^2: 0.1444049024695767
loss: 0.005740  [    0/  385]
loss: 0.007012  [  160/  385]
loss: 0.009148  [  320/  385]
Test Error: 
MSE: 0.239539
RMSE: 0.489427
MAE: 0.639402
R^2: 0.1806718973833471
loss: 0.002390  [    0/  385]
loss: 0.003837  [  160/  385]
loss: 0.003853  [  320/  385]
Test Error: 
MSE: 0.240803
RMSE: 0.490717
MAE: 0.641730
R^2: 0.17634769182258758
loss: 0.003719  [    0/  385]
loss: 0.007503  [  160/  385]
loss: 0.005240  [  320/  385]
Test Error: 
MSE: 0.310812
RMSE: 0.557505
MAE: 0.676479
R^2: -0.06311354529120994
loss: 0.003821  [    0/  385]
loss: 0.005423  [  160/  385]
loss: 0.003001  [  320/  385]
Test Error: 
MSE: 0.270300
RMSE: 0.519904
MAE: 0.655507
R^2: 0.07545728597407875
loss: 0.003450  [    0/  385]
loss: 0.002770  [  160/  385]
loss: 0.004491  [  320/  385]
Test Error: 
MSE: 0.282116
RMSE: 0.531146
MAE: 0.658879
R^2: 0.03503969830905773
loss: 0.002538  [    0/  385]
loss: 0.002824  [  160/  385]
loss: 0.004080  [  320/  385]
Test Error: 
MSE: 0.247064
RMSE: 0.497056
MAE: 0.641764
R^2: 0.15493246993866516
loss: 0.004751  [    0/  385]
loss: 0.004965  [  160/  385]
loss: 0.002420  [  320/  385]
Test Error: 
MSE: 0.581011
RMSE: 0.762241
MAE: 0.798761
R^2: -0.98731167806306
loss: 0.011967  [    0/  385]
loss: 0.015907  [  160/  385]
loss: 0.009556  [  320/  385]
Test Error: 
MSE: 0.291591
RMSE: 0.539991
MAE: 0.667912
R^2: 0.002633022710174626
loss: 0.008663  [    0/  385]
loss: 0.009156  [  160/  385]
loss: 0.008553  [  320/  385]
Test Error: 
MSE: 0.319664
RMSE: 0.565388
MAE: 0.686764
R^2: -0.09338984547374163
loss: 0.004513  [    0/  385]
loss: 0.003505  [  160/  385]
loss: 0.006583  [  320/  385]
Test Error: 
MSE: 0.345896
RMSE: 0.588129
MAE: 0.702706
R^2: -0.18311614647823693
loss: 0.006800  [    0/  385]
loss: 0.005381  [  160/  385]
loss: 0.002190  [  320/  385]
Test Error: 
MSE: 0.292060
RMSE: 0.540426
MAE: 0.665082
R^2: 0.0010269114236945986
loss: 0.005789  [    0/  385]
loss: 0.005255  [  160/  385]
loss: 0.001806  [  320/  385]
Test Error: 
MSE: 0.245752
RMSE: 0.495733
MAE: 0.637853
R^2: 0.1594221859034679
loss: 0.004323  [    0/  385]
loss: 0.002879  [  160/  385]
loss: 0.002137  [  320/  385]
Test Error: 
MSE: 0.240288
RMSE: 0.490192
MAE: 0.639341
R^2: 0.17810968066637767
loss: 0.006331  [    0/  385]
loss: 0.003942  [  160/  385]
loss: 0.004707  [  320/  385]
Test Error: 
MSE: 0.294722
RMSE: 0.542883
MAE: 0.667578
R^2: -0.008077103217582593
loss: 0.003994  [    0/  385]
loss: 0.003294  [  160/  385]
loss: 0.006351  [  320/  385]
Test Error: 
MSE: 0.268515
RMSE: 0.518185
MAE: 0.660938
R^2: 0.08156034889427466
loss: 0.002842  [    0/  385]
loss: 0.002698  [  160/  385]
