Using learning rate: 0.0001
Using sequence aggregation method: mean
Using optimizer: adam
Using cpu device
DimensionPredictor(
  (softmax): Softmax(dim=0)
  (first_projection): Linear(in_features=1024, out_features=256, bias=True)
  (second_projection): Linear(in_features=256, out_features=1, bias=True)
)
loss: 738.993715  [    0/  147]
Test Error: 
MSE: 51583.407248
RMSE: 227.119808
MAE: 15.008648
R^2: -21743.573673322913
Saved PyTorch Model State to dimension_models/model_objects/IADS2007_pleasure_wav2vec2_large_ll60k_1663523076_BEST.pt
loss: 819.351973  [    0/  147]
Test Error: 
MSE: 11424.960459
RMSE: 106.887607
MAE: 10.299829
R^2: -4815.100906782075
Saved PyTorch Model State to dimension_models/model_objects/IADS2007_pleasure_wav2vec2_large_ll60k_1663523076_BEST.pt
loss: 168.068470  [    0/  147]
Test Error: 
MSE: 2466.103869
RMSE: 49.659882
MAE: 6.962321
R^2: -1038.5664054961212
Saved PyTorch Model State to dimension_models/model_objects/IADS2007_pleasure_wav2vec2_large_ll60k_1663523076_BEST.pt
loss: 41.287816  [    0/  147]
Test Error: 
MSE: 381.413049
RMSE: 19.529799
MAE: 4.248380
R^2: -159.78162702678375
Saved PyTorch Model State to dimension_models/model_objects/IADS2007_pleasure_wav2vec2_large_ll60k_1663523076_BEST.pt
loss: 4.624084  [    0/  147]
Test Error: 
MSE: 148.867414
RMSE: 12.201123
MAE: 3.262454
R^2: -61.75387022544966
Saved PyTorch Model State to dimension_models/model_objects/IADS2007_pleasure_wav2vec2_large_ll60k_1663523076_BEST.pt
loss: 1.774998  [    0/  147]
Test Error: 
MSE: 621.188192
RMSE: 24.923647
MAE: 4.900845
R^2: -260.8569249046397
loss: 11.788025  [    0/  147]
Test Error: 
MSE: 1761.165657
RMSE: 41.966244
MAE: 6.423432
R^2: -741.4053281790814
loss: 28.101427  [    0/  147]
Test Error: 
MSE: 1335.532929
RMSE: 36.544944
MAE: 5.996832
R^2: -561.9832480384205
loss: 24.787758  [    0/  147]
Test Error: 
MSE: 971.814420
RMSE: 31.173938
MAE: 5.518012
R^2: -408.66061345444257
loss: 12.113468  [    0/  147]
Test Error: 
MSE: 154.813127
RMSE: 12.442392
MAE: 3.283646
R^2: -64.26023810303187
loss: 3.226188  [    0/  147]
Test Error: 
MSE: 64.139201
RMSE: 8.008695
MAE: 2.541326
R^2: -26.037368322517857
Saved PyTorch Model State to dimension_models/model_objects/IADS2007_pleasure_wav2vec2_large_ll60k_1663523076_BEST.pt
loss: 1.262998  [    0/  147]
Test Error: 
MSE: 257.256379
RMSE: 16.039214
MAE: 3.804110
R^2: -107.44437357497641
loss: 3.524691  [    0/  147]
Test Error: 
MSE: 97.775486
RMSE: 9.888149
MAE: 2.835389
R^2: -40.216475732430276
loss: 2.085115  [    0/  147]
Test Error: 
MSE: 50.194695
RMSE: 7.084821
MAE: 2.433825
R^2: -20.159173159569065
Saved PyTorch Model State to dimension_models/model_objects/IADS2007_pleasure_wav2vec2_large_ll60k_1663523076_BEST.pt
loss: 0.827103  [    0/  147]
Test Error: 
MSE: 100.620978
RMSE: 10.031001
MAE: 2.902212
R^2: -41.41597025392078
loss: 1.282053  [    0/  147]
Test Error: 
MSE: 69.776740
RMSE: 8.353247
MAE: 2.611017
R^2: -28.413828061876252
loss: 1.637817  [    0/  147]
Test Error: 
MSE: 40.943414
RMSE: 6.398704
MAE: 2.246647
R^2: -16.25936952739638
Saved PyTorch Model State to dimension_models/model_objects/IADS2007_pleasure_wav2vec2_large_ll60k_1663523076_BEST.pt
loss: 0.705426  [    0/  147]
Test Error: 
MSE: 108.363081
RMSE: 10.409759
MAE: 2.990683
R^2: -44.679591827651585
loss: 1.729123  [    0/  147]
Test Error: 
MSE: 40.334037
RMSE: 6.350908
MAE: 2.244756
R^2: -16.00249124475466
Saved PyTorch Model State to dimension_models/model_objects/IADS2007_pleasure_wav2vec2_large_ll60k_1663523076_BEST.pt
loss: 1.028546  [    0/  147]
Test Error: 
MSE: 44.156649
RMSE: 6.645047
MAE: 2.322671
R^2: -17.613883065601346
loss: 1.290168  [    0/  147]
Test Error: 
MSE: 37.213508
RMSE: 6.100288
MAE: 2.172254
R^2: -14.687057498387135
Saved PyTorch Model State to dimension_models/model_objects/IADS2007_pleasure_wav2vec2_large_ll60k_1663523076_BEST.pt
loss: 0.791654  [    0/  147]
Test Error: 
MSE: 91.827292
RMSE: 9.582656
MAE: 2.865515
R^2: -37.70906207308413
loss: 1.693862  [    0/  147]
Test Error: 
MSE: 62.828805
RMSE: 7.926462
MAE: 2.558294
R^2: -25.484981494511327
loss: 0.744499  [    0/  147]
Test Error: 
MSE: 41.158048
RMSE: 6.415454
MAE: 2.276552
R^2: -16.34984680921663
loss: 0.619977  [    0/  147]
Test Error: 
MSE: 75.945850
RMSE: 8.714692
MAE: 2.704148
R^2: -31.01436696077336
loss: 1.089481  [    0/  147]
Test Error: 
MSE: 63.759280
RMSE: 7.984941
MAE: 2.570905
R^2: -25.877215685517864
loss: 1.175357  [    0/  147]
Test Error: 
MSE: 39.675279
RMSE: 6.298832
MAE: 2.265817
R^2: -15.72479710566314
loss: 0.999580  [    0/  147]
Test Error: 
MSE: 34.499814
RMSE: 5.873654
MAE: 2.171331
R^2: -13.543121350579161
Saved PyTorch Model State to dimension_models/model_objects/IADS2007_pleasure_wav2vec2_large_ll60k_1663523076_BEST.pt
loss: 0.503898  [    0/  147]
Test Error: 
MSE: 38.783814
RMSE: 6.227665
MAE: 2.229586
R^2: -15.34900717379493
loss: 0.610841  [    0/  147]
Test Error: 
MSE: 38.460979
RMSE: 6.201692
MAE: 2.237876
R^2: -15.212918667779157
loss: 0.621046  [    0/  147]
Test Error: 
MSE: 32.552012
RMSE: 5.705437
MAE: 2.140692
R^2: -12.722041028640605
Saved PyTorch Model State to dimension_models/model_objects/IADS2007_pleasure_wav2vec2_large_ll60k_1663523076_BEST.pt
loss: 0.776965  [    0/  147]
Test Error: 
MSE: 32.376506
RMSE: 5.690036
MAE: 2.146009
R^2: -12.648057738051703
Saved PyTorch Model State to dimension_models/model_objects/IADS2007_pleasure_wav2vec2_large_ll60k_1663523076_BEST.pt
loss: 0.807694  [    0/  147]
Test Error: 
MSE: 33.577641
RMSE: 5.794622
MAE: 2.167306
R^2: -13.15438643471306
loss: 0.705380  [    0/  147]
Test Error: 
MSE: 78.935253
RMSE: 8.884551
MAE: 2.756221
R^2: -32.27452589433735
loss: 0.798180  [    0/  147]
Test Error: 
MSE: 44.129579
RMSE: 6.643010
MAE: 2.331402
R^2: -17.60247167520429
loss: 0.761701  [    0/  147]
Test Error: 
MSE: 49.046871
RMSE: 7.003347
MAE: 2.413258
R^2: -19.675317148771278
loss: 0.591755  [    0/  147]
Test Error: 
MSE: 53.773070
RMSE: 7.333012
MAE: 2.468562
R^2: -21.66760841181801
loss: 0.754280  [    0/  147]
Test Error: 
MSE: 30.121123
RMSE: 5.488271
MAE: 2.104897
R^2: -11.69731893938662
Saved PyTorch Model State to dimension_models/model_objects/IADS2007_pleasure_wav2vec2_large_ll60k_1663523076_BEST.pt
loss: 0.475818  [    0/  147]
Test Error: 
MSE: 32.992398
RMSE: 5.743901
MAE: 2.151139
R^2: -12.907682185962472
loss: 0.543025  [    0/  147]
Test Error: 
MSE: 32.622099
RMSE: 5.711576
MAE: 2.151641
R^2: -12.751585641155852
loss: 0.655107  [    0/  147]
Test Error: 
MSE: 50.157580
RMSE: 7.082202
MAE: 2.416027
R^2: -20.14352773182909
loss: 0.517351  [    0/  147]
Test Error: 
MSE: 33.782618
RMSE: 5.812282
MAE: 2.158398
R^2: -13.240793120695422
loss: 0.739732  [    0/  147]
Test Error: 
MSE: 31.112095
RMSE: 5.577822
MAE: 2.112531
R^2: -12.11505534602038
loss: 0.565752  [    0/  147]
Test Error: 
MSE: 27.795585
RMSE: 5.272152
MAE: 2.083436
R^2: -10.717006920850695
Saved PyTorch Model State to dimension_models/model_objects/IADS2007_pleasure_wav2vec2_large_ll60k_1663523076_BEST.pt
loss: 0.771034  [    0/  147]
Test Error: 
MSE: 27.744842
RMSE: 5.267337
MAE: 2.113381
R^2: -10.695616675716938
Saved PyTorch Model State to dimension_models/model_objects/IADS2007_pleasure_wav2vec2_large_ll60k_1663523076_BEST.pt
loss: 0.436069  [    0/  147]
Test Error: 
MSE: 28.400256
RMSE: 5.329189
MAE: 2.080263
R^2: -10.971901260214187
loss: 0.523399  [    0/  147]
Test Error: 
MSE: 28.483937
RMSE: 5.337035
MAE: 2.082531
R^2: -11.007176510073526
loss: 0.574234  [    0/  147]
Test Error: 
MSE: 27.980523
RMSE: 5.289662
MAE: 2.072149
R^2: -10.79496631873302
loss: 0.411890  [    0/  147]
Test Error: 
MSE: 26.442756
RMSE: 5.142252
MAE: 2.069514
R^2: -10.146732609740324
Saved PyTorch Model State to dimension_models/model_objects/IADS2007_pleasure_wav2vec2_large_ll60k_1663523076_BEST.pt
loss: 0.436972  [    0/  147]
Test Error: 
MSE: 26.367060
RMSE: 5.134887
MAE: 2.062389
R^2: -10.114823576005046
Saved PyTorch Model State to dimension_models/model_objects/IADS2007_pleasure_wav2vec2_large_ll60k_1663523076_BEST.pt
loss: 0.516121  [    0/  147]
Test Error: 
MSE: 25.837158
RMSE: 5.083026
MAE: 2.071197
R^2: -9.89144772871509
Saved PyTorch Model State to dimension_models/model_objects/IADS2007_pleasure_wav2vec2_large_ll60k_1663523076_BEST.pt
loss: 0.499908  [    0/  147]
Test Error: 
MSE: 25.428886
RMSE: 5.042706
MAE: 2.065316
R^2: -9.719344079221516
Saved PyTorch Model State to dimension_models/model_objects/IADS2007_pleasure_wav2vec2_large_ll60k_1663523076_BEST.pt
loss: 0.572499  [    0/  147]
Test Error: 
MSE: 32.842377
RMSE: 5.730827
MAE: 2.132880
R^2: -12.84444177582643
loss: 0.572669  [    0/  147]
Test Error: 
MSE: 30.088898
RMSE: 5.485335
MAE: 2.075661
R^2: -11.6837349022666
loss: 0.498824  [    0/  147]
Test Error: 
MSE: 26.145575
RMSE: 5.113274
MAE: 2.042177
R^2: -10.02145844821178
loss: 0.390422  [    0/  147]
Test Error: 
MSE: 26.975286
RMSE: 5.193774
MAE: 2.060200
R^2: -10.371216532687134
loss: 0.548591  [    0/  147]
Test Error: 
MSE: 35.151998
RMSE: 5.928912
MAE: 2.176691
R^2: -13.818044192603415
loss: 0.529042  [    0/  147]
Test Error: 
MSE: 38.606115
RMSE: 6.213382
MAE: 2.230134
R^2: -15.274099732467644
loss: 0.711217  [    0/  147]
Test Error: 
MSE: 46.604468
RMSE: 6.826747
MAE: 2.366972
R^2: -18.645741532943177
loss: 0.679069  [    0/  147]
Test Error: 
MSE: 39.728935
RMSE: 6.303089
MAE: 2.246713
R^2: -15.747415652555933
loss: 0.440151  [    0/  147]
Test Error: 
MSE: 52.214785
RMSE: 7.225980
MAE: 2.463342
R^2: -21.010725872553774
loss: 0.581472  [    0/  147]
Test Error: 
MSE: 50.327287
RMSE: 7.094173
MAE: 2.427853
R^2: -20.215066228083707
loss: 0.693440  [    0/  147]
Test Error: 
MSE: 61.778752
RMSE: 7.859946
MAE: 2.581677
R^2: -25.042339862855336
loss: 0.648606  [    0/  147]
Test Error: 
MSE: 50.532586
RMSE: 7.108628
MAE: 2.435538
R^2: -20.30160840018959
loss: 0.662307  [    0/  147]
Test Error: 
MSE: 27.059937
RMSE: 5.201917
MAE: 2.039915
R^2: -10.406900413924296
loss: 0.389173  [    0/  147]
Test Error: 
MSE: 25.870232
RMSE: 5.086279
MAE: 2.022635
R^2: -9.905389762991422
loss: 0.395689  [    0/  147]
Test Error: 
MSE: 44.417450
RMSE: 6.664642
MAE: 2.334249
R^2: -17.72382139912149
loss: 0.332688  [    0/  147]
Test Error: 
MSE: 95.543062
RMSE: 9.774613
MAE: 2.932494
R^2: -39.275415404421054
loss: 1.119205  [    0/  147]
Test Error: 
MSE: 42.706280
RMSE: 6.535004
MAE: 2.307808
R^2: -17.00249163105097
loss: 0.678020  [    0/  147]
Test Error: 
MSE: 22.694689
RMSE: 4.763894
MAE: 2.058452
R^2: -8.566765045594979
Saved PyTorch Model State to dimension_models/model_objects/IADS2007_pleasure_wav2vec2_large_ll60k_1663523076_BEST.pt
loss: 0.555261  [    0/  147]
Test Error: 
MSE: 32.351254
RMSE: 5.687816
MAE: 2.153425
R^2: -12.637412801634959
loss: 0.613249  [    0/  147]
Test Error: 
MSE: 25.714899
RMSE: 5.070986
MAE: 2.090880
R^2: -9.839910374038832
loss: 0.419803  [    0/  147]
Test Error: 
MSE: 25.933854
RMSE: 5.092529
MAE: 2.095940
R^2: -9.93220910166654
loss: 0.781758  [    0/  147]
Test Error: 
MSE: 23.455189
RMSE: 4.843056
MAE: 2.045111
R^2: -8.887347793156799
loss: 0.445681  [    0/  147]
Test Error: 
MSE: 36.978136
RMSE: 6.080965
MAE: 2.200653
R^2: -14.587838010927072
loss: 0.516057  [    0/  147]
Test Error: 
MSE: 37.873344
RMSE: 6.154132
MAE: 2.215113
R^2: -14.96520605002039
loss: 0.605598  [    0/  147]
Test Error: 
MSE: 22.228151
RMSE: 4.714674
MAE: 2.052164
R^2: -8.37009959762769
Saved PyTorch Model State to dimension_models/model_objects/IADS2007_pleasure_wav2vec2_large_ll60k_1663523076_BEST.pt
loss: 0.443136  [    0/  147]
Test Error: 
MSE: 66.506150
RMSE: 8.155130
MAE: 2.623925
R^2: -27.03513670432314
loss: 1.753603  [    0/  147]
Test Error: 
MSE: 41.620435
RMSE: 6.451390
MAE: 2.259580
R^2: -16.544762431821958
loss: 0.951008  [    0/  147]
Test Error: 
MSE: 54.685388
RMSE: 7.394957
MAE: 2.481494
R^2: -22.052189077472132
loss: 0.465113  [    0/  147]
Test Error: 
MSE: 174.945140
RMSE: 13.226683
MAE: 3.524110
R^2: -72.74672782978524
loss: 2.199915  [    0/  147]
Test Error: 
MSE: 114.516283
RMSE: 10.701228
MAE: 3.114743
R^2: -47.27342531829414
loss: 1.452450  [    0/  147]
Test Error: 
MSE: 20.184182
RMSE: 4.492681
MAE: 1.982281
R^2: -7.508481016993024
Saved PyTorch Model State to dimension_models/model_objects/IADS2007_pleasure_wav2vec2_large_ll60k_1663523076_BEST.pt
loss: 0.430371  [    0/  147]
Test Error: 
MSE: 123.058094
RMSE: 11.093155
MAE: 3.172089
R^2: -50.87415749441659
loss: 2.373278  [    0/  147]
Test Error: 
MSE: 35.952324
RMSE: 5.996026
MAE: 2.200241
R^2: -14.155415267188546
loss: 0.725196  [    0/  147]
Test Error: 
MSE: 30.009971
RMSE: 5.478136
MAE: 2.091318
R^2: -11.650463975733073
loss: 0.421977  [    0/  147]
Test Error: 
MSE: 46.507209
RMSE: 6.819619
MAE: 2.367482
R^2: -18.60474291722485
loss: 0.501061  [    0/  147]
Test Error: 
MSE: 63.660073
RMSE: 7.978726
MAE: 2.612779
R^2: -25.83539593486411
loss: 0.944080  [    0/  147]
Test Error: 
MSE: 25.280854
RMSE: 5.028007
MAE: 2.064969
R^2: -9.656942099887178
loss: 0.508672  [    0/  147]
Test Error: 
MSE: 23.611084
RMSE: 4.859124
MAE: 2.057163
R^2: -8.953064211779415
loss: 0.388804  [    0/  147]
Test Error: 
MSE: 22.019584
RMSE: 4.692503
MAE: 1.989924
R^2: -8.282179998201034
loss: 0.461643  [    0/  147]
Test Error: 
MSE: 22.404392
RMSE: 4.733328
MAE: 1.993022
R^2: -8.444392624519406
loss: 0.377799  [    0/  147]
Test Error: 
MSE: 22.274596
RMSE: 4.719597
MAE: 1.998408
R^2: -8.389678376974741
loss: 0.386708  [    0/  147]
Test Error: 
MSE: 49.161891
RMSE: 7.011554
MAE: 2.403109
R^2: -19.72380275341419
loss: 0.688616  [    0/  147]
Test Error: 
MSE: 36.727627
RMSE: 6.060332
MAE: 2.192320
R^2: -14.482237942716491
loss: 0.507832  [    0/  147]
Test Error: 
MSE: 53.560620
RMSE: 7.318512
MAE: 2.460869
R^2: -21.578051977401447
loss: 0.756014  [    0/  147]
Test Error: 
MSE: 26.467263
RMSE: 5.144634
MAE: 2.078709
R^2: -10.157063642577377
loss: 0.721858  [    0/  147]
Test Error: 
MSE: 143.610071
RMSE: 11.983742
MAE: 3.334803
R^2: -59.53767951084306
loss: 1.836010  [    0/  147]
Test Error: 
MSE: 53.710514
RMSE: 7.328746
MAE: 2.465581
R^2: -21.641238633907356
loss: 0.576345  [    0/  147]
Test Error: 
MSE: 43.458724
RMSE: 6.592323
MAE: 2.312903
R^2: -17.31967809934866
loss: 1.027273  [    0/  147]
Test Error: 
MSE: 21.270816
RMSE: 4.612030
MAE: 1.976802
R^2: -7.966542884309215
loss: 0.333224  [    0/  147]
Test Error: 
MSE: 20.354266
RMSE: 4.511570
MAE: 1.987306
R^2: -7.5801782894375584
loss: 0.289814  [    0/  147]
Test Error: 
MSE: 22.201267
RMSE: 4.711822
MAE: 1.971935
R^2: -8.358766760115941
loss: 0.324755  [    0/  147]
Test Error: 
MSE: 23.356190
RMSE: 4.832824
MAE: 2.054592
R^2: -8.845615567192079
loss: 0.654177  [    0/  147]
Test Error: 
MSE: 21.424844
RMSE: 4.628698
MAE: 2.033843
R^2: -8.03147185291036
loss: 0.343459  [    0/  147]
Test Error: 
MSE: 22.605161
RMSE: 4.754489
MAE: 1.964198
R^2: -8.529025224778351
loss: 0.335929  [    0/  147]
Test Error: 
MSE: 56.762378
RMSE: 7.534081
MAE: 2.512802
R^2: -22.927727462052804
loss: 0.640363  [    0/  147]
Test Error: 
MSE: 33.474367
RMSE: 5.785704
MAE: 2.169293
R^2: -13.110852437910117
loss: 0.957845  [    0/  147]
Test Error: 
MSE: 19.642266
RMSE: 4.431960
MAE: 1.995648
R^2: -7.280040461027175
Saved PyTorch Model State to dimension_models/model_objects/IADS2007_pleasure_wav2vec2_large_ll60k_1663523076_BEST.pt
loss: 0.369068  [    0/  147]
Test Error: 
MSE: 20.267038
RMSE: 4.501893
MAE: 1.992986
R^2: -7.543407999263357
loss: 0.344724  [    0/  147]
Test Error: 
MSE: 23.983923
RMSE: 4.897338
MAE: 1.995005
R^2: -9.110231463077016
loss: 0.283474  [    0/  147]
Test Error: 
MSE: 21.653638
RMSE: 4.653347
MAE: 2.030048
R^2: -8.127918332971513
loss: 0.505866  [    0/  147]
Test Error: 
MSE: 19.871039
RMSE: 4.457694
MAE: 1.990466
R^2: -7.376477832615148
loss: 0.403214  [    0/  147]
Test Error: 
MSE: 58.803794
RMSE: 7.668363
MAE: 2.533383
R^2: -23.78826998020269
loss: 0.398598  [    0/  147]
Test Error: 
MSE: 20.393296
RMSE: 4.515894
MAE: 2.008919
R^2: -7.596631110280038
loss: 0.335836  [    0/  147]
Test Error: 
MSE: 20.307615
RMSE: 4.506397
MAE: 2.005335
R^2: -7.560513124590667
loss: 0.390740  [    0/  147]
Test Error: 
MSE: 49.291500
RMSE: 7.020791
MAE: 2.393251
R^2: -19.778438611371687
loss: 0.461690  [    0/  147]
Test Error: 
MSE: 26.666280
RMSE: 5.163940
MAE: 2.092138
R^2: -10.24095764849884
loss: 0.570203  [    0/  147]
Test Error: 
MSE: 69.005154
RMSE: 8.306934
MAE: 2.649431
R^2: -28.088572073564155
loss: 0.590867  [    0/  147]
Test Error: 
MSE: 19.807691
RMSE: 4.450583
MAE: 1.989734
R^2: -7.349774206475301
loss: 0.333228  [    0/  147]
Test Error: 
MSE: 41.882156
RMSE: 6.471642
MAE: 2.292992
R^2: -16.655088548460363
loss: 0.460599  [    0/  147]
Test Error: 
MSE: 36.356059
RMSE: 6.029599
MAE: 2.182612
R^2: -14.325606572474575
loss: 0.410363  [    0/  147]
Test Error: 
MSE: 26.740685
RMSE: 5.171140
MAE: 2.092754
R^2: -10.272322240324687
loss: 0.511849  [    0/  147]
Test Error: 
MSE: 83.500862
RMSE: 9.137881
MAE: 2.824136
R^2: -34.19912218080836
loss: 0.559586  [    0/  147]
Test Error: 
MSE: 52.525519
RMSE: 7.247449
MAE: 2.437695
R^2: -21.14171315590219
loss: 0.534591  [    0/  147]
Test Error: 
MSE: 116.855015
RMSE: 10.809950
MAE: 3.094842
R^2: -48.25929887503388
loss: 2.619042  [    0/  147]
Test Error: 
MSE: 108.617950
RMSE: 10.421994
MAE: 3.057506
R^2: -44.787029891362636
loss: 1.056685  [    0/  147]
Test Error: 
MSE: 25.772365
RMSE: 5.076649
MAE: 2.082027
R^2: -9.864134936028828
loss: 0.457550  [    0/  147]
Test Error: 
MSE: 20.524914
RMSE: 4.530443
MAE: 2.006251
R^2: -7.652113704159863
loss: 0.433015  [    0/  147]
Test Error: 
MSE: 49.185779
RMSE: 7.013257
MAE: 2.375873
R^2: -19.733872785489776
loss: 0.455271  [    0/  147]
Test Error: 
MSE: 30.887148
RMSE: 5.557621
MAE: 2.164168
R^2: -12.020230544036298
loss: 0.854281  [    0/  147]
Test Error: 
MSE: 93.840783
RMSE: 9.687145
MAE: 2.928597
R^2: -38.557833233690175
loss: 1.108113  [    0/  147]
Test Error: 
MSE: 37.124484
RMSE: 6.092986
MAE: 2.249157
R^2: -14.649529970829347
loss: 0.765511  [    0/  147]
Test Error: 
MSE: 35.131335
RMSE: 5.927169
MAE: 2.181230
R^2: -13.809334067662084
loss: 0.363364  [    0/  147]
Test Error: 
MSE: 20.647969
RMSE: 4.544004
MAE: 2.006718
R^2: -7.703986487764729
loss: 0.321593  [    0/  147]
Test Error: 
MSE: 25.771839
RMSE: 5.076597
MAE: 2.067308
R^2: -9.86391322282816
loss: 0.578996  [    0/  147]
Test Error: 
MSE: 115.058342
RMSE: 10.726525
MAE: 3.127391
R^2: -47.50192572666593
loss: 1.171703  [    0/  147]
Test Error: 
MSE: 124.530738
RMSE: 11.159334
MAE: 3.183471
R^2: -51.49493890467476
loss: 2.588740  [    0/  147]
Test Error: 
MSE: 209.711941
RMSE: 14.481434
MAE: 3.712632
R^2: -87.40239519765937
loss: 2.394474  [    0/  147]
Test Error: 
MSE: 45.395107
RMSE: 6.737589
MAE: 2.356814
R^2: -18.135945094687248
loss: 0.867275  [    0/  147]
Test Error: 
MSE: 40.213930
RMSE: 6.341445
MAE: 2.266057
R^2: -15.951861087391872
loss: 0.476653  [    0/  147]
Test Error: 
MSE: 26.546626
RMSE: 5.152342
MAE: 2.040797
R^2: -10.19051842082991
loss: 0.377466  [    0/  147]
Test Error: 
MSE: 32.060441
RMSE: 5.662194
MAE: 2.171431
R^2: -12.514823049118396
loss: 0.593725  [    0/  147]
Test Error: 
MSE: 20.952165
RMSE: 4.577353
MAE: 2.004949
R^2: -7.832217837522764
loss: 0.467737  [    0/  147]
Test Error: 
MSE: 110.541450
RMSE: 10.513869
MAE: 3.092383
R^2: -45.597866153915504
loss: 1.271960  [    0/  147]
Test Error: 
MSE: 24.173430
RMSE: 4.916648
MAE: 2.062814
R^2: -9.190116599212873
loss: 0.559961  [    0/  147]
Test Error: 
MSE: 47.903324
RMSE: 6.921223
MAE: 2.374213
R^2: -19.193264064670988
loss: 0.595647  [    0/  147]
Test Error: 
MSE: 46.253012
RMSE: 6.800957
MAE: 2.369392
R^2: -18.497588284267515
loss: 0.952672  [    0/  147]
Test Error: 
MSE: 56.085207
RMSE: 7.489006
MAE: 2.470123
R^2: -22.642271558987733
loss: 0.505018  [    0/  147]
Test Error: 
MSE: 25.751444
RMSE: 5.074588
MAE: 2.083901
R^2: -9.85531561823039
loss: 0.483646  [    0/  147]
Test Error: 
MSE: 50.019957
RMSE: 7.072479
MAE: 2.406337
R^2: -20.08551351763331
loss: 0.492803  [    0/  147]
Test Error: 
MSE: 52.861321
RMSE: 7.270579
MAE: 2.463062
R^2: -21.28326781212671
loss: 1.002961  [    0/  147]
Test Error: 
MSE: 25.411080
RMSE: 5.040940
MAE: 2.010858
R^2: -9.711838170757952
loss: 0.314074  [    0/  147]
Test Error: 
MSE: 20.641586
RMSE: 4.543301
MAE: 1.998081
R^2: -7.701295688095119
loss: 0.280647  [    0/  147]
Test Error: 
MSE: 29.554695
RMSE: 5.436423
MAE: 2.090032
R^2: -11.458545773087396
loss: 0.258918  [    0/  147]
Test Error: 
MSE: 28.562299
RMSE: 5.344371
MAE: 2.130651
R^2: -11.040209054953552
loss: 0.445745  [    0/  147]
Test Error: 
MSE: 167.691719
RMSE: 12.949584
MAE: 3.485795
R^2: -69.6891061086835
loss: 2.015544  [    0/  147]
Test Error: 
MSE: 40.163506
RMSE: 6.337468
MAE: 2.289259
R^2: -15.930605589575446
loss: 0.736036  [    0/  147]
Test Error: 
MSE: 111.682389
RMSE: 10.567989
MAE: 3.092694
R^2: -46.07881984727902
loss: 1.159351  [    0/  147]
Test Error: 
MSE: 42.763166
RMSE: 6.539355
MAE: 2.325220
R^2: -17.0264712372727
loss: 0.935543  [    0/  147]
Test Error: 
MSE: 65.672811
RMSE: 8.103876
MAE: 2.606881
R^2: -26.683849303188524
loss: 0.552561  [    0/  147]
Test Error: 
MSE: 116.693617
RMSE: 10.802482
MAE: 3.145653
R^2: -48.191262913858665
loss: 1.815338  [    0/  147]
Test Error: 
MSE: 224.981001
RMSE: 14.999367
MAE: 3.786252
R^2: -93.83894575805473
loss: 3.176122  [    0/  147]
Test Error: 
MSE: 48.709256
RMSE: 6.979202
MAE: 2.405775
R^2: -19.532998030062853
loss: 1.006610  [    0/  147]
Test Error: 
MSE: 21.821318
RMSE: 4.671329
MAE: 2.001862
R^2: -8.198602517159975
loss: 0.308040  [    0/  147]
Test Error: 
MSE: 28.555892
RMSE: 5.343771
MAE: 2.059913
R^2: -11.03750828385211
loss: 0.244830  [    0/  147]
Test Error: 
MSE: 36.185669
RMSE: 6.015453
MAE: 2.224313
R^2: -14.253780133205424
loss: 0.969200  [    0/  147]
Test Error: 
MSE: 25.164503
RMSE: 5.016423
MAE: 1.987023
R^2: -9.607895283670212
loss: 0.274199  [    0/  147]
Test Error: 
MSE: 31.098906
RMSE: 5.576639
MAE: 2.163843
R^2: -12.10949557124208
loss: 0.718138  [    0/  147]
Test Error: 
MSE: 55.329061
RMSE: 7.438351
MAE: 2.466671
R^2: -22.32352405512212
loss: 0.545285  [    0/  147]
Test Error: 
MSE: 37.089970
RMSE: 6.090154
MAE: 2.245881
R^2: -14.634980815461672
loss: 0.649715  [    0/  147]
Test Error: 
MSE: 98.495307
RMSE: 9.924480
MAE: 2.948950
R^2: -40.51991061601054
loss: 1.108819  [    0/  147]
Test Error: 
MSE: 54.352995
RMSE: 7.372448
MAE: 2.430487
R^2: -21.912071114560987
loss: 0.706016  [    0/  147]
Test Error: 
MSE: 25.763559
RMSE: 5.075782
MAE: 2.058710
R^2: -9.860422810687245
loss: 0.261629  [    0/  147]
Test Error: 
MSE: 126.358733
RMSE: 11.240940
MAE: 3.221354
R^2: -52.26551544794305
loss: 1.180762  [    0/  147]
Test Error: 
MSE: 222.010153
RMSE: 14.900005
MAE: 3.778971
R^2: -92.58660823598392
loss: 4.014002  [    0/  147]
Test Error: 
MSE: 150.975766
RMSE: 12.287220
MAE: 3.390111
R^2: -62.64262931157146
loss: 1.659947  [    0/  147]
Test Error: 
MSE: 43.533385
RMSE: 6.597983
MAE: 2.342012
R^2: -17.351151062462815
loss: 0.847904  [    0/  147]
Test Error: 
MSE: 21.276754
RMSE: 4.612673
MAE: 2.009464
R^2: -7.969046014783677
loss: 0.422821  [    0/  147]
Test Error: 
MSE: 214.464395
RMSE: 14.644603
MAE: 3.739601
R^2: -89.40575435017614
loss: 2.508790  [    0/  147]
Test Error: 
MSE: 50.150489
RMSE: 7.081701
MAE: 2.438858
R^2: -20.140538211665064
loss: 0.687211  [    0/  147]
Test Error: 
MSE: 58.884715
RMSE: 7.673638
MAE: 2.528241
R^2: -23.822381683853983
loss: 0.779817  [    0/  147]
Test Error: 
MSE: 46.386219
RMSE: 6.810743
MAE: 2.358083
R^2: -18.55374050224879
loss: 0.394242  [    0/  147]
Test Error: 
MSE: 84.687123
RMSE: 9.202561
MAE: 2.832977
R^2: -34.699180871860726
loss: 1.802112  [    0/  147]
Test Error: 
MSE: 19.710348
RMSE: 4.439634
MAE: 1.975597
R^2: -7.308740025477109
loss: 0.273612  [    0/  147]
Test Error: 
MSE: 35.553222
RMSE: 5.962652
MAE: 2.204410
R^2: -13.987176838423347
loss: 0.344062  [    0/  147]
Test Error: 
MSE: 24.429928
RMSE: 4.942664
MAE: 2.056724
R^2: -9.298241206988955
loss: 0.486349  [    0/  147]
Test Error: 
MSE: 21.032188
RMSE: 4.586086
MAE: 1.945930
R^2: -7.865951117495783
loss: 0.216549  [    0/  147]
Test Error: 
MSE: 178.985112
RMSE: 13.378532
MAE: 3.553855
R^2: -74.44974581171445
loss: 1.953094  [    0/  147]
Test Error: 
MSE: 39.977626
RMSE: 6.322786
MAE: 2.286277
R^2: -15.852249161154841
loss: 1.109219  [    0/  147]
Test Error: 
MSE: 25.908675
RMSE: 5.090057
MAE: 2.068932
R^2: -9.92159529056303
loss: 0.388680  [    0/  147]
Test Error: 
MSE: 225.302802
RMSE: 15.010090
MAE: 3.790590
R^2: -93.97459801424174
loss: 2.726372  [    0/  147]
Test Error: 
MSE: 18.040081
RMSE: 4.247362
MAE: 1.923118
R^2: -6.604652140775607
Saved PyTorch Model State to dimension_models/model_objects/IADS2007_pleasure_wav2vec2_large_ll60k_1663523076_BEST.pt
loss: 0.339426  [    0/  147]
Test Error: 
MSE: 29.384989
RMSE: 5.420792
MAE: 2.148728
R^2: -11.387007459735711
loss: 0.584269  [    0/  147]
Test Error: 
MSE: 52.836070
RMSE: 7.268842
MAE: 2.448113
R^2: -21.272623817041534
loss: 1.221445  [    0/  147]
Test Error: 
MSE: 47.904155
RMSE: 6.921283
MAE: 2.386464
R^2: -19.19361444504739
loss: 0.547163  [    0/  147]
Test Error: 
MSE: 50.036103
RMSE: 7.073620
MAE: 2.415149
R^2: -20.092319853772793
loss: 0.728858  [    0/  147]
Test Error: 
MSE: 147.254039
RMSE: 12.134828
MAE: 3.355563
R^2: -61.07376515517786
loss: 1.943952  [    0/  147]
Test Error: 
MSE: 35.718687
RMSE: 5.976511
MAE: 2.216107
R^2: -14.0569274838476
loss: 0.283001  [    0/  147]
Test Error: 
MSE: 72.206534
RMSE: 8.497443
MAE: 2.723662
R^2: -29.438088048794864
loss: 1.425270  [    0/  147]
Test Error: 
MSE: 66.034067
RMSE: 8.126135
MAE: 2.644152
R^2: -26.836133779489945
loss: 0.423080  [    0/  147]
Test Error: 
MSE: 30.637146
RMSE: 5.535083
MAE: 2.086746
R^2: -11.914844602201994
loss: 0.309849  [    0/  147]
Test Error: 
MSE: 42.271618
RMSE: 6.501663
MAE: 2.321596
R^2: -16.819263386038212
loss: 0.789383  [    0/  147]
Test Error: 
MSE: 38.498436
RMSE: 6.204711
MAE: 2.236713
R^2: -15.228708479663961
loss: 0.158115  [    0/  147]
Test Error: 
MSE: 94.965298
RMSE: 9.745014
MAE: 2.961180
R^2: -39.03186334355329
loss: 0.654105  [    0/  147]
Test Error: 
MSE: 19.976093
RMSE: 4.469462
MAE: 1.990103
R^2: -7.420762730240879
loss: 0.439915  [    0/  147]
Test Error: 
MSE: 25.509930
RMSE: 5.050736
MAE: 2.077985
R^2: -9.75350741195603
loss: 0.481124  [    0/  147]
Test Error: 
MSE: 26.676596
RMSE: 5.164939
MAE: 2.006154
R^2: -10.245306200997698
loss: 0.236527  [    0/  147]
Test Error: 
MSE: 36.615424
RMSE: 6.051068
MAE: 2.249125
R^2: -14.434939802776865
loss: 0.674185  [    0/  147]
Test Error: 
MSE: 26.643783
RMSE: 5.161762
MAE: 2.097798
R^2: -10.231474014823633
loss: 0.445147  [    0/  147]
Test Error: 
MSE: 51.882072
RMSE: 7.202921
MAE: 2.442870
R^2: -20.87047345960685
loss: 0.455473  [    0/  147]
Test Error: 
MSE: 19.146011
RMSE: 4.375615
MAE: 1.897555
R^2: -7.070848100243355
loss: 0.198014  [    0/  147]
Test Error: 
MSE: 26.344153
RMSE: 5.132656
MAE: 2.009621
R^2: -10.105167575663158
loss: 0.233218  [    0/  147]
Test Error: 
MSE: 47.404406
RMSE: 6.885086
MAE: 2.412393
R^2: -18.98294918007822
loss: 0.946749  [    0/  147]
Test Error: 
MSE: 91.605550
RMSE: 9.571079
MAE: 2.913915
R^2: -37.615588560962856
loss: 1.833236  [    0/  147]
Test Error: 
MSE: 24.969592
RMSE: 4.996958
MAE: 2.069792
R^2: -9.525732258458058
loss: 0.465612  [    0/  147]
Test Error: 
MSE: 53.865307
RMSE: 7.339299
MAE: 2.472874
R^2: -21.70649046866852
loss: 0.605684  [    0/  147]
Test Error: 
MSE: 121.394084
RMSE: 11.017898
MAE: 3.187281
R^2: -50.17270752802788
loss: 1.112531  [    0/  147]
Test Error: 
MSE: 61.971732
RMSE: 7.872213
MAE: 2.564705
R^2: -25.123689133468066
loss: 0.641032  [    0/  147]
Test Error: 
MSE: 20.008148
RMSE: 4.473047
MAE: 1.922612
R^2: -7.4342752908928755
loss: 0.317057  [    0/  147]
Test Error: 
MSE: 26.433358
RMSE: 5.141338
MAE: 2.091048
R^2: -10.142771179887784
loss: 0.645511  [    0/  147]
Test Error: 
MSE: 18.739654
RMSE: 4.328932
MAE: 1.959480
R^2: -6.899551639905642
loss: 0.279674  [    0/  147]
Test Error: 
MSE: 34.289408
RMSE: 5.855716
MAE: 2.215206
R^2: -13.454426182050979
loss: 0.857326  [    0/  147]
Test Error: 
MSE: 29.639647
RMSE: 5.444231
MAE: 2.146557
R^2: -11.49435668060451
loss: 0.525940  [    0/  147]
Test Error: 
MSE: 27.259719
RMSE: 5.221084
MAE: 2.091146
R^2: -10.491117083227927
loss: 0.433684  [    0/  147]
Test Error: 
MSE: 39.451585
RMSE: 6.281050
MAE: 2.268488
R^2: -15.630500992343968
loss: 0.322406  [    0/  147]
Test Error: 
MSE: 26.449174
RMSE: 5.142876
MAE: 2.093881
R^2: -10.149438430063816
loss: 0.628752  [    0/  147]
Test Error: 
MSE: 264.218902
RMSE: 16.254812
MAE: 3.944900
R^2: -110.37936974709008
loss: 4.101746  [    0/  147]
Test Error: 
MSE: 47.834623
RMSE: 6.916258
MAE: 2.418209
R^2: -19.164303729640785
loss: 1.020448  [    0/  147]
Test Error: 
MSE: 78.840682
RMSE: 8.879228
MAE: 2.776069
R^2: -32.23466025981329
loss: 0.712977  [    0/  147]
Test Error: 
MSE: 151.722806
RMSE: 12.317581
MAE: 3.394221
R^2: -62.95753822755573
loss: 1.935978  [    0/  147]
Test Error: 
MSE: 609.492046
RMSE: 24.687893
MAE: 4.905690
R^2: -255.92650813128216
loss: 8.474604  [    0/  147]
Test Error: 
MSE: 471.421404
RMSE: 21.712241
MAE: 4.612470
R^2: -197.72393056274748
loss: 5.840621  [    0/  147]
Test Error: 
MSE: 168.662053
RMSE: 12.986996
MAE: 3.491309
R^2: -70.09814252380357
loss: 2.362915  [    0/  147]
Test Error: 
MSE: 331.579511
RMSE: 18.209325
MAE: 4.197532
R^2: -138.77469687956048
loss: 4.381828  [    0/  147]
Test Error: 
MSE: 437.826040
RMSE: 20.924293
MAE: 4.512713
R^2: -183.5620731540879
loss: 5.745810  [    0/  147]
Test Error: 
MSE: 894.709595
RMSE: 29.911697
MAE: 5.439140
R^2: -376.1576898403195
loss: 12.224280  [    0/  147]
Test Error: 
MSE: 157.006462
RMSE: 12.530222
MAE: 3.426689
R^2: -65.18482113504439
loss: 2.035272  [    0/  147]
Test Error: 
MSE: 107.274130
RMSE: 10.357323
MAE: 3.068598
R^2: -44.22055323034245
loss: 1.078242  [    0/  147]
Test Error: 
MSE: 47.323192
RMSE: 6.879185
MAE: 2.404894
R^2: -18.94871391538919
loss: 0.364502  [    0/  147]
Test Error: 
MSE: 112.463987
RMSE: 10.604904
MAE: 2.947402
R^2: -46.40829630293839
loss: 1.742625  [    0/  147]
Test Error: 
MSE: 29.606106
RMSE: 5.441149
MAE: 2.117883
R^2: -11.480217585347933
loss: 0.698576  [    0/  147]
Test Error: 
MSE: 18.734081
RMSE: 4.328288
MAE: 1.953917
R^2: -6.897202477000923
loss: 0.195911  [    0/  147]
Test Error: 
MSE: 43.610861
RMSE: 6.603852
MAE: 2.326913
R^2: -17.383810624861788
loss: 0.873529  [    0/  147]
Test Error: 
MSE: 32.011522
RMSE: 5.657873
MAE: 2.162748
R^2: -12.494201589058529
loss: 0.481977  [    0/  147]
Test Error: 
MSE: 29.087483
RMSE: 5.393281
MAE: 2.083148
R^2: -11.261596137647233
loss: 0.680370  [    0/  147]
Test Error: 
MSE: 34.083785
RMSE: 5.838132
MAE: 2.209922
R^2: -13.367747432794074
loss: 0.633767  [    0/  147]
Test Error: 
MSE: 44.350715
RMSE: 6.659633
MAE: 2.326231
R^2: -17.69568996228702
loss: 0.752480  [    0/  147]
Test Error: 
MSE: 38.897897
RMSE: 6.236818
MAE: 2.269897
R^2: -15.397097996519427
loss: 0.756752  [    0/  147]
Test Error: 
MSE: 18.437866
RMSE: 4.293934
MAE: 1.923252
R^2: -6.772335221757686
loss: 0.324175  [    0/  147]
Test Error: 
MSE: 112.679801
RMSE: 10.615074
MAE: 3.112783
R^2: -46.499270806365935
loss: 1.290871  [    0/  147]
Test Error: 
MSE: 68.050923
RMSE: 8.249298
MAE: 2.609933
R^2: -27.68632370036398
loss: 0.573989  [    0/  147]
Test Error: 
MSE: 21.490310
RMSE: 4.635764
MAE: 1.961340
R^2: -8.059068765934034
loss: 0.261377  [    0/  147]
Test Error: 
MSE: 96.317527
RMSE: 9.814149
MAE: 2.971839
R^2: -39.60188482457063
loss: 1.219344  [    0/  147]
Test Error: 
MSE: 40.965161
RMSE: 6.400403
MAE: 2.268285
R^2: -16.26853668673424
loss: 0.408251  [    0/  147]
Test Error: 
MSE: 18.411272
RMSE: 4.290836
MAE: 1.912901
R^2: -6.761124926137311
loss: 0.182199  [    0/  147]
Test Error: 
MSE: 53.473276
RMSE: 7.312542
MAE: 2.475487
R^2: -21.541232563246332
loss: 1.038839  [    0/  147]
Test Error: 
MSE: 49.533004
RMSE: 7.037969
MAE: 2.301436
R^2: -19.880242464836414
loss: 0.400087  [    0/  147]
Test Error: 
MSE: 43.442446
RMSE: 6.591088
MAE: 2.311987
R^2: -17.312816517170727
loss: 0.860229  [    0/  147]
Test Error: 
MSE: 33.674642
RMSE: 5.802986
MAE: 2.169134
R^2: -13.19527680239154
loss: 0.975384  [    0/  147]
Test Error: 
MSE: 18.326945
RMSE: 4.280998
MAE: 1.864095
R^2: -6.725577416910322
loss: 0.179864  [    0/  147]
Test Error: 
MSE: 279.543200
RMSE: 16.719545
MAE: 4.011398
R^2: -116.83920491809039
loss: 3.817585  [    0/  147]
Test Error: 
MSE: 58.439213
RMSE: 7.644554
MAE: 2.557240
R^2: -23.63458402635036
loss: 0.551825  [    0/  147]
Test Error: 
MSE: 21.119333
RMSE: 4.595578
MAE: 1.991726
R^2: -7.9026861682131795
loss: 0.391335  [    0/  147]
Test Error: 
MSE: 243.962423
RMSE: 15.619296
MAE: 3.858892
R^2: -101.84041233880636
loss: 4.531599  [    0/  147]
Test Error: 
MSE: 54.223676
RMSE: 7.363673
MAE: 2.478094
R^2: -21.85755800020635
loss: 0.407287  [    0/  147]
Test Error: 
MSE: 25.461879
RMSE: 5.045976
MAE: 2.077040
R^2: -9.733251697964759
loss: 0.475148  [    0/  147]
Test Error: 
MSE: 115.456208
RMSE: 10.745055
MAE: 3.132790
R^2: -47.66964295826901
loss: 1.086382  [    0/  147]
Test Error: 
MSE: 331.327373
RMSE: 18.202400
MAE: 4.177601
R^2: -138.6684099996037
loss: 4.753926  [    0/  147]
Test Error: 
MSE: 40.427074
RMSE: 6.358229
MAE: 2.263782
R^2: -16.04171045191578
loss: 0.427191  [    0/  147]
Test Error: 
MSE: 20.223386
RMSE: 4.497042
MAE: 1.948670
R^2: -7.525006876670494
loss: 0.476088  [    0/  147]
Test Error: 
MSE: 67.952908
RMSE: 8.243355
MAE: 2.674237
R^2: -27.645005914200976
loss: 1.381972  [    0/  147]
Test Error: 
MSE: 20.307133
RMSE: 4.506344
MAE: 1.956012
R^2: -7.56031005137528
loss: 0.342725  [    0/  147]
Test Error: 
MSE: 22.514638
RMSE: 4.744959
MAE: 2.021450
R^2: -8.490865955727731
loss: 0.311306  [    0/  147]
Test Error: 
MSE: 25.804174
RMSE: 5.079781
MAE: 2.078960
R^2: -9.877543608853191
loss: 0.540305  [    0/  147]
Test Error: 
MSE: 18.403835
RMSE: 4.289969
MAE: 1.860447
R^2: -6.757989611418774
loss: 0.206527  [    0/  147]
Test Error: 
MSE: 17.710621
RMSE: 4.208399
MAE: 1.889534
R^2: -6.4657707840813465
Saved PyTorch Model State to dimension_models/model_objects/IADS2007_pleasure_wav2vec2_large_ll60k_1663523076_BEST.pt
loss: 0.215569  [    0/  147]
Test Error: 
MSE: 40.137144
RMSE: 6.335388
MAE: 2.307612
R^2: -15.919492679723035
loss: 0.653637  [    0/  147]
Test Error: 
MSE: 53.941389
RMSE: 7.344480
MAE: 2.470336
R^2: -21.738561934918156
loss: 0.320639  [    0/  147]
Test Error: 
MSE: 88.493569
RMSE: 9.407102
MAE: 2.906508
R^2: -36.30375779687882
loss: 2.077181  [    0/  147]
Test Error: 
MSE: 283.692615
RMSE: 16.843177
MAE: 4.033007
R^2: -118.58835796586224
loss: 3.808347  [    0/  147]
Test Error: 
MSE: 51.300351
RMSE: 7.162426
MAE: 2.441505
R^2: -20.62525347407347
loss: 0.390374  [    0/  147]
Test Error: 
MSE: 59.566448
RMSE: 7.717930
MAE: 2.561105
R^2: -24.10976074913445
loss: 0.987194  [    0/  147]
Test Error: 
MSE: 32.945314
RMSE: 5.739801
MAE: 2.183790
R^2: -12.887834219660508
loss: 0.289661  [    0/  147]
Test Error: 
MSE: 1059.807470
RMSE: 32.554684
MAE: 5.673582
R^2: -445.75338156173746
loss: 17.510852  [    0/  147]
Test Error: 
MSE: 47.549704
RMSE: 6.895629
MAE: 2.416290
R^2: -19.044198222800006
loss: 0.907195  [    0/  147]
Test Error: 
MSE: 1379.861011
RMSE: 37.146480
MAE: 6.071850
R^2: -580.6693973826492
loss: 19.912019  [    0/  147]
Test Error: 
MSE: 342.579043
RMSE: 18.508891
MAE: 4.187054
R^2: -143.41146164711526
loss: 4.289929  [    0/  147]
Test Error: 
MSE: 348.946943
RMSE: 18.680122
MAE: 4.265741
R^2: -146.09579922494783
loss: 6.377913  [    0/  147]
Test Error: 
MSE: 907.391453
RMSE: 30.122939
MAE: 5.451488
R^2: -381.50362592046207
loss: 16.829694  [    0/  147]
Test Error: 
MSE: 167.006538
RMSE: 12.923101
MAE: 3.356629
R^2: -69.4002733111704
loss: 2.600669  [    0/  147]
Test Error: 
MSE: 100.469517
RMSE: 10.023448
MAE: 2.758619
R^2: -41.35212323149459
loss: 2.357701  [    0/  147]
Test Error: 
MSE: 94.216609
RMSE: 9.706524
MAE: 2.868463
R^2: -38.71625961097512
loss: 1.079775  [    0/  147]
Test Error: 
MSE: 563.871192
RMSE: 23.745972
MAE: 4.829297
R^2: -236.69540095801602
loss: 7.581664  [    0/  147]
Test Error: 
MSE: 326.908200
RMSE: 18.080603
MAE: 4.139788
R^2: -136.80554297486043
loss: 4.197689  [    0/  147]
Test Error: 
MSE: 113.043120
RMSE: 10.632174
MAE: 3.104108
R^2: -46.652425142356485
loss: 1.916729  [    0/  147]
Test Error: 
MSE: 128.812492
RMSE: 11.349559
MAE: 3.251680
R^2: -53.29987793648797
loss: 2.503304  [    0/  147]
Test Error: 
MSE: 158.403515
RMSE: 12.585846
MAE: 3.440038
R^2: -65.7737377908676
loss: 3.372896  [    0/  147]
Test Error: 
MSE: 21.183495
RMSE: 4.602553
MAE: 2.000073
R^2: -7.929733141601936
loss: 0.297410  [    0/  147]
Test Error: 
MSE: 60.220561
RMSE: 7.760191
MAE: 2.514671
R^2: -24.385496799936565
loss: 1.064441  [    0/  147]
Test Error: 
MSE: 40.863492
RMSE: 6.392456
MAE: 2.287237
R^2: -16.225679135093216
loss: 0.732210  [    0/  147]
Test Error: 
MSE: 234.171887
RMSE: 15.302676
MAE: 3.826768
R^2: -97.71329014406192
loss: 3.107719  [    0/  147]
Test Error: 
MSE: 44.102162
RMSE: 6.640946
MAE: 2.308295
R^2: -17.59091426603573
loss: 0.333732  [    0/  147]
Test Error: 
MSE: 68.297748
RMSE: 8.264245
MAE: 2.643442
R^2: -27.790370529412275
loss: 0.531102  [    0/  147]
Test Error: 
MSE: 32.916000
RMSE: 5.737247
MAE: 2.187595
R^2: -12.875477024277004
loss: 0.464208  [    0/  147]
Test Error: 
MSE: 47.318503
RMSE: 6.878845
MAE: 2.390556
R^2: -18.946737510284926
loss: 0.741785  [    0/  147]
Test Error: 
MSE: 17.127032
RMSE: 4.138482
MAE: 1.915591
R^2: -6.2197635358727
Saved PyTorch Model State to dimension_models/model_objects/IADS2007_pleasure_wav2vec2_large_ll60k_1663523076_BEST.pt
loss: 0.225965  [    0/  147]
Test Error: 
MSE: 23.782427
RMSE: 4.876723
MAE: 2.011756
R^2: -9.025292412296686
loss: 0.209354  [    0/  147]
Test Error: 
MSE: 330.120916
RMSE: 18.169230
MAE: 4.189124
R^2: -138.1598375216657
loss: 4.756254  [    0/  147]
Test Error: 
MSE: 578.796777
RMSE: 24.058196
MAE: 4.866716
R^2: -242.98716216573354
loss: 7.423054  [    0/  147]
Test Error: 
MSE: 211.493173
RMSE: 14.542805
MAE: 3.721436
R^2: -88.15325937450652
loss: 3.714837  [    0/  147]
Test Error: 
MSE: 721.719321
RMSE: 26.864834
MAE: 5.122113
R^2: -303.2350201344424
loss: 12.028336  [    0/  147]
Test Error: 
MSE: 477.632930
RMSE: 21.854815
MAE: 4.612057
R^2: -200.34234981198978
loss: 8.871201  [    0/  147]
Test Error: 
MSE: 489.814265
RMSE: 22.131748
MAE: 4.637175
R^2: -205.47729451606457
loss: 6.145420  [    0/  147]
Test Error: 
MSE: 1358.134155
RMSE: 36.852872
MAE: 6.051291
R^2: -571.5106146197818
loss: 18.190536  [    0/  147]
Test Error: 
MSE: 2175.404903
RMSE: 46.641236
MAE: 6.806124
R^2: -916.0245766355
loss: 32.559382  [    0/  147]
Test Error: 
MSE: 467.545245
RMSE: 21.622795
MAE: 4.604624
R^2: -196.08996671875406
loss: 6.388767  [    0/  147]
Test Error: 
MSE: 432.722639
RMSE: 20.801986
MAE: 4.512072
R^2: -181.41077505786646
loss: 5.589807  [    0/  147]
Test Error: 
MSE: 33.375146
RMSE: 5.777123
MAE: 2.140008
R^2: -13.069026322128327
loss: 0.272260  [    0/  147]
Test Error: 
MSE: 37.437921
RMSE: 6.118654
MAE: 2.226402
R^2: -14.781657009520272
loss: 0.978433  [    0/  147]
Test Error: 
MSE: 26.102411
RMSE: 5.109052
MAE: 2.108481
R^2: -10.00326321407002
loss: 0.345656  [    0/  147]
Test Error: 
MSE: 38.086965
RMSE: 6.171464
MAE: 2.248233
R^2: -15.055256293479577
loss: 0.923293  [    0/  147]
Test Error: 
MSE: 105.526055
RMSE: 10.272588
MAE: 2.967445
R^2: -43.48366616865626
loss: 2.028300  [    0/  147]
Test Error: 
MSE: 26.417047
RMSE: 5.139752
MAE: 2.087857
R^2: -10.13589548260552
loss: 0.489938  [    0/  147]
Test Error: 
MSE: 71.398344
RMSE: 8.449754
MAE: 2.639541
R^2: -29.097402112577676
loss: 1.323168  [    0/  147]
Test Error: 
MSE: 28.358991
RMSE: 5.325316
MAE: 2.137256
R^2: -10.95450619593215
loss: 0.127276  [    0/  147]
Test Error: 
MSE: 26.454986
RMSE: 5.143441
MAE: 2.052188
R^2: -10.151888183408948
loss: 0.181446  [    0/  147]
Test Error: 
MSE: 55.657758
RMSE: 7.460413
MAE: 2.472123
R^2: -22.46208362457855
loss: 1.202521  [    0/  147]
Test Error: 
MSE: 23.978576
RMSE: 4.896792
MAE: 2.059532
R^2: -9.107977238569523
loss: 0.308208  [    0/  147]
Test Error: 
MSE: 27.501574
RMSE: 5.244194
MAE: 2.127526
R^2: -10.59306904120441
loss: 0.362774  [    0/  147]
Test Error: 
MSE: 33.706548
RMSE: 5.805734
MAE: 2.198048
R^2: -13.208726162893068
loss: 0.557001  [    0/  147]
Test Error: 
MSE: 67.480811
RMSE: 8.214670
MAE: 2.646905
R^2: -27.4459972277228
loss: 1.252228  [    0/  147]
Test Error: 
MSE: 411.296418
RMSE: 20.280444
MAE: 4.438504
R^2: -172.3787227215318
loss: 5.364084  [    0/  147]
Test Error: 
MSE: 119.703549
RMSE: 10.940912
MAE: 3.133683
R^2: -49.4600759128697
loss: 1.386212  [    0/  147]
Test Error: 
MSE: 27.764219
RMSE: 5.269176
MAE: 2.090430
R^2: -10.703784761780222
loss: 0.551355  [    0/  147]
Test Error: 
MSE: 57.332303
RMSE: 7.571810
MAE: 2.515052
R^2: -23.16797486282714
loss: 1.329824  [    0/  147]
Test Error: 
MSE: 41.942576
RMSE: 6.476309
MAE: 2.262665
R^2: -16.680558069790006
loss: 0.545343  [    0/  147]
Test Error: 
MSE: 27.723220
RMSE: 5.265284
MAE: 2.097346
R^2: -10.686502202260353
loss: 0.170090  [    0/  147]
Test Error: 
MSE: 120.153307
RMSE: 10.961446
MAE: 3.157851
R^2: -49.649667650692884
loss: 1.476488  [    0/  147]
Test Error: 
MSE: 21.729414
RMSE: 4.661482
MAE: 1.979174
R^2: -8.159861031166589
loss: 0.225027  [    0/  147]
Test Error: 
MSE: 200.852436
RMSE: 14.172242
MAE: 3.656052
R^2: -83.66774132449291
loss: 2.416745  [    0/  147]
Test Error: 
MSE: 121.973066
RMSE: 11.044142
MAE: 3.167127
R^2: -50.4167727432768
loss: 1.325695  [    0/  147]
Test Error: 
MSE: 38.129038
RMSE: 6.174871
MAE: 2.264975
R^2: -15.072991566834695
loss: 0.659029  [    0/  147]
Test Error: 
MSE: 106.166805
RMSE: 10.303728
MAE: 3.051925
R^2: -43.753769355988624
loss: 1.109383  [    0/  147]
Test Error: 
MSE: 77.365428
RMSE: 8.795762
MAE: 2.722096
R^2: -31.612778786238046
loss: 1.078323  [    0/  147]
Test Error: 
MSE: 24.137184
RMSE: 4.912961
MAE: 2.088304
R^2: -9.174837354114311
loss: 0.306071  [    0/  147]
Test Error: 
MSE: 187.872595
RMSE: 13.706662
MAE: 3.592758
R^2: -78.19619308322412
loss: 3.704353  [    0/  147]
Test Error: 
MSE: 199.978936
RMSE: 14.141391
MAE: 3.608662
R^2: -83.29952459698328
loss: 1.921932  [    0/  147]
Test Error: 
MSE: 1507.186215
RMSE: 38.822496
MAE: 6.203184
R^2: -634.3423208919817
loss: 21.090540  [    0/  147]
Test Error: 
MSE: 564.945764
RMSE: 23.768588
MAE: 4.795579
R^2: -237.14837847782655
loss: 6.936881  [    0/  147]
Test Error: 
MSE: 145.420396
RMSE: 12.059038
MAE: 3.316860
R^2: -60.30080730033697
loss: 2.607159  [    0/  147]
Test Error: 
MSE: 583.066526
RMSE: 24.146771
MAE: 4.804149
R^2: -244.78704118041097
loss: 10.559283  [    0/  147]
Test Error: 
MSE: 29.130266
RMSE: 5.397246
MAE: 2.113156
R^2: -11.279631328012194
loss: 0.512898  [    0/  147]
Test Error: 
MSE: 392.120682
RMSE: 19.802037
MAE: 4.388800
R^2: -164.29534419599702
loss: 5.336531  [    0/  147]
Test Error: 
MSE: 50.940425
RMSE: 7.137256
MAE: 2.418256
R^2: -20.47352963312862
loss: 0.432561  [    0/  147]
Test Error: 
MSE: 302.254418
RMSE: 17.385466
MAE: 4.084104
R^2: -126.41293802198078
loss: 5.368781  [    0/  147]
Test Error: 
MSE: 112.153649
RMSE: 10.590262
MAE: 3.080673
R^2: -46.27747553005955
loss: 2.130570  [    0/  147]
Test Error: 
MSE: 60.805359
RMSE: 7.797779
MAE: 2.561820
R^2: -24.63201365650584
loss: 0.510285  [    0/  147]
Test Error: 
MSE: 501.077925
RMSE: 22.384770
MAE: 4.671029
R^2: -210.22540045987813
loss: 6.891773  [    0/  147]
Test Error: 
MSE: 234.061545
RMSE: 15.299070
MAE: 3.806864
R^2: -97.6667764170898
loss: 3.165979  [    0/  147]
Test Error: 
MSE: 221.984031
RMSE: 14.899129
MAE: 3.777266
R^2: -92.57559683634452
loss: 4.350335  [    0/  147]
Test Error: 
MSE: 145.356827
RMSE: 12.056402
MAE: 3.356811
R^2: -60.27401036587055
loss: 2.534208  [    0/  147]
Test Error: 
MSE: 580.202431
RMSE: 24.087392
MAE: 4.869745
R^2: -243.5797045246769
loss: 10.783914  [    0/  147]
Test Error: 
MSE: 30.275432
RMSE: 5.502312
MAE: 2.134018
R^2: -11.762366879921174
loss: 0.317340  [    0/  147]
Test Error: 
MSE: 157.533308
RMSE: 12.551227
MAE: 3.423233
R^2: -65.40690894575599
loss: 1.606763  [    0/  147]
Test Error: 
MSE: 595.273765
RMSE: 24.398233
MAE: 4.897690
R^2: -249.93290521820907
loss: 8.542951  [    0/  147]
Test Error: 
MSE: 51.186446
RMSE: 7.154470
MAE: 2.464076
R^2: -20.57723795111671
loss: 0.341186  [    0/  147]
Test Error: 
MSE: 58.059620
RMSE: 7.619686
MAE: 2.496625
R^2: -23.474569444109605
loss: 0.392072  [    0/  147]
Test Error: 
MSE: 46.128788
RMSE: 6.791818
MAE: 2.348784
R^2: -18.44522250742386
loss: 0.303381  [    0/  147]
Test Error: 
MSE: 104.231803
RMSE: 10.209398
MAE: 3.034504
R^2: -42.9380845526513
loss: 1.138277  [    0/  147]
Test Error: 
MSE: 108.379911
RMSE: 10.410567
MAE: 3.038471
R^2: -44.6866865736991
loss: 1.281303  [    0/  147]
Test Error: 
MSE: 120.631405
RMSE: 10.983233
MAE: 3.183081
R^2: -49.85120611388197
loss: 2.237495  [    0/  147]
Test Error: 
MSE: 49.224830
RMSE: 7.016041
MAE: 2.445777
R^2: -19.75033430718941
loss: 1.218997  [    0/  147]
Test Error: 
MSE: 29.362955
RMSE: 5.418760
MAE: 2.089535
R^2: -11.3777193739999
loss: 0.154255  [    0/  147]
Test Error: 
MSE: 120.995519
RMSE: 10.999796
MAE: 3.153103
R^2: -50.00469530011243
loss: 1.298025  [    0/  147]
Test Error: 
MSE: 149.351120
RMSE: 12.220930
MAE: 3.378690
R^2: -61.95777290566899
loss: 1.575361  [    0/  147]
Test Error: 
MSE: 276.715422
RMSE: 16.634765
MAE: 3.993608
R^2: -115.64717794182125
loss: 3.178639  [    0/  147]
Test Error: 
MSE: 31.623250
RMSE: 5.623455
MAE: 2.195421
R^2: -12.330528560077221
loss: 0.460411  [    0/  147]
Test Error: 
MSE: 540.767371
RMSE: 23.254405
MAE: 4.769580
R^2: -226.95616979092532
loss: 9.894387  [    0/  147]
Test Error: 
MSE: 321.017445
RMSE: 17.916960
MAE: 4.148628
R^2: -134.32234191727613
loss: 4.333271  [    0/  147]
Test Error: 
MSE: 64.815447
RMSE: 8.050804
MAE: 2.563809
R^2: -26.322434384953176
loss: 0.640532  [    0/  147]
Test Error: 
MSE: 94.706348
RMSE: 9.731719
MAE: 2.947104
R^2: -38.922705420471566
loss: 1.086107  [    0/  147]
Test Error: 
MSE: 80.824080
RMSE: 8.990221
MAE: 2.796386
R^2: -33.07074598023852
loss: 1.421283  [    0/  147]
Test Error: 
MSE: 119.549418
RMSE: 10.933866
MAE: 3.142870
R^2: -49.39510326770265
loss: 2.218567  [    0/  147]
Test Error: 
MSE: 261.679922
RMSE: 16.176524
MAE: 3.939027
R^2: -109.30908267761203
loss: 3.288199  [    0/  147]
Test Error: 
MSE: 548.399205
RMSE: 23.417925
MAE: 4.793314
R^2: -230.17330832230675
loss: 7.150982  [    0/  147]
Test Error: 
MSE: 230.307410
RMSE: 15.175882
MAE: 3.803964
R^2: -96.08425060963121
loss: 2.475616  [    0/  147]
Test Error: 
MSE: 199.524629
RMSE: 14.125319
MAE: 3.603503
R^2: -83.1080150795403
loss: 2.560932  [    0/  147]
Test Error: 
MSE: 25.773779
RMSE: 5.076788
MAE: 2.075648
R^2: -9.864731030676731
loss: 0.247131  [    0/  147]
Test Error: 
MSE: 637.978477
RMSE: 25.258236
MAE: 4.990086
R^2: -267.93473569315995
loss: 10.900796  [    0/  147]
Test Error: 
MSE: 57.833884
RMSE: 7.604859
MAE: 2.497072
R^2: -23.379412200718985
loss: 0.796283  [    0/  147]
Test Error: 
MSE: 42.078482
RMSE: 6.486793
MAE: 2.334051
R^2: -16.73784845717706
loss: 0.261843  [    0/  147]
Test Error: 
MSE: 190.762798
RMSE: 13.811691
MAE: 3.607074
R^2: -79.4145352953563
loss: 2.253138  [    0/  147]
Test Error: 
MSE: 20.334459
RMSE: 4.509375
MAE: 1.930656
R^2: -7.571829109499298
loss: 0.140008  [    0/  147]
Test Error: 
MSE: 238.200929
RMSE: 15.433759
MAE: 3.825621
R^2: -99.41170065144946
loss: 2.871346  [    0/  147]
Test Error: 
MSE: 26.789386
RMSE: 5.175846
MAE: 1.984819
R^2: -10.29285167468138
loss: 0.144596  [    0/  147]
Test Error: 
MSE: 122.716725
RMSE: 11.077758
MAE: 3.198524
R^2: -50.7302560256158
loss: 2.183771  [    0/  147]
Test Error: 
MSE: 53.379732
RMSE: 7.306143
MAE: 2.481082
R^2: -21.5018000954449
loss: 0.442059  [    0/  147]
Test Error: 
MSE: 368.562841
RMSE: 19.197991
MAE: 4.310581
R^2: -154.3647241846894
loss: 6.153601  [    0/  147]
Test Error: 
MSE: 1965.628219
RMSE: 44.335406
MAE: 6.640202
R^2: -827.5948894480301
loss: 29.976174  [    0/  147]
Test Error: 
MSE: 803.930298
RMSE: 28.353665
MAE: 5.255843
R^2: -337.8904014435487
loss: 11.804549  [    0/  147]
Test Error: 
MSE: 965.339842
RMSE: 31.069919
MAE: 5.506629
R^2: -405.93130651265966
loss: 14.132799  [    0/  147]
Test Error: 
MSE: 1766.913536
RMSE: 42.034671
MAE: 6.431689
R^2: -743.8283006991858
loss: 28.429083  [    0/  147]
Test Error: 
MSE: 848.310090
RMSE: 29.125763
MAE: 5.359100
R^2: -356.5983486043252
loss: 14.589978  [    0/  147]
Test Error: 
MSE: 486.471300
RMSE: 22.056094
MAE: 4.623866
R^2: -204.0680941299032
loss: 7.756182  [    0/  147]
Test Error: 
MSE: 223.937307
RMSE: 14.964535
MAE: 3.763106
R^2: -93.39898477714915
loss: 3.720675  [    0/  147]
Test Error: 
MSE: 42.372560
RMSE: 6.509421
MAE: 2.346800
R^2: -16.86181445194897
loss: 0.620889  [    0/  147]
Test Error: 
MSE: 119.857580
RMSE: 10.947949
MAE: 3.108370
R^2: -49.525006318173
loss: 2.163448  [    0/  147]
Test Error: 
MSE: 21.464464
RMSE: 4.632976
MAE: 1.939687
R^2: -8.04817348487538
loss: 0.127333  [    0/  147]
Test Error: 
MSE: 111.956589
RMSE: 10.580954
MAE: 3.092039
R^2: -46.19440678576011
loss: 0.943194  [    0/  147]
Test Error: 
MSE: 63.722386
RMSE: 7.982630
MAE: 2.576450
R^2: -25.86166335114353
loss: 0.587933  [    0/  147]
Test Error: 
MSE: 97.297837
RMSE: 9.863967
MAE: 2.943781
R^2: -40.01512659274572
loss: 1.602119  [    0/  147]
Test Error: 
MSE: 84.592076
RMSE: 9.197395
MAE: 2.836738
R^2: -34.659114550387194
loss: 1.707570  [    0/  147]
Test Error: 
MSE: 29.898178
RMSE: 5.467923
MAE: 2.165864
R^2: -11.603338236388204
loss: 0.509689  [    0/  147]
Test Error: 
MSE: 131.337173
RMSE: 11.460243
MAE: 3.250260
R^2: -54.36413712190883
loss: 1.448890  [    0/  147]
Test Error: 
MSE: 250.653789
RMSE: 15.832049
MAE: 3.888895
R^2: -104.66110440236662
loss: 3.185766  [    0/  147]
Test Error: 
MSE: 30.911752
RMSE: 5.559834
MAE: 2.047937
R^2: -12.030602385425997
loss: 0.273094  [    0/  147]
Test Error: 
MSE: 22.361112
RMSE: 4.728754
MAE: 1.922379
R^2: -8.426148183439816
loss: 0.145914  [    0/  147]
Test Error: 
MSE: 27.036242
RMSE: 5.199639
MAE: 2.095220
R^2: -10.3969119287924
loss: 0.420019  [    0/  147]
Test Error: 
MSE: 261.112368
RMSE: 16.158972
MAE: 3.922077
R^2: -109.06983492749525
loss: 5.022431  [    0/  147]
