Using learning rate: 0.0001
Using sequence aggregation method: mean
Using optimizer: adam
Using cpu device
DimensionPredictor(
  (softmax): Softmax(dim=0)
  (first_projection): Linear(in_features=768, out_features=256, bias=True)
  (second_projection): Linear(in_features=256, out_features=1, bias=True)
)
loss: 0.304079  [    0/ 1575]
loss: 0.147241  [  160/ 1575]
loss: 0.130593  [  320/ 1575]
loss: 0.078114  [  480/ 1575]
loss: 0.062690  [  640/ 1575]
loss: 0.042548  [  800/ 1575]
loss: 0.035632  [  960/ 1575]
loss: 0.032029  [ 1120/ 1575]
loss: 0.036454  [ 1280/ 1575]
loss: 0.035931  [ 1440/ 1575]
Test Error: 
MSE: 323.100601
RMSE: 17.974999
MAE: 4.016575
R^2: -0.010120970053453915
Saved PyTorch Model State to dimension_models/model_objects/morgan_emotional_speech_set_valence_wavlm_base_plus_1662057340_BEST.pt
loss: 0.033341  [    0/ 1575]
loss: 0.026038  [  160/ 1575]
loss: 0.028001  [  320/ 1575]
loss: 0.026576  [  480/ 1575]
loss: 0.024416  [  640/ 1575]
loss: 0.027104  [  800/ 1575]
loss: 0.023088  [  960/ 1575]
loss: 0.028182  [ 1120/ 1575]
loss: 0.032554  [ 1280/ 1575]
loss: 0.025373  [ 1440/ 1575]
Test Error: 
MSE: 270.655972
RMSE: 16.451625
MAE: 3.847912
R^2: 0.15383855242147337
Saved PyTorch Model State to dimension_models/model_objects/morgan_emotional_speech_set_valence_wavlm_base_plus_1662057340_BEST.pt
loss: 0.023942  [    0/ 1575]
loss: 0.024065  [  160/ 1575]
loss: 0.020034  [  320/ 1575]
loss: 0.022545  [  480/ 1575]
loss: 0.028851  [  640/ 1575]
loss: 0.030788  [  800/ 1575]
loss: 0.018739  [  960/ 1575]
loss: 0.020349  [ 1120/ 1575]
loss: 0.021831  [ 1280/ 1575]
loss: 0.015035  [ 1440/ 1575]
Test Error: 
MSE: 229.377461
RMSE: 15.145212
MAE: 3.684358
R^2: 0.2828890385661964
Saved PyTorch Model State to dimension_models/model_objects/morgan_emotional_speech_set_valence_wavlm_base_plus_1662057340_BEST.pt
loss: 0.026602  [    0/ 1575]
loss: 0.019655  [  160/ 1575]
loss: 0.024826  [  320/ 1575]
loss: 0.017337  [  480/ 1575]
loss: 0.020383  [  640/ 1575]
loss: 0.019549  [  800/ 1575]
loss: 0.023937  [  960/ 1575]
loss: 0.022271  [ 1120/ 1575]
loss: 0.021343  [ 1280/ 1575]
loss: 0.019780  [ 1440/ 1575]
Test Error: 
MSE: 197.370104
RMSE: 14.048847
MAE: 3.524458
R^2: 0.3829547831368928
Saved PyTorch Model State to dimension_models/model_objects/morgan_emotional_speech_set_valence_wavlm_base_plus_1662057340_BEST.pt
loss: 0.019490  [    0/ 1575]
loss: 0.018162  [  160/ 1575]
loss: 0.020201  [  320/ 1575]
loss: 0.017369  [  480/ 1575]
loss: 0.015030  [  640/ 1575]
loss: 0.020079  [  800/ 1575]
loss: 0.020570  [  960/ 1575]
loss: 0.012940  [ 1120/ 1575]
loss: 0.015153  [ 1280/ 1575]
loss: 0.011710  [ 1440/ 1575]
Test Error: 
MSE: 169.956219
RMSE: 13.036726
MAE: 3.364362
R^2: 0.4686597913817999
Saved PyTorch Model State to dimension_models/model_objects/morgan_emotional_speech_set_valence_wavlm_base_plus_1662057340_BEST.pt
loss: 0.013862  [    0/ 1575]
loss: 0.017461  [  160/ 1575]
loss: 0.010647  [  320/ 1575]
loss: 0.019002  [  480/ 1575]
loss: 0.013398  [  640/ 1575]
loss: 0.016332  [  800/ 1575]
loss: 0.016449  [  960/ 1575]
loss: 0.011979  [ 1120/ 1575]
loss: 0.017422  [ 1280/ 1575]
loss: 0.014622  [ 1440/ 1575]
Test Error: 
MSE: 146.425003
RMSE: 12.100620
MAE: 3.212286
R^2: 0.5422262757265964
Saved PyTorch Model State to dimension_models/model_objects/morgan_emotional_speech_set_valence_wavlm_base_plus_1662057340_BEST.pt
loss: 0.012344  [    0/ 1575]
loss: 0.010489  [  160/ 1575]
loss: 0.011807  [  320/ 1575]
loss: 0.011335  [  480/ 1575]
loss: 0.014065  [  640/ 1575]
loss: 0.019999  [  800/ 1575]
loss: 0.008942  [  960/ 1575]
loss: 0.011671  [ 1120/ 1575]
loss: 0.013424  [ 1280/ 1575]
loss: 0.011292  [ 1440/ 1575]
Test Error: 
MSE: 125.721246
RMSE: 11.212549
MAE: 3.052303
R^2: 0.60695317048556
Saved PyTorch Model State to dimension_models/model_objects/morgan_emotional_speech_set_valence_wavlm_base_plus_1662057340_BEST.pt
loss: 0.011189  [    0/ 1575]
loss: 0.014283  [  160/ 1575]
loss: 0.014114  [  320/ 1575]
loss: 0.011226  [  480/ 1575]
loss: 0.009807  [  640/ 1575]
loss: 0.008694  [  800/ 1575]
loss: 0.011109  [  960/ 1575]
loss: 0.005057  [ 1120/ 1575]
loss: 0.011876  [ 1280/ 1575]
loss: 0.010831  [ 1440/ 1575]
Test Error: 
MSE: 107.856735
RMSE: 10.385410
MAE: 2.917675
R^2: 0.6628036291367498
Saved PyTorch Model State to dimension_models/model_objects/morgan_emotional_speech_set_valence_wavlm_base_plus_1662057340_BEST.pt
loss: 0.012856  [    0/ 1575]
loss: 0.011433  [  160/ 1575]
loss: 0.008563  [  320/ 1575]
loss: 0.016057  [  480/ 1575]
loss: 0.009695  [  640/ 1575]
loss: 0.008974  [  800/ 1575]
loss: 0.008580  [  960/ 1575]
loss: 0.010920  [ 1120/ 1575]
loss: 0.009483  [ 1280/ 1575]
loss: 0.006106  [ 1440/ 1575]
Test Error: 
MSE: 95.015604
RMSE: 9.747595
MAE: 2.820827
R^2: 0.7029493187292517
Saved PyTorch Model State to dimension_models/model_objects/morgan_emotional_speech_set_valence_wavlm_base_plus_1662057340_BEST.pt
loss: 0.008147  [    0/ 1575]
loss: 0.007929  [  160/ 1575]
loss: 0.011195  [  320/ 1575]
loss: 0.007574  [  480/ 1575]
loss: 0.005940  [  640/ 1575]
loss: 0.005091  [  800/ 1575]
loss: 0.012243  [  960/ 1575]
loss: 0.009958  [ 1120/ 1575]
loss: 0.009106  [ 1280/ 1575]
loss: 0.009271  [ 1440/ 1575]
Test Error: 
MSE: 82.255157
RMSE: 9.069463
MAE: 2.713494
R^2: 0.7428427593484966
Saved PyTorch Model State to dimension_models/model_objects/morgan_emotional_speech_set_valence_wavlm_base_plus_1662057340_BEST.pt
loss: 0.006038  [    0/ 1575]
loss: 0.010431  [  160/ 1575]
loss: 0.009557  [  320/ 1575]
loss: 0.007216  [  480/ 1575]
loss: 0.004622  [  640/ 1575]
loss: 0.009539  [  800/ 1575]
loss: 0.005795  [  960/ 1575]
loss: 0.005498  [ 1120/ 1575]
loss: 0.008362  [ 1280/ 1575]
loss: 0.007748  [ 1440/ 1575]
Test Error: 
MSE: 73.199521
RMSE: 8.555672
MAE: 2.630538
R^2: 0.77115371987868
Saved PyTorch Model State to dimension_models/model_objects/morgan_emotional_speech_set_valence_wavlm_base_plus_1662057340_BEST.pt
loss: 0.009263  [    0/ 1575]
loss: 0.004748  [  160/ 1575]
loss: 0.008719  [  320/ 1575]
loss: 0.008306  [  480/ 1575]
loss: 0.006067  [  640/ 1575]
loss: 0.008282  [  800/ 1575]
loss: 0.006295  [  960/ 1575]
loss: 0.006305  [ 1120/ 1575]
loss: 0.006732  [ 1280/ 1575]
loss: 0.006555  [ 1440/ 1575]
Test Error: 
MSE: 68.396036
RMSE: 8.270190
MAE: 2.598906
R^2: 0.7861710247648799
Saved PyTorch Model State to dimension_models/model_objects/morgan_emotional_speech_set_valence_wavlm_base_plus_1662057340_BEST.pt
loss: 0.005956  [    0/ 1575]
loss: 0.004451  [  160/ 1575]
loss: 0.005479  [  320/ 1575]
loss: 0.008981  [  480/ 1575]
loss: 0.005488  [  640/ 1575]
loss: 0.008701  [  800/ 1575]
loss: 0.003466  [  960/ 1575]
loss: 0.006073  [ 1120/ 1575]
loss: 0.004351  [ 1280/ 1575]
loss: 0.006749  [ 1440/ 1575]
Test Error: 
MSE: 60.378106
RMSE: 7.770335
MAE: 2.508455
R^2: 0.8112377685040385
Saved PyTorch Model State to dimension_models/model_objects/morgan_emotional_speech_set_valence_wavlm_base_plus_1662057340_BEST.pt
loss: 0.007317  [    0/ 1575]
loss: 0.007093  [  160/ 1575]
loss: 0.006575  [  320/ 1575]
loss: 0.005202  [  480/ 1575]
loss: 0.004889  [  640/ 1575]
loss: 0.004757  [  800/ 1575]
loss: 0.006912  [  960/ 1575]
loss: 0.004582  [ 1120/ 1575]
loss: 0.005702  [ 1280/ 1575]
loss: 0.005171  [ 1440/ 1575]
Test Error: 
MSE: 55.535538
RMSE: 7.452217
MAE: 2.460775
R^2: 0.8263772606953351
Saved PyTorch Model State to dimension_models/model_objects/morgan_emotional_speech_set_valence_wavlm_base_plus_1662057340_BEST.pt
loss: 0.005035  [    0/ 1575]
loss: 0.003815  [  160/ 1575]
loss: 0.005377  [  320/ 1575]
loss: 0.004252  [  480/ 1575]
loss: 0.006057  [  640/ 1575]
loss: 0.005279  [  800/ 1575]
loss: 0.004787  [  960/ 1575]
loss: 0.005930  [ 1120/ 1575]
loss: 0.005547  [ 1280/ 1575]
loss: 0.005844  [ 1440/ 1575]
Test Error: 
MSE: 57.801255
RMSE: 7.602714
MAE: 2.488905
R^2: 0.8192938671804031
loss: 0.007037  [    0/ 1575]
loss: 0.002672  [  160/ 1575]
loss: 0.005791  [  320/ 1575]
loss: 0.006050  [  480/ 1575]
loss: 0.003253  [  640/ 1575]
loss: 0.003827  [  800/ 1575]
loss: 0.004673  [  960/ 1575]
loss: 0.005200  [ 1120/ 1575]
loss: 0.004827  [ 1280/ 1575]
loss: 0.004381  [ 1440/ 1575]
Test Error: 
MSE: 49.511642
RMSE: 7.036451
MAE: 2.395713
R^2: 0.8452099828720725
Saved PyTorch Model State to dimension_models/model_objects/morgan_emotional_speech_set_valence_wavlm_base_plus_1662057340_BEST.pt
loss: 0.004167  [    0/ 1575]
loss: 0.004919  [  160/ 1575]
loss: 0.005735  [  320/ 1575]
loss: 0.005322  [  480/ 1575]
loss: 0.004485  [  640/ 1575]
loss: 0.007114  [  800/ 1575]
loss: 0.004076  [  960/ 1575]
loss: 0.004125  [ 1120/ 1575]
loss: 0.004180  [ 1280/ 1575]
loss: 0.003633  [ 1440/ 1575]
Test Error: 
MSE: 45.506684
RMSE: 6.745864
MAE: 2.343821
R^2: 0.8577308255409165
Saved PyTorch Model State to dimension_models/model_objects/morgan_emotional_speech_set_valence_wavlm_base_plus_1662057340_BEST.pt
loss: 0.002759  [    0/ 1575]
loss: 0.005601  [  160/ 1575]
loss: 0.002353  [  320/ 1575]
loss: 0.004215  [  480/ 1575]
loss: 0.005572  [  640/ 1575]
loss: 0.004429  [  800/ 1575]
loss: 0.005211  [  960/ 1575]
loss: 0.007455  [ 1120/ 1575]
loss: 0.003352  [ 1280/ 1575]
loss: 0.003144  [ 1440/ 1575]
Test Error: 
MSE: 43.178713
RMSE: 6.571051
MAE: 2.311383
R^2: 0.8650088432426556
Saved PyTorch Model State to dimension_models/model_objects/morgan_emotional_speech_set_valence_wavlm_base_plus_1662057340_BEST.pt
loss: 0.004731  [    0/ 1575]
loss: 0.004404  [  160/ 1575]
loss: 0.004348  [  320/ 1575]
loss: 0.001857  [  480/ 1575]
loss: 0.002673  [  640/ 1575]
loss: 0.004020  [  800/ 1575]
loss: 0.003687  [  960/ 1575]
loss: 0.005675  [ 1120/ 1575]
loss: 0.003543  [ 1280/ 1575]
loss: 0.005169  [ 1440/ 1575]
Test Error: 
MSE: 46.171409
RMSE: 6.794955
MAE: 2.353626
R^2: 0.8556526734386422
loss: 0.005644  [    0/ 1575]
loss: 0.005639  [  160/ 1575]
loss: 0.004460  [  320/ 1575]
loss: 0.002755  [  480/ 1575]
loss: 0.003522  [  640/ 1575]
loss: 0.003390  [  800/ 1575]
loss: 0.003884  [  960/ 1575]
loss: 0.004311  [ 1120/ 1575]
loss: 0.004508  [ 1280/ 1575]
loss: 0.003728  [ 1440/ 1575]
Test Error: 
MSE: 41.638425
RMSE: 6.452784
MAE: 2.290267
R^2: 0.8698243037630827
Saved PyTorch Model State to dimension_models/model_objects/morgan_emotional_speech_set_valence_wavlm_base_plus_1662057340_BEST.pt
loss: 0.002322  [    0/ 1575]
loss: 0.003355  [  160/ 1575]
loss: 0.004253  [  320/ 1575]
loss: 0.003339  [  480/ 1575]
loss: 0.003440  [  640/ 1575]
loss: 0.002559  [  800/ 1575]
loss: 0.003397  [  960/ 1575]
loss: 0.003557  [ 1120/ 1575]
loss: 0.002380  [ 1280/ 1575]
loss: 0.003575  [ 1440/ 1575]
Test Error: 
MSE: 38.706641
RMSE: 6.221466
MAE: 2.245002
R^2: 0.8789900446114923
Saved PyTorch Model State to dimension_models/model_objects/morgan_emotional_speech_set_valence_wavlm_base_plus_1662057340_BEST.pt
loss: 0.003462  [    0/ 1575]
loss: 0.003172  [  160/ 1575]
loss: 0.004080  [  320/ 1575]
loss: 0.003179  [  480/ 1575]
loss: 0.001829  [  640/ 1575]
loss: 0.002966  [  800/ 1575]
loss: 0.002989  [  960/ 1575]
loss: 0.004909  [ 1120/ 1575]
loss: 0.001935  [ 1280/ 1575]
loss: 0.002994  [ 1440/ 1575]
Test Error: 
MSE: 38.201218
RMSE: 6.180713
MAE: 2.236193
R^2: 0.8805701654878434
Saved PyTorch Model State to dimension_models/model_objects/morgan_emotional_speech_set_valence_wavlm_base_plus_1662057340_BEST.pt
loss: 0.005189  [    0/ 1575]
loss: 0.004519  [  160/ 1575]
loss: 0.006240  [  320/ 1575]
loss: 0.004931  [  480/ 1575]
loss: 0.003909  [  640/ 1575]
loss: 0.002409  [  800/ 1575]
loss: 0.003969  [  960/ 1575]
loss: 0.002706  [ 1120/ 1575]
loss: 0.003162  [ 1280/ 1575]
loss: 0.004051  [ 1440/ 1575]
Test Error: 
MSE: 36.023614
RMSE: 6.001968
MAE: 2.196499
R^2: 0.8873780869423991
Saved PyTorch Model State to dimension_models/model_objects/morgan_emotional_speech_set_valence_wavlm_base_plus_1662057340_BEST.pt
loss: 0.003619  [    0/ 1575]
loss: 0.002479  [  160/ 1575]
loss: 0.002159  [  320/ 1575]
loss: 0.003366  [  480/ 1575]
loss: 0.002998  [  640/ 1575]
loss: 0.004041  [  800/ 1575]
loss: 0.002631  [  960/ 1575]
loss: 0.002427  [ 1120/ 1575]
loss: 0.003354  [ 1280/ 1575]
loss: 0.002666  [ 1440/ 1575]
Test Error: 
MSE: 35.715854
RMSE: 5.976274
MAE: 2.196447
R^2: 0.888340248449945
Saved PyTorch Model State to dimension_models/model_objects/morgan_emotional_speech_set_valence_wavlm_base_plus_1662057340_BEST.pt
loss: 0.002613  [    0/ 1575]
loss: 0.002682  [  160/ 1575]
loss: 0.004187  [  320/ 1575]
loss: 0.002329  [  480/ 1575]
loss: 0.003001  [  640/ 1575]
loss: 0.002609  [  800/ 1575]
loss: 0.002219  [  960/ 1575]
loss: 0.003294  [ 1120/ 1575]
loss: 0.003650  [ 1280/ 1575]
loss: 0.003096  [ 1440/ 1575]
Test Error: 
MSE: 36.549217
RMSE: 6.045595
MAE: 2.210699
R^2: 0.8857348764616291
loss: 0.002558  [    0/ 1575]
loss: 0.003190  [  160/ 1575]
loss: 0.004780  [  320/ 1575]
loss: 0.004263  [  480/ 1575]
loss: 0.003083  [  640/ 1575]
loss: 0.001974  [  800/ 1575]
loss: 0.003127  [  960/ 1575]
loss: 0.002786  [ 1120/ 1575]
loss: 0.003310  [ 1280/ 1575]
loss: 0.003949  [ 1440/ 1575]
Test Error: 
MSE: 34.580924
RMSE: 5.880555
MAE: 2.174596
R^2: 0.8918884188660243
Saved PyTorch Model State to dimension_models/model_objects/morgan_emotional_speech_set_valence_wavlm_base_plus_1662057340_BEST.pt
loss: 0.002927  [    0/ 1575]
loss: 0.004116  [  160/ 1575]
loss: 0.003814  [  320/ 1575]
loss: 0.003948  [  480/ 1575]
loss: 0.002228  [  640/ 1575]
loss: 0.003373  [  800/ 1575]
loss: 0.002489  [  960/ 1575]
loss: 0.005218  [ 1120/ 1575]
loss: 0.002942  [ 1280/ 1575]
loss: 0.002356  [ 1440/ 1575]
Test Error: 
MSE: 34.427987
RMSE: 5.867537
MAE: 2.173247
R^2: 0.8923665529843321
Saved PyTorch Model State to dimension_models/model_objects/morgan_emotional_speech_set_valence_wavlm_base_plus_1662057340_BEST.pt
loss: 0.002624  [    0/ 1575]
loss: 0.003869  [  160/ 1575]
loss: 0.002312  [  320/ 1575]
loss: 0.002151  [  480/ 1575]
loss: 0.003639  [  640/ 1575]
loss: 0.003792  [  800/ 1575]
loss: 0.004917  [  960/ 1575]
loss: 0.002822  [ 1120/ 1575]
loss: 0.002998  [ 1280/ 1575]
loss: 0.002926  [ 1440/ 1575]
Test Error: 
MSE: 32.918218
RMSE: 5.737440
MAE: 2.142366
R^2: 0.8970865972504145
Saved PyTorch Model State to dimension_models/model_objects/morgan_emotional_speech_set_valence_wavlm_base_plus_1662057340_BEST.pt
loss: 0.002821  [    0/ 1575]
loss: 0.003791  [  160/ 1575]
loss: 0.002556  [  320/ 1575]
loss: 0.004123  [  480/ 1575]
loss: 0.004036  [  640/ 1575]
loss: 0.002611  [  800/ 1575]
loss: 0.002479  [  960/ 1575]
loss: 0.003581  [ 1120/ 1575]
loss: 0.002143  [ 1280/ 1575]
loss: 0.002677  [ 1440/ 1575]
Test Error: 
MSE: 33.445109
RMSE: 5.783175
MAE: 2.153325
R^2: 0.8954393588043532
loss: 0.002064  [    0/ 1575]
loss: 0.002616  [  160/ 1575]
loss: 0.002977  [  320/ 1575]
loss: 0.002963  [  480/ 1575]
loss: 0.003410  [  640/ 1575]
loss: 0.001347  [  800/ 1575]
loss: 0.003617  [  960/ 1575]
loss: 0.002597  [ 1120/ 1575]
loss: 0.003609  [ 1280/ 1575]
loss: 0.002955  [ 1440/ 1575]
Test Error: 
MSE: 32.178564
RMSE: 5.672615
MAE: 2.132814
R^2: 0.8993990052274353
Saved PyTorch Model State to dimension_models/model_objects/morgan_emotional_speech_set_valence_wavlm_base_plus_1662057340_BEST.pt
loss: 0.003468  [    0/ 1575]
loss: 0.003109  [  160/ 1575]
loss: 0.002782  [  320/ 1575]
loss: 0.003496  [  480/ 1575]
loss: 0.002286  [  640/ 1575]
loss: 0.002852  [  800/ 1575]
loss: 0.002951  [  960/ 1575]
loss: 0.001437  [ 1120/ 1575]
loss: 0.003198  [ 1280/ 1575]
loss: 0.002127  [ 1440/ 1575]
Test Error: 
MSE: 33.202285
RMSE: 5.762142
MAE: 2.150909
R^2: 0.896198509127783
loss: 0.001666  [    0/ 1575]
loss: 0.003085  [  160/ 1575]
loss: 0.002966  [  320/ 1575]
loss: 0.001858  [  480/ 1575]
loss: 0.003243  [  640/ 1575]
loss: 0.002820  [  800/ 1575]
loss: 0.002174  [  960/ 1575]
loss: 0.003855  [ 1120/ 1575]
loss: 0.001876  [ 1280/ 1575]
loss: 0.003178  [ 1440/ 1575]
Test Error: 
MSE: 32.423280
RMSE: 5.694144
MAE: 2.136574
R^2: 0.8986339391285707
loss: 0.002550  [    0/ 1575]
loss: 0.004049  [  160/ 1575]
loss: 0.001606  [  320/ 1575]
loss: 0.003490  [  480/ 1575]
loss: 0.002063  [  640/ 1575]
loss: 0.002339  [  800/ 1575]
loss: 0.003486  [  960/ 1575]
loss: 0.002596  [ 1120/ 1575]
loss: 0.002922  [ 1280/ 1575]
loss: 0.002204  [ 1440/ 1575]
Test Error: 
MSE: 30.934028
RMSE: 5.561837
MAE: 2.110861
R^2: 0.903289842216944
Saved PyTorch Model State to dimension_models/model_objects/morgan_emotional_speech_set_valence_wavlm_base_plus_1662057340_BEST.pt
loss: 0.002503  [    0/ 1575]
loss: 0.003111  [  160/ 1575]
loss: 0.004062  [  320/ 1575]
loss: 0.002507  [  480/ 1575]
loss: 0.002230  [  640/ 1575]
loss: 0.003062  [  800/ 1575]
loss: 0.002874  [  960/ 1575]
loss: 0.002646  [ 1120/ 1575]
loss: 0.003207  [ 1280/ 1575]
loss: 0.002392  [ 1440/ 1575]
Test Error: 
MSE: 30.593635
RMSE: 5.531151
MAE: 2.101586
R^2: 0.9043540231636662
Saved PyTorch Model State to dimension_models/model_objects/morgan_emotional_speech_set_valence_wavlm_base_plus_1662057340_BEST.pt
loss: 0.002353  [    0/ 1575]
loss: 0.003398  [  160/ 1575]
loss: 0.002311  [  320/ 1575]
loss: 0.003516  [  480/ 1575]
loss: 0.003582  [  640/ 1575]
loss: 0.002171  [  800/ 1575]
loss: 0.001361  [  960/ 1575]
loss: 0.002771  [ 1120/ 1575]
loss: 0.003252  [ 1280/ 1575]
loss: 0.002472  [ 1440/ 1575]
Test Error: 
MSE: 31.854048
RMSE: 5.643939
MAE: 2.127139
R^2: 0.9004135499262644
loss: 0.002392  [    0/ 1575]
loss: 0.001856  [  160/ 1575]
loss: 0.003216  [  320/ 1575]
loss: 0.001843  [  480/ 1575]
loss: 0.002818  [  640/ 1575]
loss: 0.001876  [  800/ 1575]
loss: 0.002918  [  960/ 1575]
loss: 0.003923  [ 1120/ 1575]
loss: 0.002184  [ 1280/ 1575]
loss: 0.002563  [ 1440/ 1575]
Test Error: 
MSE: 30.762006
RMSE: 5.546351
MAE: 2.101614
R^2: 0.9038276398656427
loss: 0.002098  [    0/ 1575]
loss: 0.002546  [  160/ 1575]
loss: 0.003345  [  320/ 1575]
loss: 0.003750  [  480/ 1575]
loss: 0.001793  [  640/ 1575]
loss: 0.002162  [  800/ 1575]
loss: 0.003176  [  960/ 1575]
loss: 0.003884  [ 1120/ 1575]
loss: 0.001890  [ 1280/ 1575]
loss: 0.001561  [ 1440/ 1575]
Test Error: 
MSE: 29.887471
RMSE: 5.466943
MAE: 2.070068
R^2: 0.9065617296812626
Saved PyTorch Model State to dimension_models/model_objects/morgan_emotional_speech_set_valence_wavlm_base_plus_1662057340_BEST.pt
loss: 0.001861  [    0/ 1575]
loss: 0.002786  [  160/ 1575]
loss: 0.001678  [  320/ 1575]
loss: 0.002053  [  480/ 1575]
loss: 0.002790  [  640/ 1575]
loss: 0.002353  [  800/ 1575]
loss: 0.002338  [  960/ 1575]
loss: 0.003535  [ 1120/ 1575]
loss: 0.003239  [ 1280/ 1575]
loss: 0.002502  [ 1440/ 1575]
Test Error: 
MSE: 31.442967
RMSE: 5.607403
MAE: 2.115973
R^2: 0.9016987262287048
loss: 0.002810  [    0/ 1575]
loss: 0.004125  [  160/ 1575]
loss: 0.002254  [  320/ 1575]
loss: 0.001383  [  480/ 1575]
loss: 0.002430  [  640/ 1575]
loss: 0.002019  [  800/ 1575]
loss: 0.002976  [  960/ 1575]
loss: 0.002636  [ 1120/ 1575]
loss: 0.002027  [ 1280/ 1575]
loss: 0.003208  [ 1440/ 1575]
Test Error: 
MSE: 32.117796
RMSE: 5.667256
MAE: 2.124197
R^2: 0.8995889848274174
loss: 0.002038  [    0/ 1575]
loss: 0.003351  [  160/ 1575]
loss: 0.002362  [  320/ 1575]
loss: 0.003905  [  480/ 1575]
loss: 0.002950  [  640/ 1575]
loss: 0.001556  [  800/ 1575]
loss: 0.002926  [  960/ 1575]
loss: 0.002489  [ 1120/ 1575]
loss: 0.000979  [ 1280/ 1575]
loss: 0.002881  [ 1440/ 1575]
Test Error: 
MSE: 29.078915
RMSE: 5.392487
MAE: 2.055596
R^2: 0.9090895476138277
Saved PyTorch Model State to dimension_models/model_objects/morgan_emotional_speech_set_valence_wavlm_base_plus_1662057340_BEST.pt
loss: 0.002200  [    0/ 1575]
loss: 0.003789  [  160/ 1575]
loss: 0.001515  [  320/ 1575]
loss: 0.002623  [  480/ 1575]
loss: 0.001066  [  640/ 1575]
loss: 0.002742  [  800/ 1575]
loss: 0.002130  [  960/ 1575]
loss: 0.002254  [ 1120/ 1575]
loss: 0.003225  [ 1280/ 1575]
loss: 0.003157  [ 1440/ 1575]
Test Error: 
MSE: 29.197449
RMSE: 5.403466
MAE: 2.074067
R^2: 0.908718971925348
loss: 0.002904  [    0/ 1575]
loss: 0.002197  [  160/ 1575]
loss: 0.002029  [  320/ 1575]
loss: 0.001928  [  480/ 1575]
loss: 0.002098  [  640/ 1575]
loss: 0.002418  [  800/ 1575]
loss: 0.001495  [  960/ 1575]
loss: 0.003099  [ 1120/ 1575]
loss: 0.002551  [ 1280/ 1575]
loss: 0.002460  [ 1440/ 1575]
Test Error: 
MSE: 28.589966
RMSE: 5.346959
MAE: 2.056853
R^2: 0.9106181654008274
Saved PyTorch Model State to dimension_models/model_objects/morgan_emotional_speech_set_valence_wavlm_base_plus_1662057340_BEST.pt
loss: 0.002184  [    0/ 1575]
loss: 0.002388  [  160/ 1575]
loss: 0.002591  [  320/ 1575]
loss: 0.002247  [  480/ 1575]
loss: 0.002153  [  640/ 1575]
loss: 0.001391  [  800/ 1575]
loss: 0.003371  [  960/ 1575]
loss: 0.002501  [ 1120/ 1575]
loss: 0.002160  [ 1280/ 1575]
loss: 0.001794  [ 1440/ 1575]
Test Error: 
MSE: 31.435713
RMSE: 5.606756
MAE: 2.112107
R^2: 0.9017214059267715
loss: 0.002466  [    0/ 1575]
loss: 0.001544  [  160/ 1575]
loss: 0.002035  [  320/ 1575]
loss: 0.003236  [  480/ 1575]
loss: 0.002265  [  640/ 1575]
loss: 0.002901  [  800/ 1575]
loss: 0.003051  [  960/ 1575]
loss: 0.002462  [ 1120/ 1575]
loss: 0.002264  [ 1280/ 1575]
loss: 0.002151  [ 1440/ 1575]
Test Error: 
MSE: 32.396967
RMSE: 5.691833
MAE: 2.131933
R^2: 0.8987162036822641
loss: 0.002021  [    0/ 1575]
loss: 0.002058  [  160/ 1575]
loss: 0.001841  [  320/ 1575]
loss: 0.002562  [  480/ 1575]
loss: 0.002582  [  640/ 1575]
loss: 0.003052  [  800/ 1575]
loss: 0.003431  [  960/ 1575]
loss: 0.001565  [ 1120/ 1575]
loss: 0.002369  [ 1280/ 1575]
loss: 0.004076  [ 1440/ 1575]
Test Error: 
MSE: 27.994194
RMSE: 5.290954
MAE: 2.036889
R^2: 0.9124807509295507
Saved PyTorch Model State to dimension_models/model_objects/morgan_emotional_speech_set_valence_wavlm_base_plus_1662057340_BEST.pt
loss: 0.002049  [    0/ 1575]
loss: 0.002831  [  160/ 1575]
loss: 0.002870  [  320/ 1575]
loss: 0.001895  [  480/ 1575]
loss: 0.001624  [  640/ 1575]
loss: 0.002140  [  800/ 1575]
loss: 0.002765  [  960/ 1575]
loss: 0.002213  [ 1120/ 1575]
loss: 0.002433  [ 1280/ 1575]
loss: 0.002358  [ 1440/ 1575]
Test Error: 
MSE: 28.045864
RMSE: 5.295835
MAE: 2.041840
R^2: 0.9123192121708952
loss: 0.002138  [    0/ 1575]
loss: 0.002473  [  160/ 1575]
loss: 0.002617  [  320/ 1575]
loss: 0.002565  [  480/ 1575]
loss: 0.001384  [  640/ 1575]
loss: 0.002915  [  800/ 1575]
loss: 0.002471  [  960/ 1575]
loss: 0.002272  [ 1120/ 1575]
loss: 0.002425  [ 1280/ 1575]
loss: 0.002736  [ 1440/ 1575]
Test Error: 
MSE: 28.610901
RMSE: 5.348916
MAE: 2.055541
R^2: 0.910552718053379
loss: 0.002430  [    0/ 1575]
loss: 0.002318  [  160/ 1575]
loss: 0.001720  [  320/ 1575]
loss: 0.002253  [  480/ 1575]
loss: 0.003532  [  640/ 1575]
loss: 0.002352  [  800/ 1575]
loss: 0.001585  [  960/ 1575]
loss: 0.002932  [ 1120/ 1575]
loss: 0.003119  [ 1280/ 1575]
loss: 0.002720  [ 1440/ 1575]
Test Error: 
MSE: 28.708546
RMSE: 5.358036
MAE: 2.056398
R^2: 0.9102474440817985
loss: 0.002165  [    0/ 1575]
loss: 0.002241  [  160/ 1575]
loss: 0.002819  [  320/ 1575]
loss: 0.002384  [  480/ 1575]
loss: 0.002270  [  640/ 1575]
loss: 0.002378  [  800/ 1575]
loss: 0.001418  [  960/ 1575]
loss: 0.001772  [ 1120/ 1575]
loss: 0.001609  [ 1280/ 1575]
loss: 0.003508  [ 1440/ 1575]
Test Error: 
MSE: 27.583873
RMSE: 5.252035
MAE: 2.020990
R^2: 0.9137635504241772
Saved PyTorch Model State to dimension_models/model_objects/morgan_emotional_speech_set_valence_wavlm_base_plus_1662057340_BEST.pt
loss: 0.002795  [    0/ 1575]
loss: 0.001762  [  160/ 1575]
loss: 0.001667  [  320/ 1575]
loss: 0.001544  [  480/ 1575]
loss: 0.003263  [  640/ 1575]
loss: 0.001487  [  800/ 1575]
loss: 0.002592  [  960/ 1575]
loss: 0.001940  [ 1120/ 1575]
loss: 0.002878  [ 1280/ 1575]
loss: 0.002262  [ 1440/ 1575]
Test Error: 
MSE: 29.320447
RMSE: 5.414836
MAE: 2.066119
R^2: 0.9083344380727054
loss: 0.002247  [    0/ 1575]
loss: 0.001939  [  160/ 1575]
loss: 0.002051  [  320/ 1575]
loss: 0.001411  [  480/ 1575]
loss: 0.002537  [  640/ 1575]
loss: 0.001601  [  800/ 1575]
loss: 0.003534  [  960/ 1575]
loss: 0.001418  [ 1120/ 1575]
loss: 0.002240  [ 1280/ 1575]
loss: 0.002037  [ 1440/ 1575]
Test Error: 
MSE: 27.372254
RMSE: 5.231850
MAE: 2.019318
R^2: 0.9144251417167975
Saved PyTorch Model State to dimension_models/model_objects/morgan_emotional_speech_set_valence_wavlm_base_plus_1662057340_BEST.pt
loss: 0.001767  [    0/ 1575]
loss: 0.002701  [  160/ 1575]
loss: 0.001507  [  320/ 1575]
loss: 0.002046  [  480/ 1575]
loss: 0.002102  [  640/ 1575]
loss: 0.002102  [  800/ 1575]
loss: 0.002460  [  960/ 1575]
loss: 0.002268  [ 1120/ 1575]
loss: 0.002308  [ 1280/ 1575]
loss: 0.002937  [ 1440/ 1575]
Test Error: 
MSE: 30.735178
RMSE: 5.543932
MAE: 2.068091
R^2: 0.903911513120005
loss: 0.002907  [    0/ 1575]
loss: 0.002988  [  160/ 1575]
loss: 0.002617  [  320/ 1575]
loss: 0.002186  [  480/ 1575]
loss: 0.001900  [  640/ 1575]
loss: 0.002887  [  800/ 1575]
loss: 0.002920  [  960/ 1575]
loss: 0.001755  [ 1120/ 1575]
loss: 0.001683  [ 1280/ 1575]
loss: 0.002110  [ 1440/ 1575]
Test Error: 
MSE: 29.394222
RMSE: 5.421644
MAE: 2.072040
R^2: 0.908103791715618
loss: 0.001719  [    0/ 1575]
loss: 0.001704  [  160/ 1575]
loss: 0.001738  [  320/ 1575]
loss: 0.001940  [  480/ 1575]
loss: 0.002317  [  640/ 1575]
loss: 0.002066  [  800/ 1575]
loss: 0.002282  [  960/ 1575]
loss: 0.002396  [ 1120/ 1575]
loss: 0.002253  [ 1280/ 1575]
loss: 0.002565  [ 1440/ 1575]
Test Error: 
MSE: 28.437412
RMSE: 5.332674
MAE: 2.049646
R^2: 0.9110951021985885
loss: 0.001517  [    0/ 1575]
loss: 0.002456  [  160/ 1575]
loss: 0.002199  [  320/ 1575]
loss: 0.002781  [  480/ 1575]
loss: 0.002065  [  640/ 1575]
loss: 0.001927  [  800/ 1575]
loss: 0.001890  [  960/ 1575]
loss: 0.001752  [ 1120/ 1575]
loss: 0.001963  [ 1280/ 1575]
loss: 0.003823  [ 1440/ 1575]
Test Error: 
MSE: 27.986419
RMSE: 5.290219
MAE: 2.038857
R^2: 0.9125050576256389
loss: 0.001444  [    0/ 1575]
loss: 0.001913  [  160/ 1575]
loss: 0.001573  [  320/ 1575]
loss: 0.001645  [  480/ 1575]
loss: 0.002150  [  640/ 1575]
loss: 0.003377  [  800/ 1575]
loss: 0.002593  [  960/ 1575]
loss: 0.001801  [ 1120/ 1575]
loss: 0.002269  [ 1280/ 1575]
loss: 0.002702  [ 1440/ 1575]
Test Error: 
MSE: 30.099022
RMSE: 5.486258
MAE: 2.088500
R^2: 0.9059003500062373
loss: 0.002061  [    0/ 1575]
loss: 0.001907  [  160/ 1575]
loss: 0.002167  [  320/ 1575]
loss: 0.002174  [  480/ 1575]
loss: 0.002674  [  640/ 1575]
loss: 0.001569  [  800/ 1575]
loss: 0.002422  [  960/ 1575]
loss: 0.002096  [ 1120/ 1575]
loss: 0.002647  [ 1280/ 1575]
loss: 0.002053  [ 1440/ 1575]
Test Error: 
MSE: 27.804809
RMSE: 5.273027
MAE: 2.032988
R^2: 0.9130728315468388
loss: 0.002130  [    0/ 1575]
loss: 0.001983  [  160/ 1575]
loss: 0.003245  [  320/ 1575]
loss: 0.001244  [  480/ 1575]
loss: 0.001792  [  640/ 1575]
loss: 0.001790  [  800/ 1575]
loss: 0.003137  [  960/ 1575]
loss: 0.002423  [ 1120/ 1575]
loss: 0.001966  [ 1280/ 1575]
loss: 0.001970  [ 1440/ 1575]
Test Error: 
MSE: 27.721312
RMSE: 5.265103
MAE: 2.033671
R^2: 0.9133338715248415
loss: 0.002363  [    0/ 1575]
loss: 0.001733  [  160/ 1575]
loss: 0.002521  [  320/ 1575]
loss: 0.001898  [  480/ 1575]
loss: 0.002641  [  640/ 1575]
loss: 0.001809  [  800/ 1575]
loss: 0.002490  [  960/ 1575]
loss: 0.001067  [ 1120/ 1575]
loss: 0.001585  [ 1280/ 1575]
loss: 0.002154  [ 1440/ 1575]
Test Error: 
MSE: 28.394627
RMSE: 5.328661
MAE: 2.046092
R^2: 0.9112288615982774
loss: 0.002302  [    0/ 1575]
loss: 0.001921  [  160/ 1575]
loss: 0.002069  [  320/ 1575]
loss: 0.002633  [  480/ 1575]
loss: 0.001474  [  640/ 1575]
loss: 0.002376  [  800/ 1575]
loss: 0.002521  [  960/ 1575]
loss: 0.002129  [ 1120/ 1575]
loss: 0.002680  [ 1280/ 1575]
loss: 0.002026  [ 1440/ 1575]
Test Error: 
MSE: 29.967004
RMSE: 5.474213
MAE: 2.085288
R^2: 0.9063130826059869
loss: 0.001989  [    0/ 1575]
loss: 0.002528  [  160/ 1575]
loss: 0.002898  [  320/ 1575]
loss: 0.001626  [  480/ 1575]
loss: 0.002715  [  640/ 1575]
loss: 0.001865  [  800/ 1575]
loss: 0.001315  [  960/ 1575]
loss: 0.001987  [ 1120/ 1575]
loss: 0.001958  [ 1280/ 1575]
loss: 0.001436  [ 1440/ 1575]
Test Error: 
MSE: 26.609985
RMSE: 5.158487
MAE: 2.003459
R^2: 0.916808252168955
Saved PyTorch Model State to dimension_models/model_objects/morgan_emotional_speech_set_valence_wavlm_base_plus_1662057340_BEST.pt
loss: 0.002587  [    0/ 1575]
loss: 0.001962  [  160/ 1575]
loss: 0.002324  [  320/ 1575]
loss: 0.001746  [  480/ 1575]
loss: 0.001445  [  640/ 1575]
loss: 0.003094  [  800/ 1575]
loss: 0.002285  [  960/ 1575]
loss: 0.001887  [ 1120/ 1575]
loss: 0.001635  [ 1280/ 1575]
loss: 0.002369  [ 1440/ 1575]
Test Error: 
MSE: 30.422155
RMSE: 5.515628
MAE: 2.095624
R^2: 0.9048901275958621
loss: 0.002561  [    0/ 1575]
loss: 0.001692  [  160/ 1575]
loss: 0.001784  [  320/ 1575]
loss: 0.001937  [  480/ 1575]
loss: 0.002455  [  640/ 1575]
loss: 0.002311  [  800/ 1575]
loss: 0.003073  [  960/ 1575]
loss: 0.001462  [ 1120/ 1575]
loss: 0.003520  [ 1280/ 1575]
loss: 0.001663  [ 1440/ 1575]
Test Error: 
MSE: 29.418734
RMSE: 5.423904
MAE: 2.071555
R^2: 0.9080271594454501
loss: 0.001440  [    0/ 1575]
loss: 0.002172  [  160/ 1575]
loss: 0.001489  [  320/ 1575]
loss: 0.001795  [  480/ 1575]
loss: 0.002242  [  640/ 1575]
loss: 0.002089  [  800/ 1575]
loss: 0.001594  [  960/ 1575]
loss: 0.001931  [ 1120/ 1575]
loss: 0.004248  [ 1280/ 1575]
loss: 0.001974  [ 1440/ 1575]
Test Error: 
MSE: 26.701720
RMSE: 5.167371
MAE: 2.012137
R^2: 0.9165214565349529
loss: 0.001511  [    0/ 1575]
loss: 0.002054  [  160/ 1575]
loss: 0.001947  [  320/ 1575]
loss: 0.001938  [  480/ 1575]
loss: 0.001737  [  640/ 1575]
loss: 0.002116  [  800/ 1575]
loss: 0.001926  [  960/ 1575]
loss: 0.001959  [ 1120/ 1575]
loss: 0.001874  [ 1280/ 1575]
loss: 0.001357  [ 1440/ 1575]
Test Error: 
MSE: 26.071119
RMSE: 5.105989
MAE: 1.980292
R^2: 0.9184929272623211
Saved PyTorch Model State to dimension_models/model_objects/morgan_emotional_speech_set_valence_wavlm_base_plus_1662057340_BEST.pt
loss: 0.001730  [    0/ 1575]
loss: 0.002017  [  160/ 1575]
loss: 0.001055  [  320/ 1575]
loss: 0.001487  [  480/ 1575]
loss: 0.001727  [  640/ 1575]
loss: 0.002362  [  800/ 1575]
loss: 0.003243  [  960/ 1575]
loss: 0.001929  [ 1120/ 1575]
loss: 0.001720  [ 1280/ 1575]
loss: 0.002159  [ 1440/ 1575]
Test Error: 
MSE: 26.096879
RMSE: 5.108510
MAE: 1.988679
R^2: 0.9184123943307082
loss: 0.002458  [    0/ 1575]
loss: 0.002169  [  160/ 1575]
loss: 0.002183  [  320/ 1575]
loss: 0.001313  [  480/ 1575]
loss: 0.001835  [  640/ 1575]
loss: 0.001988  [  800/ 1575]
loss: 0.001745  [  960/ 1575]
loss: 0.002676  [ 1120/ 1575]
loss: 0.002093  [ 1280/ 1575]
loss: 0.002167  [ 1440/ 1575]
Test Error: 
MSE: 26.517098
RMSE: 5.149475
MAE: 2.004217
R^2: 0.9170986487919138
loss: 0.001763  [    0/ 1575]
loss: 0.001935  [  160/ 1575]
loss: 0.001810  [  320/ 1575]
loss: 0.002074  [  480/ 1575]
loss: 0.002407  [  640/ 1575]
loss: 0.001429  [  800/ 1575]
loss: 0.001775  [  960/ 1575]
loss: 0.001359  [ 1120/ 1575]
loss: 0.002145  [ 1280/ 1575]
loss: 0.001195  [ 1440/ 1575]
Test Error: 
MSE: 27.282936
RMSE: 5.223307
MAE: 2.023923
R^2: 0.9147043800244027
loss: 0.001553  [    0/ 1575]
loss: 0.002428  [  160/ 1575]
loss: 0.002137  [  320/ 1575]
loss: 0.001457  [  480/ 1575]
loss: 0.001946  [  640/ 1575]
loss: 0.001303  [  800/ 1575]
loss: 0.001892  [  960/ 1575]
loss: 0.002162  [ 1120/ 1575]
loss: 0.001362  [ 1280/ 1575]
loss: 0.003234  [ 1440/ 1575]
Test Error: 
MSE: 25.898879
RMSE: 5.089094
MAE: 1.987057
R^2: 0.9190314067733902
Saved PyTorch Model State to dimension_models/model_objects/morgan_emotional_speech_set_valence_wavlm_base_plus_1662057340_BEST.pt
loss: 0.002301  [    0/ 1575]
loss: 0.002506  [  160/ 1575]
loss: 0.002259  [  320/ 1575]
loss: 0.001960  [  480/ 1575]
loss: 0.001603  [  640/ 1575]
loss: 0.001561  [  800/ 1575]
loss: 0.001841  [  960/ 1575]
loss: 0.001975  [ 1120/ 1575]
loss: 0.001420  [ 1280/ 1575]
loss: 0.001137  [ 1440/ 1575]
Test Error: 
MSE: 29.339388
RMSE: 5.416585
MAE: 2.067195
R^2: 0.9082752204575318
loss: 0.002333  [    0/ 1575]
loss: 0.001449  [  160/ 1575]
loss: 0.001090  [  320/ 1575]
loss: 0.001913  [  480/ 1575]
loss: 0.002049  [  640/ 1575]
loss: 0.002181  [  800/ 1575]
loss: 0.002688  [  960/ 1575]
loss: 0.002327  [ 1120/ 1575]
loss: 0.004511  [ 1280/ 1575]
loss: 0.002987  [ 1440/ 1575]
Test Error: 
MSE: 26.629365
RMSE: 5.160365
MAE: 1.986643
R^2: 0.9167476638694204
loss: 0.001251  [    0/ 1575]
loss: 0.001737  [  160/ 1575]
loss: 0.001687  [  320/ 1575]
loss: 0.002173  [  480/ 1575]
loss: 0.002749  [  640/ 1575]
loss: 0.002265  [  800/ 1575]
loss: 0.002067  [  960/ 1575]
loss: 0.001801  [ 1120/ 1575]
loss: 0.002301  [ 1280/ 1575]
loss: 0.002706  [ 1440/ 1575]
Test Error: 
MSE: 25.658206
RMSE: 5.065393
MAE: 1.977712
R^2: 0.919783832891416
Saved PyTorch Model State to dimension_models/model_objects/morgan_emotional_speech_set_valence_wavlm_base_plus_1662057340_BEST.pt
loss: 0.002514  [    0/ 1575]
loss: 0.002108  [  160/ 1575]
loss: 0.002182  [  320/ 1575]
loss: 0.001095  [  480/ 1575]
loss: 0.001652  [  640/ 1575]
loss: 0.001939  [  800/ 1575]
loss: 0.001745  [  960/ 1575]
loss: 0.002184  [ 1120/ 1575]
loss: 0.001442  [ 1280/ 1575]
loss: 0.001888  [ 1440/ 1575]
Test Error: 
MSE: 26.292742
RMSE: 5.127645
MAE: 1.994046
R^2: 0.9178000603834479
loss: 0.001183  [    0/ 1575]
loss: 0.002597  [  160/ 1575]
loss: 0.001428  [  320/ 1575]
loss: 0.002006  [  480/ 1575]
loss: 0.002303  [  640/ 1575]
loss: 0.001468  [  800/ 1575]
loss: 0.002544  [  960/ 1575]
loss: 0.001634  [ 1120/ 1575]
loss: 0.002396  [ 1280/ 1575]
loss: 0.002114  [ 1440/ 1575]
Test Error: 
MSE: 25.731729
RMSE: 5.072645
MAE: 1.977582
R^2: 0.9195539757733074
loss: 0.000998  [    0/ 1575]
loss: 0.001424  [  160/ 1575]
loss: 0.002102  [  320/ 1575]
loss: 0.002282  [  480/ 1575]
loss: 0.001712  [  640/ 1575]
loss: 0.002117  [  800/ 1575]
loss: 0.000990  [  960/ 1575]
loss: 0.001513  [ 1120/ 1575]
loss: 0.002459  [ 1280/ 1575]
loss: 0.002116  [ 1440/ 1575]
Test Error: 
MSE: 27.001377
RMSE: 5.196285
MAE: 1.994379
R^2: 0.9155846305490282
loss: 0.001817  [    0/ 1575]
loss: 0.001678  [  160/ 1575]
loss: 0.000932  [  320/ 1575]
loss: 0.001809  [  480/ 1575]
loss: 0.001466  [  640/ 1575]
loss: 0.002868  [  800/ 1575]
loss: 0.004049  [  960/ 1575]
loss: 0.001353  [ 1120/ 1575]
loss: 0.001650  [ 1280/ 1575]
loss: 0.002035  [ 1440/ 1575]
Test Error: 
MSE: 26.179034
RMSE: 5.116545
MAE: 1.993580
R^2: 0.9181555499815803
loss: 0.001652  [    0/ 1575]
loss: 0.002199  [  160/ 1575]
loss: 0.001500  [  320/ 1575]
loss: 0.002155  [  480/ 1575]
loss: 0.001676  [  640/ 1575]
loss: 0.001705  [  800/ 1575]
loss: 0.002362  [  960/ 1575]
loss: 0.001993  [ 1120/ 1575]
loss: 0.001342  [ 1280/ 1575]
loss: 0.002252  [ 1440/ 1575]
Test Error: 
MSE: 25.922659
RMSE: 5.091430
MAE: 1.981803
R^2: 0.9189570651689057
loss: 0.002270  [    0/ 1575]
loss: 0.001622  [  160/ 1575]
loss: 0.001839  [  320/ 1575]
loss: 0.001541  [  480/ 1575]
loss: 0.003001  [  640/ 1575]
loss: 0.002855  [  800/ 1575]
loss: 0.003270  [  960/ 1575]
loss: 0.002179  [ 1120/ 1575]
loss: 0.002329  [ 1280/ 1575]
loss: 0.001858  [ 1440/ 1575]
Test Error: 
MSE: 25.890929
RMSE: 5.088313
MAE: 1.984316
R^2: 0.9190562636192195
loss: 0.000957  [    0/ 1575]
loss: 0.001591  [  160/ 1575]
loss: 0.002514  [  320/ 1575]
loss: 0.001843  [  480/ 1575]
loss: 0.002121  [  640/ 1575]
loss: 0.002508  [  800/ 1575]
loss: 0.000689  [  960/ 1575]
loss: 0.001742  [ 1120/ 1575]
loss: 0.002137  [ 1280/ 1575]
loss: 0.001991  [ 1440/ 1575]
Test Error: 
MSE: 26.237700
RMSE: 5.122275
MAE: 1.994444
R^2: 0.9179721383739091
loss: 0.001901  [    0/ 1575]
loss: 0.001614  [  160/ 1575]
loss: 0.001181  [  320/ 1575]
loss: 0.001594  [  480/ 1575]
loss: 0.002028  [  640/ 1575]
loss: 0.001291  [  800/ 1575]
loss: 0.003031  [  960/ 1575]
loss: 0.002190  [ 1120/ 1575]
loss: 0.001288  [ 1280/ 1575]
loss: 0.001713  [ 1440/ 1575]
Test Error: 
MSE: 27.644413
RMSE: 5.257795
MAE: 2.032993
R^2: 0.9135742815158365
loss: 0.002310  [    0/ 1575]
loss: 0.002104  [  160/ 1575]
loss: 0.001721  [  320/ 1575]
loss: 0.002033  [  480/ 1575]
loss: 0.001342  [  640/ 1575]
loss: 0.002444  [  800/ 1575]
loss: 0.001737  [  960/ 1575]
loss: 0.001609  [ 1120/ 1575]
loss: 0.001743  [ 1280/ 1575]
loss: 0.002232  [ 1440/ 1575]
Test Error: 
MSE: 26.513631
RMSE: 5.149139
MAE: 2.002592
R^2: 0.9171094871878578
loss: 0.002107  [    0/ 1575]
loss: 0.001743  [  160/ 1575]
loss: 0.001280  [  320/ 1575]
loss: 0.002505  [  480/ 1575]
loss: 0.002130  [  640/ 1575]
loss: 0.001773  [  800/ 1575]
loss: 0.002189  [  960/ 1575]
loss: 0.002185  [ 1120/ 1575]
loss: 0.002390  [ 1280/ 1575]
loss: 0.001627  [ 1440/ 1575]
Test Error: 
MSE: 30.062950
RMSE: 5.482969
MAE: 2.085945
R^2: 0.9060131243398919
loss: 0.001752  [    0/ 1575]
loss: 0.002110  [  160/ 1575]
loss: 0.001207  [  320/ 1575]
loss: 0.002010  [  480/ 1575]
loss: 0.002063  [  640/ 1575]
loss: 0.001686  [  800/ 1575]
loss: 0.001354  [  960/ 1575]
loss: 0.002743  [ 1120/ 1575]
loss: 0.001834  [ 1280/ 1575]
loss: 0.001335  [ 1440/ 1575]
Test Error: 
MSE: 30.595114
RMSE: 5.531285
MAE: 2.098076
R^2: 0.9043494020216102
loss: 0.001739  [    0/ 1575]
loss: 0.001936  [  160/ 1575]
loss: 0.001422  [  320/ 1575]
loss: 0.001279  [  480/ 1575]
loss: 0.001968  [  640/ 1575]
loss: 0.001755  [  800/ 1575]
loss: 0.001960  [  960/ 1575]
loss: 0.001773  [ 1120/ 1575]
loss: 0.002333  [ 1280/ 1575]
loss: 0.001529  [ 1440/ 1575]
Test Error: 
MSE: 27.634455
RMSE: 5.256848
MAE: 2.034116
R^2: 0.9136054139075612
loss: 0.003039  [    0/ 1575]
loss: 0.001798  [  160/ 1575]
loss: 0.001535  [  320/ 1575]
loss: 0.001214  [  480/ 1575]
loss: 0.002069  [  640/ 1575]
loss: 0.001418  [  800/ 1575]
loss: 0.001762  [  960/ 1575]
loss: 0.003398  [ 1120/ 1575]
loss: 0.002117  [ 1280/ 1575]
loss: 0.002042  [ 1440/ 1575]
Test Error: 
MSE: 25.779110
RMSE: 5.077313
MAE: 1.988641
R^2: 0.9194058457615275
loss: 0.001181  [    0/ 1575]
loss: 0.002360  [  160/ 1575]
loss: 0.001817  [  320/ 1575]
loss: 0.002253  [  480/ 1575]
loss: 0.001293  [  640/ 1575]
loss: 0.001271  [  800/ 1575]
loss: 0.002934  [  960/ 1575]
loss: 0.001427  [ 1120/ 1575]
loss: 0.001754  [ 1280/ 1575]
loss: 0.002015  [ 1440/ 1575]
Test Error: 
MSE: 28.142933
RMSE: 5.304991
MAE: 2.042354
R^2: 0.9120157419613255
loss: 0.001633  [    0/ 1575]
loss: 0.001642  [  160/ 1575]
loss: 0.001705  [  320/ 1575]
loss: 0.002039  [  480/ 1575]
loss: 0.002379  [  640/ 1575]
loss: 0.001503  [  800/ 1575]
loss: 0.001927  [  960/ 1575]
loss: 0.001657  [ 1120/ 1575]
loss: 0.001713  [ 1280/ 1575]
loss: 0.001506  [ 1440/ 1575]
Test Error: 
MSE: 25.492333
RMSE: 5.048993
MAE: 1.976619
R^2: 0.9203024085151321
Saved PyTorch Model State to dimension_models/model_objects/morgan_emotional_speech_set_valence_wavlm_base_plus_1662057340_BEST.pt
loss: 0.001632  [    0/ 1575]
loss: 0.001571  [  160/ 1575]
loss: 0.002099  [  320/ 1575]
loss: 0.002065  [  480/ 1575]
loss: 0.001635  [  640/ 1575]
loss: 0.001486  [  800/ 1575]
loss: 0.002203  [  960/ 1575]
loss: 0.002484  [ 1120/ 1575]
loss: 0.001759  [ 1280/ 1575]
loss: 0.002507  [ 1440/ 1575]
Test Error: 
MSE: 25.511345
RMSE: 5.050876
MAE: 1.973738
R^2: 0.9202429693587495
loss: 0.001618  [    0/ 1575]
loss: 0.002091  [  160/ 1575]
loss: 0.002849  [  320/ 1575]
loss: 0.001687  [  480/ 1575]
loss: 0.002585  [  640/ 1575]
loss: 0.001423  [  800/ 1575]
loss: 0.002231  [  960/ 1575]
loss: 0.001012  [ 1120/ 1575]
loss: 0.001507  [ 1280/ 1575]
loss: 0.000902  [ 1440/ 1575]
Test Error: 
MSE: 26.475078
RMSE: 5.145394
MAE: 2.005388
R^2: 0.9172300167091226
loss: 0.001750  [    0/ 1575]
loss: 0.002163  [  160/ 1575]
loss: 0.001341  [  320/ 1575]
loss: 0.001867  [  480/ 1575]
loss: 0.001711  [  640/ 1575]
loss: 0.001779  [  800/ 1575]
loss: 0.002308  [  960/ 1575]
loss: 0.002097  [ 1120/ 1575]
loss: 0.001644  [ 1280/ 1575]
loss: 0.002146  [ 1440/ 1575]
Test Error: 
MSE: 25.673775
RMSE: 5.066930
MAE: 1.972600
R^2: 0.9197351593142431
loss: 0.002037  [    0/ 1575]
loss: 0.000936  [  160/ 1575]
loss: 0.002966  [  320/ 1575]
loss: 0.001644  [  480/ 1575]
loss: 0.002359  [  640/ 1575]
loss: 0.001713  [  800/ 1575]
loss: 0.001327  [  960/ 1575]
loss: 0.002432  [ 1120/ 1575]
loss: 0.001805  [ 1280/ 1575]
loss: 0.001921  [ 1440/ 1575]
Test Error: 
MSE: 28.568068
RMSE: 5.344910
MAE: 2.054018
R^2: 0.91068662812519
loss: 0.001587  [    0/ 1575]
loss: 0.000846  [  160/ 1575]
loss: 0.002111  [  320/ 1575]
loss: 0.001240  [  480/ 1575]
loss: 0.001323  [  640/ 1575]
loss: 0.001930  [  800/ 1575]
loss: 0.002226  [  960/ 1575]
loss: 0.002457  [ 1120/ 1575]
loss: 0.001468  [ 1280/ 1575]
loss: 0.002003  [ 1440/ 1575]
Test Error: 
MSE: 28.619639
RMSE: 5.349733
MAE: 2.054966
R^2: 0.9105253972260298
loss: 0.001460  [    0/ 1575]
loss: 0.002906  [  160/ 1575]
loss: 0.001926  [  320/ 1575]
loss: 0.002847  [  480/ 1575]
loss: 0.001963  [  640/ 1575]
loss: 0.001465  [  800/ 1575]
loss: 0.000992  [  960/ 1575]
loss: 0.001827  [ 1120/ 1575]
loss: 0.001962  [ 1280/ 1575]
loss: 0.001322  [ 1440/ 1575]
Test Error: 
MSE: 25.719636
RMSE: 5.071453
MAE: 1.981655
R^2: 0.9195917813656139
loss: 0.001665  [    0/ 1575]
loss: 0.002528  [  160/ 1575]
loss: 0.001210  [  320/ 1575]
loss: 0.002350  [  480/ 1575]
loss: 0.002420  [  640/ 1575]
loss: 0.001608  [  800/ 1575]
loss: 0.001749  [  960/ 1575]
loss: 0.001696  [ 1120/ 1575]
loss: 0.002342  [ 1280/ 1575]
loss: 0.002003  [ 1440/ 1575]
Test Error: 
MSE: 29.759846
RMSE: 5.455259
MAE: 2.078119
R^2: 0.9069607291485426
loss: 0.001287  [    0/ 1575]
loss: 0.001282  [  160/ 1575]
loss: 0.001534  [  320/ 1575]
loss: 0.001688  [  480/ 1575]
loss: 0.002285  [  640/ 1575]
loss: 0.001906  [  800/ 1575]
loss: 0.002393  [  960/ 1575]
loss: 0.002884  [ 1120/ 1575]
loss: 0.001385  [ 1280/ 1575]
loss: 0.001141  [ 1440/ 1575]
Test Error: 
MSE: 26.277639
RMSE: 5.126172
MAE: 1.981098
R^2: 0.9178472783000056
loss: 0.001661  [    0/ 1575]
loss: 0.001429  [  160/ 1575]
loss: 0.002526  [  320/ 1575]
loss: 0.002215  [  480/ 1575]
loss: 0.001291  [  640/ 1575]
loss: 0.002410  [  800/ 1575]
loss: 0.001223  [  960/ 1575]
loss: 0.002005  [ 1120/ 1575]
loss: 0.001606  [ 1280/ 1575]
loss: 0.001793  [ 1440/ 1575]
Test Error: 
MSE: 27.070626
RMSE: 5.202944
MAE: 2.020038
R^2: 0.9153681338697774
loss: 0.001735  [    0/ 1575]
loss: 0.001040  [  160/ 1575]
loss: 0.002329  [  320/ 1575]
loss: 0.001397  [  480/ 1575]
loss: 0.002202  [  640/ 1575]
loss: 0.002131  [  800/ 1575]
loss: 0.001354  [  960/ 1575]
loss: 0.002503  [ 1120/ 1575]
loss: 0.002013  [ 1280/ 1575]
loss: 0.001657  [ 1440/ 1575]
Test Error: 
MSE: 32.389357
RMSE: 5.691165
MAE: 2.138859
R^2: 0.8987399941547216
loss: 0.001265  [    0/ 1575]
loss: 0.002425  [  160/ 1575]
loss: 0.001654  [  320/ 1575]
loss: 0.001742  [  480/ 1575]
loss: 0.001345  [  640/ 1575]
loss: 0.001692  [  800/ 1575]
loss: 0.001902  [  960/ 1575]
loss: 0.001920  [ 1120/ 1575]
loss: 0.001416  [ 1280/ 1575]
loss: 0.001317  [ 1440/ 1575]
Test Error: 
MSE: 28.573325
RMSE: 5.345402
MAE: 2.052409
R^2: 0.9106701919911858
loss: 0.001522  [    0/ 1575]
loss: 0.001790  [  160/ 1575]
loss: 0.001766  [  320/ 1575]
loss: 0.001554  [  480/ 1575]
loss: 0.001583  [  640/ 1575]
loss: 0.002239  [  800/ 1575]
loss: 0.001096  [  960/ 1575]
loss: 0.001357  [ 1120/ 1575]
loss: 0.001722  [ 1280/ 1575]
loss: 0.002191  [ 1440/ 1575]
Test Error: 
MSE: 29.006229
RMSE: 5.385743
MAE: 2.062160
R^2: 0.9093167879580718
loss: 0.002012  [    0/ 1575]
loss: 0.002223  [  160/ 1575]
loss: 0.002130  [  320/ 1575]
loss: 0.001061  [  480/ 1575]
loss: 0.001284  [  640/ 1575]
loss: 0.002167  [  800/ 1575]
loss: 0.001321  [  960/ 1575]
loss: 0.002446  [ 1120/ 1575]
loss: 0.001573  [ 1280/ 1575]
loss: 0.001685  [ 1440/ 1575]
Test Error: 
MSE: 25.661302
RMSE: 5.065699
MAE: 1.980231
R^2: 0.9197741544351595
loss: 0.001245  [    0/ 1575]
loss: 0.002199  [  160/ 1575]
loss: 0.001130  [  320/ 1575]
loss: 0.001198  [  480/ 1575]
loss: 0.001291  [  640/ 1575]
loss: 0.001934  [  800/ 1575]
loss: 0.001320  [  960/ 1575]
loss: 0.001421  [ 1120/ 1575]
loss: 0.001958  [ 1280/ 1575]
loss: 0.001950  [ 1440/ 1575]
Test Error: 
MSE: 25.689691
RMSE: 5.068500
MAE: 1.980471
R^2: 0.9196853990754432
loss: 0.001045  [    0/ 1575]
loss: 0.001304  [  160/ 1575]
loss: 0.002210  [  320/ 1575]
loss: 0.001387  [  480/ 1575]
loss: 0.002286  [  640/ 1575]
loss: 0.001749  [  800/ 1575]
loss: 0.001522  [  960/ 1575]
loss: 0.001471  [ 1120/ 1575]
loss: 0.002083  [ 1280/ 1575]
loss: 0.000972  [ 1440/ 1575]
Test Error: 
MSE: 27.104376
RMSE: 5.206186
MAE: 2.014260
R^2: 0.9152626200121644
loss: 0.001486  [    0/ 1575]
loss: 0.002535  [  160/ 1575]
loss: 0.001939  [  320/ 1575]
loss: 0.001678  [  480/ 1575]
loss: 0.002471  [  640/ 1575]
loss: 0.001174  [  800/ 1575]
loss: 0.002198  [  960/ 1575]
loss: 0.001885  [ 1120/ 1575]
loss: 0.002291  [ 1280/ 1575]
loss: 0.002073  [ 1440/ 1575]
Test Error: 
MSE: 26.145139
RMSE: 5.113232
MAE: 1.976326
R^2: 0.9182615159612818
loss: 0.001173  [    0/ 1575]
loss: 0.001931  [  160/ 1575]
loss: 0.000838  [  320/ 1575]
loss: 0.001690  [  480/ 1575]
loss: 0.002139  [  640/ 1575]
loss: 0.001296  [  800/ 1575]
loss: 0.001896  [  960/ 1575]
loss: 0.001359  [ 1120/ 1575]
loss: 0.002417  [ 1280/ 1575]
loss: 0.002322  [ 1440/ 1575]
Test Error: 
MSE: 30.309620
RMSE: 5.505417
MAE: 2.089389
R^2: 0.9052419498156813
loss: 0.001435  [    0/ 1575]
loss: 0.001427  [  160/ 1575]
loss: 0.001781  [  320/ 1575]
loss: 0.001937  [  480/ 1575]
loss: 0.001587  [  640/ 1575]
loss: 0.001748  [  800/ 1575]
loss: 0.001208  [  960/ 1575]
loss: 0.001226  [ 1120/ 1575]
loss: 0.001647  [ 1280/ 1575]
loss: 0.002102  [ 1440/ 1575]
Test Error: 
MSE: 25.781518
RMSE: 5.077550
MAE: 1.985006
R^2: 0.919398319411375
loss: 0.001533  [    0/ 1575]
loss: 0.001467  [  160/ 1575]
loss: 0.002026  [  320/ 1575]
loss: 0.000927  [  480/ 1575]
loss: 0.002309  [  640/ 1575]
loss: 0.001988  [  800/ 1575]
loss: 0.001449  [  960/ 1575]
loss: 0.001850  [ 1120/ 1575]
loss: 0.002413  [ 1280/ 1575]
loss: 0.002679  [ 1440/ 1575]
Test Error: 
MSE: 25.655773
RMSE: 5.065153
MAE: 1.971733
R^2: 0.9197914396012579
loss: 0.002202  [    0/ 1575]
loss: 0.001425  [  160/ 1575]
loss: 0.002938  [  320/ 1575]
loss: 0.001194  [  480/ 1575]
loss: 0.001709  [  640/ 1575]
loss: 0.002224  [  800/ 1575]
loss: 0.001745  [  960/ 1575]
loss: 0.001821  [ 1120/ 1575]
loss: 0.001901  [ 1280/ 1575]
loss: 0.001996  [ 1440/ 1575]
Test Error: 
MSE: 26.505872
RMSE: 5.148385
MAE: 2.004408
R^2: 0.9171337432756249
loss: 0.001303  [    0/ 1575]
loss: 0.001485  [  160/ 1575]
loss: 0.001796  [  320/ 1575]
loss: 0.001486  [  480/ 1575]
loss: 0.001840  [  640/ 1575]
loss: 0.001618  [  800/ 1575]
loss: 0.002254  [  960/ 1575]
loss: 0.000942  [ 1120/ 1575]
loss: 0.002239  [ 1280/ 1575]
loss: 0.002087  [ 1440/ 1575]
Test Error: 
MSE: 25.580116
RMSE: 5.057679
MAE: 1.971382
R^2: 0.9200279672065343
loss: 0.001484  [    0/ 1575]
loss: 0.002072  [  160/ 1575]
loss: 0.001851  [  320/ 1575]
loss: 0.002061  [  480/ 1575]
loss: 0.001844  [  640/ 1575]
loss: 0.001968  [  800/ 1575]
loss: 0.001611  [  960/ 1575]
loss: 0.002795  [ 1120/ 1575]
loss: 0.001768  [ 1280/ 1575]
loss: 0.002111  [ 1440/ 1575]
Test Error: 
MSE: 26.527282
RMSE: 5.150464
MAE: 2.003271
R^2: 0.917066808719696
loss: 0.001230  [    0/ 1575]
loss: 0.001599  [  160/ 1575]
loss: 0.001507  [  320/ 1575]
loss: 0.001467  [  480/ 1575]
loss: 0.001621  [  640/ 1575]
loss: 0.001572  [  800/ 1575]
loss: 0.001098  [  960/ 1575]
loss: 0.001987  [ 1120/ 1575]
loss: 0.001500  [ 1280/ 1575]
loss: 0.001423  [ 1440/ 1575]
Test Error: 
MSE: 25.478148
RMSE: 5.047588
MAE: 1.973737
R^2: 0.9203467558186013
Saved PyTorch Model State to dimension_models/model_objects/morgan_emotional_speech_set_valence_wavlm_base_plus_1662057340_BEST.pt
loss: 0.001676  [    0/ 1575]
loss: 0.001096  [  160/ 1575]
loss: 0.001316  [  320/ 1575]
loss: 0.002330  [  480/ 1575]
loss: 0.001030  [  640/ 1575]
loss: 0.001004  [  800/ 1575]
loss: 0.001351  [  960/ 1575]
loss: 0.001532  [ 1120/ 1575]
loss: 0.001572  [ 1280/ 1575]
loss: 0.001548  [ 1440/ 1575]
Test Error: 
MSE: 30.498794
RMSE: 5.522571
MAE: 2.098286
R^2: 0.9046505298988583
loss: 0.001593  [    0/ 1575]
loss: 0.001622  [  160/ 1575]
loss: 0.001852  [  320/ 1575]
loss: 0.001980  [  480/ 1575]
loss: 0.001552  [  640/ 1575]
loss: 0.001453  [  800/ 1575]
loss: 0.001410  [  960/ 1575]
loss: 0.001958  [ 1120/ 1575]
loss: 0.001849  [ 1280/ 1575]
loss: 0.001648  [ 1440/ 1575]
Test Error: 
MSE: 28.642708
RMSE: 5.351888
MAE: 2.046377
R^2: 0.9104532782256369
loss: 0.001451  [    0/ 1575]
loss: 0.001202  [  160/ 1575]
loss: 0.001361  [  320/ 1575]
loss: 0.002263  [  480/ 1575]
loss: 0.001367  [  640/ 1575]
loss: 0.002439  [  800/ 1575]
loss: 0.001625  [  960/ 1575]
loss: 0.001375  [ 1120/ 1575]
loss: 0.001473  [ 1280/ 1575]
loss: 0.001206  [ 1440/ 1575]
Test Error: 
MSE: 26.533121
RMSE: 5.151031
MAE: 1.986012
R^2: 0.9170485553805051
loss: 0.002355  [    0/ 1575]
loss: 0.001860  [  160/ 1575]
loss: 0.001673  [  320/ 1575]
loss: 0.001275  [  480/ 1575]
loss: 0.001873  [  640/ 1575]
loss: 0.002045  [  800/ 1575]
loss: 0.001742  [  960/ 1575]
loss: 0.001910  [ 1120/ 1575]
loss: 0.001663  [ 1280/ 1575]
loss: 0.001259  [ 1440/ 1575]
Test Error: 
MSE: 26.430561
RMSE: 5.141066
MAE: 1.994906
R^2: 0.9173691917741551
loss: 0.001359  [    0/ 1575]
loss: 0.001478  [  160/ 1575]
loss: 0.002802  [  320/ 1575]
loss: 0.002264  [  480/ 1575]
loss: 0.001891  [  640/ 1575]
loss: 0.002127  [  800/ 1575]
loss: 0.002119  [  960/ 1575]
loss: 0.002634  [ 1120/ 1575]
loss: 0.002566  [ 1280/ 1575]
loss: 0.002419  [ 1440/ 1575]
Test Error: 
MSE: 26.209611
RMSE: 5.119532
MAE: 1.978563
R^2: 0.9180599541142985
loss: 0.001156  [    0/ 1575]
loss: 0.002142  [  160/ 1575]
loss: 0.001875  [  320/ 1575]
loss: 0.001190  [  480/ 1575]
loss: 0.001763  [  640/ 1575]
loss: 0.001946  [  800/ 1575]
loss: 0.002255  [  960/ 1575]
loss: 0.002037  [ 1120/ 1575]
loss: 0.001239  [ 1280/ 1575]
loss: 0.001739  [ 1440/ 1575]
Test Error: 
MSE: 25.636132
RMSE: 5.063214
MAE: 1.971332
R^2: 0.9198528424823231
loss: 0.001072  [    0/ 1575]
loss: 0.001869  [  160/ 1575]
loss: 0.001556  [  320/ 1575]
loss: 0.001132  [  480/ 1575]
loss: 0.001152  [  640/ 1575]
loss: 0.002541  [  800/ 1575]
loss: 0.001569  [  960/ 1575]
loss: 0.001611  [ 1120/ 1575]
loss: 0.002215  [ 1280/ 1575]
loss: 0.002114  [ 1440/ 1575]
Test Error: 
MSE: 25.910124
RMSE: 5.090199
MAE: 1.983141
R^2: 0.9189962535718158
loss: 0.000992  [    0/ 1575]
loss: 0.001698  [  160/ 1575]
loss: 0.001355  [  320/ 1575]
loss: 0.001758  [  480/ 1575]
loss: 0.001643  [  640/ 1575]
loss: 0.002049  [  800/ 1575]
loss: 0.001277  [  960/ 1575]
loss: 0.001051  [ 1120/ 1575]
loss: 0.001486  [ 1280/ 1575]
loss: 0.001662  [ 1440/ 1575]
Test Error: 
MSE: 28.096941
RMSE: 5.300655
MAE: 2.033328
R^2: 0.9121595267979667
loss: 0.002451  [    0/ 1575]
loss: 0.001836  [  160/ 1575]
loss: 0.001190  [  320/ 1575]
loss: 0.001586  [  480/ 1575]
loss: 0.002434  [  640/ 1575]
loss: 0.001374  [  800/ 1575]
loss: 0.001769  [  960/ 1575]
loss: 0.001104  [ 1120/ 1575]
loss: 0.002144  [ 1280/ 1575]
loss: 0.001056  [ 1440/ 1575]
Test Error: 
MSE: 26.802859
RMSE: 5.177148
MAE: 2.008041
R^2: 0.9162052639104825
loss: 0.001243  [    0/ 1575]
loss: 0.002799  [  160/ 1575]
loss: 0.002304  [  320/ 1575]
loss: 0.002657  [  480/ 1575]
loss: 0.002116  [  640/ 1575]
loss: 0.001604  [  800/ 1575]
loss: 0.001307  [  960/ 1575]
loss: 0.001577  [ 1120/ 1575]
loss: 0.001999  [ 1280/ 1575]
loss: 0.002191  [ 1440/ 1575]
Test Error: 
MSE: 27.376515
RMSE: 5.232257
MAE: 2.018504
R^2: 0.9144118215343506
loss: 0.001696  [    0/ 1575]
loss: 0.002400  [  160/ 1575]
loss: 0.001823  [  320/ 1575]
loss: 0.001333  [  480/ 1575]
loss: 0.001584  [  640/ 1575]
loss: 0.001685  [  800/ 1575]
loss: 0.001142  [  960/ 1575]
loss: 0.001594  [ 1120/ 1575]
loss: 0.002611  [ 1280/ 1575]
loss: 0.001931  [ 1440/ 1575]
Test Error: 
MSE: 27.254590
RMSE: 5.220593
MAE: 2.012129
R^2: 0.9147930002809015
loss: 0.001779  [    0/ 1575]
loss: 0.002197  [  160/ 1575]
loss: 0.001565  [  320/ 1575]
loss: 0.001424  [  480/ 1575]
loss: 0.001268  [  640/ 1575]
loss: 0.002309  [  800/ 1575]
loss: 0.002243  [  960/ 1575]
loss: 0.002105  [ 1120/ 1575]
loss: 0.001789  [ 1280/ 1575]
loss: 0.001319  [ 1440/ 1575]
Test Error: 
MSE: 26.941412
RMSE: 5.190512
MAE: 2.012289
R^2: 0.9157720989490209
loss: 0.001725  [    0/ 1575]
loss: 0.001923  [  160/ 1575]
loss: 0.000956  [  320/ 1575]
loss: 0.001514  [  480/ 1575]
loss: 0.000960  [  640/ 1575]
loss: 0.001519  [  800/ 1575]
loss: 0.003415  [  960/ 1575]
loss: 0.001566  [ 1120/ 1575]
loss: 0.001561  [ 1280/ 1575]
loss: 0.002308  [ 1440/ 1575]
Test Error: 
MSE: 33.064805
RMSE: 5.750200
MAE: 2.151418
R^2: 0.8966283185752618
loss: 0.001416  [    0/ 1575]
loss: 0.001785  [  160/ 1575]
loss: 0.002453  [  320/ 1575]
loss: 0.001270  [  480/ 1575]
loss: 0.001811  [  640/ 1575]
loss: 0.002099  [  800/ 1575]
loss: 0.002073  [  960/ 1575]
loss: 0.001753  [ 1120/ 1575]
loss: 0.002465  [ 1280/ 1575]
loss: 0.001927  [ 1440/ 1575]
Test Error: 
MSE: 28.380517
RMSE: 5.327337
MAE: 2.044317
R^2: 0.9112729756804401
loss: 0.001924  [    0/ 1575]
loss: 0.002605  [  160/ 1575]
loss: 0.001228  [  320/ 1575]
loss: 0.001325  [  480/ 1575]
loss: 0.001715  [  640/ 1575]
loss: 0.002147  [  800/ 1575]
loss: 0.001254  [  960/ 1575]
loss: 0.002749  [ 1120/ 1575]
loss: 0.001829  [ 1280/ 1575]
loss: 0.001551  [ 1440/ 1575]
Test Error: 
MSE: 26.119956
RMSE: 5.110769
MAE: 1.990908
R^2: 0.9183402459082589
loss: 0.001866  [    0/ 1575]
loss: 0.002342  [  160/ 1575]
loss: 0.001383  [  320/ 1575]
loss: 0.001786  [  480/ 1575]
loss: 0.002277  [  640/ 1575]
loss: 0.001552  [  800/ 1575]
loss: 0.001230  [  960/ 1575]
loss: 0.001096  [ 1120/ 1575]
loss: 0.002593  [ 1280/ 1575]
loss: 0.001508  [ 1440/ 1575]
Test Error: 
MSE: 25.509640
RMSE: 5.050707
MAE: 1.976772
R^2: 0.9202483008709402
loss: 0.001383  [    0/ 1575]
loss: 0.001380  [  160/ 1575]
loss: 0.002704  [  320/ 1575]
loss: 0.002350  [  480/ 1575]
loss: 0.001477  [  640/ 1575]
loss: 0.002129  [  800/ 1575]
loss: 0.001507  [  960/ 1575]
loss: 0.001675  [ 1120/ 1575]
loss: 0.001690  [ 1280/ 1575]
loss: 0.001403  [ 1440/ 1575]
Test Error: 
MSE: 25.702500
RMSE: 5.069763
MAE: 1.980348
R^2: 0.9196453560009875
loss: 0.001582  [    0/ 1575]
loss: 0.001450  [  160/ 1575]
loss: 0.002019  [  320/ 1575]
loss: 0.001745  [  480/ 1575]
loss: 0.001767  [  640/ 1575]
loss: 0.002116  [  800/ 1575]
loss: 0.001791  [  960/ 1575]
loss: 0.001462  [ 1120/ 1575]
loss: 0.001088  [ 1280/ 1575]
loss: 0.001290  [ 1440/ 1575]
Test Error: 
MSE: 25.839711
RMSE: 5.083278
MAE: 1.981395
R^2: 0.9192163885331386
loss: 0.002384  [    0/ 1575]
loss: 0.001238  [  160/ 1575]
loss: 0.001738  [  320/ 1575]
loss: 0.001385  [  480/ 1575]
loss: 0.001338  [  640/ 1575]
loss: 0.001364  [  800/ 1575]
loss: 0.001769  [  960/ 1575]
loss: 0.001229  [ 1120/ 1575]
loss: 0.001356  [ 1280/ 1575]
loss: 0.002108  [ 1440/ 1575]
Test Error: 
MSE: 27.874300
RMSE: 5.279612
MAE: 2.033335
R^2: 0.9128555781067067
loss: 0.001243  [    0/ 1575]
loss: 0.001158  [  160/ 1575]
loss: 0.002135  [  320/ 1575]
loss: 0.001663  [  480/ 1575]
loss: 0.001795  [  640/ 1575]
loss: 0.001190  [  800/ 1575]
loss: 0.001560  [  960/ 1575]
loss: 0.002045  [ 1120/ 1575]
loss: 0.001570  [ 1280/ 1575]
loss: 0.001909  [ 1440/ 1575]
Test Error: 
MSE: 25.651142
RMSE: 5.064696
MAE: 1.974960
R^2: 0.9198059184226495
loss: 0.001553  [    0/ 1575]
loss: 0.001633  [  160/ 1575]
loss: 0.001660  [  320/ 1575]
loss: 0.001545  [  480/ 1575]
loss: 0.001262  [  640/ 1575]
loss: 0.001403  [  800/ 1575]
loss: 0.001134  [  960/ 1575]
loss: 0.001484  [ 1120/ 1575]
loss: 0.001543  [ 1280/ 1575]
loss: 0.001615  [ 1440/ 1575]
Test Error: 
MSE: 25.907385
RMSE: 5.089930
MAE: 1.982302
R^2: 0.9190048144834919
loss: 0.001320  [    0/ 1575]
loss: 0.001337  [  160/ 1575]
loss: 0.001654  [  320/ 1575]
loss: 0.000934  [  480/ 1575]
loss: 0.001186  [  640/ 1575]
loss: 0.001698  [  800/ 1575]
loss: 0.001394  [  960/ 1575]
loss: 0.000791  [ 1120/ 1575]
loss: 0.001175  [ 1280/ 1575]
loss: 0.001750  [ 1440/ 1575]
Test Error: 
MSE: 26.840028
RMSE: 5.180736
MAE: 1.993164
R^2: 0.9160890604812049
loss: 0.001912  [    0/ 1575]
loss: 0.001476  [  160/ 1575]
loss: 0.001263  [  320/ 1575]
loss: 0.001810  [  480/ 1575]
loss: 0.000973  [  640/ 1575]
loss: 0.001967  [  800/ 1575]
loss: 0.001712  [  960/ 1575]
loss: 0.002004  [ 1120/ 1575]
loss: 0.001116  [ 1280/ 1575]
loss: 0.001425  [ 1440/ 1575]
Test Error: 
MSE: 25.983578
RMSE: 5.097409
MAE: 1.987218
R^2: 0.9187666090667874
loss: 0.000876  [    0/ 1575]
loss: 0.001743  [  160/ 1575]
loss: 0.001578  [  320/ 1575]
loss: 0.001697  [  480/ 1575]
loss: 0.001885  [  640/ 1575]
loss: 0.002191  [  800/ 1575]
loss: 0.001983  [  960/ 1575]
loss: 0.001941  [ 1120/ 1575]
loss: 0.001851  [ 1280/ 1575]
loss: 0.001712  [ 1440/ 1575]
Test Error: 
MSE: 26.189969
RMSE: 5.117614
MAE: 1.995281
R^2: 0.9181213618846658
loss: 0.001771  [    0/ 1575]
loss: 0.002658  [  160/ 1575]
loss: 0.002726  [  320/ 1575]
loss: 0.002578  [  480/ 1575]
loss: 0.001759  [  640/ 1575]
loss: 0.001230  [  800/ 1575]
loss: 0.001186  [  960/ 1575]
loss: 0.001999  [ 1120/ 1575]
loss: 0.001131  [ 1280/ 1575]
loss: 0.001276  [ 1440/ 1575]
Test Error: 
MSE: 26.026089
RMSE: 5.101577
MAE: 1.984952
R^2: 0.9186337080374503
loss: 0.001230  [    0/ 1575]
loss: 0.001072  [  160/ 1575]
loss: 0.001561  [  320/ 1575]
loss: 0.002221  [  480/ 1575]
loss: 0.002096  [  640/ 1575]
loss: 0.002078  [  800/ 1575]
loss: 0.000984  [  960/ 1575]
loss: 0.001853  [ 1120/ 1575]
loss: 0.001503  [ 1280/ 1575]
loss: 0.001568  [ 1440/ 1575]
Test Error: 
MSE: 27.547601
RMSE: 5.248581
MAE: 1.997714
R^2: 0.9138769509487278
loss: 0.001820  [    0/ 1575]
loss: 0.002083  [  160/ 1575]
loss: 0.002212  [  320/ 1575]
loss: 0.001627  [  480/ 1575]
loss: 0.001604  [  640/ 1575]
loss: 0.001197  [  800/ 1575]
loss: 0.001616  [  960/ 1575]
loss: 0.001703  [ 1120/ 1575]
loss: 0.001605  [ 1280/ 1575]
loss: 0.002019  [ 1440/ 1575]
Test Error: 
MSE: 26.135294
RMSE: 5.112269
MAE: 1.976229
R^2: 0.9182922958676778
loss: 0.002113  [    0/ 1575]
loss: 0.002155  [  160/ 1575]
loss: 0.000987  [  320/ 1575]
loss: 0.001211  [  480/ 1575]
loss: 0.001765  [  640/ 1575]
loss: 0.001543  [  800/ 1575]
loss: 0.000871  [  960/ 1575]
loss: 0.001275  [ 1120/ 1575]
loss: 0.001972  [ 1280/ 1575]
loss: 0.001299  [ 1440/ 1575]
Test Error: 
MSE: 25.836425
RMSE: 5.082954
MAE: 1.980821
R^2: 0.9192266603033152
loss: 0.001086  [    0/ 1575]
loss: 0.002394  [  160/ 1575]
loss: 0.002300  [  320/ 1575]
loss: 0.001151  [  480/ 1575]
loss: 0.001581  [  640/ 1575]
loss: 0.001501  [  800/ 1575]
loss: 0.001117  [  960/ 1575]
loss: 0.001644  [ 1120/ 1575]
loss: 0.001763  [ 1280/ 1575]
loss: 0.001435  [ 1440/ 1575]
Test Error: 
MSE: 30.846228
RMSE: 5.553938
MAE: 2.101303
R^2: 0.9035643338083448
loss: 0.001206  [    0/ 1575]
loss: 0.001738  [  160/ 1575]
loss: 0.001104  [  320/ 1575]
loss: 0.001268  [  480/ 1575]
loss: 0.001604  [  640/ 1575]
loss: 0.001222  [  800/ 1575]
loss: 0.001397  [  960/ 1575]
loss: 0.001398  [ 1120/ 1575]
loss: 0.001865  [ 1280/ 1575]
loss: 0.000973  [ 1440/ 1575]
Test Error: 
MSE: 26.152161
RMSE: 5.113918
MAE: 1.978406
R^2: 0.9182395620021088
loss: 0.001511  [    0/ 1575]
loss: 0.002311  [  160/ 1575]
loss: 0.001251  [  320/ 1575]
loss: 0.001699  [  480/ 1575]
loss: 0.002115  [  640/ 1575]
loss: 0.001719  [  800/ 1575]
loss: 0.001394  [  960/ 1575]
loss: 0.001734  [ 1120/ 1575]
loss: 0.001100  [ 1280/ 1575]
loss: 0.001200  [ 1440/ 1575]
Test Error: 
MSE: 28.533712
RMSE: 5.341696
MAE: 2.049376
R^2: 0.9107940347099004
loss: 0.001440  [    0/ 1575]
loss: 0.001077  [  160/ 1575]
loss: 0.001445  [  320/ 1575]
loss: 0.001385  [  480/ 1575]
loss: 0.001617  [  640/ 1575]
loss: 0.001205  [  800/ 1575]
loss: 0.001551  [  960/ 1575]
loss: 0.001141  [ 1120/ 1575]
loss: 0.001456  [ 1280/ 1575]
loss: 0.002574  [ 1440/ 1575]
Test Error: 
MSE: 28.907621
RMSE: 5.376581
MAE: 2.028219
R^2: 0.9096250692586872
loss: 0.002140  [    0/ 1575]
loss: 0.001732  [  160/ 1575]
loss: 0.002012  [  320/ 1575]
loss: 0.002229  [  480/ 1575]
loss: 0.001135  [  640/ 1575]
loss: 0.001573  [  800/ 1575]
loss: 0.002325  [  960/ 1575]
loss: 0.000999  [ 1120/ 1575]
loss: 0.001281  [ 1280/ 1575]
loss: 0.001640  [ 1440/ 1575]
Test Error: 
MSE: 30.425791
RMSE: 5.515958
MAE: 2.094021
R^2: 0.9048787598923936
loss: 0.001424  [    0/ 1575]
loss: 0.000969  [  160/ 1575]
loss: 0.001104  [  320/ 1575]
loss: 0.001222  [  480/ 1575]
loss: 0.001295  [  640/ 1575]
loss: 0.001742  [  800/ 1575]
loss: 0.001307  [  960/ 1575]
loss: 0.001861  [ 1120/ 1575]
loss: 0.001456  [ 1280/ 1575]
loss: 0.002545  [ 1440/ 1575]
Test Error: 
MSE: 26.128965
RMSE: 5.111650
MAE: 1.993201
R^2: 0.918312082497186
loss: 0.001158  [    0/ 1575]
loss: 0.001823  [  160/ 1575]
loss: 0.001878  [  320/ 1575]
loss: 0.001409  [  480/ 1575]
loss: 0.001412  [  640/ 1575]
loss: 0.001136  [  800/ 1575]
loss: 0.002234  [  960/ 1575]
loss: 0.000999  [ 1120/ 1575]
loss: 0.001164  [ 1280/ 1575]
loss: 0.002683  [ 1440/ 1575]
Test Error: 
MSE: 30.551543
RMSE: 5.527345
MAE: 2.097121
R^2: 0.9044856177770836
loss: 0.001650  [    0/ 1575]
loss: 0.001517  [  160/ 1575]
loss: 0.001553  [  320/ 1575]
loss: 0.002275  [  480/ 1575]
loss: 0.001972  [  640/ 1575]
loss: 0.001641  [  800/ 1575]
loss: 0.001429  [  960/ 1575]
loss: 0.001623  [ 1120/ 1575]
loss: 0.001671  [ 1280/ 1575]
loss: 0.002181  [ 1440/ 1575]
Test Error: 
MSE: 26.681410
RMSE: 5.165405
MAE: 2.003149
R^2: 0.9165849534124543
loss: 0.001512  [    0/ 1575]
loss: 0.002281  [  160/ 1575]
loss: 0.001662  [  320/ 1575]
loss: 0.001129  [  480/ 1575]
loss: 0.001573  [  640/ 1575]
loss: 0.001573  [  800/ 1575]
loss: 0.001694  [  960/ 1575]
loss: 0.001740  [ 1120/ 1575]
loss: 0.001496  [ 1280/ 1575]
loss: 0.001936  [ 1440/ 1575]
Test Error: 
MSE: 28.004175
RMSE: 5.291897
MAE: 2.033160
R^2: 0.9124495456439369
loss: 0.001731  [    0/ 1575]
loss: 0.001343  [  160/ 1575]
loss: 0.001028  [  320/ 1575]
loss: 0.001090  [  480/ 1575]
loss: 0.001885  [  640/ 1575]
loss: 0.001935  [  800/ 1575]
loss: 0.001287  [  960/ 1575]
loss: 0.001850  [ 1120/ 1575]
loss: 0.001139  [ 1280/ 1575]
loss: 0.001578  [ 1440/ 1575]
Test Error: 
MSE: 29.467944
RMSE: 5.428438
MAE: 2.077271
R^2: 0.907873312351378
loss: 0.001701  [    0/ 1575]
loss: 0.002070  [  160/ 1575]
loss: 0.001826  [  320/ 1575]
loss: 0.001737  [  480/ 1575]
loss: 0.001569  [  640/ 1575]
loss: 0.001543  [  800/ 1575]
loss: 0.001640  [  960/ 1575]
loss: 0.001258  [ 1120/ 1575]
loss: 0.001203  [ 1280/ 1575]
loss: 0.001921  [ 1440/ 1575]
Test Error: 
MSE: 26.536404
RMSE: 5.151350
MAE: 1.991427
R^2: 0.9170382914818256
loss: 0.001285  [    0/ 1575]
loss: 0.001755  [  160/ 1575]
loss: 0.001014  [  320/ 1575]
loss: 0.001736  [  480/ 1575]
loss: 0.001827  [  640/ 1575]
loss: 0.001385  [  800/ 1575]
loss: 0.001219  [  960/ 1575]
loss: 0.001612  [ 1120/ 1575]
loss: 0.001306  [ 1280/ 1575]
loss: 0.001440  [ 1440/ 1575]
Test Error: 
MSE: 26.265590
RMSE: 5.124997
MAE: 1.986172
R^2: 0.9178849451975511
loss: 0.001075  [    0/ 1575]
loss: 0.001395  [  160/ 1575]
loss: 0.001430  [  320/ 1575]
loss: 0.001986  [  480/ 1575]
loss: 0.002033  [  640/ 1575]
loss: 0.001234  [  800/ 1575]
loss: 0.001413  [  960/ 1575]
loss: 0.001207  [ 1120/ 1575]
loss: 0.001724  [ 1280/ 1575]
loss: 0.001367  [ 1440/ 1575]
Test Error: 
MSE: 29.407575
RMSE: 5.422875
MAE: 2.069093
R^2: 0.9080620472434033
loss: 0.000957  [    0/ 1575]
loss: 0.001582  [  160/ 1575]
loss: 0.001638  [  320/ 1575]
loss: 0.001301  [  480/ 1575]
loss: 0.001640  [  640/ 1575]
loss: 0.001848  [  800/ 1575]
loss: 0.001226  [  960/ 1575]
loss: 0.002018  [ 1120/ 1575]
loss: 0.002085  [ 1280/ 1575]
loss: 0.001030  [ 1440/ 1575]
Test Error: 
MSE: 28.206249
RMSE: 5.310956
MAE: 2.038657
R^2: 0.9118177948600549
loss: 0.001449  [    0/ 1575]
loss: 0.002175  [  160/ 1575]
loss: 0.001405  [  320/ 1575]
loss: 0.002803  [  480/ 1575]
loss: 0.001899  [  640/ 1575]
loss: 0.001929  [  800/ 1575]
loss: 0.002169  [  960/ 1575]
loss: 0.001429  [ 1120/ 1575]
loss: 0.001540  [ 1280/ 1575]
loss: 0.001893  [ 1440/ 1575]
Test Error: 
MSE: 25.834356
RMSE: 5.082751
MAE: 1.978470
R^2: 0.9192331271708508
loss: 0.001182  [    0/ 1575]
loss: 0.001471  [  160/ 1575]
loss: 0.001388  [  320/ 1575]
loss: 0.001191  [  480/ 1575]
loss: 0.001831  [  640/ 1575]
loss: 0.002005  [  800/ 1575]
loss: 0.001014  [  960/ 1575]
loss: 0.001319  [ 1120/ 1575]
loss: 0.002241  [ 1280/ 1575]
loss: 0.001795  [ 1440/ 1575]
Test Error: 
MSE: 26.079726
RMSE: 5.106831
MAE: 1.975757
R^2: 0.9184660203883169
loss: 0.002114  [    0/ 1575]
loss: 0.001384  [  160/ 1575]
loss: 0.001298  [  320/ 1575]
loss: 0.001912  [  480/ 1575]
loss: 0.001004  [  640/ 1575]
loss: 0.001359  [  800/ 1575]
loss: 0.001454  [  960/ 1575]
loss: 0.001411  [ 1120/ 1575]
loss: 0.002407  [ 1280/ 1575]
loss: 0.001097  [ 1440/ 1575]
Test Error: 
MSE: 26.814884
RMSE: 5.178309
MAE: 2.006046
R^2: 0.9161676683979472
loss: 0.000867  [    0/ 1575]
loss: 0.001452  [  160/ 1575]
loss: 0.001677  [  320/ 1575]
loss: 0.001677  [  480/ 1575]
loss: 0.001281  [  640/ 1575]
loss: 0.001741  [  800/ 1575]
loss: 0.001664  [  960/ 1575]
loss: 0.001581  [ 1120/ 1575]
loss: 0.001935  [ 1280/ 1575]
loss: 0.002610  [ 1440/ 1575]
Test Error: 
MSE: 31.320474
RMSE: 5.596470
MAE: 2.115122
R^2: 0.9020816817146494
loss: 0.002122  [    0/ 1575]
loss: 0.001742  [  160/ 1575]
loss: 0.001198  [  320/ 1575]
loss: 0.002586  [  480/ 1575]
loss: 0.002166  [  640/ 1575]
loss: 0.001787  [  800/ 1575]
loss: 0.000963  [  960/ 1575]
loss: 0.001243  [ 1120/ 1575]
loss: 0.001098  [ 1280/ 1575]
loss: 0.001486  [ 1440/ 1575]
Test Error: 
MSE: 28.307127
RMSE: 5.320444
MAE: 2.047172
R^2: 0.9115024171790289
loss: 0.001248  [    0/ 1575]
loss: 0.001641  [  160/ 1575]
loss: 0.001757  [  320/ 1575]
loss: 0.001308  [  480/ 1575]
loss: 0.001871  [  640/ 1575]
loss: 0.001358  [  800/ 1575]
loss: 0.001999  [  960/ 1575]
loss: 0.000791  [ 1120/ 1575]
loss: 0.001388  [ 1280/ 1575]
loss: 0.001099  [ 1440/ 1575]
Test Error: 
MSE: 26.097488
RMSE: 5.108570
MAE: 1.978620
R^2: 0.9184104892031458
loss: 0.001108  [    0/ 1575]
loss: 0.002341  [  160/ 1575]
loss: 0.002596  [  320/ 1575]
loss: 0.001646  [  480/ 1575]
loss: 0.001279  [  640/ 1575]
loss: 0.001859  [  800/ 1575]
loss: 0.001551  [  960/ 1575]
loss: 0.002468  [ 1120/ 1575]
loss: 0.002285  [ 1280/ 1575]
loss: 0.002183  [ 1440/ 1575]
Test Error: 
MSE: 44.173784
RMSE: 6.646336
MAE: 2.345710
R^2: 0.8618979171682202
loss: 0.001826  [    0/ 1575]
loss: 0.001671  [  160/ 1575]
loss: 0.001423  [  320/ 1575]
loss: 0.001172  [  480/ 1575]
loss: 0.000958  [  640/ 1575]
loss: 0.001348  [  800/ 1575]
loss: 0.000952  [  960/ 1575]
loss: 0.001212  [ 1120/ 1575]
loss: 0.001811  [ 1280/ 1575]
loss: 0.001088  [ 1440/ 1575]
Test Error: 
MSE: 26.136195
RMSE: 5.112357
MAE: 1.985635
R^2: 0.9182894769865707
loss: 0.001886  [    0/ 1575]
loss: 0.001082  [  160/ 1575]
loss: 0.001692  [  320/ 1575]
loss: 0.000709  [  480/ 1575]
loss: 0.001573  [  640/ 1575]
loss: 0.001354  [  800/ 1575]
loss: 0.001576  [  960/ 1575]
loss: 0.001412  [ 1120/ 1575]
loss: 0.001111  [ 1280/ 1575]
loss: 0.001315  [ 1440/ 1575]
Test Error: 
MSE: 27.705656
RMSE: 5.263616
MAE: 2.030177
R^2: 0.9133828165811151
loss: 0.000859  [    0/ 1575]
loss: 0.001588  [  160/ 1575]
loss: 0.001795  [  320/ 1575]
loss: 0.001231  [  480/ 1575]
loss: 0.001504  [  640/ 1575]
loss: 0.001358  [  800/ 1575]
loss: 0.001535  [  960/ 1575]
loss: 0.001462  [ 1120/ 1575]
loss: 0.000924  [ 1280/ 1575]
loss: 0.002160  [ 1440/ 1575]
Test Error: 
MSE: 37.843495
RMSE: 6.151707
MAE: 2.243195
R^2: 0.8816885284273595
loss: 0.002210  [    0/ 1575]
loss: 0.001204  [  160/ 1575]
loss: 0.000998  [  320/ 1575]
loss: 0.001130  [  480/ 1575]
loss: 0.001212  [  640/ 1575]
loss: 0.001311  [  800/ 1575]
loss: 0.001014  [  960/ 1575]
loss: 0.001733  [ 1120/ 1575]
loss: 0.001511  [ 1280/ 1575]
loss: 0.001199  [ 1440/ 1575]
Test Error: 
MSE: 26.071329
RMSE: 5.106009
MAE: 1.979232
R^2: 0.9184922707316072
loss: 0.001349  [    0/ 1575]
loss: 0.001325  [  160/ 1575]
loss: 0.001135  [  320/ 1575]
loss: 0.001099  [  480/ 1575]
loss: 0.002167  [  640/ 1575]
loss: 0.000995  [  800/ 1575]
loss: 0.001475  [  960/ 1575]
loss: 0.001476  [ 1120/ 1575]
loss: 0.001399  [ 1280/ 1575]
loss: 0.002282  [ 1440/ 1575]
Test Error: 
MSE: 37.806285
RMSE: 6.148682
MAE: 2.241001
R^2: 0.881804857054875
loss: 0.002335  [    0/ 1575]
loss: 0.001368  [  160/ 1575]
loss: 0.001296  [  320/ 1575]
loss: 0.001454  [  480/ 1575]
loss: 0.002079  [  640/ 1575]
loss: 0.001074  [  800/ 1575]
loss: 0.001490  [  960/ 1575]
loss: 0.001290  [ 1120/ 1575]
loss: 0.001990  [ 1280/ 1575]
loss: 0.001865  [ 1440/ 1575]
Test Error: 
MSE: 26.535390
RMSE: 5.151251
MAE: 1.992458
R^2: 0.9170414618506457
loss: 0.001205  [    0/ 1575]
loss: 0.001287  [  160/ 1575]
loss: 0.001409  [  320/ 1575]
loss: 0.002219  [  480/ 1575]
loss: 0.001314  [  640/ 1575]
loss: 0.001320  [  800/ 1575]
loss: 0.001299  [  960/ 1575]
loss: 0.001818  [ 1120/ 1575]
loss: 0.001445  [ 1280/ 1575]
loss: 0.002217  [ 1440/ 1575]
Test Error: 
MSE: 26.345971
RMSE: 5.132833
MAE: 1.997755
R^2: 0.9176336473221766
loss: 0.001532  [    0/ 1575]
loss: 0.001285  [  160/ 1575]
loss: 0.001521  [  320/ 1575]
loss: 0.000756  [  480/ 1575]
loss: 0.001177  [  640/ 1575]
loss: 0.001577  [  800/ 1575]
loss: 0.001210  [  960/ 1575]
loss: 0.002028  [ 1120/ 1575]
loss: 0.001253  [ 1280/ 1575]
loss: 0.001582  [ 1440/ 1575]
Test Error: 
MSE: 27.575960
RMSE: 5.251282
MAE: 2.029800
R^2: 0.9137882895849938
loss: 0.000856  [    0/ 1575]
loss: 0.001305  [  160/ 1575]
loss: 0.001442  [  320/ 1575]
loss: 0.001601  [  480/ 1575]
loss: 0.001434  [  640/ 1575]
loss: 0.001996  [  800/ 1575]
loss: 0.001295  [  960/ 1575]
loss: 0.002255  [ 1120/ 1575]
loss: 0.001434  [ 1280/ 1575]
loss: 0.001803  [ 1440/ 1575]
Test Error: 
MSE: 26.451784
RMSE: 5.143130
MAE: 1.994381
R^2: 0.9173028408413838
loss: 0.000710  [    0/ 1575]
loss: 0.001431  [  160/ 1575]
loss: 0.000818  [  320/ 1575]
loss: 0.001774  [  480/ 1575]
loss: 0.001445  [  640/ 1575]
loss: 0.001075  [  800/ 1575]
loss: 0.001425  [  960/ 1575]
loss: 0.000788  [ 1120/ 1575]
loss: 0.001896  [ 1280/ 1575]
loss: 0.002072  [ 1440/ 1575]
Test Error: 
MSE: 26.269741
RMSE: 5.125402
MAE: 1.976597
R^2: 0.9178719690761292
loss: 0.001501  [    0/ 1575]
loss: 0.002313  [  160/ 1575]
loss: 0.000884  [  320/ 1575]
loss: 0.001482  [  480/ 1575]
loss: 0.001212  [  640/ 1575]
loss: 0.001919  [  800/ 1575]
loss: 0.002579  [  960/ 1575]
loss: 0.001406  [ 1120/ 1575]
loss: 0.001034  [ 1280/ 1575]
loss: 0.001346  [ 1440/ 1575]
Test Error: 
MSE: 31.382572
RMSE: 5.602015
MAE: 2.120028
R^2: 0.9018875433348583
loss: 0.001500  [    0/ 1575]
loss: 0.001203  [  160/ 1575]
loss: 0.001107  [  320/ 1575]
loss: 0.001388  [  480/ 1575]
loss: 0.001446  [  640/ 1575]
loss: 0.001730  [  800/ 1575]
loss: 0.000797  [  960/ 1575]
loss: 0.001568  [ 1120/ 1575]
loss: 0.001758  [ 1280/ 1575]
loss: 0.001674  [ 1440/ 1575]
Test Error: 
MSE: 34.383316
RMSE: 5.863729
MAE: 2.176191
R^2: 0.8925062085174855
loss: 0.001389  [    0/ 1575]
loss: 0.002014  [  160/ 1575]
loss: 0.001855  [  320/ 1575]
loss: 0.001068  [  480/ 1575]
loss: 0.001471  [  640/ 1575]
loss: 0.001113  [  800/ 1575]
loss: 0.002150  [  960/ 1575]
loss: 0.001343  [ 1120/ 1575]
loss: 0.001069  [ 1280/ 1575]
loss: 0.000887  [ 1440/ 1575]
Test Error: 
MSE: 27.225490
RMSE: 5.217805
MAE: 2.019853
R^2: 0.914883977631886
loss: 0.001248  [    0/ 1575]
loss: 0.001358  [  160/ 1575]
loss: 0.001615  [  320/ 1575]
loss: 0.001228  [  480/ 1575]
loss: 0.000990  [  640/ 1575]
loss: 0.001820  [  800/ 1575]
loss: 0.001375  [  960/ 1575]
loss: 0.001349  [ 1120/ 1575]
loss: 0.001818  [ 1280/ 1575]
loss: 0.001821  [ 1440/ 1575]
Test Error: 
MSE: 29.037159
RMSE: 5.388614
MAE: 2.059948
R^2: 0.9092200903806873
loss: 0.001744  [    0/ 1575]
loss: 0.001636  [  160/ 1575]
loss: 0.002081  [  320/ 1575]
loss: 0.001084  [  480/ 1575]
loss: 0.001292  [  640/ 1575]
loss: 0.001841  [  800/ 1575]
loss: 0.001847  [  960/ 1575]
loss: 0.001425  [ 1120/ 1575]
loss: 0.001900  [ 1280/ 1575]
loss: 0.001884  [ 1440/ 1575]
Test Error: 
MSE: 26.550246
RMSE: 5.152693
MAE: 2.000937
R^2: 0.9169950168106895
loss: 0.000693  [    0/ 1575]
loss: 0.002163  [  160/ 1575]
loss: 0.001372  [  320/ 1575]
loss: 0.001359  [  480/ 1575]
loss: 0.001404  [  640/ 1575]
loss: 0.001465  [  800/ 1575]
loss: 0.001502  [  960/ 1575]
loss: 0.001879  [ 1120/ 1575]
loss: 0.001185  [ 1280/ 1575]
loss: 0.001723  [ 1440/ 1575]
Test Error: 
MSE: 32.386403
RMSE: 5.690905
MAE: 2.137949
R^2: 0.8987492298837295
loss: 0.001512  [    0/ 1575]
loss: 0.001542  [  160/ 1575]
loss: 0.001388  [  320/ 1575]
loss: 0.001026  [  480/ 1575]
loss: 0.001265  [  640/ 1575]
loss: 0.001765  [  800/ 1575]
loss: 0.001002  [  960/ 1575]
loss: 0.002123  [ 1120/ 1575]
loss: 0.001098  [ 1280/ 1575]
loss: 0.001146  [ 1440/ 1575]
Test Error: 
MSE: 26.954784
RMSE: 5.191800
MAE: 2.018595
R^2: 0.9157302931091535
loss: 0.001198  [    0/ 1575]
loss: 0.001286  [  160/ 1575]
loss: 0.001418  [  320/ 1575]
loss: 0.001060  [  480/ 1575]
loss: 0.001367  [  640/ 1575]
loss: 0.001964  [  800/ 1575]
loss: 0.001926  [  960/ 1575]
loss: 0.001308  [ 1120/ 1575]
loss: 0.001760  [ 1280/ 1575]
loss: 0.001371  [ 1440/ 1575]
Test Error: 
MSE: 27.131468
RMSE: 5.208788
MAE: 2.016471
R^2: 0.9151779212911823
loss: 0.001424  [    0/ 1575]
loss: 0.000879  [  160/ 1575]
loss: 0.001173  [  320/ 1575]
loss: 0.001404  [  480/ 1575]
loss: 0.001911  [  640/ 1575]
loss: 0.001275  [  800/ 1575]
loss: 0.000794  [  960/ 1575]
loss: 0.001670  [ 1120/ 1575]
loss: 0.002559  [ 1280/ 1575]
loss: 0.001757  [ 1440/ 1575]
Test Error: 
MSE: 35.416881
RMSE: 5.951208
MAE: 2.202210
R^2: 0.8892749380958487
loss: 0.002648  [    0/ 1575]
loss: 0.001150  [  160/ 1575]
loss: 0.001891  [  320/ 1575]
loss: 0.000851  [  480/ 1575]
loss: 0.001232  [  640/ 1575]
loss: 0.001411  [  800/ 1575]
loss: 0.001003  [  960/ 1575]
loss: 0.001343  [ 1120/ 1575]
loss: 0.001627  [ 1280/ 1575]
loss: 0.001269  [ 1440/ 1575]
Test Error: 
MSE: 26.698154
RMSE: 5.167026
MAE: 2.006444
R^2: 0.9165326066621217
loss: 0.001003  [    0/ 1575]
loss: 0.000733  [  160/ 1575]
loss: 0.001623  [  320/ 1575]
loss: 0.002163  [  480/ 1575]
loss: 0.001524  [  640/ 1575]
loss: 0.001413  [  800/ 1575]
loss: 0.001285  [  960/ 1575]
loss: 0.001489  [ 1120/ 1575]
loss: 0.001670  [ 1280/ 1575]
loss: 0.002000  [ 1440/ 1575]
Test Error: 
MSE: 26.802293
RMSE: 5.177093
MAE: 2.010950
R^2: 0.9162070336193299
loss: 0.000851  [    0/ 1575]
loss: 0.001461  [  160/ 1575]
loss: 0.001562  [  320/ 1575]
loss: 0.001166  [  480/ 1575]
loss: 0.002517  [  640/ 1575]
loss: 0.000831  [  800/ 1575]
loss: 0.001436  [  960/ 1575]
loss: 0.000704  [ 1120/ 1575]
loss: 0.001584  [ 1280/ 1575]
loss: 0.001225  [ 1440/ 1575]
Test Error: 
MSE: 26.586011
RMSE: 5.156162
MAE: 1.994009
R^2: 0.9168832038843533
loss: 0.001461  [    0/ 1575]
loss: 0.001504  [  160/ 1575]
loss: 0.001513  [  320/ 1575]
loss: 0.001493  [  480/ 1575]
loss: 0.001319  [  640/ 1575]
loss: 0.001738  [  800/ 1575]
loss: 0.001250  [  960/ 1575]
loss: 0.001775  [ 1120/ 1575]
loss: 0.001289  [ 1280/ 1575]
loss: 0.001985  [ 1440/ 1575]
Test Error: 
MSE: 32.382801
RMSE: 5.690589
MAE: 2.135076
R^2: 0.8987604912371159
loss: 0.002180  [    0/ 1575]
loss: 0.001013  [  160/ 1575]
loss: 0.002083  [  320/ 1575]
loss: 0.001587  [  480/ 1575]
loss: 0.001838  [  640/ 1575]
loss: 0.000780  [  800/ 1575]
loss: 0.000748  [  960/ 1575]
loss: 0.001198  [ 1120/ 1575]
loss: 0.001810  [ 1280/ 1575]
loss: 0.001789  [ 1440/ 1575]
Test Error: 
MSE: 26.643720
RMSE: 5.161756
MAE: 2.003485
R^2: 0.9167027848701131
loss: 0.001410  [    0/ 1575]
loss: 0.002163  [  160/ 1575]
loss: 0.001122  [  320/ 1575]
loss: 0.001965  [  480/ 1575]
loss: 0.001570  [  640/ 1575]
loss: 0.001848  [  800/ 1575]
loss: 0.001136  [  960/ 1575]
loss: 0.001491  [ 1120/ 1575]
loss: 0.001677  [ 1280/ 1575]
loss: 0.001963  [ 1440/ 1575]
Test Error: 
MSE: 26.159639
RMSE: 5.114649
MAE: 1.983770
R^2: 0.9182161836131019
loss: 0.001092  [    0/ 1575]
loss: 0.001203  [  160/ 1575]
loss: 0.001580  [  320/ 1575]
loss: 0.002276  [  480/ 1575]
loss: 0.001234  [  640/ 1575]
loss: 0.001289  [  800/ 1575]
loss: 0.002007  [  960/ 1575]
loss: 0.001777  [ 1120/ 1575]
loss: 0.001089  [ 1280/ 1575]
loss: 0.001907  [ 1440/ 1575]
Test Error: 
MSE: 28.419616
RMSE: 5.331005
MAE: 2.047808
R^2: 0.9111507362844038
loss: 0.001258  [    0/ 1575]
loss: 0.001479  [  160/ 1575]
loss: 0.001317  [  320/ 1575]
loss: 0.001359  [  480/ 1575]
loss: 0.001358  [  640/ 1575]
loss: 0.001078  [  800/ 1575]
loss: 0.001032  [  960/ 1575]
loss: 0.001683  [ 1120/ 1575]
loss: 0.001279  [ 1280/ 1575]
loss: 0.001523  [ 1440/ 1575]
Test Error: 
MSE: 28.042999
RMSE: 5.295564
MAE: 2.040670
R^2: 0.9123281681965844
loss: 0.000728  [    0/ 1575]
loss: 0.000826  [  160/ 1575]
loss: 0.001871  [  320/ 1575]
loss: 0.001870  [  480/ 1575]
loss: 0.001788  [  640/ 1575]
loss: 0.001066  [  800/ 1575]
loss: 0.001163  [  960/ 1575]
loss: 0.001329  [ 1120/ 1575]
loss: 0.000758  [ 1280/ 1575]
loss: 0.001850  [ 1440/ 1575]
Test Error: 
MSE: 33.604522
RMSE: 5.796941
MAE: 2.161779
R^2: 0.8949409810694181
loss: 0.001354  [    0/ 1575]
loss: 0.001770  [  160/ 1575]
loss: 0.001350  [  320/ 1575]
loss: 0.000918  [  480/ 1575]
loss: 0.001434  [  640/ 1575]
loss: 0.001189  [  800/ 1575]
loss: 0.001995  [  960/ 1575]
loss: 0.000842  [ 1120/ 1575]
loss: 0.001788  [ 1280/ 1575]
loss: 0.001050  [ 1440/ 1575]
Test Error: 
MSE: 26.490770
RMSE: 5.146918
MAE: 1.997649
R^2: 0.9171809593144608
loss: 0.001175  [    0/ 1575]
loss: 0.002043  [  160/ 1575]
loss: 0.001656  [  320/ 1575]
loss: 0.001795  [  480/ 1575]
loss: 0.001903  [  640/ 1575]
loss: 0.001996  [  800/ 1575]
loss: 0.001468  [  960/ 1575]
loss: 0.001719  [ 1120/ 1575]
loss: 0.001132  [ 1280/ 1575]
loss: 0.001110  [ 1440/ 1575]
Test Error: 
MSE: 27.803889
RMSE: 5.272939
MAE: 2.038549
R^2: 0.9130757068193522
loss: 0.002934  [    0/ 1575]
loss: 0.001808  [  160/ 1575]
loss: 0.001014  [  320/ 1575]
loss: 0.001203  [  480/ 1575]
loss: 0.001609  [  640/ 1575]
loss: 0.001307  [  800/ 1575]
loss: 0.001691  [  960/ 1575]
loss: 0.001302  [ 1120/ 1575]
loss: 0.001509  [ 1280/ 1575]
loss: 0.001144  [ 1440/ 1575]
Test Error: 
MSE: 29.201137
RMSE: 5.403808
MAE: 2.072130
R^2: 0.9087074400944913
loss: 0.001624  [    0/ 1575]
loss: 0.001409  [  160/ 1575]
loss: 0.001267  [  320/ 1575]
loss: 0.000992  [  480/ 1575]
loss: 0.001469  [  640/ 1575]
loss: 0.001220  [  800/ 1575]
loss: 0.000883  [  960/ 1575]
loss: 0.001668  [ 1120/ 1575]
loss: 0.000877  [ 1280/ 1575]
loss: 0.001640  [ 1440/ 1575]
Test Error: 
MSE: 27.298683
RMSE: 5.224814
MAE: 2.024935
R^2: 0.9146551514870833
loss: 0.001624  [    0/ 1575]
loss: 0.001440  [  160/ 1575]
loss: 0.001125  [  320/ 1575]
loss: 0.001475  [  480/ 1575]
loss: 0.001145  [  640/ 1575]
loss: 0.000944  [  800/ 1575]
loss: 0.000902  [  960/ 1575]
loss: 0.001684  [ 1120/ 1575]
loss: 0.001058  [ 1280/ 1575]
loss: 0.001554  [ 1440/ 1575]
Test Error: 
MSE: 26.171534
RMSE: 5.115812
MAE: 1.992795
R^2: 0.9181789954023253
loss: 0.001542  [    0/ 1575]
loss: 0.001557  [  160/ 1575]
loss: 0.001842  [  320/ 1575]
loss: 0.001196  [  480/ 1575]
loss: 0.001955  [  640/ 1575]
loss: 0.001770  [  800/ 1575]
loss: 0.001745  [  960/ 1575]
loss: 0.001115  [ 1120/ 1575]
loss: 0.001287  [ 1280/ 1575]
loss: 0.001091  [ 1440/ 1575]
Test Error: 
MSE: 31.222918
RMSE: 5.587747
MAE: 2.114695
R^2: 0.9023866742515665
loss: 0.002353  [    0/ 1575]
loss: 0.000752  [  160/ 1575]
loss: 0.001299  [  320/ 1575]
loss: 0.001482  [  480/ 1575]
loss: 0.001408  [  640/ 1575]
loss: 0.002401  [  800/ 1575]
loss: 0.001465  [  960/ 1575]
loss: 0.001171  [ 1120/ 1575]
loss: 0.001438  [ 1280/ 1575]
loss: 0.001057  [ 1440/ 1575]
Test Error: 
MSE: 28.353972
RMSE: 5.324845
MAE: 2.050045
R^2: 0.9113559614788737
loss: 0.001077  [    0/ 1575]
loss: 0.001430  [  160/ 1575]
loss: 0.001318  [  320/ 1575]
loss: 0.001458  [  480/ 1575]
loss: 0.001327  [  640/ 1575]
loss: 0.001438  [  800/ 1575]
loss: 0.001896  [  960/ 1575]
loss: 0.001168  [ 1120/ 1575]
loss: 0.001112  [ 1280/ 1575]
loss: 0.001693  [ 1440/ 1575]
Test Error: 
MSE: 26.473204
RMSE: 5.145212
MAE: 1.998789
R^2: 0.9172358765170768
loss: 0.001302  [    0/ 1575]
loss: 0.000919  [  160/ 1575]
loss: 0.000982  [  320/ 1575]
loss: 0.001322  [  480/ 1575]
loss: 0.001842  [  640/ 1575]
loss: 0.001310  [  800/ 1575]
loss: 0.001394  [  960/ 1575]
loss: 0.001500  [ 1120/ 1575]
loss: 0.001217  [ 1280/ 1575]
loss: 0.001196  [ 1440/ 1575]
Test Error: 
MSE: 27.545005
RMSE: 5.248334
MAE: 2.028027
R^2: 0.9138850660505111
loss: 0.002043  [    0/ 1575]
loss: 0.001599  [  160/ 1575]
loss: 0.002410  [  320/ 1575]
loss: 0.001071  [  480/ 1575]
loss: 0.001184  [  640/ 1575]
loss: 0.001306  [  800/ 1575]
loss: 0.001463  [  960/ 1575]
loss: 0.001045  [ 1120/ 1575]
loss: 0.001084  [ 1280/ 1575]
loss: 0.001691  [ 1440/ 1575]
Test Error: 
MSE: 28.937078
RMSE: 5.379319
MAE: 2.068251
R^2: 0.9095329792845237
loss: 0.001288  [    0/ 1575]
loss: 0.002563  [  160/ 1575]
loss: 0.000748  [  320/ 1575]
loss: 0.001687  [  480/ 1575]
loss: 0.001194  [  640/ 1575]
loss: 0.001069  [  800/ 1575]
loss: 0.001279  [  960/ 1575]
loss: 0.001249  [ 1120/ 1575]
loss: 0.001435  [ 1280/ 1575]
loss: 0.000792  [ 1440/ 1575]
Test Error: 
MSE: 26.724545
RMSE: 5.169579
MAE: 1.984698
R^2: 0.9164501003021744
loss: 0.001612  [    0/ 1575]
loss: 0.001315  [  160/ 1575]
loss: 0.001705  [  320/ 1575]
loss: 0.001459  [  480/ 1575]
loss: 0.001464  [  640/ 1575]
loss: 0.002053  [  800/ 1575]
loss: 0.002074  [  960/ 1575]
loss: 0.001710  [ 1120/ 1575]
loss: 0.001495  [ 1280/ 1575]
loss: 0.002033  [ 1440/ 1575]
Test Error: 
MSE: 26.873717
RMSE: 5.183987
MAE: 2.001339
R^2: 0.9159837385986661
loss: 0.001247  [    0/ 1575]
loss: 0.001383  [  160/ 1575]
loss: 0.001288  [  320/ 1575]
loss: 0.000877  [  480/ 1575]
loss: 0.001361  [  640/ 1575]
loss: 0.001074  [  800/ 1575]
loss: 0.001324  [  960/ 1575]
loss: 0.001436  [ 1120/ 1575]
loss: 0.001993  [ 1280/ 1575]
loss: 0.001441  [ 1440/ 1575]
Test Error: 
MSE: 26.353706
RMSE: 5.133586
MAE: 1.988701
R^2: 0.917609467342454
loss: 0.000995  [    0/ 1575]
loss: 0.001517  [  160/ 1575]
loss: 0.000848  [  320/ 1575]
loss: 0.002028  [  480/ 1575]
loss: 0.001012  [  640/ 1575]
loss: 0.001224  [  800/ 1575]
loss: 0.001653  [  960/ 1575]
loss: 0.001459  [ 1120/ 1575]
loss: 0.001485  [ 1280/ 1575]
loss: 0.001192  [ 1440/ 1575]
Test Error: 
MSE: 27.025431
RMSE: 5.198599
MAE: 2.019887
R^2: 0.9155094272016325
loss: 0.000975  [    0/ 1575]
loss: 0.001137  [  160/ 1575]
loss: 0.001688  [  320/ 1575]
loss: 0.001763  [  480/ 1575]
loss: 0.001059  [  640/ 1575]
loss: 0.001197  [  800/ 1575]
loss: 0.000925  [  960/ 1575]
loss: 0.001975  [ 1120/ 1575]
loss: 0.001536  [ 1280/ 1575]
loss: 0.001977  [ 1440/ 1575]
Test Error: 
MSE: 29.670442
RMSE: 5.447058
MAE: 2.085416
R^2: 0.9072402344060011
loss: 0.000863  [    0/ 1575]
loss: 0.001469  [  160/ 1575]
loss: 0.001437  [  320/ 1575]
loss: 0.001787  [  480/ 1575]
loss: 0.000842  [  640/ 1575]
loss: 0.000988  [  800/ 1575]
loss: 0.001754  [  960/ 1575]
loss: 0.001603  [ 1120/ 1575]
loss: 0.000966  [ 1280/ 1575]
loss: 0.001861  [ 1440/ 1575]
Test Error: 
MSE: 31.447393
RMSE: 5.607798
MAE: 2.123690
R^2: 0.9016848903555154
loss: 0.001423  [    0/ 1575]
loss: 0.001150  [  160/ 1575]
loss: 0.001271  [  320/ 1575]
loss: 0.001626  [  480/ 1575]
loss: 0.000776  [  640/ 1575]
loss: 0.000866  [  800/ 1575]
loss: 0.001409  [  960/ 1575]
loss: 0.001316  [ 1120/ 1575]
loss: 0.001054  [ 1280/ 1575]
loss: 0.001067  [ 1440/ 1575]
Test Error: 
MSE: 26.842738
RMSE: 5.180998
MAE: 1.996150
R^2: 0.9160805888389726
loss: 0.000908  [    0/ 1575]
loss: 0.001018  [  160/ 1575]
loss: 0.001232  [  320/ 1575]
loss: 0.001652  [  480/ 1575]
loss: 0.001447  [  640/ 1575]
loss: 0.001522  [  800/ 1575]
loss: 0.001369  [  960/ 1575]
loss: 0.001399  [ 1120/ 1575]
loss: 0.001410  [ 1280/ 1575]
loss: 0.001533  [ 1440/ 1575]
Test Error: 
MSE: 26.722533
RMSE: 5.169384
MAE: 2.004808
R^2: 0.9164563878670574
loss: 0.001176  [    0/ 1575]
loss: 0.001848  [  160/ 1575]
loss: 0.001180  [  320/ 1575]
loss: 0.001496  [  480/ 1575]
loss: 0.001820  [  640/ 1575]
loss: 0.001598  [  800/ 1575]
loss: 0.001691  [  960/ 1575]
loss: 0.001361  [ 1120/ 1575]
loss: 0.001819  [ 1280/ 1575]
loss: 0.001444  [ 1440/ 1575]
Test Error: 
MSE: 28.495979
RMSE: 5.338163
MAE: 2.055971
R^2: 0.9109120001907396
loss: 0.001284  [    0/ 1575]
loss: 0.000851  [  160/ 1575]
loss: 0.001386  [  320/ 1575]
loss: 0.001343  [  480/ 1575]
loss: 0.001111  [  640/ 1575]
loss: 0.002039  [  800/ 1575]
loss: 0.001229  [  960/ 1575]
loss: 0.001251  [ 1120/ 1575]
loss: 0.001397  [ 1280/ 1575]
loss: 0.001195  [ 1440/ 1575]
Test Error: 
MSE: 28.487319
RMSE: 5.337351
MAE: 2.054081
R^2: 0.910939076734194
loss: 0.001569  [    0/ 1575]
loss: 0.001358  [  160/ 1575]
loss: 0.001396  [  320/ 1575]
loss: 0.001453  [  480/ 1575]
loss: 0.001122  [  640/ 1575]
loss: 0.001367  [  800/ 1575]
loss: 0.001433  [  960/ 1575]
loss: 0.001673  [ 1120/ 1575]
loss: 0.001816  [ 1280/ 1575]
loss: 0.001754  [ 1440/ 1575]
Test Error: 
MSE: 29.660755
RMSE: 5.446169
MAE: 2.087131
R^2: 0.9072705198382015
loss: 0.001672  [    0/ 1575]
loss: 0.001348  [  160/ 1575]
loss: 0.001142  [  320/ 1575]
loss: 0.000925  [  480/ 1575]
loss: 0.001727  [  640/ 1575]
loss: 0.001549  [  800/ 1575]
loss: 0.001437  [  960/ 1575]
loss: 0.001045  [ 1120/ 1575]
loss: 0.000957  [ 1280/ 1575]
loss: 0.001651  [ 1440/ 1575]
Test Error: 
MSE: 27.256287
RMSE: 5.220755
MAE: 1.999038
R^2: 0.9147876954873587
loss: 0.002222  [    0/ 1575]
loss: 0.001229  [  160/ 1575]
loss: 0.002366  [  320/ 1575]
loss: 0.001442  [  480/ 1575]
loss: 0.002194  [  640/ 1575]
loss: 0.001847  [  800/ 1575]
loss: 0.001353  [  960/ 1575]
loss: 0.001168  [ 1120/ 1575]
loss: 0.001143  [ 1280/ 1575]
loss: 0.001153  [ 1440/ 1575]
Test Error: 
MSE: 27.964476
RMSE: 5.288145
MAE: 2.041822
R^2: 0.9125736574432857
loss: 0.001041  [    0/ 1575]
loss: 0.001819  [  160/ 1575]
loss: 0.002128  [  320/ 1575]
loss: 0.001751  [  480/ 1575]
loss: 0.001596  [  640/ 1575]
loss: 0.001080  [  800/ 1575]
loss: 0.001020  [  960/ 1575]
loss: 0.001402  [ 1120/ 1575]
loss: 0.001150  [ 1280/ 1575]
loss: 0.001835  [ 1440/ 1575]
Test Error: 
MSE: 26.920404
RMSE: 5.188488
MAE: 2.009231
R^2: 0.915837776766649
loss: 0.001667  [    0/ 1575]
loss: 0.000924  [  160/ 1575]
loss: 0.001246  [  320/ 1575]
loss: 0.001665  [  480/ 1575]
loss: 0.001216  [  640/ 1575]
loss: 0.001220  [  800/ 1575]
loss: 0.001239  [  960/ 1575]
loss: 0.001481  [ 1120/ 1575]
loss: 0.001415  [ 1280/ 1575]
loss: 0.001586  [ 1440/ 1575]
Test Error: 
MSE: 27.203111
RMSE: 5.215660
MAE: 2.019995
R^2: 0.9149539416801123
loss: 0.001061  [    0/ 1575]
loss: 0.001356  [  160/ 1575]
loss: 0.001906  [  320/ 1575]
loss: 0.001049  [  480/ 1575]
loss: 0.001320  [  640/ 1575]
loss: 0.001673  [  800/ 1575]
loss: 0.001300  [  960/ 1575]
loss: 0.001611  [ 1120/ 1575]
loss: 0.001639  [ 1280/ 1575]
loss: 0.001547  [ 1440/ 1575]
Test Error: 
MSE: 30.082116
RMSE: 5.484717
MAE: 2.092735
R^2: 0.9059532034260417
loss: 0.000862  [    0/ 1575]
loss: 0.002098  [  160/ 1575]
loss: 0.000910  [  320/ 1575]
loss: 0.001141  [  480/ 1575]
loss: 0.001082  [  640/ 1575]
loss: 0.001310  [  800/ 1575]
loss: 0.001473  [  960/ 1575]
loss: 0.000861  [ 1120/ 1575]
loss: 0.001360  [ 1280/ 1575]
loss: 0.002026  [ 1440/ 1575]
Test Error: 
MSE: 26.686394
RMSE: 5.165888
MAE: 1.999898
R^2: 0.9165693704738818
loss: 0.001359  [    0/ 1575]
loss: 0.001501  [  160/ 1575]
loss: 0.001486  [  320/ 1575]
loss: 0.001224  [  480/ 1575]
loss: 0.001375  [  640/ 1575]
loss: 0.001077  [  800/ 1575]
loss: 0.000904  [  960/ 1575]
loss: 0.001260  [ 1120/ 1575]
loss: 0.001611  [ 1280/ 1575]
loss: 0.001434  [ 1440/ 1575]
Test Error: 
MSE: 27.562894
RMSE: 5.250038
MAE: 2.026923
R^2: 0.9138291387355888
loss: 0.000922  [    0/ 1575]
loss: 0.001506  [  160/ 1575]
loss: 0.001519  [  320/ 1575]
loss: 0.001732  [  480/ 1575]
loss: 0.001161  [  640/ 1575]
loss: 0.001620  [  800/ 1575]
loss: 0.001201  [  960/ 1575]
loss: 0.000889  [ 1120/ 1575]
loss: 0.001908  [ 1280/ 1575]
loss: 0.001794  [ 1440/ 1575]
Test Error: 
MSE: 26.815946
RMSE: 5.178412
MAE: 1.994861
R^2: 0.916164348138082
loss: 0.001549  [    0/ 1575]
loss: 0.001320  [  160/ 1575]
loss: 0.001158  [  320/ 1575]
loss: 0.001372  [  480/ 1575]
loss: 0.001555  [  640/ 1575]
loss: 0.001026  [  800/ 1575]
loss: 0.001538  [  960/ 1575]
loss: 0.001513  [ 1120/ 1575]
loss: 0.001247  [ 1280/ 1575]
loss: 0.001069  [ 1440/ 1575]
Test Error: 
MSE: 31.433358
RMSE: 5.606546
MAE: 2.127029
R^2: 0.9017287693274095
loss: 0.001269  [    0/ 1575]
loss: 0.001497  [  160/ 1575]
loss: 0.000904  [  320/ 1575]
loss: 0.001300  [  480/ 1575]
loss: 0.001673  [  640/ 1575]
loss: 0.001461  [  800/ 1575]
loss: 0.001055  [  960/ 1575]
loss: 0.001376  [ 1120/ 1575]
loss: 0.001871  [ 1280/ 1575]
loss: 0.001139  [ 1440/ 1575]
Test Error: 
MSE: 27.230293
RMSE: 5.218265
MAE: 2.009308
R^2: 0.9148689605482202
loss: 0.001376  [    0/ 1575]
loss: 0.000852  [  160/ 1575]
loss: 0.001318  [  320/ 1575]
loss: 0.001191  [  480/ 1575]
loss: 0.001259  [  640/ 1575]
loss: 0.000947  [  800/ 1575]
loss: 0.002956  [  960/ 1575]
loss: 0.001484  [ 1120/ 1575]
loss: 0.001395  [ 1280/ 1575]
loss: 0.001252  [ 1440/ 1575]
Test Error: 
MSE: 27.207118
RMSE: 5.216044
MAE: 2.022794
R^2: 0.9149414136239059
loss: 0.001217  [    0/ 1575]
loss: 0.001481  [  160/ 1575]
loss: 0.001323  [  320/ 1575]
loss: 0.001214  [  480/ 1575]
loss: 0.001268  [  640/ 1575]
loss: 0.001430  [  800/ 1575]
loss: 0.001631  [  960/ 1575]
loss: 0.001712  [ 1120/ 1575]
loss: 0.001310  [ 1280/ 1575]
loss: 0.000706  [ 1440/ 1575]
Test Error: 
MSE: 26.522942
RMSE: 5.150043
MAE: 1.995676
R^2: 0.91708037660356
loss: 0.002498  [    0/ 1575]
loss: 0.001218  [  160/ 1575]
loss: 0.001391  [  320/ 1575]
loss: 0.001223  [  480/ 1575]
loss: 0.001535  [  640/ 1575]
loss: 0.001298  [  800/ 1575]
loss: 0.000716  [  960/ 1575]
loss: 0.001472  [ 1120/ 1575]
loss: 0.001247  [ 1280/ 1575]
loss: 0.001350  [ 1440/ 1575]
Test Error: 
MSE: 26.978819
RMSE: 5.194114
MAE: 2.003759
R^2: 0.9156551516018547
loss: 0.001683  [    0/ 1575]
loss: 0.001949  [  160/ 1575]
loss: 0.001606  [  320/ 1575]
loss: 0.001227  [  480/ 1575]
loss: 0.001147  [  640/ 1575]
loss: 0.000963  [  800/ 1575]
loss: 0.001198  [  960/ 1575]
loss: 0.001277  [ 1120/ 1575]
loss: 0.002319  [ 1280/ 1575]
loss: 0.001982  [ 1440/ 1575]
Test Error: 
MSE: 29.642393
RMSE: 5.444483
MAE: 2.081425
R^2: 0.9073279260498929
loss: 0.000928  [    0/ 1575]
loss: 0.001473  [  160/ 1575]
loss: 0.001477  [  320/ 1575]
loss: 0.002370  [  480/ 1575]
loss: 0.001451  [  640/ 1575]
loss: 0.001026  [  800/ 1575]
loss: 0.001300  [  960/ 1575]
loss: 0.001556  [ 1120/ 1575]
loss: 0.001276  [ 1280/ 1575]
loss: 0.001896  [ 1440/ 1575]
Test Error: 
MSE: 29.164877
RMSE: 5.400452
MAE: 2.067051
R^2: 0.9088208004415508
loss: 0.001043  [    0/ 1575]
loss: 0.001455  [  160/ 1575]
loss: 0.002360  [  320/ 1575]
loss: 0.001387  [  480/ 1575]
loss: 0.000986  [  640/ 1575]
loss: 0.001341  [  800/ 1575]
loss: 0.001009  [  960/ 1575]
loss: 0.001652  [ 1120/ 1575]
loss: 0.001051  [ 1280/ 1575]
loss: 0.002067  [ 1440/ 1575]
Test Error: 
MSE: 27.482611
RMSE: 5.242386
MAE: 2.019709
R^2: 0.9140801308716916
loss: 0.001172  [    0/ 1575]
loss: 0.000964  [  160/ 1575]
loss: 0.002043  [  320/ 1575]
loss: 0.002464  [  480/ 1575]
loss: 0.001490  [  640/ 1575]
loss: 0.000851  [  800/ 1575]
loss: 0.001582  [  960/ 1575]
loss: 0.001116  [ 1120/ 1575]
loss: 0.002243  [ 1280/ 1575]
loss: 0.000881  [ 1440/ 1575]
Test Error: 
MSE: 27.109619
RMSE: 5.206690
MAE: 2.020176
R^2: 0.9152462274074579
loss: 0.001002  [    0/ 1575]
loss: 0.001889  [  160/ 1575]
loss: 0.002109  [  320/ 1575]
loss: 0.001246  [  480/ 1575]
loss: 0.001347  [  640/ 1575]
loss: 0.001036  [  800/ 1575]
loss: 0.001112  [  960/ 1575]
loss: 0.001428  [ 1120/ 1575]
loss: 0.001496  [ 1280/ 1575]
loss: 0.001992  [ 1440/ 1575]
Test Error: 
MSE: 27.502494
RMSE: 5.244282
MAE: 2.024657
R^2: 0.914017968623564
loss: 0.000693  [    0/ 1575]
loss: 0.001929  [  160/ 1575]
loss: 0.000859  [  320/ 1575]
loss: 0.001474  [  480/ 1575]
loss: 0.001259  [  640/ 1575]
loss: 0.001234  [  800/ 1575]
loss: 0.001494  [  960/ 1575]
loss: 0.001110  [ 1120/ 1575]
loss: 0.001591  [ 1280/ 1575]
loss: 0.001451  [ 1440/ 1575]
Test Error: 
MSE: 26.779143
RMSE: 5.174857
MAE: 1.993816
R^2: 0.9162794078108042
loss: 0.001454  [    0/ 1575]
loss: 0.001862  [  160/ 1575]
loss: 0.001174  [  320/ 1575]
loss: 0.000650  [  480/ 1575]
loss: 0.001099  [  640/ 1575]
loss: 0.001561  [  800/ 1575]
loss: 0.001217  [  960/ 1575]
loss: 0.001008  [ 1120/ 1575]
loss: 0.001026  [ 1280/ 1575]
loss: 0.001301  [ 1440/ 1575]
Test Error: 
MSE: 28.203500
RMSE: 5.310697
MAE: 2.047756
R^2: 0.9118263897687148
loss: 0.000929  [    0/ 1575]
loss: 0.001383  [  160/ 1575]
loss: 0.001411  [  320/ 1575]
loss: 0.001385  [  480/ 1575]
loss: 0.001758  [  640/ 1575]
loss: 0.001575  [  800/ 1575]
loss: 0.001439  [  960/ 1575]
loss: 0.000746  [ 1120/ 1575]
loss: 0.001192  [ 1280/ 1575]
loss: 0.001342  [ 1440/ 1575]
Test Error: 
MSE: 30.584562
RMSE: 5.530331
MAE: 2.105573
R^2: 0.9043823896032317
loss: 0.001254  [    0/ 1575]
loss: 0.001307  [  160/ 1575]
loss: 0.001171  [  320/ 1575]
loss: 0.001454  [  480/ 1575]
loss: 0.001446  [  640/ 1575]
loss: 0.001237  [  800/ 1575]
loss: 0.001517  [  960/ 1575]
loss: 0.001214  [ 1120/ 1575]
loss: 0.001243  [ 1280/ 1575]
loss: 0.001555  [ 1440/ 1575]
Test Error: 
MSE: 26.869329
RMSE: 5.183563
MAE: 1.993277
R^2: 0.9159974557877714
loss: 0.001386  [    0/ 1575]
loss: 0.001499  [  160/ 1575]
loss: 0.001023  [  320/ 1575]
loss: 0.001141  [  480/ 1575]
loss: 0.001623  [  640/ 1575]
loss: 0.001888  [  800/ 1575]
loss: 0.001107  [  960/ 1575]
loss: 0.001486  [ 1120/ 1575]
loss: 0.001142  [ 1280/ 1575]
loss: 0.000985  [ 1440/ 1575]
Test Error: 
MSE: 27.294651
RMSE: 5.224428
MAE: 2.005702
R^2: 0.9146677574435848
loss: 0.000865  [    0/ 1575]
loss: 0.001259  [  160/ 1575]
loss: 0.001449  [  320/ 1575]
loss: 0.001691  [  480/ 1575]
loss: 0.001350  [  640/ 1575]
loss: 0.001462  [  800/ 1575]
loss: 0.001427  [  960/ 1575]
loss: 0.001499  [ 1120/ 1575]
loss: 0.002106  [ 1280/ 1575]
loss: 0.001169  [ 1440/ 1575]
Test Error: 
MSE: 30.644206
RMSE: 5.535721
MAE: 2.103906
R^2: 0.9041959221782089
loss: 0.001175  [    0/ 1575]
loss: 0.000673  [  160/ 1575]
loss: 0.000900  [  320/ 1575]
loss: 0.001791  [  480/ 1575]
loss: 0.001552  [  640/ 1575]
loss: 0.001197  [  800/ 1575]
loss: 0.001743  [  960/ 1575]
loss: 0.001265  [ 1120/ 1575]
loss: 0.000885  [ 1280/ 1575]
loss: 0.001389  [ 1440/ 1575]
Test Error: 
MSE: 33.367580
RMSE: 5.776468
MAE: 2.160788
R^2: 0.8956817397022476
loss: 0.001237  [    0/ 1575]
loss: 0.001947  [  160/ 1575]
loss: 0.001709  [  320/ 1575]
loss: 0.001297  [  480/ 1575]
loss: 0.001084  [  640/ 1575]
loss: 0.001411  [  800/ 1575]
loss: 0.001085  [  960/ 1575]
loss: 0.001091  [ 1120/ 1575]
loss: 0.001094  [ 1280/ 1575]
loss: 0.001298  [ 1440/ 1575]
Test Error: 
MSE: 28.009670
RMSE: 5.292416
MAE: 2.035086
R^2: 0.9124323663635978
loss: 0.001171  [    0/ 1575]
loss: 0.001639  [  160/ 1575]
loss: 0.000983  [  320/ 1575]
loss: 0.001744  [  480/ 1575]
loss: 0.001479  [  640/ 1575]
loss: 0.001137  [  800/ 1575]
loss: 0.001125  [  960/ 1575]
loss: 0.001266  [ 1120/ 1575]
loss: 0.001687  [ 1280/ 1575]
loss: 0.000824  [ 1440/ 1575]
Test Error: 
MSE: 27.500282
RMSE: 5.244071
MAE: 2.006737
R^2: 0.9140248832594857
loss: 0.001548  [    0/ 1575]
loss: 0.001668  [  160/ 1575]
loss: 0.001265  [  320/ 1575]
loss: 0.000966  [  480/ 1575]
loss: 0.001236  [  640/ 1575]
loss: 0.001560  [  800/ 1575]
loss: 0.001091  [  960/ 1575]
loss: 0.001483  [ 1120/ 1575]
loss: 0.001298  [ 1280/ 1575]
loss: 0.001653  [ 1440/ 1575]
Test Error: 
MSE: 29.074295
RMSE: 5.392059
MAE: 2.067084
R^2: 0.9091039909099404
loss: 0.001308  [    0/ 1575]
loss: 0.001159  [  160/ 1575]
loss: 0.002384  [  320/ 1575]
loss: 0.001286  [  480/ 1575]
loss: 0.001457  [  640/ 1575]
loss: 0.001081  [  800/ 1575]
loss: 0.001899  [  960/ 1575]
loss: 0.001629  [ 1120/ 1575]
loss: 0.001426  [ 1280/ 1575]
loss: 0.002093  [ 1440/ 1575]
Test Error: 
MSE: 27.301228
RMSE: 5.225058
MAE: 2.015778
R^2: 0.9146471943984377
loss: 0.001026  [    0/ 1575]
loss: 0.001115  [  160/ 1575]
loss: 0.001627  [  320/ 1575]
loss: 0.001319  [  480/ 1575]
loss: 0.001674  [  640/ 1575]
loss: 0.001422  [  800/ 1575]
loss: 0.001722  [  960/ 1575]
loss: 0.001278  [ 1120/ 1575]
loss: 0.001480  [ 1280/ 1575]
loss: 0.001705  [ 1440/ 1575]
Test Error: 
MSE: 28.591678
RMSE: 5.347119
MAE: 2.057054
R^2: 0.9106128144550912
loss: 0.000944  [    0/ 1575]
loss: 0.001072  [  160/ 1575]
loss: 0.001357  [  320/ 1575]
loss: 0.001972  [  480/ 1575]
loss: 0.001250  [  640/ 1575]
loss: 0.001012  [  800/ 1575]
loss: 0.001125  [  960/ 1575]
loss: 0.000886  [ 1120/ 1575]
loss: 0.001653  [ 1280/ 1575]
loss: 0.000992  [ 1440/ 1575]
Test Error: 
MSE: 31.248705
RMSE: 5.590054
MAE: 2.116682
R^2: 0.9023060549420016
loss: 0.001466  [    0/ 1575]
loss: 0.001389  [  160/ 1575]
loss: 0.000962  [  320/ 1575]
loss: 0.001495  [  480/ 1575]
loss: 0.001768  [  640/ 1575]
loss: 0.001592  [  800/ 1575]
loss: 0.002086  [  960/ 1575]
loss: 0.001394  [ 1120/ 1575]
loss: 0.001292  [ 1280/ 1575]
loss: 0.000559  [ 1440/ 1575]
Test Error: 
MSE: 26.977250
RMSE: 5.193963
MAE: 2.000578
R^2: 0.9156600566596518
loss: 0.000857  [    0/ 1575]
loss: 0.001021  [  160/ 1575]
loss: 0.001779  [  320/ 1575]
loss: 0.001431  [  480/ 1575]
loss: 0.000839  [  640/ 1575]
loss: 0.001246  [  800/ 1575]
loss: 0.001140  [  960/ 1575]
loss: 0.001284  [ 1120/ 1575]
loss: 0.001511  [ 1280/ 1575]
loss: 0.002165  [ 1440/ 1575]
Test Error: 
MSE: 29.852894
RMSE: 5.463780
MAE: 2.089582
R^2: 0.9066698305107947
loss: 0.000819  [    0/ 1575]
loss: 0.002004  [  160/ 1575]
loss: 0.001298  [  320/ 1575]
loss: 0.001440  [  480/ 1575]
loss: 0.001434  [  640/ 1575]
loss: 0.001303  [  800/ 1575]
loss: 0.001114  [  960/ 1575]
loss: 0.001660  [ 1120/ 1575]
loss: 0.001493  [ 1280/ 1575]
loss: 0.001901  [ 1440/ 1575]
Test Error: 
MSE: 33.398439
RMSE: 5.779138
MAE: 2.160140
R^2: 0.8955852646009196
loss: 0.000990  [    0/ 1575]
loss: 0.000945  [  160/ 1575]
loss: 0.000693  [  320/ 1575]
loss: 0.001832  [  480/ 1575]
loss: 0.001670  [  640/ 1575]
loss: 0.001773  [  800/ 1575]
loss: 0.002078  [  960/ 1575]
loss: 0.002061  [ 1120/ 1575]
loss: 0.002479  [ 1280/ 1575]
loss: 0.002153  [ 1440/ 1575]
Test Error: 
MSE: 27.192874
RMSE: 5.214679
MAE: 2.000728
R^2: 0.9149859462357539
loss: 0.001609  [    0/ 1575]
loss: 0.001170  [  160/ 1575]
loss: 0.000768  [  320/ 1575]
loss: 0.001745  [  480/ 1575]
loss: 0.001461  [  640/ 1575]
loss: 0.001582  [  800/ 1575]
loss: 0.001299  [  960/ 1575]
loss: 0.001242  [ 1120/ 1575]
loss: 0.001130  [ 1280/ 1575]
loss: 0.001895  [ 1440/ 1575]
Test Error: 
MSE: 26.979974
RMSE: 5.194225
MAE: 1.996575
R^2: 0.9156515408152758
loss: 0.002266  [    0/ 1575]
loss: 0.001316  [  160/ 1575]
loss: 0.000797  [  320/ 1575]
loss: 0.001219  [  480/ 1575]
loss: 0.001099  [  640/ 1575]
loss: 0.001854  [  800/ 1575]
loss: 0.001674  [  960/ 1575]
