Using learning rate: 0.001
Using sequence aggregation method: mean
Using optimizer: adam
Using cpu device
DimensionPredictor(
  (softmax): Softmax(dim=0)
  (first_projection): Linear(in_features=1280, out_features=256, bias=True)
  (second_projection): Linear(in_features=256, out_features=1, bias=True)
)
loss: 0.165721  [    0/ 1575]
loss: 29.186012  [  160/ 1575]
loss: 15.678591  [  320/ 1575]
loss: 3.883348  [  480/ 1575]
loss: 0.317664  [  640/ 1575]
loss: 2.552990  [  800/ 1575]
loss: 0.882180  [  960/ 1575]
loss: 0.167551  [ 1120/ 1575]
loss: 0.691704  [ 1280/ 1575]
loss: 0.198297  [ 1440/ 1575]
Test Error: 
MSE: 578.520138
RMSE: 24.052446
MAE: 4.329456
R^2: -0.8086482049738744
Saved PyTorch Model State to dimension_models/model_objects/morgan_emotional_speech_set_valence_whisper_large_encoder_1667453380_BEST.pt
loss: 0.065114  [    0/ 1575]
loss: 0.194287  [  160/ 1575]
loss: 0.091221  [  320/ 1575]
loss: 0.026305  [  480/ 1575]
loss: 0.052616  [  640/ 1575]
loss: 0.027579  [  800/ 1575]
loss: 0.032572  [  960/ 1575]
loss: 0.030857  [ 1120/ 1575]
loss: 0.027997  [ 1280/ 1575]
loss: 0.034963  [ 1440/ 1575]
Test Error: 
MSE: 287.168801
RMSE: 16.946056
MAE: 3.907356
R^2: 0.10221390388311768
Saved PyTorch Model State to dimension_models/model_objects/morgan_emotional_speech_set_valence_whisper_large_encoder_1667453380_BEST.pt
loss: 0.024217  [    0/ 1575]
loss: 0.025945  [  160/ 1575]
loss: 0.033190  [  320/ 1575]
loss: 0.032971  [  480/ 1575]
loss: 0.042156  [  640/ 1575]
loss: 0.039692  [  800/ 1575]
loss: 0.030407  [  960/ 1575]
loss: 0.027178  [ 1120/ 1575]
loss: 0.026003  [ 1280/ 1575]
loss: 0.022256  [ 1440/ 1575]
Test Error: 
MSE: 260.492875
RMSE: 16.139792
MAE: 3.817843
R^2: 0.18561180387095788
Saved PyTorch Model State to dimension_models/model_objects/morgan_emotional_speech_set_valence_whisper_large_encoder_1667453380_BEST.pt
loss: 0.025600  [    0/ 1575]
loss: 0.025342  [  160/ 1575]
loss: 0.023043  [  320/ 1575]
loss: 0.022650  [  480/ 1575]
loss: 0.024680  [  640/ 1575]
loss: 0.022279  [  800/ 1575]
loss: 0.022069  [  960/ 1575]
loss: 0.022754  [ 1120/ 1575]
loss: 0.026363  [ 1280/ 1575]
loss: 0.025391  [ 1440/ 1575]
Test Error: 
MSE: 235.805100
RMSE: 15.355947
MAE: 3.729009
R^2: 0.26279407926040566
Saved PyTorch Model State to dimension_models/model_objects/morgan_emotional_speech_set_valence_whisper_large_encoder_1667453380_BEST.pt
loss: 0.033467  [    0/ 1575]
loss: 0.021030  [  160/ 1575]
loss: 0.024720  [  320/ 1575]
loss: 0.021204  [  480/ 1575]
loss: 0.019139  [  640/ 1575]
loss: 0.020651  [  800/ 1575]
loss: 0.019911  [  960/ 1575]
loss: 0.020069  [ 1120/ 1575]
loss: 0.017645  [ 1280/ 1575]
loss: 0.026958  [ 1440/ 1575]
Test Error: 
MSE: 218.106266
RMSE: 14.768421
MAE: 3.629684
R^2: 0.3181265762025818
Saved PyTorch Model State to dimension_models/model_objects/morgan_emotional_speech_set_valence_whisper_large_encoder_1667453380_BEST.pt
loss: 0.017592  [    0/ 1575]
loss: 0.021168  [  160/ 1575]
loss: 0.017496  [  320/ 1575]
loss: 0.023839  [  480/ 1575]
loss: 0.015693  [  640/ 1575]
loss: 0.015975  [  800/ 1575]
loss: 0.023231  [  960/ 1575]
loss: 0.018976  [ 1120/ 1575]
loss: 0.022110  [ 1280/ 1575]
loss: 0.018504  [ 1440/ 1575]
Test Error: 
MSE: 208.282308
RMSE: 14.431989
MAE: 3.560300
R^2: 0.34883956746775857
Saved PyTorch Model State to dimension_models/model_objects/morgan_emotional_speech_set_valence_whisper_large_encoder_1667453380_BEST.pt
loss: 0.019822  [    0/ 1575]
loss: 0.025217  [  160/ 1575]
loss: 0.020419  [  320/ 1575]
loss: 0.019459  [  480/ 1575]
loss: 0.019385  [  640/ 1575]
loss: 0.016392  [  800/ 1575]
loss: 0.019354  [  960/ 1575]
loss: 0.014482  [ 1120/ 1575]
loss: 0.018718  [ 1280/ 1575]
loss: 0.016816  [ 1440/ 1575]
Test Error: 
MSE: 175.453844
RMSE: 13.245899
MAE: 3.432028
R^2: 0.4514723699847232
Saved PyTorch Model State to dimension_models/model_objects/morgan_emotional_speech_set_valence_whisper_large_encoder_1667453380_BEST.pt
loss: 0.019510  [    0/ 1575]
loss: 0.016073  [  160/ 1575]
loss: 0.012521  [  320/ 1575]
loss: 0.012974  [  480/ 1575]
loss: 0.019939  [  640/ 1575]
loss: 0.019209  [  800/ 1575]
loss: 0.018867  [  960/ 1575]
loss: 0.019488  [ 1120/ 1575]
loss: 0.018679  [ 1280/ 1575]
loss: 0.012350  [ 1440/ 1575]
Test Error: 
MSE: 157.876117
RMSE: 12.564876
MAE: 3.333747
R^2: 0.5064262479095074
Saved PyTorch Model State to dimension_models/model_objects/morgan_emotional_speech_set_valence_whisper_large_encoder_1667453380_BEST.pt
loss: 0.015715  [    0/ 1575]
loss: 0.012701  [  160/ 1575]
loss: 0.018593  [  320/ 1575]
loss: 0.012764  [  480/ 1575]
loss: 0.016298  [  640/ 1575]
loss: 0.023590  [  800/ 1575]
loss: 0.014176  [  960/ 1575]
loss: 0.016690  [ 1120/ 1575]
loss: 0.012517  [ 1280/ 1575]
loss: 0.016879  [ 1440/ 1575]
Test Error: 
MSE: 142.193613
RMSE: 11.924496
MAE: 3.239141
R^2: 0.5554550199610597
Saved PyTorch Model State to dimension_models/model_objects/morgan_emotional_speech_set_valence_whisper_large_encoder_1667453380_BEST.pt
loss: 0.017615  [    0/ 1575]
loss: 0.013044  [  160/ 1575]
loss: 0.011328  [  320/ 1575]
loss: 0.013650  [  480/ 1575]
loss: 0.015622  [  640/ 1575]
loss: 0.009731  [  800/ 1575]
loss: 0.012819  [  960/ 1575]
loss: 0.011856  [ 1120/ 1575]
loss: 0.012302  [ 1280/ 1575]
loss: 0.011571  [ 1440/ 1575]
Test Error: 
MSE: 156.174708
RMSE: 12.496988
MAE: 3.237367
R^2: 0.511745423184117
loss: 0.012737  [    0/ 1575]
loss: 0.020443  [  160/ 1575]
loss: 0.016026  [  320/ 1575]
loss: 0.016897  [  480/ 1575]
loss: 0.015421  [  640/ 1575]
loss: 0.014727  [  800/ 1575]
loss: 0.010882  [  960/ 1575]
loss: 0.014554  [ 1120/ 1575]
loss: 0.014654  [ 1280/ 1575]
loss: 0.012419  [ 1440/ 1575]
Test Error: 
MSE: 131.433854
RMSE: 11.464460
MAE: 3.112484
R^2: 0.5890936405797478
Saved PyTorch Model State to dimension_models/model_objects/morgan_emotional_speech_set_valence_whisper_large_encoder_1667453380_BEST.pt
loss: 0.012416  [    0/ 1575]
loss: 0.009517  [  160/ 1575]
loss: 0.014103  [  320/ 1575]
loss: 0.010690  [  480/ 1575]
loss: 0.008685  [  640/ 1575]
loss: 0.010258  [  800/ 1575]
loss: 0.013313  [  960/ 1575]
loss: 0.009472  [ 1120/ 1575]
loss: 0.010704  [ 1280/ 1575]
loss: 0.009952  [ 1440/ 1575]
Test Error: 
MSE: 111.938782
RMSE: 10.580113
MAE: 2.964980
R^2: 0.6500417810787407
Saved PyTorch Model State to dimension_models/model_objects/morgan_emotional_speech_set_valence_whisper_large_encoder_1667453380_BEST.pt
loss: 0.009416  [    0/ 1575]
loss: 0.010476  [  160/ 1575]
loss: 0.008830  [  320/ 1575]
loss: 0.013353  [  480/ 1575]
loss: 0.014675  [  640/ 1575]
loss: 0.011312  [  800/ 1575]
loss: 0.013569  [  960/ 1575]
loss: 0.016284  [ 1120/ 1575]
loss: 0.009684  [ 1280/ 1575]
loss: 0.012679  [ 1440/ 1575]
Test Error: 
MSE: 98.372510
RMSE: 9.918292
MAE: 2.873524
R^2: 0.6924545011140846
Saved PyTorch Model State to dimension_models/model_objects/morgan_emotional_speech_set_valence_whisper_large_encoder_1667453380_BEST.pt
loss: 0.010384  [    0/ 1575]
loss: 0.024735  [  160/ 1575]
loss: 0.008576  [  320/ 1575]
loss: 0.009190  [  480/ 1575]
loss: 0.007857  [  640/ 1575]
loss: 0.010034  [  800/ 1575]
loss: 0.009912  [  960/ 1575]
loss: 0.007841  [ 1120/ 1575]
loss: 0.009525  [ 1280/ 1575]
loss: 0.008508  [ 1440/ 1575]
Test Error: 
MSE: 90.169130
RMSE: 9.495743
MAE: 2.794148
R^2: 0.7181010230633
Saved PyTorch Model State to dimension_models/model_objects/morgan_emotional_speech_set_valence_whisper_large_encoder_1667453380_BEST.pt
loss: 0.007602  [    0/ 1575]
loss: 0.005639  [  160/ 1575]
loss: 0.010436  [  320/ 1575]
loss: 0.008153  [  480/ 1575]
loss: 0.011006  [  640/ 1575]
loss: 0.011398  [  800/ 1575]
loss: 0.009444  [  960/ 1575]
loss: 0.010335  [ 1120/ 1575]
loss: 0.011128  [ 1280/ 1575]
loss: 0.006236  [ 1440/ 1575]
Test Error: 
MSE: 102.717616
RMSE: 10.134970
MAE: 2.834657
R^2: 0.6788702410604697
loss: 0.009705  [    0/ 1575]
loss: 0.005021  [  160/ 1575]
loss: 0.009961  [  320/ 1575]
loss: 0.006446  [  480/ 1575]
loss: 0.015057  [  640/ 1575]
loss: 0.008464  [  800/ 1575]
loss: 0.005986  [  960/ 1575]
loss: 0.010159  [ 1120/ 1575]
loss: 0.008815  [ 1280/ 1575]
loss: 0.011978  [ 1440/ 1575]
Test Error: 
MSE: 90.074037
RMSE: 9.490734
MAE: 2.742275
R^2: 0.718398316268218
Saved PyTorch Model State to dimension_models/model_objects/morgan_emotional_speech_set_valence_whisper_large_encoder_1667453380_BEST.pt
loss: 0.006047  [    0/ 1575]
loss: 0.015758  [  160/ 1575]
loss: 0.009605  [  320/ 1575]
loss: 0.009912  [  480/ 1575]
loss: 0.006651  [  640/ 1575]
loss: 0.016243  [  800/ 1575]
loss: 0.008111  [  960/ 1575]
loss: 0.009714  [ 1120/ 1575]
loss: 0.012684  [ 1280/ 1575]
loss: 0.016765  [ 1440/ 1575]
Test Error: 
MSE: 123.821663
RMSE: 11.127518
MAE: 3.018180
R^2: 0.6128919054947592
loss: 0.010326  [    0/ 1575]
loss: 0.008831  [  160/ 1575]
loss: 0.006476  [  320/ 1575]
loss: 0.004984  [  480/ 1575]
loss: 0.007080  [  640/ 1575]
loss: 0.009492  [  800/ 1575]
loss: 0.006227  [  960/ 1575]
loss: 0.008153  [ 1120/ 1575]
loss: 0.020125  [ 1280/ 1575]
loss: 0.009301  [ 1440/ 1575]
Test Error: 
MSE: 88.857223
RMSE: 9.426411
MAE: 2.762069
R^2: 0.722202483821682
Saved PyTorch Model State to dimension_models/model_objects/morgan_emotional_speech_set_valence_whisper_large_encoder_1667453380_BEST.pt
loss: 0.011354  [    0/ 1575]
loss: 0.009921  [  160/ 1575]
loss: 0.004979  [  320/ 1575]
loss: 0.007023  [  480/ 1575]
loss: 0.004110  [  640/ 1575]
loss: 0.005412  [  800/ 1575]
loss: 0.007911  [  960/ 1575]
loss: 0.009497  [ 1120/ 1575]
loss: 0.007407  [ 1280/ 1575]
loss: 0.008361  [ 1440/ 1575]
Test Error: 
MSE: 78.445643
RMSE: 8.856955
MAE: 2.675531
R^2: 0.7547525792555978
Saved PyTorch Model State to dimension_models/model_objects/morgan_emotional_speech_set_valence_whisper_large_encoder_1667453380_BEST.pt
loss: 0.013586  [    0/ 1575]
loss: 0.005836  [  160/ 1575]
loss: 0.006891  [  320/ 1575]
loss: 0.008064  [  480/ 1575]
loss: 0.007134  [  640/ 1575]
loss: 0.003757  [  800/ 1575]
loss: 0.007859  [  960/ 1575]
loss: 0.005100  [ 1120/ 1575]
loss: 0.006608  [ 1280/ 1575]
loss: 0.013918  [ 1440/ 1575]
Test Error: 
MSE: 162.573361
RMSE: 12.750426
MAE: 3.309469
R^2: 0.4917410849220665
loss: 0.014541  [    0/ 1575]
loss: 0.006086  [  160/ 1575]
loss: 0.012612  [  320/ 1575]
loss: 0.013380  [  480/ 1575]
loss: 0.005351  [  640/ 1575]
loss: 0.010859  [  800/ 1575]
loss: 0.012323  [  960/ 1575]
loss: 0.010686  [ 1120/ 1575]
loss: 0.004493  [ 1280/ 1575]
loss: 0.006196  [ 1440/ 1575]
Test Error: 
MSE: 58.978966
RMSE: 7.679776
MAE: 2.459541
R^2: 0.8156119499833064
Saved PyTorch Model State to dimension_models/model_objects/morgan_emotional_speech_set_valence_whisper_large_encoder_1667453380_BEST.pt
loss: 0.005919  [    0/ 1575]
loss: 0.006545  [  160/ 1575]
loss: 0.009077  [  320/ 1575]
loss: 0.006878  [  480/ 1575]
loss: 0.002941  [  640/ 1575]
loss: 0.006723  [  800/ 1575]
loss: 0.005951  [  960/ 1575]
loss: 0.003445  [ 1120/ 1575]
loss: 0.004712  [ 1280/ 1575]
loss: 0.007515  [ 1440/ 1575]
Test Error: 
MSE: 56.517467
RMSE: 7.517810
MAE: 2.432837
R^2: 0.8233074224227511
Saved PyTorch Model State to dimension_models/model_objects/morgan_emotional_speech_set_valence_whisper_large_encoder_1667453380_BEST.pt
loss: 0.003835  [    0/ 1575]
loss: 0.005133  [  160/ 1575]
loss: 0.003103  [  320/ 1575]
loss: 0.006960  [  480/ 1575]
loss: 0.006989  [  640/ 1575]
loss: 0.003350  [  800/ 1575]
loss: 0.005874  [  960/ 1575]
loss: 0.004079  [ 1120/ 1575]
loss: 0.009763  [ 1280/ 1575]
loss: 0.008246  [ 1440/ 1575]
Test Error: 
MSE: 55.072166
RMSE: 7.421062
MAE: 2.416455
R^2: 0.8278259185900756
Saved PyTorch Model State to dimension_models/model_objects/morgan_emotional_speech_set_valence_whisper_large_encoder_1667453380_BEST.pt
loss: 0.003777  [    0/ 1575]
loss: 0.006505  [  160/ 1575]
loss: 0.005577  [  320/ 1575]
loss: 0.004792  [  480/ 1575]
loss: 0.005269  [  640/ 1575]
loss: 0.005228  [  800/ 1575]
loss: 0.009382  [  960/ 1575]
loss: 0.003824  [ 1120/ 1575]
loss: 0.013463  [ 1280/ 1575]
loss: 0.009586  [ 1440/ 1575]
Test Error: 
MSE: 52.624278
RMSE: 7.254259
MAE: 2.391982
R^2: 0.8354788366311963
Saved PyTorch Model State to dimension_models/model_objects/morgan_emotional_speech_set_valence_whisper_large_encoder_1667453380_BEST.pt
loss: 0.006596  [    0/ 1575]
loss: 0.006301  [  160/ 1575]
loss: 0.007128  [  320/ 1575]
loss: 0.003476  [  480/ 1575]
loss: 0.003678  [  640/ 1575]
loss: 0.006364  [  800/ 1575]
loss: 0.005890  [  960/ 1575]
loss: 0.005861  [ 1120/ 1575]
loss: 0.003184  [ 1280/ 1575]
loss: 0.004640  [ 1440/ 1575]
Test Error: 
MSE: 50.895274
RMSE: 7.134092
MAE: 2.373461
R^2: 0.8408842845353484
Saved PyTorch Model State to dimension_models/model_objects/morgan_emotional_speech_set_valence_whisper_large_encoder_1667453380_BEST.pt
loss: 0.005711  [    0/ 1575]
loss: 0.005424  [  160/ 1575]
loss: 0.009548  [  320/ 1575]
loss: 0.003258  [  480/ 1575]
loss: 0.016539  [  640/ 1575]
loss: 0.013497  [  800/ 1575]
loss: 0.004394  [  960/ 1575]
loss: 0.004653  [ 1120/ 1575]
loss: 0.004725  [ 1280/ 1575]
loss: 0.004202  [ 1440/ 1575]
Test Error: 
MSE: 61.153310
RMSE: 7.820058
MAE: 2.475300
R^2: 0.8088142178174599
loss: 0.007819  [    0/ 1575]
loss: 0.008949  [  160/ 1575]
loss: 0.005217  [  320/ 1575]
loss: 0.005193  [  480/ 1575]
loss: 0.006324  [  640/ 1575]
loss: 0.003010  [  800/ 1575]
loss: 0.004018  [  960/ 1575]
loss: 0.005222  [ 1120/ 1575]
loss: 0.003828  [ 1280/ 1575]
loss: 0.003726  [ 1440/ 1575]
Test Error: 
MSE: 48.723445
RMSE: 6.980218
MAE: 2.346852
R^2: 0.8476741505451966
Saved PyTorch Model State to dimension_models/model_objects/morgan_emotional_speech_set_valence_whisper_large_encoder_1667453380_BEST.pt
loss: 0.004650  [    0/ 1575]
loss: 0.004239  [  160/ 1575]
loss: 0.009762  [  320/ 1575]
loss: 0.004131  [  480/ 1575]
loss: 0.003405  [  640/ 1575]
loss: 0.003872  [  800/ 1575]
loss: 0.007599  [  960/ 1575]
loss: 0.001913  [ 1120/ 1575]
loss: 0.004230  [ 1280/ 1575]
loss: 0.003872  [ 1440/ 1575]
Test Error: 
MSE: 48.113350
RMSE: 6.936379
MAE: 2.338718
R^2: 0.8495815140822964
Saved PyTorch Model State to dimension_models/model_objects/morgan_emotional_speech_set_valence_whisper_large_encoder_1667453380_BEST.pt
loss: 0.002785  [    0/ 1575]
loss: 0.006539  [  160/ 1575]
loss: 0.007348  [  320/ 1575]
loss: 0.003883  [  480/ 1575]
loss: 0.004966  [  640/ 1575]
loss: 0.006293  [  800/ 1575]
loss: 0.008636  [  960/ 1575]
loss: 0.004861  [ 1120/ 1575]
loss: 0.005943  [ 1280/ 1575]
loss: 0.006595  [ 1440/ 1575]
Test Error: 
MSE: 45.601234
RMSE: 6.752869
MAE: 2.301455
R^2: 0.8574352308557895
Saved PyTorch Model State to dimension_models/model_objects/morgan_emotional_speech_set_valence_whisper_large_encoder_1667453380_BEST.pt
loss: 0.006256  [    0/ 1575]
loss: 0.004111  [  160/ 1575]
loss: 0.006285  [  320/ 1575]
loss: 0.003995  [  480/ 1575]
loss: 0.004250  [  640/ 1575]
loss: 0.003226  [  800/ 1575]
loss: 0.004298  [  960/ 1575]
loss: 0.004978  [ 1120/ 1575]
loss: 0.006380  [ 1280/ 1575]
loss: 0.004091  [ 1440/ 1575]
Test Error: 
MSE: 154.838528
RMSE: 12.443413
MAE: 3.294314
R^2: 0.515922769542235
loss: 0.019800  [    0/ 1575]
loss: 0.009262  [  160/ 1575]
loss: 0.007674  [  320/ 1575]
loss: 0.003944  [  480/ 1575]
loss: 0.003869  [  640/ 1575]
loss: 0.003829  [  800/ 1575]
loss: 0.003001  [  960/ 1575]
loss: 0.007535  [ 1120/ 1575]
loss: 0.006429  [ 1280/ 1575]
loss: 0.003350  [ 1440/ 1575]
Test Error: 
MSE: 70.679820
RMSE: 8.407129
MAE: 2.590872
R^2: 0.7790311509270254
loss: 0.006309  [    0/ 1575]
loss: 0.003472  [  160/ 1575]
loss: 0.003086  [  320/ 1575]
loss: 0.004518  [  480/ 1575]
loss: 0.007576  [  640/ 1575]
loss: 0.002132  [  800/ 1575]
loss: 0.007336  [  960/ 1575]
loss: 0.005397  [ 1120/ 1575]
loss: 0.003158  [ 1280/ 1575]
loss: 0.005191  [ 1440/ 1575]
Test Error: 
MSE: 45.242789
RMSE: 6.726276
MAE: 2.306119
R^2: 0.8585558501834729
Saved PyTorch Model State to dimension_models/model_objects/morgan_emotional_speech_set_valence_whisper_large_encoder_1667453380_BEST.pt
loss: 0.004865  [    0/ 1575]
loss: 0.004687  [  160/ 1575]
loss: 0.005448  [  320/ 1575]
loss: 0.004455  [  480/ 1575]
loss: 0.020972  [  640/ 1575]
loss: 0.011344  [  800/ 1575]
loss: 0.004446  [  960/ 1575]
loss: 0.004753  [ 1120/ 1575]
loss: 0.003881  [ 1280/ 1575]
loss: 0.003351  [ 1440/ 1575]
Test Error: 
MSE: 59.146043
RMSE: 7.690646
MAE: 2.511797
R^2: 0.8150896105149408
loss: 0.005263  [    0/ 1575]
loss: 0.003382  [  160/ 1575]
loss: 0.002844  [  320/ 1575]
loss: 0.005543  [  480/ 1575]
loss: 0.005310  [  640/ 1575]
loss: 0.002342  [  800/ 1575]
loss: 0.004401  [  960/ 1575]
loss: 0.004750  [ 1120/ 1575]
loss: 0.014309  [ 1280/ 1575]
loss: 0.006090  [ 1440/ 1575]
Test Error: 
MSE: 71.551066
RMSE: 8.458786
MAE: 2.609055
R^2: 0.7763073417420723
loss: 0.006753  [    0/ 1575]
loss: 0.011019  [  160/ 1575]
loss: 0.003043  [  320/ 1575]
loss: 0.006739  [  480/ 1575]
loss: 0.005850  [  640/ 1575]
loss: 0.004699  [  800/ 1575]
loss: 0.003444  [  960/ 1575]
loss: 0.002994  [ 1120/ 1575]
loss: 0.005356  [ 1280/ 1575]
loss: 0.005762  [ 1440/ 1575]
Test Error: 
MSE: 42.136344
RMSE: 6.491251
MAE: 2.254486
R^2: 0.868267638808061
Saved PyTorch Model State to dimension_models/model_objects/morgan_emotional_speech_set_valence_whisper_large_encoder_1667453380_BEST.pt
loss: 0.004279  [    0/ 1575]
loss: 0.007623  [  160/ 1575]
loss: 0.011549  [  320/ 1575]
loss: 0.004121  [  480/ 1575]
loss: 0.008522  [  640/ 1575]
loss: 0.010473  [  800/ 1575]
loss: 0.004521  [  960/ 1575]
loss: 0.008059  [ 1120/ 1575]
loss: 0.004500  [ 1280/ 1575]
loss: 0.005712  [ 1440/ 1575]
Test Error: 
MSE: 49.087087
RMSE: 7.006218
MAE: 2.347220
R^2: 0.8465372828168931
loss: 0.004632  [    0/ 1575]
loss: 0.009302  [  160/ 1575]
loss: 0.008268  [  320/ 1575]
loss: 0.003337  [  480/ 1575]
loss: 0.005202  [  640/ 1575]
loss: 0.003579  [  800/ 1575]
loss: 0.004959  [  960/ 1575]
loss: 0.003630  [ 1120/ 1575]
loss: 0.006169  [ 1280/ 1575]
loss: 0.006525  [ 1440/ 1575]
Test Error: 
MSE: 55.885401
RMSE: 7.475654
MAE: 2.477762
R^2: 0.8252834727494852
loss: 0.003842  [    0/ 1575]
loss: 0.004168  [  160/ 1575]
loss: 0.003290  [  320/ 1575]
loss: 0.006242  [  480/ 1575]
loss: 0.003279  [  640/ 1575]
loss: 0.004346  [  800/ 1575]
loss: 0.004514  [  960/ 1575]
loss: 0.004448  [ 1120/ 1575]
loss: 0.004393  [ 1280/ 1575]
loss: 0.005170  [ 1440/ 1575]
Test Error: 
MSE: 54.962933
RMSE: 7.413699
MAE: 2.425696
R^2: 0.828167414876969
loss: 0.004399  [    0/ 1575]
loss: 0.008568  [  160/ 1575]
loss: 0.006887  [  320/ 1575]
loss: 0.003157  [  480/ 1575]
loss: 0.005704  [  640/ 1575]
loss: 0.003696  [  800/ 1575]
loss: 0.002313  [  960/ 1575]
loss: 0.003598  [ 1120/ 1575]
loss: 0.002978  [ 1280/ 1575]
loss: 0.004746  [ 1440/ 1575]
Test Error: 
MSE: 52.384080
RMSE: 7.237685
MAE: 2.395182
R^2: 0.836229775376065
loss: 0.004013  [    0/ 1575]
loss: 0.004385  [  160/ 1575]
loss: 0.004951  [  320/ 1575]
loss: 0.005823  [  480/ 1575]
loss: 0.005976  [  640/ 1575]
loss: 0.009602  [  800/ 1575]
loss: 0.005229  [  960/ 1575]
loss: 0.003097  [ 1120/ 1575]
loss: 0.013803  [ 1280/ 1575]
loss: 0.003807  [ 1440/ 1575]
Test Error: 
MSE: 37.139281
RMSE: 6.094201
MAE: 2.187502
R^2: 0.8838901375823452
Saved PyTorch Model State to dimension_models/model_objects/morgan_emotional_speech_set_valence_whisper_large_encoder_1667453380_BEST.pt
loss: 0.002979  [    0/ 1575]
loss: 0.005766  [  160/ 1575]
loss: 0.003439  [  320/ 1575]
loss: 0.003479  [  480/ 1575]
loss: 0.002114  [  640/ 1575]
loss: 0.007857  [  800/ 1575]
loss: 0.004011  [  960/ 1575]
loss: 0.003375  [ 1120/ 1575]
loss: 0.003438  [ 1280/ 1575]
loss: 0.003197  [ 1440/ 1575]
Test Error: 
MSE: 68.058027
RMSE: 8.249729
MAE: 2.624937
R^2: 0.7872277548485602
loss: 0.005392  [    0/ 1575]
loss: 0.008054  [  160/ 1575]
loss: 0.004142  [  320/ 1575]
loss: 0.003686  [  480/ 1575]
loss: 0.004276  [  640/ 1575]
loss: 0.004976  [  800/ 1575]
loss: 0.008722  [  960/ 1575]
loss: 0.004534  [ 1120/ 1575]
loss: 0.003899  [ 1280/ 1575]
loss: 0.004459  [ 1440/ 1575]
Test Error: 
MSE: 39.990972
RMSE: 6.323842
MAE: 2.223299
R^2: 0.8749747944197176
loss: 0.004439  [    0/ 1575]
loss: 0.001617  [  160/ 1575]
loss: 0.005806  [  320/ 1575]
loss: 0.003615  [  480/ 1575]
loss: 0.008251  [  640/ 1575]
loss: 0.001299  [  800/ 1575]
loss: 0.014093  [  960/ 1575]
loss: 0.004716  [ 1120/ 1575]
loss: 0.002220  [ 1280/ 1575]
loss: 0.004781  [ 1440/ 1575]
Test Error: 
MSE: 103.530589
RMSE: 10.174998
MAE: 2.958949
R^2: 0.6763286147396357
loss: 0.009641  [    0/ 1575]
loss: 0.004484  [  160/ 1575]
loss: 0.003980  [  320/ 1575]
loss: 0.005666  [  480/ 1575]
loss: 0.003412  [  640/ 1575]
loss: 0.003640  [  800/ 1575]
loss: 0.004094  [  960/ 1575]
loss: 0.006613  [ 1120/ 1575]
loss: 0.004458  [ 1280/ 1575]
loss: 0.004034  [ 1440/ 1575]
Test Error: 
MSE: 37.048253
RMSE: 6.086728
MAE: 2.200975
R^2: 0.8841747197056359
Saved PyTorch Model State to dimension_models/model_objects/morgan_emotional_speech_set_valence_whisper_large_encoder_1667453380_BEST.pt
loss: 0.001857  [    0/ 1575]
loss: 0.005138  [  160/ 1575]
loss: 0.003321  [  320/ 1575]
loss: 0.003604  [  480/ 1575]
loss: 0.003807  [  640/ 1575]
loss: 0.012040  [  800/ 1575]
loss: 0.006666  [  960/ 1575]
loss: 0.004031  [ 1120/ 1575]
loss: 0.007607  [ 1280/ 1575]
loss: 0.004831  [ 1440/ 1575]
Test Error: 
MSE: 45.423496
RMSE: 6.739696
MAE: 2.312845
R^2: 0.8579908977966939
loss: 0.007792  [    0/ 1575]
loss: 0.009158  [  160/ 1575]
loss: 0.003954  [  320/ 1575]
loss: 0.003702  [  480/ 1575]
loss: 0.004757  [  640/ 1575]
loss: 0.003478  [  800/ 1575]
loss: 0.003101  [  960/ 1575]
loss: 0.004911  [ 1120/ 1575]
loss: 0.002146  [ 1280/ 1575]
loss: 0.002265  [ 1440/ 1575]
Test Error: 
MSE: 73.445955
RMSE: 8.570062
MAE: 2.687652
R^2: 0.7703832837497363
loss: 0.007554  [    0/ 1575]
loss: 0.005206  [  160/ 1575]
loss: 0.003086  [  320/ 1575]
loss: 0.004720  [  480/ 1575]
loss: 0.004288  [  640/ 1575]
loss: 0.008778  [  800/ 1575]
loss: 0.008763  [  960/ 1575]
loss: 0.004358  [ 1120/ 1575]
loss: 0.002318  [ 1280/ 1575]
loss: 0.003740  [ 1440/ 1575]
Test Error: 
MSE: 41.201881
RMSE: 6.418869
MAE: 2.249194
R^2: 0.8711890850546069
loss: 0.003169  [    0/ 1575]
loss: 0.007651  [  160/ 1575]
loss: 0.003144  [  320/ 1575]
loss: 0.005245  [  480/ 1575]
loss: 0.011484  [  640/ 1575]
loss: 0.009301  [  800/ 1575]
loss: 0.006390  [  960/ 1575]
loss: 0.003933  [ 1120/ 1575]
loss: 0.002247  [ 1280/ 1575]
loss: 0.003787  [ 1440/ 1575]
Test Error: 
MSE: 107.251106
RMSE: 10.356211
MAE: 2.998282
R^2: 0.6646970312090696
loss: 0.008529  [    0/ 1575]
loss: 0.009456  [  160/ 1575]
loss: 0.005179  [  320/ 1575]
loss: 0.003992  [  480/ 1575]
loss: 0.002857  [  640/ 1575]
loss: 0.004652  [  800/ 1575]
loss: 0.004866  [  960/ 1575]
loss: 0.003049  [ 1120/ 1575]
loss: 0.006378  [ 1280/ 1575]
loss: 0.005232  [ 1440/ 1575]
Test Error: 
MSE: 88.457468
RMSE: 9.405183
MAE: 2.833824
R^2: 0.7234522545247857
loss: 0.007052  [    0/ 1575]
loss: 0.008805  [  160/ 1575]
loss: 0.008295  [  320/ 1575]
loss: 0.004444  [  480/ 1575]
loss: 0.004799  [  640/ 1575]
loss: 0.006790  [  800/ 1575]
loss: 0.005684  [  960/ 1575]
loss: 0.004193  [ 1120/ 1575]
loss: 0.001896  [ 1280/ 1575]
loss: 0.004522  [ 1440/ 1575]
Test Error: 
MSE: 33.761045
RMSE: 5.810426
MAE: 2.127414
R^2: 0.8944516379294671
Saved PyTorch Model State to dimension_models/model_objects/morgan_emotional_speech_set_valence_whisper_large_encoder_1667453380_BEST.pt
loss: 0.002321  [    0/ 1575]
loss: 0.001746  [  160/ 1575]
loss: 0.003555  [  320/ 1575]
loss: 0.001867  [  480/ 1575]
loss: 0.004440  [  640/ 1575]
loss: 0.009890  [  800/ 1575]
loss: 0.003726  [  960/ 1575]
loss: 0.004038  [ 1120/ 1575]
loss: 0.004082  [ 1280/ 1575]
loss: 0.003763  [ 1440/ 1575]
Test Error: 
MSE: 42.064838
RMSE: 6.485741
MAE: 2.265241
R^2: 0.8684911918931695
loss: 0.003268  [    0/ 1575]
loss: 0.004333  [  160/ 1575]
loss: 0.003211  [  320/ 1575]
loss: 0.003157  [  480/ 1575]
loss: 0.006389  [  640/ 1575]
loss: 0.004458  [  800/ 1575]
loss: 0.002505  [  960/ 1575]
loss: 0.004406  [ 1120/ 1575]
loss: 0.003759  [ 1280/ 1575]
loss: 0.003742  [ 1440/ 1575]
Test Error: 
MSE: 30.109151
RMSE: 5.487181
MAE: 2.071365
R^2: 0.9058686849067985
Saved PyTorch Model State to dimension_models/model_objects/morgan_emotional_speech_set_valence_whisper_large_encoder_1667453380_BEST.pt
loss: 0.004107  [    0/ 1575]
loss: 0.003543  [  160/ 1575]
loss: 0.007861  [  320/ 1575]
loss: 0.006940  [  480/ 1575]
loss: 0.004095  [  640/ 1575]
loss: 0.002007  [  800/ 1575]
loss: 0.004177  [  960/ 1575]
loss: 0.011555  [ 1120/ 1575]
loss: 0.004961  [ 1280/ 1575]
loss: 0.003178  [ 1440/ 1575]
Test Error: 
MSE: 111.848051
RMSE: 10.575824
MAE: 3.044919
R^2: 0.6503254364375134
loss: 0.013131  [    0/ 1575]
loss: 0.020421  [  160/ 1575]
loss: 0.018506  [  320/ 1575]
loss: 0.014280  [  480/ 1575]
loss: 0.003490  [  640/ 1575]
loss: 0.003116  [  800/ 1575]
loss: 0.003832  [  960/ 1575]
loss: 0.001893  [ 1120/ 1575]
loss: 0.002806  [ 1280/ 1575]
loss: 0.002507  [ 1440/ 1575]
Test Error: 
MSE: 126.840807
RMSE: 11.262362
MAE: 3.173950
R^2: 0.603453047781269
loss: 0.009923  [    0/ 1575]
loss: 0.006411  [  160/ 1575]
loss: 0.014183  [  320/ 1575]
loss: 0.005304  [  480/ 1575]
loss: 0.002163  [  640/ 1575]
loss: 0.001826  [  800/ 1575]
loss: 0.004983  [  960/ 1575]
loss: 0.004995  [ 1120/ 1575]
loss: 0.009519  [ 1280/ 1575]
loss: 0.006826  [ 1440/ 1575]
Test Error: 
MSE: 32.171781
RMSE: 5.672017
MAE: 2.122837
R^2: 0.8994202104672472
loss: 0.002987  [    0/ 1575]
loss: 0.003142  [  160/ 1575]
loss: 0.003121  [  320/ 1575]
loss: 0.003596  [  480/ 1575]
loss: 0.002574  [  640/ 1575]
loss: 0.005783  [  800/ 1575]
loss: 0.015792  [  960/ 1575]
loss: 0.006852  [ 1120/ 1575]
loss: 0.018520  [ 1280/ 1575]
loss: 0.011901  [ 1440/ 1575]
Test Error: 
MSE: 119.217826
RMSE: 10.918692
MAE: 3.120014
R^2: 0.6272850439145727
loss: 0.012627  [    0/ 1575]
loss: 0.012131  [  160/ 1575]
loss: 0.002585  [  320/ 1575]
loss: 0.009812  [  480/ 1575]
loss: 0.003248  [  640/ 1575]
loss: 0.005548  [  800/ 1575]
loss: 0.007265  [  960/ 1575]
loss: 0.003823  [ 1120/ 1575]
loss: 0.005632  [ 1280/ 1575]
loss: 0.003455  [ 1440/ 1575]
Test Error: 
MSE: 76.647890
RMSE: 8.754878
MAE: 2.727736
R^2: 0.7603729579653062
loss: 0.010457  [    0/ 1575]
loss: 0.003378  [  160/ 1575]
loss: 0.001740  [  320/ 1575]
loss: 0.003154  [  480/ 1575]
loss: 0.002120  [  640/ 1575]
loss: 0.005474  [  800/ 1575]
loss: 0.002210  [  960/ 1575]
loss: 0.004263  [ 1120/ 1575]
loss: 0.004742  [ 1280/ 1575]
loss: 0.003385  [ 1440/ 1575]
Test Error: 
MSE: 173.939336
RMSE: 13.188606
MAE: 3.478535
R^2: 0.456207229359763
loss: 0.018926  [    0/ 1575]
loss: 0.007694  [  160/ 1575]
loss: 0.002462  [  320/ 1575]
loss: 0.008938  [  480/ 1575]
loss: 0.007175  [  640/ 1575]
loss: 0.002805  [  800/ 1575]
loss: 0.004025  [  960/ 1575]
loss: 0.003315  [ 1120/ 1575]
loss: 0.003054  [ 1280/ 1575]
loss: 0.002452  [ 1440/ 1575]
Test Error: 
MSE: 29.054713
RMSE: 5.390242
MAE: 2.049966
R^2: 0.9091652100557546
Saved PyTorch Model State to dimension_models/model_objects/morgan_emotional_speech_set_valence_whisper_large_encoder_1667453380_BEST.pt
loss: 0.003739  [    0/ 1575]
loss: 0.002888  [  160/ 1575]
loss: 0.003625  [  320/ 1575]
loss: 0.011463  [  480/ 1575]
loss: 0.002975  [  640/ 1575]
loss: 0.004316  [  800/ 1575]
loss: 0.007887  [  960/ 1575]
loss: 0.016930  [ 1120/ 1575]
loss: 0.010511  [ 1280/ 1575]
loss: 0.003648  [ 1440/ 1575]
Test Error: 
MSE: 195.930401
RMSE: 13.997514
MAE: 3.608282
R^2: 0.387455777674929
loss: 0.020057  [    0/ 1575]
loss: 0.009404  [  160/ 1575]
loss: 0.002988  [  320/ 1575]
loss: 0.004126  [  480/ 1575]
loss: 0.003327  [  640/ 1575]
loss: 0.014745  [  800/ 1575]
loss: 0.007414  [  960/ 1575]
loss: 0.004448  [ 1120/ 1575]
loss: 0.001724  [ 1280/ 1575]
loss: 0.004758  [ 1440/ 1575]
Test Error: 
MSE: 66.606581
RMSE: 8.161285
MAE: 2.622096
R^2: 0.7917654634878973
loss: 0.006922  [    0/ 1575]
loss: 0.002263  [  160/ 1575]
loss: 0.003018  [  320/ 1575]
loss: 0.003579  [  480/ 1575]
loss: 0.002307  [  640/ 1575]
loss: 0.001512  [  800/ 1575]
loss: 0.009061  [  960/ 1575]
loss: 0.003835  [ 1120/ 1575]
loss: 0.001811  [ 1280/ 1575]
loss: 0.005547  [ 1440/ 1575]
Test Error: 
MSE: 74.892573
RMSE: 8.654049
MAE: 2.714184
R^2: 0.7658606709583542
loss: 0.009379  [    0/ 1575]
loss: 0.002841  [  160/ 1575]
loss: 0.012067  [  320/ 1575]
loss: 0.006641  [  480/ 1575]
loss: 0.009847  [  640/ 1575]
loss: 0.004163  [  800/ 1575]
loss: 0.002775  [  960/ 1575]
loss: 0.004244  [ 1120/ 1575]
loss: 0.005849  [ 1280/ 1575]
loss: 0.010356  [ 1440/ 1575]
Test Error: 
MSE: 127.270418
RMSE: 11.281419
MAE: 3.175617
R^2: 0.6021099394613691
loss: 0.013898  [    0/ 1575]
loss: 0.003311  [  160/ 1575]
loss: 0.004127  [  320/ 1575]
loss: 0.002415  [  480/ 1575]
loss: 0.002933  [  640/ 1575]
loss: 0.005651  [  800/ 1575]
loss: 0.004442  [  960/ 1575]
loss: 0.003004  [ 1120/ 1575]
loss: 0.003111  [ 1280/ 1575]
loss: 0.005368  [ 1440/ 1575]
Test Error: 
MSE: 76.450580
RMSE: 8.743602
MAE: 2.733915
R^2: 0.7609898163050544
loss: 0.008312  [    0/ 1575]
loss: 0.003358  [  160/ 1575]
loss: 0.003215  [  320/ 1575]
loss: 0.018067  [  480/ 1575]
loss: 0.006251  [  640/ 1575]
loss: 0.005206  [  800/ 1575]
loss: 0.011447  [  960/ 1575]
loss: 0.003472  [ 1120/ 1575]
loss: 0.003667  [ 1280/ 1575]
loss: 0.004618  [ 1440/ 1575]
Test Error: 
MSE: 53.895828
RMSE: 7.341378
MAE: 2.467868
R^2: 0.8315035459206619
loss: 0.006061  [    0/ 1575]
loss: 0.002867  [  160/ 1575]
loss: 0.004394  [  320/ 1575]
loss: 0.007401  [  480/ 1575]
loss: 0.006543  [  640/ 1575]
loss: 0.004680  [  800/ 1575]
loss: 0.001695  [  960/ 1575]
loss: 0.005747  [ 1120/ 1575]
loss: 0.007266  [ 1280/ 1575]
loss: 0.009769  [ 1440/ 1575]
Test Error: 
MSE: 167.138487
RMSE: 12.928205
MAE: 3.444924
R^2: 0.4774689676506638
loss: 0.019558  [    0/ 1575]
loss: 0.009975  [  160/ 1575]
loss: 0.004737  [  320/ 1575]
loss: 0.008135  [  480/ 1575]
loss: 0.006348  [  640/ 1575]
loss: 0.004159  [  800/ 1575]
loss: 0.006572  [  960/ 1575]
loss: 0.011358  [ 1120/ 1575]
loss: 0.004553  [ 1280/ 1575]
loss: 0.003418  [ 1440/ 1575]
Test Error: 
MSE: 34.109279
RMSE: 5.840315
MAE: 2.144915
R^2: 0.893362939826762
loss: 0.003726  [    0/ 1575]
loss: 0.004807  [  160/ 1575]
loss: 0.005008  [  320/ 1575]
loss: 0.004193  [  480/ 1575]
loss: 0.004293  [  640/ 1575]
loss: 0.003855  [  800/ 1575]
loss: 0.009419  [  960/ 1575]
loss: 0.010937  [ 1120/ 1575]
loss: 0.002612  [ 1280/ 1575]
loss: 0.005612  [ 1440/ 1575]
Test Error: 
MSE: 36.751895
RMSE: 6.062334
MAE: 2.182692
R^2: 0.8851012367268817
loss: 0.001560  [    0/ 1575]
loss: 0.002707  [  160/ 1575]
loss: 0.005340  [  320/ 1575]
loss: 0.009790  [  480/ 1575]
loss: 0.004600  [  640/ 1575]
loss: 0.003244  [  800/ 1575]
loss: 0.004545  [  960/ 1575]
loss: 0.004809  [ 1120/ 1575]
loss: 0.004549  [ 1280/ 1575]
loss: 0.002264  [ 1440/ 1575]
Test Error: 
MSE: 55.098335
RMSE: 7.422825
MAE: 2.475973
R^2: 0.827744103524053
loss: 0.003839  [    0/ 1575]
loss: 0.003359  [  160/ 1575]
loss: 0.003881  [  320/ 1575]
loss: 0.006927  [  480/ 1575]
loss: 0.006406  [  640/ 1575]
loss: 0.008507  [  800/ 1575]
loss: 0.008468  [  960/ 1575]
loss: 0.004885  [ 1120/ 1575]
loss: 0.002629  [ 1280/ 1575]
loss: 0.002836  [ 1440/ 1575]
Test Error: 
MSE: 54.396692
RMSE: 7.375411
MAE: 2.466039
R^2: 0.8299376752008456
loss: 0.005917  [    0/ 1575]
loss: 0.003846  [  160/ 1575]
loss: 0.006964  [  320/ 1575]
loss: 0.002454  [  480/ 1575]
loss: 0.004478  [  640/ 1575]
loss: 0.003424  [  800/ 1575]
loss: 0.001709  [  960/ 1575]
loss: 0.004752  [ 1120/ 1575]
loss: 0.005960  [ 1280/ 1575]
loss: 0.004859  [ 1440/ 1575]
Test Error: 
MSE: 65.719370
RMSE: 8.106748
MAE: 2.616965
R^2: 0.7945391808636277
loss: 0.005694  [    0/ 1575]
loss: 0.002085  [  160/ 1575]
loss: 0.001640  [  320/ 1575]
loss: 0.004403  [  480/ 1575]
loss: 0.004940  [  640/ 1575]
loss: 0.004469  [  800/ 1575]
loss: 0.004681  [  960/ 1575]
loss: 0.003354  [ 1120/ 1575]
loss: 0.013525  [ 1280/ 1575]
loss: 0.002609  [ 1440/ 1575]
Test Error: 
MSE: 139.773500
RMSE: 11.822584
MAE: 3.271439
R^2: 0.5630211059916954
loss: 0.011568  [    0/ 1575]
loss: 0.009017  [  160/ 1575]
loss: 0.002564  [  320/ 1575]
loss: 0.002409  [  480/ 1575]
loss: 0.003428  [  640/ 1575]
loss: 0.005159  [  800/ 1575]
loss: 0.010500  [  960/ 1575]
loss: 0.009094  [ 1120/ 1575]
loss: 0.017299  [ 1280/ 1575]
loss: 0.006642  [ 1440/ 1575]
Test Error: 
MSE: 50.541852
RMSE: 7.109279
MAE: 2.407108
R^2: 0.8419892010475974
loss: 0.005002  [    0/ 1575]
loss: 0.003740  [  160/ 1575]
loss: 0.002509  [  320/ 1575]
loss: 0.004357  [  480/ 1575]
loss: 0.002586  [  640/ 1575]
loss: 0.005343  [  800/ 1575]
loss: 0.004832  [  960/ 1575]
loss: 0.002139  [ 1120/ 1575]
loss: 0.004298  [ 1280/ 1575]
loss: 0.006645  [ 1440/ 1575]
Test Error: 
MSE: 50.390501
RMSE: 7.098627
MAE: 2.407716
R^2: 0.8424623745486608
loss: 0.003574  [    0/ 1575]
loss: 0.006297  [  160/ 1575]
loss: 0.004380  [  320/ 1575]
loss: 0.003292  [  480/ 1575]
loss: 0.006760  [  640/ 1575]
loss: 0.004418  [  800/ 1575]
loss: 0.003394  [  960/ 1575]
loss: 0.003334  [ 1120/ 1575]
loss: 0.002454  [ 1280/ 1575]
loss: 0.003755  [ 1440/ 1575]
Test Error: 
MSE: 34.959528
RMSE: 5.912658
MAE: 2.159676
R^2: 0.8907047755185181
loss: 0.003073  [    0/ 1575]
loss: 0.002462  [  160/ 1575]
loss: 0.003064  [  320/ 1575]
loss: 0.002665  [  480/ 1575]
loss: 0.006237  [  640/ 1575]
loss: 0.002728  [  800/ 1575]
loss: 0.002028  [  960/ 1575]
loss: 0.002943  [ 1120/ 1575]
loss: 0.004732  [ 1280/ 1575]
loss: 0.005324  [ 1440/ 1575]
Test Error: 
MSE: 346.879164
RMSE: 18.624692
MAE: 4.230071
R^2: -0.08446073934145115
loss: 0.033898  [    0/ 1575]
loss: 0.040712  [  160/ 1575]
loss: 0.014310  [  320/ 1575]
loss: 0.020488  [  480/ 1575]
loss: 0.017407  [  640/ 1575]
loss: 0.017357  [  800/ 1575]
loss: 0.015426  [  960/ 1575]
loss: 0.020407  [ 1120/ 1575]
loss: 0.007448  [ 1280/ 1575]
loss: 0.002126  [ 1440/ 1575]
Test Error: 
MSE: 30.087753
RMSE: 5.485230
MAE: 2.099479
R^2: 0.9059355826862154
loss: 0.002571  [    0/ 1575]
loss: 0.004225  [  160/ 1575]
loss: 0.003083  [  320/ 1575]
loss: 0.003262  [  480/ 1575]
loss: 0.002948  [  640/ 1575]
loss: 0.004432  [  800/ 1575]
loss: 0.010135  [  960/ 1575]
loss: 0.004225  [ 1120/ 1575]
loss: 0.005204  [ 1280/ 1575]
loss: 0.004036  [ 1440/ 1575]
Test Error: 
MSE: 29.151283
RMSE: 5.399193
MAE: 2.050320
R^2: 0.9088633024520938
loss: 0.002480  [    0/ 1575]
loss: 0.003156  [  160/ 1575]
loss: 0.005160  [  320/ 1575]
loss: 0.005113  [  480/ 1575]
loss: 0.010797  [  640/ 1575]
loss: 0.011255  [  800/ 1575]
loss: 0.015214  [  960/ 1575]
loss: 0.012224  [ 1120/ 1575]
loss: 0.023535  [ 1280/ 1575]
loss: 0.001876  [ 1440/ 1575]
Test Error: 
MSE: 33.050482
RMSE: 5.748955
MAE: 2.119576
R^2: 0.8966730952991159
loss: 0.002310  [    0/ 1575]
loss: 0.005601  [  160/ 1575]
loss: 0.005197  [  320/ 1575]
loss: 0.004496  [  480/ 1575]
loss: 0.008877  [  640/ 1575]
loss: 0.004231  [  800/ 1575]
loss: 0.005929  [  960/ 1575]
loss: 0.006961  [ 1120/ 1575]
loss: 0.000978  [ 1280/ 1575]
loss: 0.002704  [ 1440/ 1575]
Test Error: 
MSE: 91.883298
RMSE: 9.585578
MAE: 2.886977
R^2: 0.7127419577475179
loss: 0.014765  [    0/ 1575]
loss: 0.005084  [  160/ 1575]
loss: 0.003298  [  320/ 1575]
loss: 0.004513  [  480/ 1575]
loss: 0.005300  [  640/ 1575]
loss: 0.004942  [  800/ 1575]
loss: 0.007156  [  960/ 1575]
loss: 0.009213  [ 1120/ 1575]
loss: 0.005272  [ 1280/ 1575]
loss: 0.003323  [ 1440/ 1575]
Test Error: 
MSE: 54.591327
RMSE: 7.388594
MAE: 2.484399
R^2: 0.8293291801521797
loss: 0.006611  [    0/ 1575]
loss: 0.002623  [  160/ 1575]
loss: 0.005777  [  320/ 1575]
loss: 0.007893  [  480/ 1575]
loss: 0.004092  [  640/ 1575]
loss: 0.004447  [  800/ 1575]
loss: 0.002663  [  960/ 1575]
loss: 0.004051  [ 1120/ 1575]
loss: 0.004607  [ 1280/ 1575]
loss: 0.006984  [ 1440/ 1575]
Test Error: 
MSE: 65.802145
RMSE: 8.111852
MAE: 2.620900
R^2: 0.794280400840603
loss: 0.006943  [    0/ 1575]
loss: 0.003382  [  160/ 1575]
loss: 0.002011  [  320/ 1575]
loss: 0.002014  [  480/ 1575]
loss: 0.003613  [  640/ 1575]
loss: 0.001925  [  800/ 1575]
loss: 0.005429  [  960/ 1575]
loss: 0.005207  [ 1120/ 1575]
loss: 0.009870  [ 1280/ 1575]
loss: 0.004403  [ 1440/ 1575]
Test Error: 
MSE: 29.618629
RMSE: 5.442300
MAE: 2.063976
R^2: 0.9074022189753634
loss: 0.002184  [    0/ 1575]
loss: 0.004199  [  160/ 1575]
loss: 0.003273  [  320/ 1575]
loss: 0.004063  [  480/ 1575]
loss: 0.002673  [  640/ 1575]
loss: 0.003749  [  800/ 1575]
loss: 0.005766  [  960/ 1575]
loss: 0.004281  [ 1120/ 1575]
loss: 0.003025  [ 1280/ 1575]
loss: 0.002525  [ 1440/ 1575]
Test Error: 
MSE: 26.172230
RMSE: 5.115880
MAE: 1.996885
R^2: 0.9181768217550256
Saved PyTorch Model State to dimension_models/model_objects/morgan_emotional_speech_set_valence_whisper_large_encoder_1667453380_BEST.pt
loss: 0.001687  [    0/ 1575]
loss: 0.006493  [  160/ 1575]
loss: 0.003037  [  320/ 1575]
loss: 0.002687  [  480/ 1575]
loss: 0.003628  [  640/ 1575]
loss: 0.004405  [  800/ 1575]
loss: 0.008831  [  960/ 1575]
loss: 0.004592  [ 1120/ 1575]
loss: 0.004125  [ 1280/ 1575]
loss: 0.004808  [ 1440/ 1575]
Test Error: 
MSE: 39.376478
RMSE: 6.275068
MAE: 2.261698
R^2: 0.8768959084208978
loss: 0.004325  [    0/ 1575]
loss: 0.014533  [  160/ 1575]
loss: 0.007925  [  320/ 1575]
loss: 0.003739  [  480/ 1575]
loss: 0.002550  [  640/ 1575]
loss: 0.002837  [  800/ 1575]
loss: 0.005103  [  960/ 1575]
loss: 0.007922  [ 1120/ 1575]
loss: 0.018339  [ 1280/ 1575]
loss: 0.011588  [ 1440/ 1575]
Test Error: 
MSE: 56.152722
RMSE: 7.493512
MAE: 2.497148
R^2: 0.8244477376462657
loss: 0.004512  [    0/ 1575]
loss: 0.006300  [  160/ 1575]
loss: 0.003992  [  320/ 1575]
loss: 0.002509  [  480/ 1575]
loss: 0.002303  [  640/ 1575]
loss: 0.002625  [  800/ 1575]
loss: 0.003960  [  960/ 1575]
loss: 0.002918  [ 1120/ 1575]
loss: 0.002564  [ 1280/ 1575]
loss: 0.004436  [ 1440/ 1575]
Test Error: 
MSE: 114.059256
RMSE: 10.679853
MAE: 3.092026
R^2: 0.6434124679401915
loss: 0.010699  [    0/ 1575]
loss: 0.011840  [  160/ 1575]
loss: 0.011434  [  320/ 1575]
loss: 0.007306  [  480/ 1575]
loss: 0.005818  [  640/ 1575]
loss: 0.003471  [  800/ 1575]
loss: 0.002242  [  960/ 1575]
loss: 0.003086  [ 1120/ 1575]
loss: 0.002245  [ 1280/ 1575]
loss: 0.002727  [ 1440/ 1575]
Test Error: 
MSE: 38.510142
RMSE: 6.205654
MAE: 2.226264
R^2: 0.8796043651144678
loss: 0.003685  [    0/ 1575]
loss: 0.003166  [  160/ 1575]
loss: 0.003533  [  320/ 1575]
loss: 0.010219  [  480/ 1575]
loss: 0.009085  [  640/ 1575]
loss: 0.011646  [  800/ 1575]
loss: 0.007983  [  960/ 1575]
loss: 0.010219  [ 1120/ 1575]
loss: 0.003345  [ 1280/ 1575]
loss: 0.002790  [ 1440/ 1575]
Test Error: 
MSE: 108.548073
RMSE: 10.418641
MAE: 3.037835
R^2: 0.6606422764389134
loss: 0.010097  [    0/ 1575]
loss: 0.010097  [  160/ 1575]
loss: 0.009974  [  320/ 1575]
loss: 0.022740  [  480/ 1575]
loss: 0.012981  [  640/ 1575]
loss: 0.012740  [  800/ 1575]
loss: 0.010375  [  960/ 1575]
loss: 0.008018  [ 1120/ 1575]
loss: 0.002905  [ 1280/ 1575]
loss: 0.002213  [ 1440/ 1575]
Test Error: 
MSE: 105.218694
RMSE: 10.257616
MAE: 3.012629
R^2: 0.6710510311893645
loss: 0.012405  [    0/ 1575]
loss: 0.005531  [  160/ 1575]
loss: 0.003740  [  320/ 1575]
loss: 0.002549  [  480/ 1575]
loss: 0.003317  [  640/ 1575]
loss: 0.002347  [  800/ 1575]
loss: 0.008167  [  960/ 1575]
loss: 0.006070  [ 1120/ 1575]
loss: 0.003707  [ 1280/ 1575]
loss: 0.002136  [ 1440/ 1575]
Test Error: 
MSE: 154.129965
RMSE: 12.414909
MAE: 3.376237
R^2: 0.5181379766227918
loss: 0.014335  [    0/ 1575]
loss: 0.010277  [  160/ 1575]
loss: 0.004278  [  320/ 1575]
loss: 0.005247  [  480/ 1575]
loss: 0.010494  [  640/ 1575]
loss: 0.002255  [  800/ 1575]
loss: 0.003519  [  960/ 1575]
loss: 0.001586  [ 1120/ 1575]
loss: 0.002850  [ 1280/ 1575]
loss: 0.003653  [ 1440/ 1575]
Test Error: 
MSE: 131.380843
RMSE: 11.462148
MAE: 3.212896
R^2: 0.5892593697373957
loss: 0.011791  [    0/ 1575]
loss: 0.007928  [  160/ 1575]
loss: 0.004997  [  320/ 1575]
loss: 0.006263  [  480/ 1575]
loss: 0.004563  [  640/ 1575]
loss: 0.002546  [  800/ 1575]
loss: 0.005656  [  960/ 1575]
loss: 0.006040  [ 1120/ 1575]
loss: 0.005691  [ 1280/ 1575]
loss: 0.001384  [ 1440/ 1575]
Test Error: 
MSE: 40.548049
RMSE: 6.367735
MAE: 2.283591
R^2: 0.8732331835857245
loss: 0.004731  [    0/ 1575]
loss: 0.002600  [  160/ 1575]
loss: 0.002921  [  320/ 1575]
loss: 0.009072  [  480/ 1575]
loss: 0.001411  [  640/ 1575]
loss: 0.003836  [  800/ 1575]
loss: 0.003526  [  960/ 1575]
loss: 0.004438  [ 1120/ 1575]
loss: 0.004497  [ 1280/ 1575]
loss: 0.005854  [ 1440/ 1575]
Test Error: 
MSE: 84.556092
RMSE: 9.195439
MAE: 2.813346
R^2: 0.7356492645250858
loss: 0.006661  [    0/ 1575]
loss: 0.002787  [  160/ 1575]
loss: 0.002855  [  320/ 1575]
loss: 0.001009  [  480/ 1575]
loss: 0.002596  [  640/ 1575]
loss: 0.001631  [  800/ 1575]
loss: 0.010767  [  960/ 1575]
loss: 0.018249  [ 1120/ 1575]
loss: 0.010961  [ 1280/ 1575]
loss: 0.004611  [ 1440/ 1575]
Test Error: 
MSE: 76.492889
RMSE: 8.746021
MAE: 2.730090
R^2: 0.7608575452907721
loss: 0.005181  [    0/ 1575]
loss: 0.003677  [  160/ 1575]
loss: 0.002246  [  320/ 1575]
loss: 0.002719  [  480/ 1575]
loss: 0.002707  [  640/ 1575]
loss: 0.003248  [  800/ 1575]
loss: 0.001992  [  960/ 1575]
loss: 0.001839  [ 1120/ 1575]
loss: 0.003640  [ 1280/ 1575]
loss: 0.004296  [ 1440/ 1575]
Test Error: 
MSE: 35.561931
RMSE: 5.963383
MAE: 2.179275
R^2: 0.8888214618800767
loss: 0.002924  [    0/ 1575]
loss: 0.003928  [  160/ 1575]
loss: 0.003086  [  320/ 1575]
loss: 0.003174  [  480/ 1575]
loss: 0.003533  [  640/ 1575]
loss: 0.003950  [  800/ 1575]
loss: 0.006181  [  960/ 1575]
loss: 0.005258  [ 1120/ 1575]
loss: 0.002390  [ 1280/ 1575]
loss: 0.003963  [ 1440/ 1575]
Test Error: 
MSE: 26.229582
RMSE: 5.121482
MAE: 2.005811
R^2: 0.9179975189838715
loss: 0.002745  [    0/ 1575]
loss: 0.004860  [  160/ 1575]
loss: 0.002829  [  320/ 1575]
loss: 0.007472  [  480/ 1575]
loss: 0.005552  [  640/ 1575]
loss: 0.004727  [  800/ 1575]
loss: 0.003426  [  960/ 1575]
loss: 0.001937  [ 1120/ 1575]
loss: 0.004011  [ 1280/ 1575]
loss: 0.004396  [ 1440/ 1575]
Test Error: 
MSE: 70.528892
RMSE: 8.398148
MAE: 2.676082
R^2: 0.7795030018487128
loss: 0.009236  [    0/ 1575]
loss: 0.013270  [  160/ 1575]
loss: 0.007465  [  320/ 1575]
loss: 0.006693  [  480/ 1575]
loss: 0.003236  [  640/ 1575]
loss: 0.004464  [  800/ 1575]
loss: 0.002278  [  960/ 1575]
loss: 0.006530  [ 1120/ 1575]
loss: 0.008712  [ 1280/ 1575]
loss: 0.009262  [ 1440/ 1575]
Test Error: 
MSE: 27.762834
RMSE: 5.269045
MAE: 2.045858
R^2: 0.913204059238776
loss: 0.002716  [    0/ 1575]
loss: 0.001962  [  160/ 1575]
loss: 0.003150  [  320/ 1575]
loss: 0.004096  [  480/ 1575]
loss: 0.004390  [  640/ 1575]
loss: 0.003998  [  800/ 1575]
loss: 0.004724  [  960/ 1575]
loss: 0.004402  [ 1120/ 1575]
loss: 0.004369  [ 1280/ 1575]
loss: 0.003917  [ 1440/ 1575]
Test Error: 
MSE: 72.285880
RMSE: 8.502110
MAE: 2.696642
R^2: 0.774010067763724
loss: 0.007178  [    0/ 1575]
loss: 0.003606  [  160/ 1575]
loss: 0.003857  [  320/ 1575]
loss: 0.004486  [  480/ 1575]
loss: 0.004196  [  640/ 1575]
loss: 0.007100  [  800/ 1575]
loss: 0.005553  [  960/ 1575]
loss: 0.004412  [ 1120/ 1575]
loss: 0.003603  [ 1280/ 1575]
loss: 0.002013  [ 1440/ 1575]
Test Error: 
MSE: 61.385283
RMSE: 7.834876
MAE: 2.567604
R^2: 0.8080889944192988
loss: 0.005604  [    0/ 1575]
loss: 0.003751  [  160/ 1575]
loss: 0.002962  [  320/ 1575]
loss: 0.004054  [  480/ 1575]
loss: 0.004428  [  640/ 1575]
loss: 0.006338  [  800/ 1575]
loss: 0.002334  [  960/ 1575]
loss: 0.002598  [ 1120/ 1575]
loss: 0.003812  [ 1280/ 1575]
loss: 0.006012  [ 1440/ 1575]
Test Error: 
MSE: 82.324536
RMSE: 9.073287
MAE: 2.800958
R^2: 0.7426258569038344
loss: 0.008211  [    0/ 1575]
loss: 0.003538  [  160/ 1575]
loss: 0.005533  [  320/ 1575]
loss: 0.010908  [  480/ 1575]
loss: 0.009881  [  640/ 1575]
loss: 0.006627  [  800/ 1575]
loss: 0.007733  [  960/ 1575]
loss: 0.002378  [ 1120/ 1575]
loss: 0.004137  [ 1280/ 1575]
loss: 0.003369  [ 1440/ 1575]
Test Error: 
MSE: 192.758188
RMSE: 13.883738
MAE: 3.592733
R^2: 0.3973731800934436
loss: 0.020640  [    0/ 1575]
loss: 0.023222  [  160/ 1575]
loss: 0.004009  [  320/ 1575]
loss: 0.003985  [  480/ 1575]
loss: 0.002527  [  640/ 1575]
loss: 0.002349  [  800/ 1575]
loss: 0.002918  [  960/ 1575]
loss: 0.002434  [ 1120/ 1575]
loss: 0.002614  [ 1280/ 1575]
loss: 0.004674  [ 1440/ 1575]
Test Error: 
MSE: 26.820310
RMSE: 5.178833
MAE: 2.023850
R^2: 0.9161507067038176
loss: 0.002447  [    0/ 1575]
loss: 0.001972  [  160/ 1575]
loss: 0.002246  [  320/ 1575]
loss: 0.003194  [  480/ 1575]
loss: 0.004500  [  640/ 1575]
loss: 0.014018  [  800/ 1575]
loss: 0.008944  [  960/ 1575]
loss: 0.003776  [ 1120/ 1575]
loss: 0.001091  [ 1280/ 1575]
loss: 0.002788  [ 1440/ 1575]
Test Error: 
MSE: 72.180235
RMSE: 8.495895
MAE: 2.685943
R^2: 0.7743403497771691
loss: 0.006868  [    0/ 1575]
loss: 0.003331  [  160/ 1575]
loss: 0.001781  [  320/ 1575]
loss: 0.004484  [  480/ 1575]
loss: 0.003721  [  640/ 1575]
loss: 0.003356  [  800/ 1575]
loss: 0.014131  [  960/ 1575]
loss: 0.007246  [ 1120/ 1575]
loss: 0.003118  [ 1280/ 1575]
loss: 0.003729  [ 1440/ 1575]
Test Error: 
MSE: 31.300788
RMSE: 5.594711
MAE: 2.127648
R^2: 0.9021432255102867
loss: 0.005656  [    0/ 1575]
loss: 0.005355  [  160/ 1575]
loss: 0.002939  [  320/ 1575]
loss: 0.001868  [  480/ 1575]
loss: 0.002264  [  640/ 1575]
loss: 0.004113  [  800/ 1575]
loss: 0.002398  [  960/ 1575]
loss: 0.003257  [ 1120/ 1575]
loss: 0.003466  [ 1280/ 1575]
loss: 0.004991  [ 1440/ 1575]
Test Error: 
MSE: 77.064072
RMSE: 8.778614
MAE: 2.747652
R^2: 0.7590718360312372
loss: 0.007221  [    0/ 1575]
loss: 0.003876  [  160/ 1575]
loss: 0.002731  [  320/ 1575]
loss: 0.002737  [  480/ 1575]
loss: 0.001534  [  640/ 1575]
loss: 0.002886  [  800/ 1575]
loss: 0.001515  [  960/ 1575]
loss: 0.003471  [ 1120/ 1575]
loss: 0.003906  [ 1280/ 1575]
loss: 0.005365  [ 1440/ 1575]
Test Error: 
MSE: 58.991890
RMSE: 7.680618
MAE: 2.530981
R^2: 0.8155715431080679
loss: 0.006145  [    0/ 1575]
loss: 0.006453  [  160/ 1575]
loss: 0.002021  [  320/ 1575]
loss: 0.005153  [  480/ 1575]
loss: 0.003548  [  640/ 1575]
loss: 0.004203  [  800/ 1575]
loss: 0.003502  [  960/ 1575]
loss: 0.002828  [ 1120/ 1575]
loss: 0.002204  [ 1280/ 1575]
loss: 0.004514  [ 1440/ 1575]
Test Error: 
MSE: 26.350034
RMSE: 5.133228
MAE: 2.009728
R^2: 0.9176209473083458
loss: 0.003683  [    0/ 1575]
loss: 0.007048  [  160/ 1575]
loss: 0.004920  [  320/ 1575]
loss: 0.001664  [  480/ 1575]
loss: 0.004781  [  640/ 1575]
loss: 0.002357  [  800/ 1575]
loss: 0.001627  [  960/ 1575]
loss: 0.003981  [ 1120/ 1575]
loss: 0.001371  [ 1280/ 1575]
loss: 0.004017  [ 1440/ 1575]
Test Error: 
MSE: 34.451792
RMSE: 5.869565
MAE: 2.160131
R^2: 0.8922921306935049
loss: 0.002105  [    0/ 1575]
loss: 0.002404  [  160/ 1575]
loss: 0.002065  [  320/ 1575]
loss: 0.002389  [  480/ 1575]
loss: 0.002585  [  640/ 1575]
loss: 0.007846  [  800/ 1575]
loss: 0.008219  [  960/ 1575]
loss: 0.005597  [ 1120/ 1575]
loss: 0.002078  [ 1280/ 1575]
loss: 0.002748  [ 1440/ 1575]
Test Error: 
MSE: 82.288182
RMSE: 9.071283
MAE: 2.804461
R^2: 0.7427395118265997
loss: 0.009331  [    0/ 1575]
loss: 0.003811  [  160/ 1575]
loss: 0.002748  [  320/ 1575]
loss: 0.002764  [  480/ 1575]
loss: 0.001567  [  640/ 1575]
loss: 0.002033  [  800/ 1575]
loss: 0.002901  [  960/ 1575]
loss: 0.001506  [ 1120/ 1575]
loss: 0.003162  [ 1280/ 1575]
loss: 0.003551  [ 1440/ 1575]
Test Error: 
MSE: 47.534018
RMSE: 6.894492
MAE: 2.377597
R^2: 0.8513926995800061
loss: 0.005845  [    0/ 1575]
loss: 0.001822  [  160/ 1575]
loss: 0.003292  [  320/ 1575]
loss: 0.002924  [  480/ 1575]
loss: 0.003651  [  640/ 1575]
loss: 0.002573  [  800/ 1575]
loss: 0.005293  [  960/ 1575]
loss: 0.003656  [ 1120/ 1575]
loss: 0.004878  [ 1280/ 1575]
loss: 0.005621  [ 1440/ 1575]
Test Error: 
MSE: 31.025784
RMSE: 5.570079
MAE: 2.115686
R^2: 0.9030029805735776
loss: 0.003548  [    0/ 1575]
loss: 0.001651  [  160/ 1575]
loss: 0.003173  [  320/ 1575]
loss: 0.006428  [  480/ 1575]
loss: 0.008071  [  640/ 1575]
loss: 0.002614  [  800/ 1575]
loss: 0.003104  [  960/ 1575]
loss: 0.012856  [ 1120/ 1575]
loss: 0.005673  [ 1280/ 1575]
loss: 0.003022  [ 1440/ 1575]
Test Error: 
MSE: 79.948118
RMSE: 8.941371
MAE: 2.769227
R^2: 0.7500553383745957
loss: 0.007471  [    0/ 1575]
loss: 0.003848  [  160/ 1575]
loss: 0.008492  [  320/ 1575]
loss: 0.002860  [  480/ 1575]
loss: 0.005615  [  640/ 1575]
loss: 0.009517  [  800/ 1575]
loss: 0.004575  [  960/ 1575]
loss: 0.004447  [ 1120/ 1575]
loss: 0.004185  [ 1280/ 1575]
loss: 0.002871  [ 1440/ 1575]
Test Error: 
MSE: 30.980510
RMSE: 5.566014
MAE: 2.127613
R^2: 0.9031445241300716
loss: 0.005028  [    0/ 1575]
loss: 0.003435  [  160/ 1575]
loss: 0.002812  [  320/ 1575]
loss: 0.004852  [  480/ 1575]
loss: 0.001727  [  640/ 1575]
loss: 0.003152  [  800/ 1575]
loss: 0.001987  [  960/ 1575]
loss: 0.006055  [ 1120/ 1575]
loss: 0.007842  [ 1280/ 1575]
loss: 0.007477  [ 1440/ 1575]
Test Error: 
MSE: 83.830713
RMSE: 9.155911
MAE: 2.805472
R^2: 0.7379170431075525
loss: 0.010936  [    0/ 1575]
loss: 0.002377  [  160/ 1575]
loss: 0.006917  [  320/ 1575]
loss: 0.003812  [  480/ 1575]
loss: 0.006216  [  640/ 1575]
loss: 0.002664  [  800/ 1575]
loss: 0.017324  [  960/ 1575]
loss: 0.003692  [ 1120/ 1575]
loss: 0.006862  [ 1280/ 1575]
loss: 0.003972  [ 1440/ 1575]
Test Error: 
MSE: 32.886600
RMSE: 5.734684
MAE: 2.120951
R^2: 0.8971854458934739
loss: 0.002827  [    0/ 1575]
loss: 0.002669  [  160/ 1575]
loss: 0.003670  [  320/ 1575]
loss: 0.005414  [  480/ 1575]
loss: 0.003183  [  640/ 1575]
loss: 0.003558  [  800/ 1575]
loss: 0.002026  [  960/ 1575]
loss: 0.004256  [ 1120/ 1575]
loss: 0.006761  [ 1280/ 1575]
loss: 0.002966  [ 1440/ 1575]
Test Error: 
MSE: 123.870089
RMSE: 11.129694
MAE: 3.165076
R^2: 0.6127405099702413
loss: 0.016229  [    0/ 1575]
loss: 0.006591  [  160/ 1575]
loss: 0.003101  [  320/ 1575]
loss: 0.003538  [  480/ 1575]
loss: 0.003062  [  640/ 1575]
loss: 0.002631  [  800/ 1575]
loss: 0.001762  [  960/ 1575]
loss: 0.002307  [ 1120/ 1575]
loss: 0.002583  [ 1280/ 1575]
loss: 0.005032  [ 1440/ 1575]
Test Error: 
MSE: 30.726356
RMSE: 5.543136
MAE: 2.090653
R^2: 0.9039390934355381
loss: 0.002580  [    0/ 1575]
loss: 0.001831  [  160/ 1575]
loss: 0.004894  [  320/ 1575]
loss: 0.003644  [  480/ 1575]
loss: 0.001463  [  640/ 1575]
loss: 0.006278  [  800/ 1575]
loss: 0.004699  [  960/ 1575]
loss: 0.001203  [ 1120/ 1575]
loss: 0.003558  [ 1280/ 1575]
loss: 0.003484  [ 1440/ 1575]
Test Error: 
MSE: 68.810191
RMSE: 8.295191
MAE: 2.660636
R^2: 0.784876236915135
loss: 0.005401  [    0/ 1575]
loss: 0.004060  [  160/ 1575]
loss: 0.009447  [  320/ 1575]
loss: 0.002432  [  480/ 1575]
loss: 0.002225  [  640/ 1575]
loss: 0.002791  [  800/ 1575]
loss: 0.004288  [  960/ 1575]
loss: 0.003159  [ 1120/ 1575]
loss: 0.001654  [ 1280/ 1575]
loss: 0.002492  [ 1440/ 1575]
Test Error: 
MSE: 55.933002
RMSE: 7.478837
MAE: 2.501408
R^2: 0.825134653445079
loss: 0.005463  [    0/ 1575]
loss: 0.005435  [  160/ 1575]
loss: 0.002961  [  320/ 1575]
loss: 0.002741  [  480/ 1575]
loss: 0.004030  [  640/ 1575]
loss: 0.003312  [  800/ 1575]
loss: 0.001906  [  960/ 1575]
loss: 0.003696  [ 1120/ 1575]
loss: 0.003094  [ 1280/ 1575]
loss: 0.003761  [ 1440/ 1575]
Test Error: 
MSE: 155.456729
RMSE: 12.468229
MAE: 3.383177
R^2: 0.5139900672470998
loss: 0.014320  [    0/ 1575]
loss: 0.004032  [  160/ 1575]
loss: 0.002828  [  320/ 1575]
loss: 0.005117  [  480/ 1575]
loss: 0.003029  [  640/ 1575]
loss: 0.011143  [  800/ 1575]
loss: 0.001535  [  960/ 1575]
loss: 0.006182  [ 1120/ 1575]
loss: 0.002013  [ 1280/ 1575]
loss: 0.006273  [ 1440/ 1575]
Test Error: 
MSE: 26.569746
RMSE: 5.154585
MAE: 2.023183
R^2: 0.9169340536179068
loss: 0.001653  [    0/ 1575]
loss: 0.007635  [  160/ 1575]
loss: 0.007624  [  320/ 1575]
loss: 0.001630  [  480/ 1575]
loss: 0.008383  [  640/ 1575]
loss: 0.002464  [  800/ 1575]
loss: 0.002218  [  960/ 1575]
loss: 0.001611  [ 1120/ 1575]
loss: 0.002823  [ 1280/ 1575]
loss: 0.002143  [ 1440/ 1575]
Test Error: 
MSE: 41.598124
RMSE: 6.449661
MAE: 2.299838
R^2: 0.8699502976826081
loss: 0.003906  [    0/ 1575]
loss: 0.001553  [  160/ 1575]
loss: 0.002444  [  320/ 1575]
loss: 0.003630  [  480/ 1575]
loss: 0.001951  [  640/ 1575]
loss: 0.004645  [  800/ 1575]
loss: 0.001935  [  960/ 1575]
loss: 0.003032  [ 1120/ 1575]
loss: 0.001951  [ 1280/ 1575]
loss: 0.002266  [ 1440/ 1575]
Test Error: 
MSE: 177.565793
RMSE: 13.325382
MAE: 3.523785
R^2: 0.44486970977706364
loss: 0.017582  [    0/ 1575]
loss: 0.004772  [  160/ 1575]
loss: 0.007134  [  320/ 1575]
loss: 0.002617  [  480/ 1575]
loss: 0.002611  [  640/ 1575]
loss: 0.003018  [  800/ 1575]
loss: 0.002330  [  960/ 1575]
loss: 0.003489  [ 1120/ 1575]
loss: 0.007901  [ 1280/ 1575]
loss: 0.003738  [ 1440/ 1575]
Test Error: 
MSE: 35.426903
RMSE: 5.952050
MAE: 2.197534
R^2: 0.8892436071889442
loss: 0.002638  [    0/ 1575]
loss: 0.004158  [  160/ 1575]
loss: 0.002081  [  320/ 1575]
loss: 0.005042  [  480/ 1575]
loss: 0.002394  [  640/ 1575]
loss: 0.007817  [  800/ 1575]
loss: 0.003408  [  960/ 1575]
loss: 0.003486  [ 1120/ 1575]
loss: 0.005609  [ 1280/ 1575]
loss: 0.002470  [ 1440/ 1575]
Test Error: 
MSE: 77.901869
RMSE: 8.826204
MAE: 2.759704
R^2: 0.7564525995957156
loss: 0.007134  [    0/ 1575]
loss: 0.004965  [  160/ 1575]
loss: 0.003486  [  320/ 1575]
loss: 0.002439  [  480/ 1575]
loss: 0.003564  [  640/ 1575]
loss: 0.003485  [  800/ 1575]
loss: 0.003609  [  960/ 1575]
loss: 0.002138  [ 1120/ 1575]
loss: 0.002037  [ 1280/ 1575]
loss: 0.002751  [ 1440/ 1575]
Test Error: 
MSE: 28.559307
RMSE: 5.344091
MAE: 2.048065
R^2: 0.9107140174316347
loss: 0.001464  [    0/ 1575]
loss: 0.003528  [  160/ 1575]
loss: 0.002836  [  320/ 1575]
loss: 0.001877  [  480/ 1575]
loss: 0.003504  [  640/ 1575]
loss: 0.003275  [  800/ 1575]
loss: 0.002912  [  960/ 1575]
loss: 0.003738  [ 1120/ 1575]
loss: 0.001868  [ 1280/ 1575]
loss: 0.001998  [ 1440/ 1575]
Test Error: 
MSE: 52.234114
RMSE: 7.227317
MAE: 2.459924
R^2: 0.8366986194663352
loss: 0.003313  [    0/ 1575]
loss: 0.002306  [  160/ 1575]
loss: 0.001293  [  320/ 1575]
loss: 0.004073  [  480/ 1575]
loss: 0.004703  [  640/ 1575]
loss: 0.002346  [  800/ 1575]
loss: 0.001999  [  960/ 1575]
loss: 0.005315  [ 1120/ 1575]
loss: 0.006332  [ 1280/ 1575]
loss: 0.003791  [ 1440/ 1575]
Test Error: 
MSE: 36.131424
RMSE: 6.010942
MAE: 2.188311
R^2: 0.8870410360417251
loss: 0.002597  [    0/ 1575]
loss: 0.003453  [  160/ 1575]
loss: 0.002478  [  320/ 1575]
loss: 0.003985  [  480/ 1575]
loss: 0.002257  [  640/ 1575]
loss: 0.004183  [  800/ 1575]
loss: 0.001622  [  960/ 1575]
loss: 0.002544  [ 1120/ 1575]
loss: 0.002185  [ 1280/ 1575]
loss: 0.002094  [ 1440/ 1575]
Test Error: 
MSE: 24.128231
RMSE: 4.912050
MAE: 1.956295
R^2: 0.9245670478794202
Saved PyTorch Model State to dimension_models/model_objects/morgan_emotional_speech_set_valence_whisper_large_encoder_1667453380_BEST.pt
loss: 0.001948  [    0/ 1575]
loss: 0.002275  [  160/ 1575]
loss: 0.001825  [  320/ 1575]
loss: 0.002510  [  480/ 1575]
loss: 0.002449  [  640/ 1575]
loss: 0.009146  [  800/ 1575]
loss: 0.011925  [  960/ 1575]
loss: 0.002326  [ 1120/ 1575]
loss: 0.004669  [ 1280/ 1575]
loss: 0.005721  [ 1440/ 1575]
Test Error: 
MSE: 98.162770
RMSE: 9.907713
MAE: 2.953249
R^2: 0.6931102215740951
loss: 0.008906  [    0/ 1575]
loss: 0.002919  [  160/ 1575]
loss: 0.006262  [  320/ 1575]
loss: 0.003065  [  480/ 1575]
loss: 0.007747  [  640/ 1575]
loss: 0.002586  [  800/ 1575]
loss: 0.002433  [  960/ 1575]
loss: 0.006593  [ 1120/ 1575]
loss: 0.001621  [ 1280/ 1575]
loss: 0.002417  [ 1440/ 1575]
Test Error: 
MSE: 24.924385
RMSE: 4.992433
MAE: 1.974917
R^2: 0.9220780025990589
loss: 0.002681  [    0/ 1575]
loss: 0.003484  [  160/ 1575]
loss: 0.002229  [  320/ 1575]
loss: 0.001812  [  480/ 1575]
loss: 0.002641  [  640/ 1575]
loss: 0.001860  [  800/ 1575]
loss: 0.001836  [  960/ 1575]
loss: 0.003433  [ 1120/ 1575]
loss: 0.001699  [ 1280/ 1575]
loss: 0.001936  [ 1440/ 1575]
Test Error: 
MSE: 32.957134
RMSE: 5.740830
MAE: 2.155002
R^2: 0.8969649324858
loss: 0.003287  [    0/ 1575]
loss: 0.002770  [  160/ 1575]
loss: 0.003148  [  320/ 1575]
loss: 0.003888  [  480/ 1575]
loss: 0.001529  [  640/ 1575]
loss: 0.001292  [  800/ 1575]
loss: 0.002128  [  960/ 1575]
loss: 0.002480  [ 1120/ 1575]
loss: 0.003285  [ 1280/ 1575]
loss: 0.007051  [ 1440/ 1575]
Test Error: 
MSE: 42.060115
RMSE: 6.485377
MAE: 2.303817
R^2: 0.8685059568524179
loss: 0.004410  [    0/ 1575]
loss: 0.002994  [  160/ 1575]
loss: 0.004186  [  320/ 1575]
loss: 0.005117  [  480/ 1575]
loss: 0.001210  [  640/ 1575]
loss: 0.003664  [  800/ 1575]
loss: 0.004639  [  960/ 1575]
loss: 0.012509  [ 1120/ 1575]
loss: 0.005160  [ 1280/ 1575]
loss: 0.005800  [ 1440/ 1575]
Test Error: 
MSE: 200.610552
RMSE: 14.163705
MAE: 3.622493
R^2: 0.37282405480975045
loss: 0.017611  [    0/ 1575]
loss: 0.006529  [  160/ 1575]
loss: 0.002307  [  320/ 1575]
loss: 0.004019  [  480/ 1575]
loss: 0.002719  [  640/ 1575]
loss: 0.002046  [  800/ 1575]
loss: 0.001995  [  960/ 1575]
loss: 0.004702  [ 1120/ 1575]
loss: 0.002534  [ 1280/ 1575]
loss: 0.003177  [ 1440/ 1575]
Test Error: 
MSE: 25.006949
RMSE: 5.000695
MAE: 1.979965
R^2: 0.9218198804982708
loss: 0.001006  [    0/ 1575]
loss: 0.002104  [  160/ 1575]
loss: 0.002128  [  320/ 1575]
loss: 0.002247  [  480/ 1575]
loss: 0.006857  [  640/ 1575]
loss: 0.008729  [  800/ 1575]
loss: 0.009077  [  960/ 1575]
loss: 0.002833  [ 1120/ 1575]
loss: 0.004065  [ 1280/ 1575]
loss: 0.003895  [ 1440/ 1575]
Test Error: 
MSE: 68.858894
RMSE: 8.298126
MAE: 2.644836
R^2: 0.7847239774074987
loss: 0.006393  [    0/ 1575]
loss: 0.003944  [  160/ 1575]
loss: 0.009208  [  320/ 1575]
loss: 0.002548  [  480/ 1575]
loss: 0.003402  [  640/ 1575]
loss: 0.003474  [  800/ 1575]
loss: 0.004115  [  960/ 1575]
loss: 0.002570  [ 1120/ 1575]
loss: 0.003538  [ 1280/ 1575]
loss: 0.003374  [ 1440/ 1575]
Test Error: 
MSE: 39.076916
RMSE: 6.251153
MAE: 2.250077
R^2: 0.8778324402349957
loss: 0.002954  [    0/ 1575]
loss: 0.002130  [  160/ 1575]
loss: 0.003439  [  320/ 1575]
loss: 0.012977  [  480/ 1575]
loss: 0.004264  [  640/ 1575]
loss: 0.002500  [  800/ 1575]
loss: 0.005016  [  960/ 1575]
loss: 0.002099  [ 1120/ 1575]
loss: 0.001993  [ 1280/ 1575]
loss: 0.002856  [ 1440/ 1575]
Test Error: 
MSE: 30.112748
RMSE: 5.487508
MAE: 2.078776
R^2: 0.9058574393253412
loss: 0.001481  [    0/ 1575]
loss: 0.001556  [  160/ 1575]
loss: 0.000949  [  320/ 1575]
loss: 0.003326  [  480/ 1575]
loss: 0.008103  [  640/ 1575]
loss: 0.002617  [  800/ 1575]
loss: 0.002660  [  960/ 1575]
loss: 0.004681  [ 1120/ 1575]
loss: 0.002000  [ 1280/ 1575]
loss: 0.003086  [ 1440/ 1575]
Test Error: 
MSE: 85.358284
RMSE: 9.238955
MAE: 2.841049
R^2: 0.7331413440371729
loss: 0.006550  [    0/ 1575]
loss: 0.003892  [  160/ 1575]
loss: 0.007307  [  320/ 1575]
loss: 0.002390  [  480/ 1575]
loss: 0.004256  [  640/ 1575]
loss: 0.006007  [  800/ 1575]
loss: 0.005943  [  960/ 1575]
loss: 0.001743  [ 1120/ 1575]
loss: 0.005016  [ 1280/ 1575]
loss: 0.003021  [ 1440/ 1575]
Test Error: 
MSE: 28.528738
RMSE: 5.341230
MAE: 2.071728
R^2: 0.9108095868298156
loss: 0.002435  [    0/ 1575]
loss: 0.004383  [  160/ 1575]
loss: 0.003655  [  320/ 1575]
loss: 0.001846  [  480/ 1575]
loss: 0.002119  [  640/ 1575]
loss: 0.012834  [  800/ 1575]
loss: 0.012301  [  960/ 1575]
loss: 0.001831  [ 1120/ 1575]
loss: 0.001818  [ 1280/ 1575]
loss: 0.003013  [ 1440/ 1575]
Test Error: 
MSE: 37.860044
RMSE: 6.153052
MAE: 2.246563
R^2: 0.8816367895228981
loss: 0.003813  [    0/ 1575]
loss: 0.004905  [  160/ 1575]
loss: 0.004269  [  320/ 1575]
loss: 0.008021  [  480/ 1575]
loss: 0.003536  [  640/ 1575]
loss: 0.003383  [  800/ 1575]
loss: 0.002794  [  960/ 1575]
loss: 0.002671  [ 1120/ 1575]
loss: 0.002810  [ 1280/ 1575]
loss: 0.002545  [ 1440/ 1575]
Test Error: 
MSE: 68.537366
RMSE: 8.278730
MAE: 2.671520
R^2: 0.7857291815507588
loss: 0.006206  [    0/ 1575]
loss: 0.003048  [  160/ 1575]
loss: 0.003129  [  320/ 1575]
loss: 0.002389  [  480/ 1575]
loss: 0.001599  [  640/ 1575]
loss: 0.002356  [  800/ 1575]
loss: 0.003241  [  960/ 1575]
loss: 0.002795  [ 1120/ 1575]
loss: 0.003516  [ 1280/ 1575]
loss: 0.002080  [ 1440/ 1575]
Test Error: 
MSE: 58.498341
RMSE: 7.648421
MAE: 2.548000
R^2: 0.8171145434347526
loss: 0.005191  [    0/ 1575]
loss: 0.003134  [  160/ 1575]
loss: 0.002104  [  320/ 1575]
loss: 0.004066  [  480/ 1575]
loss: 0.002824  [  640/ 1575]
loss: 0.005563  [  800/ 1575]
loss: 0.009392  [  960/ 1575]
loss: 0.004153  [ 1120/ 1575]
loss: 0.001573  [ 1280/ 1575]
loss: 0.002249  [ 1440/ 1575]
Test Error: 
MSE: 27.257321
RMSE: 5.220854
MAE: 2.020765
R^2: 0.9147844631967812
loss: 0.002025  [    0/ 1575]
loss: 0.002678  [  160/ 1575]
loss: 0.001947  [  320/ 1575]
loss: 0.002582  [  480/ 1575]
loss: 0.005558  [  640/ 1575]
loss: 0.002468  [  800/ 1575]
loss: 0.002561  [  960/ 1575]
loss: 0.001342  [ 1120/ 1575]
loss: 0.001750  [ 1280/ 1575]
loss: 0.002080  [ 1440/ 1575]
Test Error: 
MSE: 31.915399
RMSE: 5.649372
MAE: 2.124796
R^2: 0.9002217464416535
loss: 0.002717  [    0/ 1575]
loss: 0.001780  [  160/ 1575]
loss: 0.002906  [  320/ 1575]
loss: 0.002486  [  480/ 1575]
loss: 0.001839  [  640/ 1575]
loss: 0.001385  [  800/ 1575]
loss: 0.003565  [  960/ 1575]
loss: 0.002674  [ 1120/ 1575]
loss: 0.002252  [ 1280/ 1575]
loss: 0.002157  [ 1440/ 1575]
Test Error: 
MSE: 23.957073
RMSE: 4.894596
MAE: 1.953008
R^2: 0.9251021462867014
Saved PyTorch Model State to dimension_models/model_objects/morgan_emotional_speech_set_valence_whisper_large_encoder_1667453380_BEST.pt
loss: 0.002450  [    0/ 1575]
loss: 0.003053  [  160/ 1575]
loss: 0.002392  [  320/ 1575]
loss: 0.001455  [  480/ 1575]
loss: 0.001239  [  640/ 1575]
loss: 0.002410  [  800/ 1575]
loss: 0.003101  [  960/ 1575]
loss: 0.005111  [ 1120/ 1575]
loss: 0.005579  [ 1280/ 1575]
loss: 0.004065  [ 1440/ 1575]
Test Error: 
MSE: 131.951902
RMSE: 11.487032
MAE: 3.215303
R^2: 0.587474048452604
loss: 0.013802  [    0/ 1575]
loss: 0.004863  [  160/ 1575]
loss: 0.014436  [  320/ 1575]
loss: 0.005577  [  480/ 1575]
loss: 0.003896  [  640/ 1575]
loss: 0.002066  [  800/ 1575]
loss: 0.002307  [  960/ 1575]
loss: 0.008235  [ 1120/ 1575]
loss: 0.009088  [ 1280/ 1575]
loss: 0.003195  [ 1440/ 1575]
Test Error: 
MSE: 45.967979
RMSE: 6.779969
MAE: 2.367467
R^2: 0.8562886618231969
loss: 0.004320  [    0/ 1575]
loss: 0.002470  [  160/ 1575]
loss: 0.005252  [  320/ 1575]
loss: 0.004742  [  480/ 1575]
loss: 0.004100  [  640/ 1575]
loss: 0.002030  [  800/ 1575]
loss: 0.004296  [  960/ 1575]
loss: 0.003302  [ 1120/ 1575]
loss: 0.002981  [ 1280/ 1575]
loss: 0.002046  [ 1440/ 1575]
Test Error: 
MSE: 82.270632
RMSE: 9.070316
MAE: 2.813559
R^2: 0.7427943791553107
loss: 0.006406  [    0/ 1575]
loss: 0.002110  [  160/ 1575]
loss: 0.002191  [  320/ 1575]
loss: 0.001756  [  480/ 1575]
loss: 0.002375  [  640/ 1575]
loss: 0.004455  [  800/ 1575]
loss: 0.002231  [  960/ 1575]
loss: 0.002306  [ 1120/ 1575]
loss: 0.003739  [ 1280/ 1575]
loss: 0.003078  [ 1440/ 1575]
Test Error: 
MSE: 23.601213
RMSE: 4.858108
MAE: 1.943132
R^2: 0.9262146848376637
Saved PyTorch Model State to dimension_models/model_objects/morgan_emotional_speech_set_valence_whisper_large_encoder_1667453380_BEST.pt
loss: 0.002211  [    0/ 1575]
loss: 0.004016  [  160/ 1575]
loss: 0.002603  [  320/ 1575]
loss: 0.002923  [  480/ 1575]
loss: 0.002260  [  640/ 1575]
loss: 0.002018  [  800/ 1575]
loss: 0.005454  [  960/ 1575]
loss: 0.004632  [ 1120/ 1575]
loss: 0.003215  [ 1280/ 1575]
loss: 0.001807  [ 1440/ 1575]
Test Error: 
MSE: 34.429529
RMSE: 5.867668
MAE: 2.153471
R^2: 0.8923617319724184
loss: 0.001771  [    0/ 1575]
loss: 0.002779  [  160/ 1575]
loss: 0.003172  [  320/ 1575]
loss: 0.001578  [  480/ 1575]
loss: 0.002697  [  640/ 1575]
loss: 0.004866  [  800/ 1575]
loss: 0.002858  [  960/ 1575]
loss: 0.006029  [ 1120/ 1575]
loss: 0.007590  [ 1280/ 1575]
loss: 0.001824  [ 1440/ 1575]
Test Error: 
MSE: 89.406238
RMSE: 9.455487
MAE: 2.873668
R^2: 0.7204860779101316
loss: 0.009576  [    0/ 1575]
loss: 0.003136  [  160/ 1575]
loss: 0.003532  [  320/ 1575]
loss: 0.002215  [  480/ 1575]
loss: 0.003420  [  640/ 1575]
loss: 0.002870  [  800/ 1575]
loss: 0.001177  [  960/ 1575]
loss: 0.002040  [ 1120/ 1575]
loss: 0.002948  [ 1280/ 1575]
loss: 0.004378  [ 1440/ 1575]
Test Error: 
MSE: 28.642769
RMSE: 5.351894
MAE: 2.063232
R^2: 0.910453086804689
loss: 0.002696  [    0/ 1575]
loss: 0.002669  [  160/ 1575]
loss: 0.003233  [  320/ 1575]
loss: 0.004851  [  480/ 1575]
loss: 0.006292  [  640/ 1575]
loss: 0.002934  [  800/ 1575]
loss: 0.007165  [  960/ 1575]
loss: 0.003240  [ 1120/ 1575]
loss: 0.009881  [ 1280/ 1575]
loss: 0.001559  [ 1440/ 1575]
Test Error: 
MSE: 90.009140
RMSE: 9.487315
MAE: 2.871356
R^2: 0.7186012054935851
loss: 0.010060  [    0/ 1575]
loss: 0.001693  [  160/ 1575]
loss: 0.007367  [  320/ 1575]
loss: 0.001822  [  480/ 1575]
loss: 0.003930  [  640/ 1575]
loss: 0.003356  [  800/ 1575]
loss: 0.002760  [  960/ 1575]
loss: 0.002054  [ 1120/ 1575]
loss: 0.007585  [ 1280/ 1575]
loss: 0.002656  [ 1440/ 1575]
Test Error: 
MSE: 28.039773
RMSE: 5.295260
MAE: 2.058749
R^2: 0.912338253308372
loss: 0.002272  [    0/ 1575]
loss: 0.002208  [  160/ 1575]
loss: 0.002908  [  320/ 1575]
loss: 0.003982  [  480/ 1575]
loss: 0.010056  [  640/ 1575]
loss: 0.002091  [  800/ 1575]
loss: 0.002821  [  960/ 1575]
loss: 0.004982  [ 1120/ 1575]
loss: 0.002721  [ 1280/ 1575]
loss: 0.003649  [ 1440/ 1575]
Test Error: 
MSE: 24.725616
RMSE: 4.972486
MAE: 1.977859
R^2: 0.922699422536488
loss: 0.002330  [    0/ 1575]
loss: 0.003735  [  160/ 1575]
loss: 0.002122  [  320/ 1575]
loss: 0.001644  [  480/ 1575]
loss: 0.004392  [  640/ 1575]
loss: 0.001578  [  800/ 1575]
loss: 0.003308  [  960/ 1575]
loss: 0.001570  [ 1120/ 1575]
loss: 0.003119  [ 1280/ 1575]
loss: 0.003368  [ 1440/ 1575]
Test Error: 
MSE: 26.087394
RMSE: 5.107582
MAE: 2.016753
R^2: 0.918442048096306
loss: 0.002822  [    0/ 1575]
loss: 0.002458  [  160/ 1575]
loss: 0.003619  [  320/ 1575]
loss: 0.002930  [  480/ 1575]
loss: 0.003770  [  640/ 1575]
loss: 0.002020  [  800/ 1575]
loss: 0.001806  [  960/ 1575]
loss: 0.005271  [ 1120/ 1575]
loss: 0.001904  [ 1280/ 1575]
loss: 0.001894  [ 1440/ 1575]
Test Error: 
MSE: 23.945633
RMSE: 4.893428
MAE: 1.953360
R^2: 0.9251379110376621
loss: 0.002728  [    0/ 1575]
loss: 0.002338  [  160/ 1575]
loss: 0.002197  [  320/ 1575]
loss: 0.001709  [  480/ 1575]
loss: 0.003074  [  640/ 1575]
loss: 0.004439  [  800/ 1575]
loss: 0.003819  [  960/ 1575]
loss: 0.003159  [ 1120/ 1575]
loss: 0.003026  [ 1280/ 1575]
loss: 0.001607  [ 1440/ 1575]
Test Error: 
MSE: 25.140983
RMSE: 5.014078
MAE: 1.991343
R^2: 0.9214008466945818
loss: 0.002067  [    0/ 1575]
loss: 0.002805  [  160/ 1575]
loss: 0.001587  [  320/ 1575]
loss: 0.003760  [  480/ 1575]
loss: 0.005908  [  640/ 1575]
loss: 0.007380  [  800/ 1575]
loss: 0.006126  [  960/ 1575]
loss: 0.002445  [ 1120/ 1575]
loss: 0.003690  [ 1280/ 1575]
loss: 0.005995  [ 1440/ 1575]
Test Error: 
MSE: 69.331059
RMSE: 8.326527
MAE: 2.653976
R^2: 0.7832478297728228
loss: 0.004859  [    0/ 1575]
loss: 0.003093  [  160/ 1575]
loss: 0.004569  [  320/ 1575]
loss: 0.003666  [  480/ 1575]
loss: 0.004296  [  640/ 1575]
loss: 0.004202  [  800/ 1575]
loss: 0.002528  [  960/ 1575]
loss: 0.004134  [ 1120/ 1575]
loss: 0.001538  [ 1280/ 1575]
loss: 0.003547  [ 1440/ 1575]
Test Error: 
MSE: 28.227579
RMSE: 5.312963
MAE: 2.052886
R^2: 0.9117511110813776
loss: 0.002925  [    0/ 1575]
loss: 0.005670  [  160/ 1575]
loss: 0.003282  [  320/ 1575]
loss: 0.010239  [  480/ 1575]
loss: 0.007179  [  640/ 1575]
loss: 0.001768  [  800/ 1575]
loss: 0.005083  [  960/ 1575]
loss: 0.002509  [ 1120/ 1575]
loss: 0.002799  [ 1280/ 1575]
loss: 0.002371  [ 1440/ 1575]
Test Error: 
MSE: 25.963693
RMSE: 5.095458
MAE: 2.001973
R^2: 0.9188287771841896
loss: 0.001978  [    0/ 1575]
loss: 0.003758  [  160/ 1575]
loss: 0.001499  [  320/ 1575]
loss: 0.002042  [  480/ 1575]
loss: 0.001626  [  640/ 1575]
loss: 0.002960  [  800/ 1575]
loss: 0.003534  [  960/ 1575]
loss: 0.002292  [ 1120/ 1575]
loss: 0.003421  [ 1280/ 1575]
loss: 0.001943  [ 1440/ 1575]
Test Error: 
MSE: 40.858837
RMSE: 6.392092
MAE: 2.284303
R^2: 0.8722615561004092
loss: 0.003070  [    0/ 1575]
loss: 0.002488  [  160/ 1575]
loss: 0.004046  [  320/ 1575]
loss: 0.001995  [  480/ 1575]
loss: 0.003646  [  640/ 1575]
loss: 0.003004  [  800/ 1575]
loss: 0.007780  [  960/ 1575]
loss: 0.005164  [ 1120/ 1575]
loss: 0.002829  [ 1280/ 1575]
loss: 0.001812  [ 1440/ 1575]
Test Error: 
MSE: 28.296935
RMSE: 5.319486
MAE: 2.041488
R^2: 0.9115342807727904
loss: 0.001836  [    0/ 1575]
loss: 0.002965  [  160/ 1575]
loss: 0.001856  [  320/ 1575]
loss: 0.003801  [  480/ 1575]
loss: 0.003037  [  640/ 1575]
loss: 0.001466  [  800/ 1575]
loss: 0.002603  [  960/ 1575]
loss: 0.007228  [ 1120/ 1575]
loss: 0.002316  [ 1280/ 1575]
loss: 0.003073  [ 1440/ 1575]
Test Error: 
MSE: 84.794792
RMSE: 9.208409
MAE: 2.844622
R^2: 0.7349030068338301
loss: 0.005032  [    0/ 1575]
loss: 0.002072  [  160/ 1575]
loss: 0.002870  [  320/ 1575]
loss: 0.003792  [  480/ 1575]
loss: 0.001273  [  640/ 1575]
loss: 0.006037  [  800/ 1575]
loss: 0.002652  [  960/ 1575]
loss: 0.003542  [ 1120/ 1575]
loss: 0.005299  [ 1280/ 1575]
loss: 0.003368  [ 1440/ 1575]
Test Error: 
MSE: 23.445774
RMSE: 4.842084
MAE: 1.942444
R^2: 0.9267006393103633
Saved PyTorch Model State to dimension_models/model_objects/morgan_emotional_speech_set_valence_whisper_large_encoder_1667453380_BEST.pt
loss: 0.001817  [    0/ 1575]
loss: 0.002836  [  160/ 1575]
loss: 0.002889  [  320/ 1575]
loss: 0.004467  [  480/ 1575]
loss: 0.002584  [  640/ 1575]
loss: 0.002146  [  800/ 1575]
loss: 0.002892  [  960/ 1575]
loss: 0.003158  [ 1120/ 1575]
loss: 0.002088  [ 1280/ 1575]
loss: 0.002148  [ 1440/ 1575]
Test Error: 
MSE: 26.733518
RMSE: 5.170447
MAE: 2.028974
R^2: 0.9164220451355595
loss: 0.002833  [    0/ 1575]
loss: 0.002236  [  160/ 1575]
loss: 0.002312  [  320/ 1575]
loss: 0.005304  [  480/ 1575]
loss: 0.007815  [  640/ 1575]
loss: 0.003916  [  800/ 1575]
loss: 0.004347  [  960/ 1575]
loss: 0.005869  [ 1120/ 1575]
loss: 0.003154  [ 1280/ 1575]
loss: 0.002580  [ 1440/ 1575]
Test Error: 
MSE: 90.291130
RMSE: 9.502164
MAE: 2.909404
R^2: 0.7177196107256709
loss: 0.009108  [    0/ 1575]
loss: 0.006882  [  160/ 1575]
loss: 0.002318  [  320/ 1575]
loss: 0.003407  [  480/ 1575]
loss: 0.002742  [  640/ 1575]
loss: 0.003251  [  800/ 1575]
loss: 0.002361  [  960/ 1575]
loss: 0.002859  [ 1120/ 1575]
loss: 0.002263  [ 1280/ 1575]
loss: 0.006892  [ 1440/ 1575]
Test Error: 
MSE: 48.313824
RMSE: 6.950815
MAE: 2.405061
R^2: 0.8489547641492383
loss: 0.005671  [    0/ 1575]
loss: 0.002266  [  160/ 1575]
loss: 0.002795  [  320/ 1575]
loss: 0.002139  [  480/ 1575]
loss: 0.003420  [  640/ 1575]
loss: 0.003383  [  800/ 1575]
loss: 0.002808  [  960/ 1575]
loss: 0.003065  [ 1120/ 1575]
loss: 0.002498  [ 1280/ 1575]
loss: 0.002341  [ 1440/ 1575]
Test Error: 
MSE: 22.793495
RMSE: 4.774253
MAE: 1.925410
R^2: 0.9287398818455898
Saved PyTorch Model State to dimension_models/model_objects/morgan_emotional_speech_set_valence_whisper_large_encoder_1667453380_BEST.pt
loss: 0.002465  [    0/ 1575]
loss: 0.001722  [  160/ 1575]
loss: 0.002741  [  320/ 1575]
loss: 0.003861  [  480/ 1575]
loss: 0.002986  [  640/ 1575]
loss: 0.008084  [  800/ 1575]
loss: 0.001529  [  960/ 1575]
loss: 0.004373  [ 1120/ 1575]
loss: 0.005184  [ 1280/ 1575]
loss: 0.005840  [ 1440/ 1575]
Test Error: 
MSE: 48.262437
RMSE: 6.947117
MAE: 2.394108
R^2: 0.8491154173352722
loss: 0.003635  [    0/ 1575]
loss: 0.007205  [  160/ 1575]
loss: 0.002523  [  320/ 1575]
loss: 0.002605  [  480/ 1575]
loss: 0.003248  [  640/ 1575]
loss: 0.002614  [  800/ 1575]
loss: 0.001615  [  960/ 1575]
loss: 0.002180  [ 1120/ 1575]
loss: 0.002627  [ 1280/ 1575]
loss: 0.005764  [ 1440/ 1575]
Test Error: 
MSE: 43.773977
RMSE: 6.616191
MAE: 2.334291
R^2: 0.8631478492339387
loss: 0.005380  [    0/ 1575]
loss: 0.002191  [  160/ 1575]
loss: 0.004102  [  320/ 1575]
loss: 0.001963  [  480/ 1575]
loss: 0.002825  [  640/ 1575]
loss: 0.001720  [  800/ 1575]
loss: 0.002217  [  960/ 1575]
loss: 0.001806  [ 1120/ 1575]
loss: 0.002693  [ 1280/ 1575]
loss: 0.002669  [ 1440/ 1575]
Test Error: 
MSE: 26.531642
RMSE: 5.150888
MAE: 2.036562
R^2: 0.9170531773140704
loss: 0.002325  [    0/ 1575]
loss: 0.002167  [  160/ 1575]
loss: 0.002201  [  320/ 1575]
loss: 0.002250  [  480/ 1575]
loss: 0.004474  [  640/ 1575]
loss: 0.010023  [  800/ 1575]
loss: 0.003559  [  960/ 1575]
loss: 0.002402  [ 1120/ 1575]
loss: 0.003172  [ 1280/ 1575]
loss: 0.003206  [ 1440/ 1575]
Test Error: 
MSE: 38.162422
RMSE: 6.177574
MAE: 2.250590
R^2: 0.8806914562688076
loss: 0.002728  [    0/ 1575]
loss: 0.002307  [  160/ 1575]
loss: 0.004212  [  320/ 1575]
loss: 0.002509  [  480/ 1575]
loss: 0.003033  [  640/ 1575]
loss: 0.003537  [  800/ 1575]
loss: 0.003143  [  960/ 1575]
loss: 0.001862  [ 1120/ 1575]
loss: 0.004652  [ 1280/ 1575]
loss: 0.006546  [ 1440/ 1575]
Test Error: 
MSE: 26.733428
RMSE: 5.170438
MAE: 2.012513
R^2: 0.9164223267398705
loss: 0.001719  [    0/ 1575]
loss: 0.008129  [  160/ 1575]
loss: 0.002714  [  320/ 1575]
loss: 0.003048  [  480/ 1575]
loss: 0.006135  [  640/ 1575]
loss: 0.007925  [  800/ 1575]
loss: 0.003332  [  960/ 1575]
loss: 0.003130  [ 1120/ 1575]
loss: 0.003188  [ 1280/ 1575]
loss: 0.002293  [ 1440/ 1575]
Test Error: 
MSE: 24.719311
RMSE: 4.971852
MAE: 1.974754
R^2: 0.9227191323827403
loss: 0.002617  [    0/ 1575]
loss: 0.008734  [  160/ 1575]
loss: 0.003465  [  320/ 1575]
loss: 0.009273  [  480/ 1575]
loss: 0.003208  [  640/ 1575]
loss: 0.003268  [  800/ 1575]
loss: 0.005159  [  960/ 1575]
loss: 0.003060  [ 1120/ 1575]
loss: 0.002916  [ 1280/ 1575]
loss: 0.004273  [ 1440/ 1575]
Test Error: 
MSE: 23.859731
RMSE: 4.884642
MAE: 1.962457
R^2: 0.9254064695417806
loss: 0.001630  [    0/ 1575]
loss: 0.005029  [  160/ 1575]
loss: 0.003709  [  320/ 1575]
loss: 0.004419  [  480/ 1575]
loss: 0.008353  [  640/ 1575]
loss: 0.004979  [  800/ 1575]
loss: 0.003902  [  960/ 1575]
loss: 0.008085  [ 1120/ 1575]
loss: 0.003950  [ 1280/ 1575]
loss: 0.003154  [ 1440/ 1575]
Test Error: 
MSE: 68.199918
RMSE: 8.258324
MAE: 2.652828
R^2: 0.7867841564415753
loss: 0.005636  [    0/ 1575]
loss: 0.003473  [  160/ 1575]
loss: 0.004281  [  320/ 1575]
loss: 0.004568  [  480/ 1575]
loss: 0.006249  [  640/ 1575]
loss: 0.003600  [  800/ 1575]
loss: 0.002796  [  960/ 1575]
loss: 0.004339  [ 1120/ 1575]
loss: 0.001970  [ 1280/ 1575]
loss: 0.001672  [ 1440/ 1575]
Test Error: 
MSE: 55.681052
RMSE: 7.461974
MAE: 2.512037
R^2: 0.8259223354783183
loss: 0.005001  [    0/ 1575]
loss: 0.001364  [  160/ 1575]
loss: 0.001632  [  320/ 1575]
loss: 0.002233  [  480/ 1575]
loss: 0.001858  [  640/ 1575]
loss: 0.008692  [  800/ 1575]
loss: 0.004186  [  960/ 1575]
loss: 0.007167  [ 1120/ 1575]
loss: 0.002714  [ 1280/ 1575]
loss: 0.004822  [ 1440/ 1575]
Test Error: 
MSE: 78.864936
RMSE: 8.880593
MAE: 2.775721
R^2: 0.75344172968022
loss: 0.009109  [    0/ 1575]
loss: 0.001796  [  160/ 1575]
loss: 0.006169  [  320/ 1575]
loss: 0.003054  [  480/ 1575]
loss: 0.002951  [  640/ 1575]
loss: 0.006868  [  800/ 1575]
loss: 0.007356  [  960/ 1575]
loss: 0.002287  [ 1120/ 1575]
loss: 0.005906  [ 1280/ 1575]
loss: 0.002217  [ 1440/ 1575]
Test Error: 
MSE: 51.444230
RMSE: 7.172463
MAE: 2.461626
R^2: 0.839168062089134
loss: 0.003682  [    0/ 1575]
loss: 0.002497  [  160/ 1575]
loss: 0.002138  [  320/ 1575]
loss: 0.003118  [  480/ 1575]
loss: 0.001853  [  640/ 1575]
loss: 0.002430  [  800/ 1575]
loss: 0.006413  [  960/ 1575]
loss: 0.003098  [ 1120/ 1575]
loss: 0.004106  [ 1280/ 1575]
loss: 0.004295  [ 1440/ 1575]
Test Error: 
MSE: 34.168757
RMSE: 5.845405
MAE: 2.143200
R^2: 0.8931769935483322
loss: 0.004618  [    0/ 1575]
loss: 0.003478  [  160/ 1575]
loss: 0.003696  [  320/ 1575]
loss: 0.002195  [  480/ 1575]
loss: 0.004197  [  640/ 1575]
loss: 0.001866  [  800/ 1575]
loss: 0.003085  [  960/ 1575]
loss: 0.002002  [ 1120/ 1575]
loss: 0.003481  [ 1280/ 1575]
loss: 0.001058  [ 1440/ 1575]
Test Error: 
MSE: 67.270509
RMSE: 8.201860
MAE: 2.660115
R^2: 0.7896898009688789
loss: 0.006224  [    0/ 1575]
loss: 0.001605  [  160/ 1575]
loss: 0.001584  [  320/ 1575]
loss: 0.002546  [  480/ 1575]
loss: 0.001655  [  640/ 1575]
loss: 0.006503  [  800/ 1575]
loss: 0.001907  [  960/ 1575]
loss: 0.003794  [ 1120/ 1575]
loss: 0.001960  [ 1280/ 1575]
loss: 0.004771  [ 1440/ 1575]
Test Error: 
MSE: 38.949979
RMSE: 6.240992
MAE: 2.264499
R^2: 0.8782292872579928
loss: 0.001797  [    0/ 1575]
loss: 0.002706  [  160/ 1575]
loss: 0.002326  [  320/ 1575]
loss: 0.002004  [  480/ 1575]
loss: 0.002689  [  640/ 1575]
loss: 0.004029  [  800/ 1575]
loss: 0.003691  [  960/ 1575]
loss: 0.004521  [ 1120/ 1575]
loss: 0.001751  [ 1280/ 1575]
loss: 0.005267  [ 1440/ 1575]
Test Error: 
MSE: 36.206327
RMSE: 6.017169
MAE: 2.227264
R^2: 0.8868068651626937
loss: 0.002299  [    0/ 1575]
loss: 0.010019  [  160/ 1575]
loss: 0.012856  [  320/ 1575]
loss: 0.002773  [  480/ 1575]
loss: 0.002965  [  640/ 1575]
loss: 0.003017  [  800/ 1575]
loss: 0.002648  [  960/ 1575]
loss: 0.003354  [ 1120/ 1575]
loss: 0.002428  [ 1280/ 1575]
loss: 0.003673  [ 1440/ 1575]
Test Error: 
MSE: 25.805181
RMSE: 5.079880
MAE: 2.010812
R^2: 0.9193243401593284
loss: 0.002037  [    0/ 1575]
loss: 0.002819  [  160/ 1575]
loss: 0.001616  [  320/ 1575]
loss: 0.002170  [  480/ 1575]
loss: 0.003443  [  640/ 1575]
loss: 0.003761  [  800/ 1575]
loss: 0.007542  [  960/ 1575]
loss: 0.003357  [ 1120/ 1575]
loss: 0.002593  [ 1280/ 1575]
loss: 0.002541  [ 1440/ 1575]
Test Error: 
MSE: 37.282458
RMSE: 6.105936
MAE: 2.228361
R^2: 0.8834425161598374
loss: 0.003015  [    0/ 1575]
loss: 0.001222  [  160/ 1575]
loss: 0.005115  [  320/ 1575]
loss: 0.002455  [  480/ 1575]
loss: 0.002977  [  640/ 1575]
loss: 0.002921  [  800/ 1575]
loss: 0.003129  [  960/ 1575]
loss: 0.003880  [ 1120/ 1575]
loss: 0.002019  [ 1280/ 1575]
loss: 0.002296  [ 1440/ 1575]
Test Error: 
MSE: 57.983960
RMSE: 7.614720
MAE: 2.528891
R^2: 0.8187226719630047
loss: 0.007284  [    0/ 1575]
loss: 0.003370  [  160/ 1575]
loss: 0.002073  [  320/ 1575]
loss: 0.001807  [  480/ 1575]
loss: 0.002597  [  640/ 1575]
loss: 0.001789  [  800/ 1575]
loss: 0.001919  [  960/ 1575]
loss: 0.003143  [ 1120/ 1575]
loss: 0.002395  [ 1280/ 1575]
loss: 0.003809  [ 1440/ 1575]
Test Error: 
MSE: 145.877586
RMSE: 12.077979
MAE: 3.317688
R^2: 0.5439376853689737
loss: 0.015377  [    0/ 1575]
loss: 0.002020  [  160/ 1575]
loss: 0.009481  [  320/ 1575]
loss: 0.002518  [  480/ 1575]
loss: 0.006756  [  640/ 1575]
loss: 0.004037  [  800/ 1575]
loss: 0.006596  [  960/ 1575]
loss: 0.002727  [ 1120/ 1575]
loss: 0.002914  [ 1280/ 1575]
loss: 0.004167  [ 1440/ 1575]
Test Error: 
MSE: 25.034727
RMSE: 5.003472
MAE: 1.989651
R^2: 0.9217330365499803
loss: 0.001916  [    0/ 1575]
loss: 0.004618  [  160/ 1575]
loss: 0.004182  [  320/ 1575]
loss: 0.002508  [  480/ 1575]
loss: 0.003501  [  640/ 1575]
loss: 0.003349  [  800/ 1575]
loss: 0.001649  [  960/ 1575]
loss: 0.001996  [ 1120/ 1575]
loss: 0.002955  [ 1280/ 1575]
loss: 0.004629  [ 1440/ 1575]
Test Error: 
MSE: 23.530063
RMSE: 4.850780
MAE: 1.940773
R^2: 0.9264371217550865
loss: 0.001970  [    0/ 1575]
loss: 0.001914  [  160/ 1575]
loss: 0.002433  [  320/ 1575]
loss: 0.002297  [  480/ 1575]
loss: 0.003402  [  640/ 1575]
loss: 0.001993  [  800/ 1575]
loss: 0.006781  [  960/ 1575]
loss: 0.003803  [ 1120/ 1575]
loss: 0.003153  [ 1280/ 1575]
loss: 0.003576  [ 1440/ 1575]
Test Error: 
MSE: 53.507034
RMSE: 7.314850
MAE: 2.484947
R^2: 0.8327190453981388
loss: 0.005113  [    0/ 1575]
loss: 0.002303  [  160/ 1575]
loss: 0.001627  [  320/ 1575]
loss: 0.002862  [  480/ 1575]
loss: 0.003600  [  640/ 1575]
loss: 0.002330  [  800/ 1575]
loss: 0.004220  [  960/ 1575]
loss: 0.004026  [ 1120/ 1575]
loss: 0.002076  [ 1280/ 1575]
loss: 0.001500  [ 1440/ 1575]
Test Error: 
MSE: 27.543583
RMSE: 5.248198
MAE: 2.024593
R^2: 0.9138895102800224
loss: 0.003320  [    0/ 1575]
loss: 0.001383  [  160/ 1575]
loss: 0.002242  [  320/ 1575]
loss: 0.004094  [  480/ 1575]
loss: 0.001561  [  640/ 1575]
loss: 0.002288  [  800/ 1575]
loss: 0.002422  [  960/ 1575]
loss: 0.002033  [ 1120/ 1575]
loss: 0.001621  [ 1280/ 1575]
loss: 0.002904  [ 1440/ 1575]
Test Error: 
MSE: 44.431680
RMSE: 6.665709
MAE: 2.353598
R^2: 0.8610916498971286
loss: 0.003342  [    0/ 1575]
loss: 0.002897  [  160/ 1575]
loss: 0.003514  [  320/ 1575]
