Using learning rate: 0.0001
Using sequence aggregation method: mean
Using optimizer: adam
Using cuda device
DimensionPredictor(
  (softmax): Softmax(dim=0)
  (first_projection): Linear(in_features=1024, out_features=256, bias=True)
  (second_projection): Linear(in_features=256, out_features=1, bias=True)
)
loss: 0.322348  [    0/ 1575]
loss: 0.028753  [  160/ 1575]
loss: 0.076517  [  320/ 1575]
loss: 0.035276  [  480/ 1575]
loss: 0.033847  [  640/ 1575]
loss: 0.037650  [  800/ 1575]
loss: 0.020821  [  960/ 1575]
loss: 0.032817  [ 1120/ 1575]
loss: 0.028650  [ 1280/ 1575]
loss: 0.023240  [ 1440/ 1575]
Test Error: 
MSE: 251.584670
RMSE: 15.861421
MAE: 3.733367
R^2: 0.2134618456863051
Saved PyTorch Model State to dimension_models/model_objects/morgan_emotional_speech_set_valence_whisper_medium_en_decoder_1666383556_BEST.pt
loss: 0.020515  [    0/ 1575]
loss: 0.018465  [  160/ 1575]
loss: 0.025955  [  320/ 1575]
loss: 0.024816  [  480/ 1575]
loss: 0.016270  [  640/ 1575]
loss: 0.020688  [  800/ 1575]
loss: 0.017472  [  960/ 1575]
loss: 0.015654  [ 1120/ 1575]
loss: 0.018774  [ 1280/ 1575]
loss: 0.025861  [ 1440/ 1575]
Test Error: 
MSE: 188.767876
RMSE: 13.739282
MAE: 3.473730
R^2: 0.40984823448480034
Saved PyTorch Model State to dimension_models/model_objects/morgan_emotional_speech_set_valence_whisper_medium_en_decoder_1666383556_BEST.pt
loss: 0.019599  [    0/ 1575]
loss: 0.011982  [  160/ 1575]
loss: 0.023202  [  320/ 1575]
loss: 0.014375  [  480/ 1575]
loss: 0.016818  [  640/ 1575]
loss: 0.016297  [  800/ 1575]
loss: 0.015231  [  960/ 1575]
loss: 0.015711  [ 1120/ 1575]
loss: 0.016985  [ 1280/ 1575]
loss: 0.010234  [ 1440/ 1575]
Test Error: 
MSE: 160.586369
RMSE: 12.672268
MAE: 3.273007
R^2: 0.4979530891160707
Saved PyTorch Model State to dimension_models/model_objects/morgan_emotional_speech_set_valence_whisper_medium_en_decoder_1666383556_BEST.pt
loss: 0.011888  [    0/ 1575]
loss: 0.014165  [  160/ 1575]
loss: 0.013924  [  320/ 1575]
loss: 0.012326  [  480/ 1575]
loss: 0.013342  [  640/ 1575]
loss: 0.011222  [  800/ 1575]
loss: 0.010462  [  960/ 1575]
loss: 0.013841  [ 1120/ 1575]
loss: 0.007683  [ 1280/ 1575]
loss: 0.016402  [ 1440/ 1575]
Test Error: 
MSE: 131.780551
RMSE: 11.479571
MAE: 3.121149
R^2: 0.5880097480410889
Saved PyTorch Model State to dimension_models/model_objects/morgan_emotional_speech_set_valence_whisper_medium_en_decoder_1666383556_BEST.pt
loss: 0.014755  [    0/ 1575]
loss: 0.012746  [  160/ 1575]
loss: 0.005805  [  320/ 1575]
loss: 0.010109  [  480/ 1575]
loss: 0.010348  [  640/ 1575]
loss: 0.011309  [  800/ 1575]
loss: 0.014494  [  960/ 1575]
loss: 0.012637  [ 1120/ 1575]
loss: 0.009519  [ 1280/ 1575]
loss: 0.010492  [ 1440/ 1575]
Test Error: 
MSE: 114.613139
RMSE: 10.705753
MAE: 2.983207
R^2: 0.6416808435638768
Saved PyTorch Model State to dimension_models/model_objects/morgan_emotional_speech_set_valence_whisper_medium_en_decoder_1666383556_BEST.pt
loss: 0.007865  [    0/ 1575]
loss: 0.014144  [  160/ 1575]
loss: 0.011748  [  320/ 1575]
loss: 0.009689  [  480/ 1575]
loss: 0.009272  [  640/ 1575]
loss: 0.009784  [  800/ 1575]
loss: 0.011022  [  960/ 1575]
loss: 0.009139  [ 1120/ 1575]
loss: 0.010664  [ 1280/ 1575]
loss: 0.009562  [ 1440/ 1575]
Test Error: 
MSE: 102.929553
RMSE: 10.145420
MAE: 2.889243
R^2: 0.6782076549634142
Saved PyTorch Model State to dimension_models/model_objects/morgan_emotional_speech_set_valence_whisper_medium_en_decoder_1666383556_BEST.pt
loss: 0.009579  [    0/ 1575]
loss: 0.006853  [  160/ 1575]
loss: 0.010042  [  320/ 1575]
loss: 0.011566  [  480/ 1575]
loss: 0.010566  [  640/ 1575]
loss: 0.011626  [  800/ 1575]
loss: 0.009284  [  960/ 1575]
loss: 0.008896  [ 1120/ 1575]
loss: 0.007024  [ 1280/ 1575]
loss: 0.005250  [ 1440/ 1575]
Test Error: 
MSE: 91.746842
RMSE: 9.578457
MAE: 2.810786
R^2: 0.7131685651791393
Saved PyTorch Model State to dimension_models/model_objects/morgan_emotional_speech_set_valence_whisper_medium_en_decoder_1666383556_BEST.pt
loss: 0.007527  [    0/ 1575]
loss: 0.009598  [  160/ 1575]
loss: 0.010457  [  320/ 1575]
loss: 0.006452  [  480/ 1575]
loss: 0.007792  [  640/ 1575]
loss: 0.010003  [  800/ 1575]
loss: 0.008066  [  960/ 1575]
loss: 0.008699  [ 1120/ 1575]
loss: 0.010956  [ 1280/ 1575]
loss: 0.006557  [ 1440/ 1575]
Test Error: 
MSE: 93.305982
RMSE: 9.659502
MAE: 2.798183
R^2: 0.7082941696498665
loss: 0.007301  [    0/ 1575]
loss: 0.009117  [  160/ 1575]
loss: 0.009808  [  320/ 1575]
loss: 0.008612  [  480/ 1575]
loss: 0.010020  [  640/ 1575]
loss: 0.007415  [  800/ 1575]
loss: 0.009171  [  960/ 1575]
loss: 0.005830  [ 1120/ 1575]
loss: 0.007023  [ 1280/ 1575]
loss: 0.007756  [ 1440/ 1575]
Test Error: 
MSE: 83.442091
RMSE: 9.134664
MAE: 2.735179
R^2: 0.7391320053827324
Saved PyTorch Model State to dimension_models/model_objects/morgan_emotional_speech_set_valence_whisper_medium_en_decoder_1666383556_BEST.pt
loss: 0.007668  [    0/ 1575]
loss: 0.005411  [  160/ 1575]
loss: 0.007587  [  320/ 1575]
loss: 0.005846  [  480/ 1575]
loss: 0.009336  [  640/ 1575]
loss: 0.004258  [  800/ 1575]
loss: 0.010376  [  960/ 1575]
loss: 0.006053  [ 1120/ 1575]
loss: 0.006306  [ 1280/ 1575]
loss: 0.004357  [ 1440/ 1575]
Test Error: 
MSE: 80.304583
RMSE: 8.961282
MAE: 2.694241
R^2: 0.7489409080358471
Saved PyTorch Model State to dimension_models/model_objects/morgan_emotional_speech_set_valence_whisper_medium_en_decoder_1666383556_BEST.pt
loss: 0.010640  [    0/ 1575]
loss: 0.005853  [  160/ 1575]
loss: 0.006669  [  320/ 1575]
loss: 0.007821  [  480/ 1575]
loss: 0.008650  [  640/ 1575]
loss: 0.004895  [  800/ 1575]
loss: 0.003994  [  960/ 1575]
loss: 0.007631  [ 1120/ 1575]
loss: 0.005679  [ 1280/ 1575]
loss: 0.005416  [ 1440/ 1575]
Test Error: 
MSE: 70.917028
RMSE: 8.421225
MAE: 2.619665
R^2: 0.7782895586148146
Saved PyTorch Model State to dimension_models/model_objects/morgan_emotional_speech_set_valence_whisper_medium_en_decoder_1666383556_BEST.pt
loss: 0.005173  [    0/ 1575]
loss: 0.005236  [  160/ 1575]
loss: 0.007709  [  320/ 1575]
loss: 0.005393  [  480/ 1575]
loss: 0.008761  [  640/ 1575]
loss: 0.006838  [  800/ 1575]
loss: 0.007397  [  960/ 1575]
loss: 0.005133  [ 1120/ 1575]
loss: 0.005196  [ 1280/ 1575]
loss: 0.007153  [ 1440/ 1575]
Test Error: 
MSE: 66.817076
RMSE: 8.174171
MAE: 2.573779
R^2: 0.791107383378684
Saved PyTorch Model State to dimension_models/model_objects/morgan_emotional_speech_set_valence_whisper_medium_en_decoder_1666383556_BEST.pt
loss: 0.003986  [    0/ 1575]
loss: 0.005188  [  160/ 1575]
loss: 0.005589  [  320/ 1575]
loss: 0.008151  [  480/ 1575]
loss: 0.005421  [  640/ 1575]
loss: 0.008317  [  800/ 1575]
loss: 0.006096  [  960/ 1575]
loss: 0.006158  [ 1120/ 1575]
loss: 0.006247  [ 1280/ 1575]
loss: 0.007992  [ 1440/ 1575]
Test Error: 
MSE: 84.416700
RMSE: 9.187856
MAE: 2.726210
R^2: 0.7360850498702152
loss: 0.007255  [    0/ 1575]
loss: 0.006556  [  160/ 1575]
loss: 0.007791  [  320/ 1575]
loss: 0.006601  [  480/ 1575]
loss: 0.005138  [  640/ 1575]
loss: 0.007613  [  800/ 1575]
loss: 0.008360  [  960/ 1575]
loss: 0.005003  [ 1120/ 1575]
loss: 0.007121  [ 1280/ 1575]
loss: 0.006038  [ 1440/ 1575]
Test Error: 
MSE: 72.209602
RMSE: 8.497623
MAE: 2.619532
R^2: 0.7742485383671056
loss: 0.005217  [    0/ 1575]
loss: 0.006448  [  160/ 1575]
loss: 0.008478  [  320/ 1575]
loss: 0.004027  [  480/ 1575]
loss: 0.005156  [  640/ 1575]
loss: 0.004929  [  800/ 1575]
loss: 0.003915  [  960/ 1575]
loss: 0.002373  [ 1120/ 1575]
loss: 0.003511  [ 1280/ 1575]
loss: 0.006023  [ 1440/ 1575]
Test Error: 
MSE: 68.147617
RMSE: 8.255157
MAE: 2.574323
R^2: 0.7869476661090404
loss: 0.004401  [    0/ 1575]
loss: 0.004028  [  160/ 1575]
loss: 0.006276  [  320/ 1575]
loss: 0.006141  [  480/ 1575]
loss: 0.005552  [  640/ 1575]
loss: 0.004962  [  800/ 1575]
loss: 0.006922  [  960/ 1575]
loss: 0.005167  [ 1120/ 1575]
loss: 0.006499  [ 1280/ 1575]
loss: 0.006075  [ 1440/ 1575]
Test Error: 
MSE: 58.863973
RMSE: 7.672286
MAE: 2.489495
R^2: 0.815971455289601
Saved PyTorch Model State to dimension_models/model_objects/morgan_emotional_speech_set_valence_whisper_medium_en_decoder_1666383556_BEST.pt
loss: 0.004290  [    0/ 1575]
loss: 0.004325  [  160/ 1575]
loss: 0.005820  [  320/ 1575]
loss: 0.005134  [  480/ 1575]
loss: 0.004903  [  640/ 1575]
loss: 0.003616  [  800/ 1575]
loss: 0.004589  [  960/ 1575]
loss: 0.005752  [ 1120/ 1575]
loss: 0.007578  [ 1280/ 1575]
loss: 0.003802  [ 1440/ 1575]
Test Error: 
MSE: 56.565209
RMSE: 7.520985
MAE: 2.463084
R^2: 0.8231581623239508
Saved PyTorch Model State to dimension_models/model_objects/morgan_emotional_speech_set_valence_whisper_medium_en_decoder_1666383556_BEST.pt
loss: 0.005123  [    0/ 1575]
loss: 0.006077  [  160/ 1575]
loss: 0.006593  [  320/ 1575]
loss: 0.005815  [  480/ 1575]
loss: 0.005493  [  640/ 1575]
loss: 0.005292  [  800/ 1575]
loss: 0.004145  [  960/ 1575]
loss: 0.006058  [ 1120/ 1575]
loss: 0.007599  [ 1280/ 1575]
loss: 0.005125  [ 1440/ 1575]
Test Error: 
MSE: 72.343338
RMSE: 8.505489
MAE: 2.614272
R^2: 0.7738304333161613
loss: 0.007242  [    0/ 1575]
loss: 0.005160  [  160/ 1575]
loss: 0.006059  [  320/ 1575]
loss: 0.005070  [  480/ 1575]
loss: 0.006047  [  640/ 1575]
loss: 0.004937  [  800/ 1575]
loss: 0.006096  [  960/ 1575]
loss: 0.004568  [ 1120/ 1575]
loss: 0.004973  [ 1280/ 1575]
loss: 0.003757  [ 1440/ 1575]
Test Error: 
MSE: 54.793971
RMSE: 7.402295
MAE: 2.447476
R^2: 0.828695647406445
Saved PyTorch Model State to dimension_models/model_objects/morgan_emotional_speech_set_valence_whisper_medium_en_decoder_1666383556_BEST.pt
loss: 0.006385  [    0/ 1575]
loss: 0.003458  [  160/ 1575]
loss: 0.005561  [  320/ 1575]
loss: 0.004879  [  480/ 1575]
loss: 0.004542  [  640/ 1575]
loss: 0.003470  [  800/ 1575]
loss: 0.005094  [  960/ 1575]
loss: 0.003882  [ 1120/ 1575]
loss: 0.005857  [ 1280/ 1575]
loss: 0.004759  [ 1440/ 1575]
Test Error: 
MSE: 60.049304
RMSE: 7.749149
MAE: 2.498860
R^2: 0.8122657136323465
loss: 0.004850  [    0/ 1575]
loss: 0.006373  [  160/ 1575]
loss: 0.005186  [  320/ 1575]
loss: 0.007161  [  480/ 1575]
loss: 0.006049  [  640/ 1575]
loss: 0.003840  [  800/ 1575]
loss: 0.007428  [  960/ 1575]
loss: 0.002971  [ 1120/ 1575]
loss: 0.003892  [ 1280/ 1575]
loss: 0.004746  [ 1440/ 1575]
Test Error: 
MSE: 52.601372
RMSE: 7.252680
MAE: 2.419416
R^2: 0.8355504487721545
Saved PyTorch Model State to dimension_models/model_objects/morgan_emotional_speech_set_valence_whisper_medium_en_decoder_1666383556_BEST.pt
loss: 0.006797  [    0/ 1575]
loss: 0.006097  [  160/ 1575]
loss: 0.004497  [  320/ 1575]
loss: 0.003442  [  480/ 1575]
loss: 0.004270  [  640/ 1575]
loss: 0.004159  [  800/ 1575]
loss: 0.004400  [  960/ 1575]
loss: 0.006544  [ 1120/ 1575]
loss: 0.005619  [ 1280/ 1575]
loss: 0.004222  [ 1440/ 1575]
Test Error: 
MSE: 53.769077
RMSE: 7.332740
MAE: 2.433428
R^2: 0.8318998116844898
loss: 0.003862  [    0/ 1575]
loss: 0.005575  [  160/ 1575]
loss: 0.004471  [  320/ 1575]
loss: 0.004257  [  480/ 1575]
loss: 0.003576  [  640/ 1575]
loss: 0.003889  [  800/ 1575]
loss: 0.003988  [  960/ 1575]
loss: 0.003600  [ 1120/ 1575]
loss: 0.006770  [ 1280/ 1575]
loss: 0.004426  [ 1440/ 1575]
Test Error: 
MSE: 51.847142
RMSE: 7.200496
MAE: 2.413726
R^2: 0.8379084252600498
Saved PyTorch Model State to dimension_models/model_objects/morgan_emotional_speech_set_valence_whisper_medium_en_decoder_1666383556_BEST.pt
loss: 0.006884  [    0/ 1575]
loss: 0.005430  [  160/ 1575]
loss: 0.003569  [  320/ 1575]
loss: 0.004790  [  480/ 1575]
loss: 0.003634  [  640/ 1575]
loss: 0.004560  [  800/ 1575]
loss: 0.004839  [  960/ 1575]
loss: 0.004241  [ 1120/ 1575]
loss: 0.005200  [ 1280/ 1575]
loss: 0.002897  [ 1440/ 1575]
Test Error: 
MSE: 50.099314
RMSE: 7.078087
MAE: 2.392916
R^2: 0.8433727208568256
Saved PyTorch Model State to dimension_models/model_objects/morgan_emotional_speech_set_valence_whisper_medium_en_decoder_1666383556_BEST.pt
loss: 0.006693  [    0/ 1575]
loss: 0.005163  [  160/ 1575]
loss: 0.003212  [  320/ 1575]
loss: 0.007580  [  480/ 1575]
loss: 0.002722  [  640/ 1575]
loss: 0.004256  [  800/ 1575]
loss: 0.003693  [  960/ 1575]
loss: 0.004975  [ 1120/ 1575]
loss: 0.002980  [ 1280/ 1575]
loss: 0.003425  [ 1440/ 1575]
Test Error: 
MSE: 55.332475
RMSE: 7.438580
MAE: 2.449771
R^2: 0.8270121023048409
loss: 0.002577  [    0/ 1575]
loss: 0.003419  [  160/ 1575]
loss: 0.005695  [  320/ 1575]
loss: 0.004368  [  480/ 1575]
loss: 0.004500  [  640/ 1575]
loss: 0.003843  [  800/ 1575]
loss: 0.003656  [  960/ 1575]
loss: 0.003368  [ 1120/ 1575]
loss: 0.004305  [ 1280/ 1575]
loss: 0.008209  [ 1440/ 1575]
Test Error: 
MSE: 59.802420
RMSE: 7.733202
MAE: 2.494188
R^2: 0.8130375550625991
loss: 0.003127  [    0/ 1575]
loss: 0.004980  [  160/ 1575]
loss: 0.003341  [  320/ 1575]
loss: 0.003878  [  480/ 1575]
loss: 0.003841  [  640/ 1575]
loss: 0.004301  [  800/ 1575]
loss: 0.003434  [  960/ 1575]
loss: 0.005446  [ 1120/ 1575]
loss: 0.004555  [ 1280/ 1575]
loss: 0.003851  [ 1440/ 1575]
Test Error: 
MSE: 50.127326
RMSE: 7.080065
MAE: 2.391981
R^2: 0.8432851480212386
loss: 0.005463  [    0/ 1575]
loss: 0.003678  [  160/ 1575]
loss: 0.005647  [  320/ 1575]
loss: 0.002665  [  480/ 1575]
loss: 0.004902  [  640/ 1575]
loss: 0.001814  [  800/ 1575]
loss: 0.003610  [  960/ 1575]
loss: 0.004395  [ 1120/ 1575]
loss: 0.005827  [ 1280/ 1575]
loss: 0.004584  [ 1440/ 1575]
Test Error: 
MSE: 53.724968
RMSE: 7.329732
MAE: 2.419800
R^2: 0.8320377096635856
loss: 0.003552  [    0/ 1575]
loss: 0.002675  [  160/ 1575]
loss: 0.005834  [  320/ 1575]
loss: 0.006393  [  480/ 1575]
loss: 0.003425  [  640/ 1575]
loss: 0.005160  [  800/ 1575]
loss: 0.006070  [  960/ 1575]
loss: 0.003214  [ 1120/ 1575]
loss: 0.002649  [ 1280/ 1575]
loss: 0.004100  [ 1440/ 1575]
Test Error: 
MSE: 93.674860
RMSE: 9.678577
MAE: 2.836049
R^2: 0.7071409343357582
loss: 0.007911  [    0/ 1575]
loss: 0.005595  [  160/ 1575]
loss: 0.003437  [  320/ 1575]
loss: 0.004914  [  480/ 1575]
loss: 0.003296  [  640/ 1575]
loss: 0.003719  [  800/ 1575]
loss: 0.004042  [  960/ 1575]
loss: 0.003450  [ 1120/ 1575]
loss: 0.004862  [ 1280/ 1575]
loss: 0.002797  [ 1440/ 1575]
Test Error: 
MSE: 55.801992
RMSE: 7.470073
MAE: 2.445091
R^2: 0.8255442365988277
loss: 0.005214  [    0/ 1575]
loss: 0.004081  [  160/ 1575]
loss: 0.002118  [  320/ 1575]
loss: 0.002531  [  480/ 1575]
loss: 0.002611  [  640/ 1575]
loss: 0.003572  [  800/ 1575]
loss: 0.004005  [  960/ 1575]
loss: 0.002870  [ 1120/ 1575]
loss: 0.005681  [ 1280/ 1575]
loss: 0.002932  [ 1440/ 1575]
Test Error: 
MSE: 48.080966
RMSE: 6.934044
MAE: 2.365715
R^2: 0.8496827558907798
Saved PyTorch Model State to dimension_models/model_objects/morgan_emotional_speech_set_valence_whisper_medium_en_decoder_1666383556_BEST.pt
loss: 0.003872  [    0/ 1575]
loss: 0.002846  [  160/ 1575]
loss: 0.004761  [  320/ 1575]
loss: 0.003672  [  480/ 1575]
loss: 0.003578  [  640/ 1575]
loss: 0.004288  [  800/ 1575]
loss: 0.003060  [  960/ 1575]
loss: 0.003758  [ 1120/ 1575]
loss: 0.002975  [ 1280/ 1575]
loss: 0.005103  [ 1440/ 1575]
Test Error: 
MSE: 50.741194
RMSE: 7.123285
MAE: 2.392577
R^2: 0.8413659888759699
loss: 0.002899  [    0/ 1575]
loss: 0.005672  [  160/ 1575]
loss: 0.004113  [  320/ 1575]
loss: 0.002267  [  480/ 1575]
loss: 0.004361  [  640/ 1575]
loss: 0.002207  [  800/ 1575]
loss: 0.003837  [  960/ 1575]
loss: 0.003689  [ 1120/ 1575]
loss: 0.002859  [ 1280/ 1575]
loss: 0.003734  [ 1440/ 1575]
Test Error: 
MSE: 51.456898
RMSE: 7.173346
MAE: 2.391292
R^2: 0.8391284577393138
loss: 0.003713  [    0/ 1575]
loss: 0.003850  [  160/ 1575]
loss: 0.002981  [  320/ 1575]
loss: 0.003696  [  480/ 1575]
loss: 0.005671  [  640/ 1575]
loss: 0.002774  [  800/ 1575]
loss: 0.004963  [  960/ 1575]
loss: 0.005145  [ 1120/ 1575]
loss: 0.002698  [ 1280/ 1575]
loss: 0.004129  [ 1440/ 1575]
Test Error: 
MSE: 57.838448
RMSE: 7.605159
MAE: 2.471781
R^2: 0.8191775904006716
loss: 0.004046  [    0/ 1575]
loss: 0.004472  [  160/ 1575]
loss: 0.002653  [  320/ 1575]
loss: 0.003489  [  480/ 1575]
loss: 0.001953  [  640/ 1575]
loss: 0.002547  [  800/ 1575]
loss: 0.003226  [  960/ 1575]
loss: 0.004292  [ 1120/ 1575]
loss: 0.003521  [ 1280/ 1575]
loss: 0.003176  [ 1440/ 1575]
Test Error: 
MSE: 47.729165
RMSE: 6.908630
MAE: 2.363890
R^2: 0.8507826024543915
Saved PyTorch Model State to dimension_models/model_objects/morgan_emotional_speech_set_valence_whisper_medium_en_decoder_1666383556_BEST.pt
loss: 0.003211  [    0/ 1575]
loss: 0.006595  [  160/ 1575]
loss: 0.005721  [  320/ 1575]
loss: 0.002597  [  480/ 1575]
loss: 0.003103  [  640/ 1575]
loss: 0.005124  [  800/ 1575]
loss: 0.003740  [  960/ 1575]
loss: 0.004291  [ 1120/ 1575]
loss: 0.004098  [ 1280/ 1575]
loss: 0.003570  [ 1440/ 1575]
Test Error: 
MSE: 48.438261
RMSE: 6.959760
MAE: 2.375982
R^2: 0.8485657315943396
loss: 0.003294  [    0/ 1575]
loss: 0.003984  [  160/ 1575]
loss: 0.003750  [  320/ 1575]
loss: 0.003989  [  480/ 1575]
loss: 0.004716  [  640/ 1575]
loss: 0.005263  [  800/ 1575]
loss: 0.004828  [  960/ 1575]
loss: 0.003740  [ 1120/ 1575]
loss: 0.003811  [ 1280/ 1575]
loss: 0.003924  [ 1440/ 1575]
Test Error: 
MSE: 51.821093
RMSE: 7.198687
MAE: 2.403566
R^2: 0.8379898624683191
loss: 0.003842  [    0/ 1575]
loss: 0.002937  [  160/ 1575]
loss: 0.005811  [  320/ 1575]
loss: 0.004835  [  480/ 1575]
loss: 0.002071  [  640/ 1575]
loss: 0.003372  [  800/ 1575]
loss: 0.002895  [  960/ 1575]
loss: 0.003660  [ 1120/ 1575]
loss: 0.005372  [ 1280/ 1575]
loss: 0.004515  [ 1440/ 1575]
Test Error: 
MSE: 47.299056
RMSE: 6.877431
MAE: 2.355501
R^2: 0.8521272685537334
Saved PyTorch Model State to dimension_models/model_objects/morgan_emotional_speech_set_valence_whisper_medium_en_decoder_1666383556_BEST.pt
loss: 0.002553  [    0/ 1575]
loss: 0.002817  [  160/ 1575]
loss: 0.003377  [  320/ 1575]
loss: 0.002413  [  480/ 1575]
loss: 0.003914  [  640/ 1575]
loss: 0.004733  [  800/ 1575]
loss: 0.004766  [  960/ 1575]
loss: 0.003677  [ 1120/ 1575]
loss: 0.003503  [ 1280/ 1575]
loss: 0.003119  [ 1440/ 1575]
Test Error: 
MSE: 52.944393
RMSE: 7.276290
MAE: 2.415083
R^2: 0.834478050979257
loss: 0.001906  [    0/ 1575]
loss: 0.002036  [  160/ 1575]
loss: 0.005170  [  320/ 1575]
loss: 0.004844  [  480/ 1575]
loss: 0.002524  [  640/ 1575]
loss: 0.003200  [  800/ 1575]
loss: 0.002866  [  960/ 1575]
loss: 0.003797  [ 1120/ 1575]
loss: 0.002583  [ 1280/ 1575]
loss: 0.004110  [ 1440/ 1575]
Test Error: 
MSE: 46.306333
RMSE: 6.804876
MAE: 2.347128
R^2: 0.8552308552649972
Saved PyTorch Model State to dimension_models/model_objects/morgan_emotional_speech_set_valence_whisper_medium_en_decoder_1666383556_BEST.pt
loss: 0.002924  [    0/ 1575]
loss: 0.003762  [  160/ 1575]
loss: 0.003245  [  320/ 1575]
loss: 0.004443  [  480/ 1575]
loss: 0.003570  [  640/ 1575]
loss: 0.002342  [  800/ 1575]
loss: 0.002104  [  960/ 1575]
loss: 0.002873  [ 1120/ 1575]
loss: 0.003082  [ 1280/ 1575]
loss: 0.003139  [ 1440/ 1575]
Test Error: 
MSE: 61.540329
RMSE: 7.844764
MAE: 2.519611
R^2: 0.8076042684959512
loss: 0.004128  [    0/ 1575]
loss: 0.003509  [  160/ 1575]
loss: 0.005144  [  320/ 1575]
loss: 0.003877  [  480/ 1575]
loss: 0.002707  [  640/ 1575]
loss: 0.003531  [  800/ 1575]
loss: 0.003815  [  960/ 1575]
loss: 0.004352  [ 1120/ 1575]
loss: 0.002334  [ 1280/ 1575]
loss: 0.004001  [ 1440/ 1575]
Test Error: 
MSE: 47.332821
RMSE: 6.879885
MAE: 2.349923
R^2: 0.8520217088143933
loss: 0.003071  [    0/ 1575]
loss: 0.004054  [  160/ 1575]
loss: 0.003218  [  320/ 1575]
loss: 0.006045  [  480/ 1575]
loss: 0.002117  [  640/ 1575]
loss: 0.002193  [  800/ 1575]
loss: 0.005562  [  960/ 1575]
loss: 0.003751  [ 1120/ 1575]
loss: 0.002460  [ 1280/ 1575]
loss: 0.001808  [ 1440/ 1575]
Test Error: 
MSE: 49.623887
RMSE: 7.044422
MAE: 2.376196
R^2: 0.8448590676214547
loss: 0.004138  [    0/ 1575]
loss: 0.003159  [  160/ 1575]
loss: 0.002666  [  320/ 1575]
loss: 0.004656  [  480/ 1575]
loss: 0.004824  [  640/ 1575]
loss: 0.003042  [  800/ 1575]
loss: 0.002938  [  960/ 1575]
loss: 0.003337  [ 1120/ 1575]
loss: 0.001946  [ 1280/ 1575]
loss: 0.002973  [ 1440/ 1575]
Test Error: 
MSE: 46.075916
RMSE: 6.787924
MAE: 2.336653
R^2: 0.8559512160644661
Saved PyTorch Model State to dimension_models/model_objects/morgan_emotional_speech_set_valence_whisper_medium_en_decoder_1666383556_BEST.pt
loss: 0.004511  [    0/ 1575]
loss: 0.003486  [  160/ 1575]
loss: 0.002825  [  320/ 1575]
loss: 0.002560  [  480/ 1575]
loss: 0.002709  [  640/ 1575]
loss: 0.002433  [  800/ 1575]
loss: 0.001904  [  960/ 1575]
loss: 0.003911  [ 1120/ 1575]
loss: 0.003561  [ 1280/ 1575]
loss: 0.002790  [ 1440/ 1575]
Test Error: 
MSE: 46.913861
RMSE: 6.849369
MAE: 2.343953
R^2: 0.8533315182573185
loss: 0.003400  [    0/ 1575]
loss: 0.002523  [  160/ 1575]
loss: 0.004383  [  320/ 1575]
loss: 0.003542  [  480/ 1575]
loss: 0.004464  [  640/ 1575]
loss: 0.003363  [  800/ 1575]
loss: 0.003848  [  960/ 1575]
loss: 0.004600  [ 1120/ 1575]
loss: 0.005002  [ 1280/ 1575]
loss: 0.003043  [ 1440/ 1575]
Test Error: 
MSE: 73.541174
RMSE: 8.575615
MAE: 2.656050
R^2: 0.7700855955673765
loss: 0.005341  [    0/ 1575]
loss: 0.001729  [  160/ 1575]
loss: 0.003993  [  320/ 1575]
loss: 0.002231  [  480/ 1575]
loss: 0.002445  [  640/ 1575]
loss: 0.004239  [  800/ 1575]
loss: 0.003136  [  960/ 1575]
loss: 0.003740  [ 1120/ 1575]
loss: 0.003365  [ 1280/ 1575]
loss: 0.005838  [ 1440/ 1575]
Test Error: 
MSE: 48.796931
RMSE: 6.985480
MAE: 2.375501
R^2: 0.8474444073335593
loss: 0.002241  [    0/ 1575]
loss: 0.003298  [  160/ 1575]
loss: 0.003059  [  320/ 1575]
loss: 0.002706  [  480/ 1575]
loss: 0.003905  [  640/ 1575]
loss: 0.003534  [  800/ 1575]
loss: 0.003055  [  960/ 1575]
loss: 0.003375  [ 1120/ 1575]
loss: 0.003676  [ 1280/ 1575]
loss: 0.005086  [ 1440/ 1575]
Test Error: 
MSE: 49.772600
RMSE: 7.054970
MAE: 2.389303
R^2: 0.8443941400613912
loss: 0.002234  [    0/ 1575]
loss: 0.004231  [  160/ 1575]
loss: 0.004695  [  320/ 1575]
loss: 0.004003  [  480/ 1575]
loss: 0.001941  [  640/ 1575]
loss: 0.003041  [  800/ 1575]
loss: 0.002262  [  960/ 1575]
loss: 0.003009  [ 1120/ 1575]
loss: 0.006316  [ 1280/ 1575]
loss: 0.003674  [ 1440/ 1575]
Test Error: 
MSE: 72.941685
RMSE: 8.540590
MAE: 2.649205
R^2: 0.771959799167868
loss: 0.003114  [    0/ 1575]
loss: 0.003768  [  160/ 1575]
loss: 0.005360  [  320/ 1575]
loss: 0.003099  [  480/ 1575]
loss: 0.003433  [  640/ 1575]
loss: 0.002693  [  800/ 1575]
loss: 0.004425  [  960/ 1575]
loss: 0.003417  [ 1120/ 1575]
loss: 0.004132  [ 1280/ 1575]
loss: 0.003982  [ 1440/ 1575]
Test Error: 
MSE: 49.692117
RMSE: 7.049264
MAE: 2.377035
R^2: 0.8446457579695642
loss: 0.003615  [    0/ 1575]
loss: 0.003608  [  160/ 1575]
loss: 0.003435  [  320/ 1575]
loss: 0.005050  [  480/ 1575]
loss: 0.002593  [  640/ 1575]
loss: 0.001421  [  800/ 1575]
loss: 0.004593  [  960/ 1575]
loss: 0.003669  [ 1120/ 1575]
loss: 0.003097  [ 1280/ 1575]
loss: 0.002264  [ 1440/ 1575]
Test Error: 
MSE: 46.526352
RMSE: 6.821023
MAE: 2.339980
R^2: 0.8545429997249464
loss: 0.002920  [    0/ 1575]
loss: 0.003875  [  160/ 1575]
loss: 0.002510  [  320/ 1575]
loss: 0.004140  [  480/ 1575]
loss: 0.002015  [  640/ 1575]
loss: 0.003503  [  800/ 1575]
loss: 0.002941  [  960/ 1575]
loss: 0.002766  [ 1120/ 1575]
loss: 0.002878  [ 1280/ 1575]
loss: 0.002733  [ 1440/ 1575]
Test Error: 
MSE: 45.733814
RMSE: 6.762678
MAE: 2.329712
R^2: 0.8570207398210845
Saved PyTorch Model State to dimension_models/model_objects/morgan_emotional_speech_set_valence_whisper_medium_en_decoder_1666383556_BEST.pt
loss: 0.003380  [    0/ 1575]
loss: 0.002782  [  160/ 1575]
loss: 0.003596  [  320/ 1575]
loss: 0.003827  [  480/ 1575]
loss: 0.003068  [  640/ 1575]
loss: 0.003782  [  800/ 1575]
loss: 0.005072  [  960/ 1575]
loss: 0.002359  [ 1120/ 1575]
loss: 0.003334  [ 1280/ 1575]
loss: 0.003442  [ 1440/ 1575]
Test Error: 
MSE: 45.182452
RMSE: 6.721789
MAE: 2.325783
R^2: 0.8587444849414806
Saved PyTorch Model State to dimension_models/model_objects/morgan_emotional_speech_set_valence_whisper_medium_en_decoder_1666383556_BEST.pt
loss: 0.002300  [    0/ 1575]
loss: 0.004690  [  160/ 1575]
loss: 0.003520  [  320/ 1575]
loss: 0.003968  [  480/ 1575]
loss: 0.004204  [  640/ 1575]
loss: 0.001767  [  800/ 1575]
loss: 0.002494  [  960/ 1575]
loss: 0.003926  [ 1120/ 1575]
loss: 0.001690  [ 1280/ 1575]
loss: 0.003787  [ 1440/ 1575]
Test Error: 
MSE: 53.165383
RMSE: 7.291460
MAE: 2.418920
R^2: 0.8337871609825976
loss: 0.003987  [    0/ 1575]
loss: 0.001653  [  160/ 1575]
loss: 0.002385  [  320/ 1575]
loss: 0.003807  [  480/ 1575]
loss: 0.003097  [  640/ 1575]
loss: 0.003521  [  800/ 1575]
loss: 0.002639  [  960/ 1575]
loss: 0.003242  [ 1120/ 1575]
loss: 0.002550  [ 1280/ 1575]
loss: 0.002382  [ 1440/ 1575]
Test Error: 
MSE: 45.701584
RMSE: 6.760295
MAE: 2.342415
R^2: 0.8571215018685073
loss: 0.003221  [    0/ 1575]
loss: 0.003322  [  160/ 1575]
loss: 0.002867  [  320/ 1575]
loss: 0.002254  [  480/ 1575]
loss: 0.003527  [  640/ 1575]
loss: 0.004754  [  800/ 1575]
loss: 0.002641  [  960/ 1575]
loss: 0.002163  [ 1120/ 1575]
loss: 0.004250  [ 1280/ 1575]
loss: 0.003182  [ 1440/ 1575]
Test Error: 
MSE: 55.089192
RMSE: 7.422209
MAE: 2.448059
R^2: 0.8277726885417325
loss: 0.004170  [    0/ 1575]
loss: 0.003308  [  160/ 1575]
loss: 0.003395  [  320/ 1575]
loss: 0.002519  [  480/ 1575]
loss: 0.002135  [  640/ 1575]
loss: 0.003411  [  800/ 1575]
loss: 0.002766  [  960/ 1575]
loss: 0.002766  [ 1120/ 1575]
loss: 0.003523  [ 1280/ 1575]
loss: 0.002718  [ 1440/ 1575]
Test Error: 
MSE: 54.532080
RMSE: 7.384584
MAE: 2.434970
R^2: 0.8295144071878391
loss: 0.002262  [    0/ 1575]
loss: 0.002874  [  160/ 1575]
loss: 0.002614  [  320/ 1575]
loss: 0.002599  [  480/ 1575]
loss: 0.003988  [  640/ 1575]
loss: 0.001964  [  800/ 1575]
loss: 0.004148  [  960/ 1575]
loss: 0.003062  [ 1120/ 1575]
loss: 0.003985  [ 1280/ 1575]
loss: 0.003041  [ 1440/ 1575]
Test Error: 
MSE: 48.847448
RMSE: 6.989095
MAE: 2.372608
R^2: 0.8472864743068177
loss: 0.003037  [    0/ 1575]
loss: 0.005652  [  160/ 1575]
loss: 0.002526  [  320/ 1575]
loss: 0.003295  [  480/ 1575]
loss: 0.004653  [  640/ 1575]
loss: 0.004225  [  800/ 1575]
loss: 0.002877  [  960/ 1575]
loss: 0.002266  [ 1120/ 1575]
loss: 0.001754  [ 1280/ 1575]
loss: 0.004070  [ 1440/ 1575]
Test Error: 
MSE: 45.900201
RMSE: 6.774969
MAE: 2.340045
R^2: 0.8565005608827492
loss: 0.003789  [    0/ 1575]
loss: 0.003821  [  160/ 1575]
loss: 0.003552  [  320/ 1575]
loss: 0.002640  [  480/ 1575]
loss: 0.002767  [  640/ 1575]
loss: 0.002883  [  800/ 1575]
loss: 0.001861  [  960/ 1575]
loss: 0.002448  [ 1120/ 1575]
loss: 0.001880  [ 1280/ 1575]
loss: 0.005394  [ 1440/ 1575]
Test Error: 
MSE: 46.097611
RMSE: 6.789522
MAE: 2.335220
R^2: 0.8558833889358475
loss: 0.002197  [    0/ 1575]
loss: 0.002367  [  160/ 1575]
loss: 0.003866  [  320/ 1575]
loss: 0.002708  [  480/ 1575]
loss: 0.002405  [  640/ 1575]
loss: 0.003292  [  800/ 1575]
loss: 0.003751  [  960/ 1575]
loss: 0.003626  [ 1120/ 1575]
loss: 0.004025  [ 1280/ 1575]
loss: 0.002278  [ 1440/ 1575]
Test Error: 
MSE: 49.839090
RMSE: 7.059681
MAE: 2.383289
R^2: 0.8441862713847219
loss: 0.002508  [    0/ 1575]
loss: 0.002770  [  160/ 1575]
loss: 0.002816  [  320/ 1575]
loss: 0.004413  [  480/ 1575]
loss: 0.003304  [  640/ 1575]
loss: 0.001942  [  800/ 1575]
loss: 0.003001  [  960/ 1575]
loss: 0.003594  [ 1120/ 1575]
loss: 0.002751  [ 1280/ 1575]
loss: 0.002764  [ 1440/ 1575]
Test Error: 
MSE: 45.929484
RMSE: 6.777129
MAE: 2.335842
R^2: 0.8564090118828882
loss: 0.003969  [    0/ 1575]
loss: 0.002741  [  160/ 1575]
loss: 0.003350  [  320/ 1575]
loss: 0.003905  [  480/ 1575]
loss: 0.002176  [  640/ 1575]
loss: 0.002080  [  800/ 1575]
loss: 0.003339  [  960/ 1575]
loss: 0.002050  [ 1120/ 1575]
loss: 0.002349  [ 1280/ 1575]
loss: 0.002693  [ 1440/ 1575]
Test Error: 
MSE: 53.525365
RMSE: 7.316103
MAE: 2.425688
R^2: 0.832661736494106
loss: 0.002382  [    0/ 1575]
loss: 0.001799  [  160/ 1575]
loss: 0.002654  [  320/ 1575]
loss: 0.003756  [  480/ 1575]
loss: 0.002965  [  640/ 1575]
loss: 0.003096  [  800/ 1575]
loss: 0.002735  [  960/ 1575]
loss: 0.004381  [ 1120/ 1575]
loss: 0.003406  [ 1280/ 1575]
loss: 0.001928  [ 1440/ 1575]
Test Error: 
MSE: 46.963643
RMSE: 6.853002
MAE: 2.349996
R^2: 0.8531758823276302
loss: 0.002973  [    0/ 1575]
loss: 0.005495  [  160/ 1575]
loss: 0.001613  [  320/ 1575]
loss: 0.001876  [  480/ 1575]
loss: 0.002529  [  640/ 1575]
loss: 0.002490  [  800/ 1575]
loss: 0.002826  [  960/ 1575]
loss: 0.003057  [ 1120/ 1575]
loss: 0.002291  [ 1280/ 1575]
loss: 0.004017  [ 1440/ 1575]
Test Error: 
MSE: 49.100362
RMSE: 7.007165
MAE: 2.375815
R^2: 0.8464957801557529
loss: 0.003123  [    0/ 1575]
loss: 0.002748  [  160/ 1575]
loss: 0.002911  [  320/ 1575]
loss: 0.005726  [  480/ 1575]
loss: 0.002638  [  640/ 1575]
loss: 0.002453  [  800/ 1575]
loss: 0.002859  [  960/ 1575]
loss: 0.004029  [ 1120/ 1575]
loss: 0.001910  [ 1280/ 1575]
loss: 0.003057  [ 1440/ 1575]
Test Error: 
MSE: 46.093163
RMSE: 6.789195
MAE: 2.336525
R^2: 0.8558972947443926
loss: 0.003404  [    0/ 1575]
loss: 0.002741  [  160/ 1575]
loss: 0.006697  [  320/ 1575]
loss: 0.003751  [  480/ 1575]
loss: 0.001997  [  640/ 1575]
loss: 0.004345  [  800/ 1575]
loss: 0.003065  [  960/ 1575]
loss: 0.001313  [ 1120/ 1575]
loss: 0.002016  [ 1280/ 1575]
loss: 0.003855  [ 1440/ 1575]
Test Error: 
MSE: 48.537721
RMSE: 6.966902
MAE: 2.365549
R^2: 0.8482547864169113
loss: 0.002487  [    0/ 1575]
loss: 0.002229  [  160/ 1575]
loss: 0.002656  [  320/ 1575]
loss: 0.002941  [  480/ 1575]
loss: 0.002475  [  640/ 1575]
loss: 0.002844  [  800/ 1575]
loss: 0.002498  [  960/ 1575]
loss: 0.004190  [ 1120/ 1575]
loss: 0.002614  [ 1280/ 1575]
loss: 0.003880  [ 1440/ 1575]
Test Error: 
MSE: 60.191305
RMSE: 7.758306
MAE: 2.517583
R^2: 0.811821770746823
loss: 0.002955  [    0/ 1575]
loss: 0.002492  [  160/ 1575]
loss: 0.002088  [  320/ 1575]
loss: 0.002187  [  480/ 1575]
loss: 0.002764  [  640/ 1575]
loss: 0.002604  [  800/ 1575]
loss: 0.002248  [  960/ 1575]
loss: 0.003712  [ 1120/ 1575]
loss: 0.003695  [ 1280/ 1575]
loss: 0.003124  [ 1440/ 1575]
Test Error: 
MSE: 57.352689
RMSE: 7.573156
MAE: 2.472169
R^2: 0.8206962364588322
loss: 0.002429  [    0/ 1575]
loss: 0.002525  [  160/ 1575]
loss: 0.002119  [  320/ 1575]
loss: 0.002537  [  480/ 1575]
loss: 0.003035  [  640/ 1575]
loss: 0.003666  [  800/ 1575]
loss: 0.002386  [  960/ 1575]
loss: 0.004583  [ 1120/ 1575]
loss: 0.002668  [ 1280/ 1575]
loss: 0.002900  [ 1440/ 1575]
Test Error: 
MSE: 54.713622
RMSE: 7.396866
MAE: 2.444557
R^2: 0.8289468445387891
loss: 0.001836  [    0/ 1575]
loss: 0.004465  [  160/ 1575]
loss: 0.002360  [  320/ 1575]
loss: 0.003157  [  480/ 1575]
loss: 0.002463  [  640/ 1575]
loss: 0.002169  [  800/ 1575]
loss: 0.003919  [  960/ 1575]
loss: 0.001554  [ 1120/ 1575]
loss: 0.002667  [ 1280/ 1575]
loss: 0.002572  [ 1440/ 1575]
Test Error: 
MSE: 60.075795
RMSE: 7.750858
MAE: 2.489781
R^2: 0.8121828924334139
loss: 0.005024  [    0/ 1575]
loss: 0.002389  [  160/ 1575]
loss: 0.002466  [  320/ 1575]
loss: 0.004754  [  480/ 1575]
loss: 0.001462  [  640/ 1575]
loss: 0.005858  [  800/ 1575]
loss: 0.002860  [  960/ 1575]
loss: 0.004203  [ 1120/ 1575]
loss: 0.002476  [ 1280/ 1575]
loss: 0.003407  [ 1440/ 1575]
Test Error: 
MSE: 49.720450
RMSE: 7.051273
MAE: 2.385340
R^2: 0.8445571789944823
loss: 0.003128  [    0/ 1575]
loss: 0.001396  [  160/ 1575]
loss: 0.003340  [  320/ 1575]
loss: 0.002999  [  480/ 1575]
loss: 0.003075  [  640/ 1575]
loss: 0.002731  [  800/ 1575]
loss: 0.003333  [  960/ 1575]
loss: 0.003104  [ 1120/ 1575]
loss: 0.003296  [ 1280/ 1575]
loss: 0.002743  [ 1440/ 1575]
Test Error: 
MSE: 47.827566
RMSE: 6.915748
MAE: 2.353905
R^2: 0.8504749680323508
loss: 0.001431  [    0/ 1575]
loss: 0.001642  [  160/ 1575]
loss: 0.003231  [  320/ 1575]
loss: 0.003079  [  480/ 1575]
loss: 0.002213  [  640/ 1575]
loss: 0.001780  [  800/ 1575]
loss: 0.002644  [  960/ 1575]
loss: 0.002758  [ 1120/ 1575]
loss: 0.002589  [ 1280/ 1575]
loss: 0.004958  [ 1440/ 1575]
Test Error: 
MSE: 64.262328
RMSE: 8.016379
MAE: 2.562458
R^2: 0.7990943863406973
loss: 0.003072  [    0/ 1575]
loss: 0.002371  [  160/ 1575]
loss: 0.004458  [  320/ 1575]
loss: 0.002005  [  480/ 1575]
loss: 0.004283  [  640/ 1575]
loss: 0.003365  [  800/ 1575]
loss: 0.002045  [  960/ 1575]
loss: 0.001990  [ 1120/ 1575]
loss: 0.003291  [ 1280/ 1575]
loss: 0.003619  [ 1440/ 1575]
Test Error: 
MSE: 46.207100
RMSE: 6.797580
MAE: 2.332293
R^2: 0.8555410910355588
loss: 0.002631  [    0/ 1575]
loss: 0.003267  [  160/ 1575]
loss: 0.002845  [  320/ 1575]
loss: 0.001819  [  480/ 1575]
loss: 0.002065  [  640/ 1575]
loss: 0.002669  [  800/ 1575]
loss: 0.001675  [  960/ 1575]
loss: 0.003831  [ 1120/ 1575]
loss: 0.003378  [ 1280/ 1575]
loss: 0.002739  [ 1440/ 1575]
Test Error: 
MSE: 46.113615
RMSE: 6.790701
MAE: 2.329145
R^2: 0.8558333557824656
loss: 0.002228  [    0/ 1575]
loss: 0.001627  [  160/ 1575]
loss: 0.001888  [  320/ 1575]
loss: 0.001870  [  480/ 1575]
loss: 0.002633  [  640/ 1575]
loss: 0.001706  [  800/ 1575]
loss: 0.002872  [  960/ 1575]
loss: 0.002391  [ 1120/ 1575]
loss: 0.003655  [ 1280/ 1575]
loss: 0.002844  [ 1440/ 1575]
Test Error: 
MSE: 45.513050
RMSE: 6.746336
MAE: 2.325867
R^2: 0.857710924646671
loss: 0.001362  [    0/ 1575]
loss: 0.001326  [  160/ 1575]
loss: 0.002787  [  320/ 1575]
loss: 0.002138  [  480/ 1575]
loss: 0.002140  [  640/ 1575]
loss: 0.003275  [  800/ 1575]
loss: 0.003512  [  960/ 1575]
loss: 0.002561  [ 1120/ 1575]
loss: 0.002838  [ 1280/ 1575]
loss: 0.001822  [ 1440/ 1575]
Test Error: 
MSE: 46.855892
RMSE: 6.845136
MAE: 2.355150
R^2: 0.8535127474252668
loss: 0.002038  [    0/ 1575]
loss: 0.003367  [  160/ 1575]
loss: 0.002594  [  320/ 1575]
loss: 0.002364  [  480/ 1575]
loss: 0.004786  [  640/ 1575]
loss: 0.002256  [  800/ 1575]
loss: 0.003193  [  960/ 1575]
loss: 0.003997  [ 1120/ 1575]
loss: 0.002346  [ 1280/ 1575]
loss: 0.002603  [ 1440/ 1575]
Test Error: 
MSE: 45.831816
RMSE: 6.769920
MAE: 2.340695
R^2: 0.8567143547763998
loss: 0.001534  [    0/ 1575]
loss: 0.003158  [  160/ 1575]
loss: 0.002390  [  320/ 1575]
loss: 0.002710  [  480/ 1575]
loss: 0.002673  [  640/ 1575]
loss: 0.004818  [  800/ 1575]
loss: 0.003100  [  960/ 1575]
loss: 0.003916  [ 1120/ 1575]
loss: 0.004431  [ 1280/ 1575]
loss: 0.003828  [ 1440/ 1575]
Test Error: 
MSE: 49.658298
RMSE: 7.046864
MAE: 2.387718
R^2: 0.8447514854665008
loss: 0.003403  [    0/ 1575]
loss: 0.005379  [  160/ 1575]
loss: 0.002562  [  320/ 1575]
loss: 0.001818  [  480/ 1575]
loss: 0.003890  [  640/ 1575]
loss: 0.002926  [  800/ 1575]
loss: 0.003053  [  960/ 1575]
loss: 0.002462  [ 1120/ 1575]
loss: 0.002519  [ 1280/ 1575]
loss: 0.001526  [ 1440/ 1575]
Test Error: 
MSE: 48.699547
RMSE: 6.978506
MAE: 2.383515
R^2: 0.8477488625346934
loss: 0.002842  [    0/ 1575]
loss: 0.003041  [  160/ 1575]
loss: 0.002650  [  320/ 1575]
loss: 0.003643  [  480/ 1575]
loss: 0.003369  [  640/ 1575]
loss: 0.002058  [  800/ 1575]
loss: 0.002744  [  960/ 1575]
loss: 0.002287  [ 1120/ 1575]
loss: 0.003898  [ 1280/ 1575]
loss: 0.002262  [ 1440/ 1575]
Test Error: 
MSE: 46.048140
RMSE: 6.785878
MAE: 2.341258
R^2: 0.8560380509738922
loss: 0.002897  [    0/ 1575]
loss: 0.002629  [  160/ 1575]
loss: 0.003237  [  320/ 1575]
loss: 0.002460  [  480/ 1575]
loss: 0.003243  [  640/ 1575]
loss: 0.002956  [  800/ 1575]
loss: 0.002225  [  960/ 1575]
loss: 0.002284  [ 1120/ 1575]
loss: 0.002211  [ 1280/ 1575]
loss: 0.002675  [ 1440/ 1575]
Test Error: 
MSE: 48.657103
RMSE: 6.975464
MAE: 2.371029
R^2: 0.84788155878995
loss: 0.003379  [    0/ 1575]
loss: 0.001706  [  160/ 1575]
loss: 0.001656  [  320/ 1575]
loss: 0.002618  [  480/ 1575]
loss: 0.003162  [  640/ 1575]
loss: 0.002572  [  800/ 1575]
loss: 0.002709  [  960/ 1575]
loss: 0.002253  [ 1120/ 1575]
loss: 0.002704  [ 1280/ 1575]
loss: 0.001830  [ 1440/ 1575]
Test Error: 
MSE: 46.525547
RMSE: 6.820964
MAE: 2.340186
R^2: 0.8545455191886864
loss: 0.002465  [    0/ 1575]
loss: 0.003084  [  160/ 1575]
loss: 0.003091  [  320/ 1575]
loss: 0.003070  [  480/ 1575]
loss: 0.002814  [  640/ 1575]
loss: 0.004127  [  800/ 1575]
loss: 0.002747  [  960/ 1575]
loss: 0.001828  [ 1120/ 1575]
loss: 0.002634  [ 1280/ 1575]
loss: 0.002309  [ 1440/ 1575]
Test Error: 
MSE: 46.497814
RMSE: 6.818931
MAE: 2.345471
R^2: 0.8546322211772006
loss: 0.001921  [    0/ 1575]
loss: 0.002112  [  160/ 1575]
loss: 0.002992  [  320/ 1575]
loss: 0.002043  [  480/ 1575]
loss: 0.003154  [  640/ 1575]
loss: 0.002949  [  800/ 1575]
loss: 0.002780  [  960/ 1575]
loss: 0.002207  [ 1120/ 1575]
loss: 0.003673  [ 1280/ 1575]
loss: 0.002304  [ 1440/ 1575]
Test Error: 
MSE: 60.506807
RMSE: 7.778612
MAE: 2.510829
R^2: 0.810835404335696
loss: 0.002305  [    0/ 1575]
loss: 0.002973  [  160/ 1575]
loss: 0.002431  [  320/ 1575]
loss: 0.001534  [  480/ 1575]
loss: 0.002356  [  640/ 1575]
loss: 0.004341  [  800/ 1575]
loss: 0.002535  [  960/ 1575]
loss: 0.002791  [ 1120/ 1575]
loss: 0.002783  [ 1280/ 1575]
loss: 0.002021  [ 1440/ 1575]
Test Error: 
MSE: 104.711456
RMSE: 10.232862
MAE: 2.930894
R^2: 0.6726368277807289
loss: 0.005459  [    0/ 1575]
loss: 0.004848  [  160/ 1575]
loss: 0.004318  [  320/ 1575]
loss: 0.003944  [  480/ 1575]
loss: 0.001791  [  640/ 1575]
loss: 0.002102  [  800/ 1575]
loss: 0.002288  [  960/ 1575]
loss: 0.001889  [ 1120/ 1575]
loss: 0.001911  [ 1280/ 1575]
loss: 0.002007  [ 1440/ 1575]
Test Error: 
MSE: 59.744950
RMSE: 7.729486
MAE: 2.500737
R^2: 0.8132172257021855
loss: 0.005074  [    0/ 1575]
loss: 0.003294  [  160/ 1575]
loss: 0.002508  [  320/ 1575]
loss: 0.002999  [  480/ 1575]
loss: 0.002195  [  640/ 1575]
loss: 0.003795  [  800/ 1575]
loss: 0.002639  [  960/ 1575]
loss: 0.004161  [ 1120/ 1575]
loss: 0.002240  [ 1280/ 1575]
loss: 0.002394  [ 1440/ 1575]
Test Error: 
MSE: 54.930598
RMSE: 7.411518
MAE: 2.452554
R^2: 0.8282685058842447
loss: 0.001690  [    0/ 1575]
loss: 0.002843  [  160/ 1575]
loss: 0.003064  [  320/ 1575]
loss: 0.001645  [  480/ 1575]
loss: 0.001634  [  640/ 1575]
loss: 0.002800  [  800/ 1575]
loss: 0.003232  [  960/ 1575]
loss: 0.003431  [ 1120/ 1575]
loss: 0.001448  [ 1280/ 1575]
loss: 0.003536  [ 1440/ 1575]
Test Error: 
MSE: 46.725125
RMSE: 6.835578
MAE: 2.344814
R^2: 0.8539215715713493
loss: 0.001755  [    0/ 1575]
loss: 0.001707  [  160/ 1575]
loss: 0.003180  [  320/ 1575]
loss: 0.002183  [  480/ 1575]
loss: 0.003257  [  640/ 1575]
loss: 0.002190  [  800/ 1575]
loss: 0.002602  [  960/ 1575]
loss: 0.002303  [ 1120/ 1575]
loss: 0.001676  [ 1280/ 1575]
loss: 0.003527  [ 1440/ 1575]
Test Error: 
MSE: 47.624777
RMSE: 6.901071
MAE: 2.356421
R^2: 0.851108954725827
loss: 0.001967  [    0/ 1575]
loss: 0.003360  [  160/ 1575]
loss: 0.002256  [  320/ 1575]
loss: 0.002344  [  480/ 1575]
loss: 0.001981  [  640/ 1575]
loss: 0.002917  [  800/ 1575]
loss: 0.001899  [  960/ 1575]
loss: 0.001324  [ 1120/ 1575]
loss: 0.002107  [ 1280/ 1575]
loss: 0.002486  [ 1440/ 1575]
Test Error: 
MSE: 57.222731
RMSE: 7.564571
MAE: 2.480164
R^2: 0.8211025299080463
loss: 0.003154  [    0/ 1575]
loss: 0.003191  [  160/ 1575]
loss: 0.001752  [  320/ 1575]
loss: 0.002826  [  480/ 1575]
loss: 0.001670  [  640/ 1575]
loss: 0.002805  [  800/ 1575]
loss: 0.002645  [  960/ 1575]
