Using learning rate: 0.001
Using sequence aggregation method: mean
Using optimizer: adam
Using cpu device
DimensionPredictor(
  (softmax): Softmax(dim=0)
  (first_projection): Linear(in_features=1024, out_features=256, bias=True)
  (second_projection): Linear(in_features=256, out_features=1, bias=True)
)
loss: 2995.685128  [    0/ 1575]
loss: 352782.339745  [  160/ 1575]
loss: 199919.282690  [  320/ 1575]
loss: 61495.505687  [  480/ 1575]
loss: 263.329889  [  640/ 1575]
loss: 26710.003662  [  800/ 1575]
loss: 15372.795559  [  960/ 1575]
loss: 5.559185  [ 1120/ 1575]
loss: 5207.697529  [ 1280/ 1575]
loss: 3406.941471  [ 1440/ 1575]
Test Error: 
MSE: 458980.492757
RMSE: 677.480991
MAE: 25.462089
R^2: -1433.9271355051776
Saved PyTorch Model State to dimension_models/model_objects/morgan_emotional_speech_set_valence_wav2vec2_large_ll60k_1664963600_BEST.pt
loss: 37.557946  [    0/ 1575]
loss: 877.732180  [  160/ 1575]
loss: 927.164133  [  320/ 1575]
loss: 155.868944  [  480/ 1575]
loss: 26.462895  [  640/ 1575]
loss: 151.913538  [  800/ 1575]
loss: 106.926161  [  960/ 1575]
loss: 23.538251  [ 1120/ 1575]
loss: 2.194387  [ 1280/ 1575]
loss: 12.951519  [ 1440/ 1575]
Test Error: 
MSE: 139585.885720
RMSE: 373.611945
MAE: 18.916156
R^2: -435.39234850678014
Saved PyTorch Model State to dimension_models/model_objects/morgan_emotional_speech_set_valence_wav2vec2_large_ll60k_1664963600_BEST.pt
loss: 12.131165  [    0/ 1575]
loss: 10.308945  [  160/ 1575]
loss: 2.879554  [  320/ 1575]
loss: 1.658664  [  480/ 1575]
loss: 1.196861  [  640/ 1575]
loss: 2.184982  [  800/ 1575]
loss: 1.334034  [  960/ 1575]
loss: 1.946958  [ 1120/ 1575]
loss: 1.054089  [ 1280/ 1575]
loss: 0.817808  [ 1440/ 1575]
Test Error: 
MSE: 6191.647092
RMSE: 78.687020
MAE: 8.041605
R^2: -18.357167822576955
Saved PyTorch Model State to dimension_models/model_objects/morgan_emotional_speech_set_valence_wav2vec2_large_ll60k_1664963600_BEST.pt
loss: 0.655319  [    0/ 1575]
loss: 0.510688  [  160/ 1575]
loss: 0.436876  [  320/ 1575]
loss: 0.322049  [  480/ 1575]
loss: 0.308059  [  640/ 1575]
loss: 0.289224  [  800/ 1575]
loss: 0.300255  [  960/ 1575]
loss: 0.336684  [ 1120/ 1575]
loss: 0.455306  [ 1280/ 1575]
loss: 0.260562  [ 1440/ 1575]
Test Error: 
MSE: 3512.705696
RMSE: 59.268083
MAE: 6.895746
R^2: -9.981897493163796
Saved PyTorch Model State to dimension_models/model_objects/morgan_emotional_speech_set_valence_wav2vec2_large_ll60k_1664963600_BEST.pt
loss: 0.415933  [    0/ 1575]
loss: 0.483401  [  160/ 1575]
loss: 0.342118  [  320/ 1575]
loss: 0.280061  [  480/ 1575]
loss: 0.300996  [  640/ 1575]
loss: 0.211782  [  800/ 1575]
loss: 0.307632  [  960/ 1575]
loss: 0.339722  [ 1120/ 1575]
loss: 0.287002  [ 1280/ 1575]
loss: 0.148935  [ 1440/ 1575]
Test Error: 
MSE: 2705.719430
RMSE: 52.016530
MAE: 6.461334
R^2: -7.458987457831942
Saved PyTorch Model State to dimension_models/model_objects/morgan_emotional_speech_set_valence_wav2vec2_large_ll60k_1664963600_BEST.pt
loss: 0.217828  [    0/ 1575]
loss: 0.234318  [  160/ 1575]
loss: 0.309047  [  320/ 1575]
loss: 0.222739  [  480/ 1575]
loss: 0.439225  [  640/ 1575]
loss: 0.383377  [  800/ 1575]
loss: 0.505216  [  960/ 1575]
loss: 0.259326  [ 1120/ 1575]
loss: 0.527239  [ 1280/ 1575]
loss: 0.317901  [ 1440/ 1575]
Test Error: 
MSE: 2682.580042
RMSE: 51.793629
MAE: 6.470441
R^2: -7.386645960972928
Saved PyTorch Model State to dimension_models/model_objects/morgan_emotional_speech_set_valence_wav2vec2_large_ll60k_1664963600_BEST.pt
loss: 0.381811  [    0/ 1575]
loss: 0.254953  [  160/ 1575]
loss: 0.249258  [  320/ 1575]
loss: 0.251707  [  480/ 1575]
loss: 0.424933  [  640/ 1575]
loss: 0.155852  [  800/ 1575]
loss: 0.272407  [  960/ 1575]
loss: 0.329175  [ 1120/ 1575]
loss: 0.163397  [ 1280/ 1575]
loss: 0.300732  [ 1440/ 1575]
Test Error: 
MSE: 2732.138371
RMSE: 52.269861
MAE: 6.423288
R^2: -7.541581936625114
loss: 0.390625  [    0/ 1575]
loss: 0.224793  [  160/ 1575]
loss: 0.266327  [  320/ 1575]
loss: 0.360792  [  480/ 1575]
loss: 0.293259  [  640/ 1575]
loss: 0.171684  [  800/ 1575]
loss: 0.223072  [  960/ 1575]
loss: 0.327010  [ 1120/ 1575]
loss: 0.304368  [ 1280/ 1575]
loss: 0.295605  [ 1440/ 1575]
Test Error: 
MSE: 3357.808204
RMSE: 57.946598
MAE: 6.966168
R^2: -9.49763592034421
loss: 0.320666  [    0/ 1575]
loss: 0.311992  [  160/ 1575]
loss: 0.268437  [  320/ 1575]
loss: 0.247726  [  480/ 1575]
loss: 0.245943  [  640/ 1575]
loss: 0.251492  [  800/ 1575]
loss: 0.241905  [  960/ 1575]
loss: 0.350922  [ 1120/ 1575]
loss: 0.487892  [ 1280/ 1575]
loss: 0.315867  [ 1440/ 1575]
Test Error: 
MSE: 3652.173847
RMSE: 60.433218
MAE: 6.883520
R^2: -10.417921762879503
loss: 0.218392  [    0/ 1575]
loss: 0.255978  [  160/ 1575]
loss: 0.237085  [  320/ 1575]
loss: 0.267781  [  480/ 1575]
loss: 0.310594  [  640/ 1575]
loss: 0.266198  [  800/ 1575]
loss: 0.236594  [  960/ 1575]
loss: 0.186130  [ 1120/ 1575]
loss: 0.195564  [ 1280/ 1575]
loss: 0.319934  [ 1440/ 1575]
Test Error: 
MSE: 2382.745442
RMSE: 48.813374
MAE: 6.233402
R^2: -6.449262323468428
Saved PyTorch Model State to dimension_models/model_objects/morgan_emotional_speech_set_valence_wav2vec2_large_ll60k_1664963600_BEST.pt
loss: 0.295949  [    0/ 1575]
loss: 0.155118  [  160/ 1575]
loss: 0.405040  [  320/ 1575]
loss: 0.456558  [  480/ 1575]
loss: 0.230125  [  640/ 1575]
loss: 0.262543  [  800/ 1575]
loss: 0.355375  [  960/ 1575]
loss: 0.280209  [ 1120/ 1575]
loss: 0.208094  [ 1280/ 1575]
loss: 0.276216  [ 1440/ 1575]
Test Error: 
MSE: 2348.327303
RMSE: 48.459543
MAE: 6.267354
R^2: -6.341659662275123
Saved PyTorch Model State to dimension_models/model_objects/morgan_emotional_speech_set_valence_wav2vec2_large_ll60k_1664963600_BEST.pt
loss: 0.216037  [    0/ 1575]
loss: 0.173659  [  160/ 1575]
loss: 0.327304  [  320/ 1575]
loss: 0.405861  [  480/ 1575]
loss: 0.202257  [  640/ 1575]
loss: 0.399278  [  800/ 1575]
loss: 0.201274  [  960/ 1575]
loss: 0.538158  [ 1120/ 1575]
loss: 0.403454  [ 1280/ 1575]
loss: 0.257192  [ 1440/ 1575]
Test Error: 
MSE: 2328.636661
RMSE: 48.255949
MAE: 6.185846
R^2: -6.28010010409381
Saved PyTorch Model State to dimension_models/model_objects/morgan_emotional_speech_set_valence_wav2vec2_large_ll60k_1664963600_BEST.pt
loss: 0.193465  [    0/ 1575]
loss: 0.256483  [  160/ 1575]
loss: 0.238616  [  320/ 1575]
loss: 0.239585  [  480/ 1575]
loss: 0.247761  [  640/ 1575]
loss: 0.362986  [  800/ 1575]
loss: 0.236059  [  960/ 1575]
loss: 0.229367  [ 1120/ 1575]
loss: 0.179288  [ 1280/ 1575]
loss: 0.222240  [ 1440/ 1575]
Test Error: 
MSE: 2587.625285
RMSE: 50.868706
MAE: 6.487659
R^2: -7.08978550653063
loss: 0.348270  [    0/ 1575]
loss: 0.254528  [  160/ 1575]
loss: 0.343049  [  320/ 1575]
loss: 0.216890  [  480/ 1575]
loss: 0.355066  [  640/ 1575]
loss: 0.269915  [  800/ 1575]
loss: 0.148127  [  960/ 1575]
loss: 0.250099  [ 1120/ 1575]
loss: 0.304345  [ 1280/ 1575]
loss: 0.353644  [ 1440/ 1575]
Test Error: 
MSE: 2527.206392
RMSE: 50.271328
MAE: 6.283524
R^2: -6.900895758326288
loss: 0.144740  [    0/ 1575]
loss: 0.237906  [  160/ 1575]
loss: 0.162426  [  320/ 1575]
loss: 0.447800  [  480/ 1575]
loss: 0.360949  [  640/ 1575]
loss: 0.261914  [  800/ 1575]
loss: 0.207823  [  960/ 1575]
loss: 0.129456  [ 1120/ 1575]
loss: 0.203539  [ 1280/ 1575]
loss: 0.166692  [ 1440/ 1575]
Test Error: 
MSE: 2382.078687
RMSE: 48.806543
MAE: 6.344606
R^2: -6.447177822568936
loss: 0.300928  [    0/ 1575]
loss: 0.149506  [  160/ 1575]
loss: 0.217247  [  320/ 1575]
loss: 0.232054  [  480/ 1575]
loss: 0.374181  [  640/ 1575]
loss: 0.229761  [  800/ 1575]
loss: 0.317203  [  960/ 1575]
loss: 0.139938  [ 1120/ 1575]
loss: 0.527207  [ 1280/ 1575]
loss: 0.354787  [ 1440/ 1575]
Test Error: 
MSE: 2648.244324
RMSE: 51.461095
MAE: 6.551628
R^2: -7.279300978196259
loss: 0.181710  [    0/ 1575]
loss: 0.174878  [  160/ 1575]
loss: 0.201622  [  320/ 1575]
loss: 0.357716  [  480/ 1575]
loss: 0.204309  [  640/ 1575]
loss: 0.371426  [  800/ 1575]
loss: 0.203361  [  960/ 1575]
loss: 0.219289  [ 1120/ 1575]
loss: 0.161881  [ 1280/ 1575]
loss: 0.148127  [ 1440/ 1575]
Test Error: 
MSE: 3973.458478
RMSE: 63.035375
MAE: 7.094842
R^2: -11.42236539758075
loss: 0.643212  [    0/ 1575]
loss: 0.160277  [  160/ 1575]
loss: 0.203554  [  320/ 1575]
loss: 0.306950  [  480/ 1575]
loss: 0.243316  [  640/ 1575]
loss: 0.672023  [  800/ 1575]
loss: 0.275266  [  960/ 1575]
loss: 0.199334  [ 1120/ 1575]
loss: 0.356501  [ 1280/ 1575]
loss: 0.255075  [ 1440/ 1575]
Test Error: 
MSE: 2118.971632
RMSE: 46.032289
MAE: 6.033179
R^2: -5.624616824691509
Saved PyTorch Model State to dimension_models/model_objects/morgan_emotional_speech_set_valence_wav2vec2_large_ll60k_1664963600_BEST.pt
loss: 0.201345  [    0/ 1575]
loss: 0.258270  [  160/ 1575]
loss: 0.138262  [  320/ 1575]
loss: 0.285431  [  480/ 1575]
loss: 0.264172  [  640/ 1575]
loss: 0.132773  [  800/ 1575]
loss: 0.224367  [  960/ 1575]
loss: 0.113415  [ 1120/ 1575]
loss: 0.188933  [ 1280/ 1575]
loss: 0.153961  [ 1440/ 1575]
Test Error: 
MSE: 3335.232554
RMSE: 57.751472
MAE: 6.972651
R^2: -9.427056859702697
loss: 0.307079  [    0/ 1575]
loss: 0.188983  [  160/ 1575]
loss: 0.274167  [  320/ 1575]
loss: 0.290049  [  480/ 1575]
loss: 0.204359  [  640/ 1575]
loss: 0.225714  [  800/ 1575]
loss: 0.191547  [  960/ 1575]
loss: 0.193543  [ 1120/ 1575]
loss: 0.180601  [ 1280/ 1575]
loss: 0.238537  [ 1440/ 1575]
Test Error: 
MSE: 1860.964421
RMSE: 43.138897
MAE: 5.937797
R^2: -4.817999649932901
Saved PyTorch Model State to dimension_models/model_objects/morgan_emotional_speech_set_valence_wav2vec2_large_ll60k_1664963600_BEST.pt
loss: 0.134307  [    0/ 1575]
loss: 0.125383  [  160/ 1575]
loss: 0.292314  [  320/ 1575]
loss: 0.151003  [  480/ 1575]
loss: 0.159463  [  640/ 1575]
loss: 0.163659  [  800/ 1575]
loss: 0.214143  [  960/ 1575]
loss: 0.161749  [ 1120/ 1575]
loss: 0.194117  [ 1280/ 1575]
loss: 0.261593  [ 1440/ 1575]
Test Error: 
MSE: 2515.421382
RMSE: 50.153977
MAE: 6.448500
R^2: -6.86405185973169
loss: 0.259628  [    0/ 1575]
loss: 0.136069  [  160/ 1575]
loss: 0.197783  [  320/ 1575]
loss: 0.179291  [  480/ 1575]
loss: 0.190258  [  640/ 1575]
loss: 0.161147  [  800/ 1575]
loss: 0.168199  [  960/ 1575]
loss: 0.215427  [ 1120/ 1575]
loss: 0.200426  [ 1280/ 1575]
loss: 0.164403  [ 1440/ 1575]
Test Error: 
MSE: 2395.708998
RMSE: 48.945980
MAE: 6.358796
R^2: -6.489790751015292
loss: 0.218992  [    0/ 1575]
loss: 0.315502  [  160/ 1575]
loss: 0.187788  [  320/ 1575]
loss: 0.230361  [  480/ 1575]
loss: 0.149523  [  640/ 1575]
loss: 0.215387  [  800/ 1575]
loss: 0.148802  [  960/ 1575]
loss: 0.172506  [ 1120/ 1575]
loss: 0.274658  [ 1280/ 1575]
loss: 0.197355  [ 1440/ 1575]
Test Error: 
MSE: 1930.114820
RMSE: 43.933072
MAE: 5.899735
R^2: -5.034187014341638
loss: 0.161648  [    0/ 1575]
loss: 0.132345  [  160/ 1575]
loss: 0.233866  [  320/ 1575]
loss: 0.193959  [  480/ 1575]
loss: 0.421541  [  640/ 1575]
loss: 0.204720  [  800/ 1575]
loss: 0.207861  [  960/ 1575]
loss: 0.141476  [ 1120/ 1575]
loss: 0.102436  [ 1280/ 1575]
loss: 0.219298  [ 1440/ 1575]
Test Error: 
MSE: 1568.246809
RMSE: 39.601096
MAE: 5.657763
R^2: -3.902866107670179
Saved PyTorch Model State to dimension_models/model_objects/morgan_emotional_speech_set_valence_wav2vec2_large_ll60k_1664963600_BEST.pt
loss: 0.201351  [    0/ 1575]
loss: 0.173332  [  160/ 1575]
loss: 0.305371  [  320/ 1575]
loss: 0.301368  [  480/ 1575]
loss: 0.229750  [  640/ 1575]
loss: 0.164628  [  800/ 1575]
loss: 0.260354  [  960/ 1575]
loss: 0.231565  [ 1120/ 1575]
loss: 0.251737  [ 1280/ 1575]
loss: 0.238731  [ 1440/ 1575]
Test Error: 
MSE: 2585.602081
RMSE: 50.848816
MAE: 6.502398
R^2: -7.083460291402696
loss: 0.279295  [    0/ 1575]
loss: 0.227715  [  160/ 1575]
loss: 0.201315  [  320/ 1575]
loss: 0.160742  [  480/ 1575]
loss: 0.193414  [  640/ 1575]
loss: 0.264957  [  800/ 1575]
loss: 0.205087  [  960/ 1575]
loss: 0.253727  [ 1120/ 1575]
loss: 0.125448  [ 1280/ 1575]
loss: 0.145136  [ 1440/ 1575]
Test Error: 
MSE: 1555.028696
RMSE: 39.433852
MAE: 5.667735
R^2: -3.8615418468691134
Saved PyTorch Model State to dimension_models/model_objects/morgan_emotional_speech_set_valence_wav2vec2_large_ll60k_1664963600_BEST.pt
loss: 0.142975  [    0/ 1575]
loss: 0.149004  [  160/ 1575]
loss: 0.085757  [  320/ 1575]
loss: 0.149269  [  480/ 1575]
loss: 0.151424  [  640/ 1575]
loss: 0.129232  [  800/ 1575]
loss: 0.123377  [  960/ 1575]
loss: 0.165117  [ 1120/ 1575]
loss: 0.118459  [ 1280/ 1575]
loss: 0.134067  [ 1440/ 1575]
Test Error: 
MSE: 1459.116253
RMSE: 38.198380
MAE: 5.548973
R^2: -3.561687346101337
Saved PyTorch Model State to dimension_models/model_objects/morgan_emotional_speech_set_valence_wav2vec2_large_ll60k_1664963600_BEST.pt
loss: 0.198710  [    0/ 1575]
loss: 0.163950  [  160/ 1575]
loss: 0.189765  [  320/ 1575]
loss: 0.167227  [  480/ 1575]
loss: 0.170453  [  640/ 1575]
loss: 0.123358  [  800/ 1575]
loss: 0.101192  [  960/ 1575]
loss: 0.251509  [ 1120/ 1575]
loss: 0.128908  [ 1280/ 1575]
loss: 0.190509  [ 1440/ 1575]
Test Error: 
MSE: 1633.296893
RMSE: 40.414068
MAE: 5.667706
R^2: -4.106234510548575
loss: 0.194966  [    0/ 1575]
loss: 0.238890  [  160/ 1575]
loss: 0.190049  [  320/ 1575]
loss: 0.142696  [  480/ 1575]
loss: 0.141181  [  640/ 1575]
loss: 0.136467  [  800/ 1575]
loss: 0.179620  [  960/ 1575]
loss: 0.176635  [ 1120/ 1575]
loss: 0.378645  [ 1280/ 1575]
loss: 0.577161  [ 1440/ 1575]
Test Error: 
MSE: 4715.998012
RMSE: 68.673124
MAE: 7.781777
R^2: -13.743793309741864
loss: 0.361426  [    0/ 1575]
loss: 0.362185  [  160/ 1575]
loss: 0.094261  [  320/ 1575]
loss: 0.092703  [  480/ 1575]
loss: 0.220567  [  640/ 1575]
loss: 0.209920  [  800/ 1575]
loss: 0.169557  [  960/ 1575]
loss: 0.206816  [ 1120/ 1575]
loss: 0.274823  [ 1280/ 1575]
loss: 0.501018  [ 1440/ 1575]
Test Error: 
MSE: 4760.608440
RMSE: 68.997163
MAE: 7.730229
R^2: -13.88326048654101
loss: 0.521830  [    0/ 1575]
loss: 0.455862  [  160/ 1575]
loss: 0.176746  [  320/ 1575]
loss: 0.314012  [  480/ 1575]
loss: 0.132965  [  640/ 1575]
loss: 0.125434  [  800/ 1575]
loss: 0.159235  [  960/ 1575]
loss: 0.216420  [ 1120/ 1575]
loss: 0.199527  [ 1280/ 1575]
loss: 0.119677  [ 1440/ 1575]
Test Error: 
MSE: 3613.209035
RMSE: 60.109975
MAE: 7.194981
R^2: -10.296104677432758
loss: 0.311161  [    0/ 1575]
loss: 0.198020  [  160/ 1575]
loss: 0.179985  [  320/ 1575]
loss: 0.242973  [  480/ 1575]
loss: 0.251374  [  640/ 1575]
loss: 0.098519  [  800/ 1575]
loss: 0.142580  [  960/ 1575]
loss: 0.199846  [ 1120/ 1575]
loss: 0.141615  [ 1280/ 1575]
loss: 0.184185  [ 1440/ 1575]
Test Error: 
MSE: 1291.962076
RMSE: 35.943874
MAE: 5.393789
R^2: -3.0391072615071932
Saved PyTorch Model State to dimension_models/model_objects/morgan_emotional_speech_set_valence_wav2vec2_large_ll60k_1664963600_BEST.pt
loss: 0.125699  [    0/ 1575]
loss: 0.136463  [  160/ 1575]
loss: 0.105452  [  320/ 1575]
loss: 0.142083  [  480/ 1575]
loss: 0.174060  [  640/ 1575]
loss: 0.191591  [  800/ 1575]
loss: 0.136796  [  960/ 1575]
loss: 0.224327  [ 1120/ 1575]
loss: 0.233887  [ 1280/ 1575]
loss: 0.152629  [ 1440/ 1575]
Test Error: 
MSE: 1301.309698
RMSE: 36.073670
MAE: 5.401764
R^2: -3.068331067395823
loss: 0.133487  [    0/ 1575]
loss: 0.137503  [  160/ 1575]
loss: 0.188595  [  320/ 1575]
loss: 0.095379  [  480/ 1575]
loss: 0.213070  [  640/ 1575]
loss: 0.127485  [  800/ 1575]
loss: 0.385577  [  960/ 1575]
loss: 0.328082  [ 1120/ 1575]
loss: 0.138208  [ 1280/ 1575]
loss: 0.266511  [ 1440/ 1575]
Test Error: 
MSE: 1162.829503
RMSE: 34.100286
MAE: 5.244336
R^2: -2.6353954783092606
Saved PyTorch Model State to dimension_models/model_objects/morgan_emotional_speech_set_valence_wav2vec2_large_ll60k_1664963600_BEST.pt
loss: 0.124144  [    0/ 1575]
loss: 0.148362  [  160/ 1575]
loss: 0.118976  [  320/ 1575]
loss: 0.084798  [  480/ 1575]
loss: 0.139000  [  640/ 1575]
loss: 0.148683  [  800/ 1575]
loss: 0.113039  [  960/ 1575]
loss: 0.160123  [ 1120/ 1575]
loss: 0.188809  [ 1280/ 1575]
loss: 0.121880  [ 1440/ 1575]
Test Error: 
MSE: 3605.827801
RMSE: 60.048545
MAE: 7.166398
R^2: -10.273028460304689
loss: 0.420461  [    0/ 1575]
loss: 0.117615  [  160/ 1575]
loss: 0.119732  [  320/ 1575]
loss: 0.139845  [  480/ 1575]
loss: 0.231057  [  640/ 1575]
loss: 0.119321  [  800/ 1575]
loss: 0.343702  [  960/ 1575]
loss: 0.383291  [ 1120/ 1575]
loss: 0.162344  [ 1280/ 1575]
loss: 0.174674  [ 1440/ 1575]
Test Error: 
MSE: 3525.518284
RMSE: 59.376075
MAE: 7.191855
R^2: -10.021953942743451
loss: 0.269301  [    0/ 1575]
loss: 0.109796  [  160/ 1575]
loss: 0.202648  [  320/ 1575]
loss: 0.071404  [  480/ 1575]
loss: 0.186117  [  640/ 1575]
loss: 0.096473  [  800/ 1575]
loss: 0.112261  [  960/ 1575]
loss: 0.178717  [ 1120/ 1575]
loss: 0.163236  [ 1280/ 1575]
loss: 0.124812  [ 1440/ 1575]
Test Error: 
MSE: 1331.082187
RMSE: 36.483999
MAE: 5.426992
R^2: -3.161409864498382
loss: 0.109516  [    0/ 1575]
loss: 0.097638  [  160/ 1575]
loss: 0.108958  [  320/ 1575]
loss: 0.200585  [  480/ 1575]
loss: 0.099149  [  640/ 1575]
loss: 0.160902  [  800/ 1575]
loss: 0.106587  [  960/ 1575]
loss: 0.313427  [ 1120/ 1575]
loss: 0.172260  [ 1280/ 1575]
loss: 0.113031  [ 1440/ 1575]
Test Error: 
MSE: 1204.559113
RMSE: 34.706759
MAE: 5.284228
R^2: -2.7658562520458783
loss: 0.113093  [    0/ 1575]
loss: 0.121082  [  160/ 1575]
loss: 0.120535  [  320/ 1575]
loss: 0.147642  [  480/ 1575]
loss: 0.119628  [  640/ 1575]
loss: 0.189979  [  800/ 1575]
loss: 0.124747  [  960/ 1575]
loss: 0.183330  [ 1120/ 1575]
loss: 0.092264  [ 1280/ 1575]
loss: 0.137917  [ 1440/ 1575]
Test Error: 
MSE: 1031.297860
RMSE: 32.113827
MAE: 5.065807
R^2: -2.2241833957794177
Saved PyTorch Model State to dimension_models/model_objects/morgan_emotional_speech_set_valence_wav2vec2_large_ll60k_1664963600_BEST.pt
loss: 0.109837  [    0/ 1575]
loss: 0.099532  [  160/ 1575]
loss: 0.242971  [  320/ 1575]
loss: 0.102782  [  480/ 1575]
loss: 0.138337  [  640/ 1575]
loss: 0.100382  [  800/ 1575]
loss: 0.128526  [  960/ 1575]
loss: 0.107835  [ 1120/ 1575]
loss: 0.106475  [ 1280/ 1575]
loss: 0.110645  [ 1440/ 1575]
Test Error: 
MSE: 1012.882941
RMSE: 31.825822
MAE: 5.030716
R^2: -2.1666121764254043
Saved PyTorch Model State to dimension_models/model_objects/morgan_emotional_speech_set_valence_wav2vec2_large_ll60k_1664963600_BEST.pt
loss: 0.084153  [    0/ 1575]
loss: 0.089974  [  160/ 1575]
loss: 0.096085  [  320/ 1575]
loss: 0.094105  [  480/ 1575]
loss: 0.111004  [  640/ 1575]
loss: 0.172742  [  800/ 1575]
loss: 0.106715  [  960/ 1575]
loss: 0.159773  [ 1120/ 1575]
loss: 0.235804  [ 1280/ 1575]
loss: 0.114110  [ 1440/ 1575]
Test Error: 
MSE: 8888.039825
RMSE: 94.276401
MAE: 9.427181
R^2: -26.78699689423739
loss: 0.853163  [    0/ 1575]
loss: 0.200838  [  160/ 1575]
loss: 0.370254  [  320/ 1575]
loss: 0.215704  [  480/ 1575]
loss: 0.141933  [  640/ 1575]
loss: 0.096360  [  800/ 1575]
loss: 0.117468  [  960/ 1575]
loss: 0.076951  [ 1120/ 1575]
loss: 0.154097  [ 1280/ 1575]
loss: 0.113301  [ 1440/ 1575]
Test Error: 
MSE: 1887.664917
RMSE: 43.447266
MAE: 6.002976
R^2: -4.90147436586662
loss: 0.179651  [    0/ 1575]
loss: 0.192033  [  160/ 1575]
loss: 0.173283  [  320/ 1575]
loss: 0.092730  [  480/ 1575]
loss: 0.136396  [  640/ 1575]
loss: 0.227103  [  800/ 1575]
loss: 0.230091  [  960/ 1575]
loss: 0.453909  [ 1120/ 1575]
loss: 0.175405  [ 1280/ 1575]
loss: 0.893536  [ 1440/ 1575]
Test Error: 
MSE: 1464.331648
RMSE: 38.266587
MAE: 5.588640
R^2: -3.577992419510897
loss: 0.159082  [    0/ 1575]
loss: 0.238508  [  160/ 1575]
loss: 0.222156  [  320/ 1575]
loss: 0.133551  [  480/ 1575]
loss: 0.146954  [  640/ 1575]
loss: 0.198054  [  800/ 1575]
loss: 0.149647  [  960/ 1575]
loss: 0.102419  [ 1120/ 1575]
loss: 0.144214  [ 1280/ 1575]
loss: 0.070901  [ 1440/ 1575]
Test Error: 
MSE: 1882.301434
RMSE: 43.385498
MAE: 6.022383
R^2: -4.884706314990828
loss: 0.168200  [    0/ 1575]
loss: 0.159543  [  160/ 1575]
loss: 0.089995  [  320/ 1575]
loss: 0.201640  [  480/ 1575]
loss: 0.182943  [  640/ 1575]
loss: 0.106313  [  800/ 1575]
loss: 0.107679  [  960/ 1575]
loss: 0.159713  [ 1120/ 1575]
loss: 0.263083  [ 1280/ 1575]
loss: 0.168844  [ 1440/ 1575]
Test Error: 
MSE: 1358.910272
RMSE: 36.863400
MAE: 5.481811
R^2: -3.2484098025890127
loss: 0.105369  [    0/ 1575]
loss: 0.215182  [  160/ 1575]
loss: 0.081564  [  320/ 1575]
loss: 0.147579  [  480/ 1575]
loss: 0.084453  [  640/ 1575]
loss: 0.093324  [  800/ 1575]
loss: 0.116570  [  960/ 1575]
loss: 0.347394  [ 1120/ 1575]
loss: 0.207490  [ 1280/ 1575]
loss: 0.138338  [ 1440/ 1575]
Test Error: 
MSE: 2088.694818
RMSE: 45.702241
MAE: 6.221837
R^2: -5.529961336918935
loss: 0.236864  [    0/ 1575]
loss: 0.048533  [  160/ 1575]
loss: 0.105636  [  320/ 1575]
loss: 0.340385  [  480/ 1575]
loss: 0.071131  [  640/ 1575]
loss: 0.147338  [  800/ 1575]
loss: 0.132900  [  960/ 1575]
loss: 0.100791  [ 1120/ 1575]
loss: 0.084730  [ 1280/ 1575]
loss: 0.172124  [ 1440/ 1575]
Test Error: 
MSE: 1359.085895
RMSE: 36.865782
MAE: 5.498793
R^2: -3.248958856163868
loss: 0.159622  [    0/ 1575]
loss: 0.064039  [  160/ 1575]
loss: 0.072100  [  320/ 1575]
loss: 0.120704  [  480/ 1575]
loss: 0.103253  [  640/ 1575]
loss: 0.306120  [  800/ 1575]
loss: 0.196107  [  960/ 1575]
loss: 0.086571  [ 1120/ 1575]
loss: 0.100449  [ 1280/ 1575]
loss: 0.088699  [ 1440/ 1575]
Test Error: 
MSE: 3406.918686
RMSE: 58.368816
MAE: 7.205033
R^2: -9.651171778277954
loss: 0.382595  [    0/ 1575]
loss: 0.227211  [  160/ 1575]
loss: 0.279591  [  320/ 1575]
loss: 0.343126  [  480/ 1575]
loss: 0.174893  [  640/ 1575]
loss: 0.094730  [  800/ 1575]
loss: 0.103535  [  960/ 1575]
loss: 0.204846  [ 1120/ 1575]
loss: 0.537972  [ 1280/ 1575]
loss: 0.400750  [ 1440/ 1575]
Test Error: 
MSE: 2777.235138
RMSE: 52.699479
MAE: 6.810758
R^2: -7.682569573620141
loss: 0.195592  [    0/ 1575]
loss: 0.184429  [  160/ 1575]
loss: 0.101322  [  320/ 1575]
loss: 0.086770  [  480/ 1575]
loss: 0.137035  [  640/ 1575]
loss: 0.312277  [  800/ 1575]
loss: 0.200031  [  960/ 1575]
loss: 0.168689  [ 1120/ 1575]
loss: 0.103419  [ 1280/ 1575]
loss: 0.094882  [ 1440/ 1575]
Test Error: 
MSE: 925.424710
RMSE: 30.420794
MAE: 4.927392
R^2: -1.8931883792502182
Saved PyTorch Model State to dimension_models/model_objects/morgan_emotional_speech_set_valence_wav2vec2_large_ll60k_1664963600_BEST.pt
loss: 0.175493  [    0/ 1575]
loss: 0.080268  [  160/ 1575]
loss: 0.206014  [  320/ 1575]
loss: 0.166522  [  480/ 1575]
loss: 0.075944  [  640/ 1575]
loss: 0.076810  [  800/ 1575]
loss: 0.395488  [  960/ 1575]
loss: 0.388205  [ 1120/ 1575]
loss: 0.418095  [ 1280/ 1575]
loss: 0.171301  [ 1440/ 1575]
Test Error: 
MSE: 1072.614432
RMSE: 32.750793
MAE: 5.145745
R^2: -2.353352874378706
loss: 0.137107  [    0/ 1575]
loss: 0.112747  [  160/ 1575]
loss: 0.226291  [  320/ 1575]
loss: 0.484651  [  480/ 1575]
loss: 0.187369  [  640/ 1575]
loss: 0.080150  [  800/ 1575]
loss: 0.253314  [  960/ 1575]
loss: 0.113945  [ 1120/ 1575]
loss: 0.156201  [ 1280/ 1575]
loss: 0.264189  [ 1440/ 1575]
Test Error: 
MSE: 2357.248650
RMSE: 48.551505
MAE: 6.504868
R^2: -6.369550789970517
loss: 0.149362  [    0/ 1575]
loss: 0.413296  [  160/ 1575]
loss: 0.421479  [  320/ 1575]
loss: 0.362422  [  480/ 1575]
loss: 0.129591  [  640/ 1575]
loss: 0.091306  [  800/ 1575]
loss: 0.107387  [  960/ 1575]
loss: 0.101253  [ 1120/ 1575]
loss: 0.208736  [ 1280/ 1575]
loss: 0.347699  [ 1440/ 1575]
Test Error: 
MSE: 943.752735
RMSE: 30.720559
MAE: 4.977806
R^2: -1.9504879387764356
loss: 0.124041  [    0/ 1575]
loss: 0.409805  [  160/ 1575]
loss: 0.613983  [  320/ 1575]
loss: 0.562556  [  480/ 1575]
loss: 0.153008  [  640/ 1575]
loss: 0.095923  [  800/ 1575]
loss: 0.240966  [  960/ 1575]
loss: 0.768891  [ 1120/ 1575]
loss: 0.647964  [ 1280/ 1575]
loss: 0.129911  [ 1440/ 1575]
Test Error: 
MSE: 1121.131851
RMSE: 33.483307
MAE: 5.226408
R^2: -2.50503461807318
loss: 0.122787  [    0/ 1575]
loss: 0.043293  [  160/ 1575]
loss: 0.330964  [  320/ 1575]
loss: 0.230218  [  480/ 1575]
loss: 0.282634  [  640/ 1575]
loss: 0.142626  [  800/ 1575]
loss: 0.214876  [  960/ 1575]
loss: 0.115828  [ 1120/ 1575]
loss: 0.167709  [ 1280/ 1575]
loss: 0.112443  [ 1440/ 1575]
Test Error: 
MSE: 745.062689
RMSE: 27.295836
MAE: 4.629404
R^2: -1.3293161402332458
Saved PyTorch Model State to dimension_models/model_objects/morgan_emotional_speech_set_valence_wav2vec2_large_ll60k_1664963600_BEST.pt
loss: 0.113523  [    0/ 1575]
loss: 0.125505  [  160/ 1575]
loss: 0.130009  [  320/ 1575]
loss: 0.934089  [  480/ 1575]
loss: 0.083204  [  640/ 1575]
loss: 0.248681  [  800/ 1575]
loss: 0.508194  [  960/ 1575]
loss: 0.115278  [ 1120/ 1575]
loss: 0.249742  [ 1280/ 1575]
loss: 0.068057  [ 1440/ 1575]
Test Error: 
MSE: 996.048832
RMSE: 31.560241
MAE: 5.073599
R^2: -2.113983098907871
loss: 0.053909  [    0/ 1575]
loss: 0.243107  [  160/ 1575]
loss: 0.224778  [  320/ 1575]
loss: 0.144149  [  480/ 1575]
loss: 0.057467  [  640/ 1575]
loss: 0.489483  [  800/ 1575]
loss: 0.305081  [  960/ 1575]
loss: 0.142461  [ 1120/ 1575]
loss: 0.655480  [ 1280/ 1575]
loss: 0.087023  [ 1440/ 1575]
Test Error: 
MSE: 8008.170511
RMSE: 89.488382
MAE: 9.268944
R^2: -24.036229977432363
loss: 0.739296  [    0/ 1575]
loss: 0.223837  [  160/ 1575]
loss: 0.390796  [  320/ 1575]
loss: 0.067752  [  480/ 1575]
loss: 0.250903  [  640/ 1575]
loss: 0.191631  [  800/ 1575]
loss: 0.098269  [  960/ 1575]
loss: 0.315802  [ 1120/ 1575]
loss: 0.086341  [ 1280/ 1575]
loss: 0.333382  [ 1440/ 1575]
Test Error: 
MSE: 6109.851430
RMSE: 78.165539
MAE: 8.610656
R^2: -18.101447117004255
loss: 0.615281  [    0/ 1575]
loss: 0.141226  [  160/ 1575]
loss: 0.067942  [  320/ 1575]
loss: 0.296279  [  480/ 1575]
loss: 0.054658  [  640/ 1575]
loss: 0.089221  [  800/ 1575]
loss: 0.882003  [  960/ 1575]
loss: 0.671621  [ 1120/ 1575]
loss: 0.181486  [ 1280/ 1575]
loss: 0.306612  [ 1440/ 1575]
Test Error: 
MSE: 848.628686
RMSE: 29.131232
MAE: 4.836676
R^2: -1.6530982211898162
loss: 0.072419  [    0/ 1575]
loss: 0.365157  [  160/ 1575]
loss: 0.128771  [  320/ 1575]
loss: 0.066169  [  480/ 1575]
loss: 0.353935  [  640/ 1575]
loss: 0.479699  [  800/ 1575]
loss: 0.191145  [  960/ 1575]
loss: 0.042324  [ 1120/ 1575]
loss: 0.759522  [ 1280/ 1575]
loss: 1.493157  [ 1440/ 1575]
Test Error: 
MSE: 12800.064942
RMSE: 113.137372
MAE: 10.510709
R^2: -39.01730097675182
loss: 1.262188  [    0/ 1575]
loss: 0.046355  [  160/ 1575]
loss: 1.023627  [  320/ 1575]
loss: 0.451839  [  480/ 1575]
loss: 0.394362  [  640/ 1575]
loss: 0.189635  [  800/ 1575]
loss: 0.046207  [  960/ 1575]
loss: 0.309972  [ 1120/ 1575]
loss: 0.404575  [ 1280/ 1575]
loss: 0.081140  [ 1440/ 1575]
Test Error: 
MSE: 2648.063358
RMSE: 51.459337
MAE: 6.797017
R^2: -7.278735216585805
loss: 0.159645  [    0/ 1575]
loss: 0.072278  [  160/ 1575]
loss: 0.348890  [  320/ 1575]
loss: 0.081512  [  480/ 1575]
loss: 0.088483  [  640/ 1575]
loss: 0.087010  [  800/ 1575]
loss: 0.161466  [  960/ 1575]
loss: 0.065500  [ 1120/ 1575]
loss: 0.317963  [ 1280/ 1575]
loss: 0.528296  [ 1440/ 1575]
Test Error: 
MSE: 4652.855614
RMSE: 68.211844
MAE: 8.000527
R^2: -13.546388973052178
loss: 0.462506  [    0/ 1575]
loss: 0.502971  [  160/ 1575]
loss: 0.565258  [  320/ 1575]
loss: 0.169020  [  480/ 1575]
loss: 0.204451  [  640/ 1575]
loss: 0.300165  [  800/ 1575]
loss: 0.871062  [  960/ 1575]
loss: 0.257759  [ 1120/ 1575]
loss: 0.033569  [ 1280/ 1575]
loss: 0.898840  [ 1440/ 1575]
Test Error: 
MSE: 25056.139742
RMSE: 158.291313
MAE: 12.510128
R^2: -77.33390611106091
loss: 2.195205  [    0/ 1575]
loss: 1.271591  [  160/ 1575]
loss: 0.373089  [  320/ 1575]
loss: 0.478545  [  480/ 1575]
loss: 0.220027  [  640/ 1575]
loss: 0.480803  [  800/ 1575]
loss: 0.052563  [  960/ 1575]
loss: 0.873631  [ 1120/ 1575]
loss: 0.444594  [ 1280/ 1575]
loss: 1.898353  [ 1440/ 1575]
Test Error: 
MSE: 4621.043411
RMSE: 67.978257
MAE: 7.995842
R^2: -13.446933342619115
loss: 0.522483  [    0/ 1575]
loss: 1.426385  [  160/ 1575]
loss: 0.478985  [  320/ 1575]
loss: 0.516672  [  480/ 1575]
loss: 1.022311  [  640/ 1575]
loss: 0.098378  [  800/ 1575]
loss: 1.188525  [  960/ 1575]
loss: 3.153513  [ 1120/ 1575]
loss: 1.593321  [ 1280/ 1575]
loss: 3.237102  [ 1440/ 1575]
Test Error: 
MSE: 1869.343144
RMSE: 43.235901
MAE: 6.155315
R^2: -4.844194351474032
loss: 0.191702  [    0/ 1575]
loss: 11.242317  [  160/ 1575]
loss: 17.295468  [  320/ 1575]
loss: 3.996430  [  480/ 1575]
loss: 0.329761  [  640/ 1575]
loss: 0.128854  [  800/ 1575]
loss: 0.972100  [  960/ 1575]
loss: 3.250557  [ 1120/ 1575]
loss: 5.682718  [ 1280/ 1575]
loss: 10.542660  [ 1440/ 1575]
Test Error: 
MSE: 430684.081537
RMSE: 656.265252
MAE: 25.605642
R^2: -1345.463052741981
loss: 42.948741  [    0/ 1575]
loss: 112.466542  [  160/ 1575]
loss: 196.706024  [  320/ 1575]
loss: 280.263167  [  480/ 1575]
loss: 186.134221  [  640/ 1575]
loss: 7.915595  [  800/ 1575]
loss: 93.841319  [  960/ 1575]
loss: 10.216605  [ 1120/ 1575]
loss: 10.356618  [ 1280/ 1575]
loss: 8.870606  [ 1440/ 1575]
Test Error: 
MSE: 35784.980384
RMSE: 189.169185
MAE: 13.702884
R^2: -110.87586445712543
loss: 3.765300  [    0/ 1575]
loss: 0.840965  [  160/ 1575]
loss: 0.333726  [  320/ 1575]
loss: 4.862491  [  480/ 1575]
loss: 1.699144  [  640/ 1575]
loss: 0.279612  [  800/ 1575]
loss: 0.216261  [  960/ 1575]
loss: 0.850911  [ 1120/ 1575]
loss: 1.027573  [ 1280/ 1575]
loss: 1.425250  [ 1440/ 1575]
Test Error: 
MSE: 1628.122245
RMSE: 40.349997
MAE: 5.930639
R^2: -4.090056823153298
loss: 0.154668  [    0/ 1575]
loss: 0.186632  [  160/ 1575]
loss: 0.201992  [  320/ 1575]
loss: 5.216050  [  480/ 1575]
loss: 5.566263  [  640/ 1575]
loss: 4.324292  [  800/ 1575]
loss: 9.515428  [  960/ 1575]
loss: 22.984538  [ 1120/ 1575]
loss: 180.524159  [ 1280/ 1575]
loss: 613.360207  [ 1440/ 1575]
Test Error: 
MSE: 10366481.148956
RMSE: 3219.702028
MAE: 56.730774
R^2: -32408.100898779605
loss: 1035.685548  [    0/ 1575]
loss: 100.680068  [  160/ 1575]
loss: 6.723826  [  320/ 1575]
loss: 3.939393  [  480/ 1575]
loss: 8.851211  [  640/ 1575]
loss: 13.528886  [  800/ 1575]
loss: 9.580585  [  960/ 1575]
loss: 12.080424  [ 1120/ 1575]
loss: 7.620960  [ 1280/ 1575]
loss: 4.625692  [ 1440/ 1575]
Test Error: 
MSE: 6742.444945
RMSE: 82.112392
MAE: 8.852410
R^2: -20.079146857320715
loss: 0.737037  [    0/ 1575]
loss: 0.079199  [  160/ 1575]
loss: 0.126400  [  320/ 1575]
loss: 0.496750  [  480/ 1575]
loss: 0.963304  [  640/ 1575]
loss: 2.251921  [  800/ 1575]
loss: 3.623465  [  960/ 1575]
loss: 2.677608  [ 1120/ 1575]
loss: 0.295101  [ 1280/ 1575]
loss: 0.149029  [ 1440/ 1575]
Test Error: 
MSE: 3932.666786
RMSE: 62.710978
MAE: 7.622575
R^2: -11.294836871938308
loss: 0.391386  [    0/ 1575]
loss: 0.581012  [  160/ 1575]
loss: 0.763662  [  320/ 1575]
loss: 0.103075  [  480/ 1575]
loss: 0.106119  [  640/ 1575]
loss: 0.181455  [  800/ 1575]
loss: 0.158003  [  960/ 1575]
loss: 0.065384  [ 1120/ 1575]
loss: 0.217740  [ 1280/ 1575]
loss: 0.645610  [ 1440/ 1575]
Test Error: 
MSE: 4349.947960
RMSE: 65.954135
MAE: 7.879211
R^2: -12.599397936916295
loss: 0.472555  [    0/ 1575]
loss: 0.351053  [  160/ 1575]
loss: 0.103633  [  320/ 1575]
loss: 0.552281  [  480/ 1575]
loss: 1.295870  [  640/ 1575]
loss: 0.437002  [  800/ 1575]
loss: 0.485565  [  960/ 1575]
loss: 0.257146  [ 1120/ 1575]
loss: 2.800769  [ 1280/ 1575]
loss: 1.681045  [ 1440/ 1575]
Test Error: 
MSE: 6926.029496
RMSE: 83.222770
MAE: 8.956386
R^2: -20.65309380817615
loss: 0.668731  [    0/ 1575]
loss: 0.868006  [  160/ 1575]
loss: 1.521206  [  320/ 1575]
loss: 0.315372  [  480/ 1575]
loss: 0.567051  [  640/ 1575]
loss: 0.068832  [  800/ 1575]
loss: 1.448844  [  960/ 1575]
loss: 0.413355  [ 1120/ 1575]
loss: 9.203380  [ 1280/ 1575]
loss: 1.745798  [ 1440/ 1575]
Test Error: 
MSE: 3397.195469
RMSE: 58.285465
MAE: 7.363186
R^2: -9.620773736506889
loss: 0.301574  [    0/ 1575]
loss: 1.192359  [  160/ 1575]
loss: 1.041948  [  320/ 1575]
loss: 0.040025  [  480/ 1575]
loss: 0.695279  [  640/ 1575]
loss: 0.146321  [  800/ 1575]
loss: 2.012856  [  960/ 1575]
loss: 3.427565  [ 1120/ 1575]
loss: 0.096756  [ 1280/ 1575]
loss: 1.902034  [ 1440/ 1575]
Test Error: 
MSE: 17910.397166
RMSE: 133.829732
MAE: 11.485760
R^2: -54.99391544216087
loss: 1.583065  [    0/ 1575]
loss: 0.274311  [  160/ 1575]
loss: 2.150376  [  320/ 1575]
loss: 5.316287  [  480/ 1575]
loss: 6.677121  [  640/ 1575]
loss: 42.846357  [  800/ 1575]
loss: 155.068044  [  960/ 1575]
loss: 381.487436  [ 1120/ 1575]
loss: 341.993829  [ 1280/ 1575]
loss: 92.296775  [ 1440/ 1575]
Test Error: 
MSE: 722463.633088
RMSE: 849.978607
MAE: 29.145586
R^2: -2257.66390378947
loss: 71.376712  [    0/ 1575]
loss: 83.916078  [  160/ 1575]
loss: 58.530251  [  320/ 1575]
loss: 14.345413  [  480/ 1575]
loss: 0.205808  [  640/ 1575]
loss: 3.091152  [  800/ 1575]
loss: 3.824508  [  960/ 1575]
loss: 6.507229  [ 1120/ 1575]
loss: 3.852343  [ 1280/ 1575]
loss: 1.188706  [ 1440/ 1575]
Test Error: 
MSE: 670.640849
RMSE: 25.896734
MAE: 4.477653
R^2: -1.09664847836576
Saved PyTorch Model State to dimension_models/model_objects/morgan_emotional_speech_set_valence_wav2vec2_large_ll60k_1664963600_BEST.pt
loss: 0.076850  [    0/ 1575]
loss: 0.060960  [  160/ 1575]
loss: 0.467939  [  320/ 1575]
loss: 2.558290  [  480/ 1575]
loss: 1.237726  [  640/ 1575]
loss: 0.775683  [  800/ 1575]
loss: 0.105294  [  960/ 1575]
loss: 0.050817  [ 1120/ 1575]
loss: 0.525376  [ 1280/ 1575]
loss: 1.030014  [ 1440/ 1575]
Test Error: 
MSE: 5314.511511
RMSE: 72.900696
MAE: 8.314149
R^2: -15.614947473927483
loss: 0.684017  [    0/ 1575]
loss: 0.845792  [  160/ 1575]
loss: 2.352704  [  320/ 1575]
loss: 0.410641  [  480/ 1575]
loss: 0.579428  [  640/ 1575]
loss: 0.589633  [  800/ 1575]
loss: 0.471873  [  960/ 1575]
loss: 0.154604  [ 1120/ 1575]
loss: 0.075179  [ 1280/ 1575]
loss: 1.102941  [ 1440/ 1575]
Test Error: 
MSE: 569.563435
RMSE: 23.865528
MAE: 4.297398
R^2: -0.7806465426881557
Saved PyTorch Model State to dimension_models/model_objects/morgan_emotional_speech_set_valence_wav2vec2_large_ll60k_1664963600_BEST.pt
loss: 0.057413  [    0/ 1575]
loss: 2.847992  [  160/ 1575]
loss: 0.770240  [  320/ 1575]
loss: 0.723177  [  480/ 1575]
loss: 1.537792  [  640/ 1575]
loss: 0.467546  [  800/ 1575]
loss: 3.999400  [  960/ 1575]
loss: 0.081230  [ 1120/ 1575]
loss: 9.396674  [ 1280/ 1575]
loss: 13.485019  [ 1440/ 1575]
Test Error: 
MSE: 43661.934223
RMSE: 208.954383
MAE: 14.418731
R^2: -135.50186705835586
loss: 4.298274  [    0/ 1575]
loss: 1.045376  [  160/ 1575]
loss: 0.619533  [  320/ 1575]
loss: 2.145054  [  480/ 1575]
loss: 8.720296  [  640/ 1575]
loss: 21.388680  [  800/ 1575]
loss: 54.897806  [  960/ 1575]
loss: 82.347033  [ 1120/ 1575]
loss: 139.387280  [ 1280/ 1575]
loss: 334.615688  [ 1440/ 1575]
Test Error: 
MSE: 1328844.510646
RMSE: 1152.755182
MAE: 33.898622
R^2: -4153.414135856995
loss: 134.268906  [    0/ 1575]
loss: 84.171799  [  160/ 1575]
loss: 5.768734  [  320/ 1575]
loss: 1.434182  [  480/ 1575]
loss: 14.543925  [  640/ 1575]
loss: 16.266768  [  800/ 1575]
loss: 6.425539  [  960/ 1575]
loss: 0.248019  [ 1120/ 1575]
loss: 0.549918  [ 1280/ 1575]
loss: 0.339425  [ 1440/ 1575]
Test Error: 
MSE: 26694.813313
RMSE: 163.385475
MAE: 12.719897
R^2: -82.45694992421488
loss: 2.623368  [    0/ 1575]
loss: 1.740443  [  160/ 1575]
loss: 0.848377  [  320/ 1575]
loss: 0.212134  [  480/ 1575]
loss: 0.139570  [  640/ 1575]
loss: 0.062253  [  800/ 1575]
loss: 0.311081  [  960/ 1575]
loss: 1.334786  [ 1120/ 1575]
loss: 0.107236  [ 1280/ 1575]
loss: 1.663568  [ 1440/ 1575]
Test Error: 
MSE: 6388.099795
RMSE: 79.925589
MAE: 8.770879
R^2: -18.971344937059786
loss: 0.520465  [    0/ 1575]
loss: 0.913545  [  160/ 1575]
loss: 1.781081  [  320/ 1575]
loss: 2.399080  [  480/ 1575]
loss: 0.083375  [  640/ 1575]
loss: 1.003711  [  800/ 1575]
loss: 0.072971  [  960/ 1575]
loss: 1.122651  [ 1120/ 1575]
loss: 0.370933  [ 1280/ 1575]
loss: 4.688490  [ 1440/ 1575]
Test Error: 
MSE: 66874.881339
RMSE: 258.601781
MAE: 16.043816
R^2: -208.0733341217679
loss: 6.780770  [    0/ 1575]
loss: 2.479031  [  160/ 1575]
loss: 3.108079  [  320/ 1575]
loss: 2.857339  [  480/ 1575]
loss: 0.056970  [  640/ 1575]
loss: 2.337829  [  800/ 1575]
loss: 4.275679  [  960/ 1575]
loss: 12.603643  [ 1120/ 1575]
loss: 44.837510  [ 1280/ 1575]
loss: 120.738743  [ 1440/ 1575]
Test Error: 
MSE: 2115384.266745
RMSE: 1454.436065
MAE: 38.133746
R^2: -6612.401515473322
loss: 210.104217  [    0/ 1575]
loss: 126.433311  [  160/ 1575]
loss: 0.704739  [  320/ 1575]
loss: 29.278841  [  480/ 1575]
loss: 7.093858  [  640/ 1575]
loss: 0.170862  [  800/ 1575]
loss: 3.323967  [  960/ 1575]
loss: 1.553769  [ 1120/ 1575]
loss: 0.093317  [ 1280/ 1575]
loss: 0.137678  [ 1440/ 1575]
Test Error: 
MSE: 9801.303888
RMSE: 99.001535
MAE: 9.833858
R^2: -29.642167006300348
loss: 1.005816  [    0/ 1575]
loss: 0.979485  [  160/ 1575]
loss: 0.414719  [  320/ 1575]
loss: 0.173157  [  480/ 1575]
loss: 0.334134  [  640/ 1575]
loss: 2.911459  [  800/ 1575]
loss: 0.131605  [  960/ 1575]
loss: 0.060042  [ 1120/ 1575]
loss: 0.108958  [ 1280/ 1575]
loss: 1.588014  [ 1440/ 1575]
Test Error: 
MSE: 16803.552804
RMSE: 129.628518
MAE: 11.317752
R^2: -51.53354831339124
loss: 1.680763  [    0/ 1575]
loss: 10.845507  [  160/ 1575]
loss: 7.700064  [  320/ 1575]
loss: 1.421971  [  480/ 1575]
loss: 0.520623  [  640/ 1575]
loss: 11.775613  [  800/ 1575]
loss: 9.271171  [  960/ 1575]
loss: 0.918471  [ 1120/ 1575]
loss: 0.084918  [ 1280/ 1575]
loss: 0.746099  [ 1440/ 1575]
Test Error: 
MSE: 229728.552394
RMSE: 479.300065
MAE: 21.873189
R^2: -717.2085923753059
loss: 23.550454  [    0/ 1575]
loss: 127.770640  [  160/ 1575]
loss: 84.532762  [  320/ 1575]
loss: 48.475982  [  480/ 1575]
loss: 0.918371  [  640/ 1575]
loss: 9.280273  [  800/ 1575]
loss: 0.070404  [  960/ 1575]
loss: 7.336730  [ 1120/ 1575]
loss: 1.020609  [ 1280/ 1575]
loss: 2.706964  [ 1440/ 1575]
Test Error: 
MSE: 6096.879593
RMSE: 78.082518
MAE: 8.681039
R^2: -18.060892798992178
loss: 0.594943  [    0/ 1575]
loss: 0.305458  [  160/ 1575]
loss: 1.053281  [  320/ 1575]
loss: 1.823367  [  480/ 1575]
loss: 0.272410  [  640/ 1575]
loss: 3.233472  [  800/ 1575]
loss: 10.357499  [  960/ 1575]
loss: 8.924443  [ 1120/ 1575]
loss: 4.616534  [ 1280/ 1575]
loss: 0.193278  [ 1440/ 1575]
Test Error: 
MSE: 24656.075500
RMSE: 157.022532
MAE: 12.421289
R^2: -76.0831709579967
loss: 2.739336  [    0/ 1575]
loss: 2.756263  [  160/ 1575]
loss: 58.343030  [  320/ 1575]
loss: 277.855972  [  480/ 1575]
loss: 237.164746  [  640/ 1575]
loss: 10.974303  [  800/ 1575]
loss: 3.750936  [  960/ 1575]
loss: 21.791743  [ 1120/ 1575]
loss: 24.197121  [ 1280/ 1575]
loss: 12.830731  [ 1440/ 1575]
Test Error: 
MSE: 12364.207240
RMSE: 111.194457
MAE: 10.328872
R^2: -37.654663450729
loss: 1.518816  [    0/ 1575]
loss: 1.623110  [  160/ 1575]
loss: 1.570020  [  320/ 1575]
loss: 0.084052  [  480/ 1575]
loss: 0.259936  [  640/ 1575]
loss: 0.340836  [  800/ 1575]
loss: 0.606056  [  960/ 1575]
loss: 1.730593  [ 1120/ 1575]
loss: 1.886916  [ 1280/ 1575]
loss: 0.284076  [ 1440/ 1575]
Test Error: 
MSE: 8283.009057
RMSE: 91.011038
MAE: 9.447220
R^2: -24.895467558482355
loss: 0.815390  [    0/ 1575]
loss: 1.030448  [  160/ 1575]
loss: 0.083494  [  320/ 1575]
loss: 0.406307  [  480/ 1575]
loss: 0.263463  [  640/ 1575]
loss: 0.061506  [  800/ 1575]
loss: 0.436797  [  960/ 1575]
loss: 0.062415  [ 1120/ 1575]
loss: 0.095706  [ 1280/ 1575]
loss: 0.018363  [ 1440/ 1575]
Test Error: 
MSE: 5861.652803
RMSE: 76.561432
MAE: 8.634342
R^2: -17.325494870378307
loss: 0.558310  [    0/ 1575]
loss: 0.031435  [  160/ 1575]
loss: 0.072844  [  320/ 1575]
loss: 0.562462  [  480/ 1575]
loss: 0.104440  [  640/ 1575]
loss: 1.636507  [  800/ 1575]
loss: 1.361097  [  960/ 1575]
loss: 4.543965  [ 1120/ 1575]
loss: 0.052770  [ 1280/ 1575]
loss: 0.096687  [ 1440/ 1575]
Test Error: 
MSE: 7186.303858
RMSE: 84.772070
MAE: 9.110664
R^2: -21.466798856154114
loss: 0.810375  [    0/ 1575]
loss: 5.648291  [  160/ 1575]
loss: 2.286852  [  320/ 1575]
loss: 0.218390  [  480/ 1575]
loss: 2.190727  [  640/ 1575]
loss: 1.558152  [  800/ 1575]
loss: 1.170516  [  960/ 1575]
loss: 0.614106  [ 1120/ 1575]
loss: 4.139364  [ 1280/ 1575]
loss: 15.507161  [ 1440/ 1575]
Test Error: 
MSE: 292318.671041
RMSE: 540.665027
MAE: 23.220177
R^2: -912.8863195937695
loss: 27.851597  [    0/ 1575]
loss: 77.523156  [  160/ 1575]
loss: 184.405560  [  320/ 1575]
loss: 46.972361  [  480/ 1575]
loss: 80.593649  [  640/ 1575]
loss: 2.747285  [  800/ 1575]
loss: 24.429304  [  960/ 1575]
loss: 24.145459  [ 1120/ 1575]
loss: 4.967763  [ 1280/ 1575]
loss: 0.089549  [ 1440/ 1575]
Test Error: 
MSE: 1259.035269
RMSE: 35.482887
MAE: 5.525244
R^2: -2.9361670075110604
loss: 0.134856  [    0/ 1575]
loss: 4.286502  [  160/ 1575]
loss: 2.201865  [  320/ 1575]
loss: 0.998015  [  480/ 1575]
loss: 0.024606  [  640/ 1575]
loss: 1.873535  [  800/ 1575]
loss: 0.382546  [  960/ 1575]
loss: 0.224955  [ 1120/ 1575]
loss: 0.912057  [ 1280/ 1575]
loss: 0.060421  [ 1440/ 1575]
Test Error: 
MSE: 8864.122913
RMSE: 94.149471
MAE: 9.630771
R^2: -26.712224596442155
loss: 0.926787  [    0/ 1575]
loss: 0.042095  [  160/ 1575]
loss: 0.275273  [  320/ 1575]
loss: 1.085063  [  480/ 1575]
loss: 0.391518  [  640/ 1575]
loss: 0.159969  [  800/ 1575]
loss: 0.793185  [  960/ 1575]
loss: 0.616840  [ 1120/ 1575]
loss: 0.373772  [ 1280/ 1575]
loss: 0.502228  [ 1440/ 1575]
Test Error: 
MSE: 2380.918665
RMSE: 48.794658
MAE: 6.740736
R^2: -6.443551205674886
loss: 0.225208  [    0/ 1575]
loss: 0.039464  [  160/ 1575]
loss: 0.039736  [  320/ 1575]
loss: 0.035166  [  480/ 1575]
loss: 0.551074  [  640/ 1575]
loss: 0.073838  [  800/ 1575]
loss: 0.990712  [  960/ 1575]
loss: 0.830198  [ 1120/ 1575]
loss: 0.342806  [ 1280/ 1575]
loss: 0.040507  [ 1440/ 1575]
Test Error: 
MSE: 890.933953
RMSE: 29.848517
MAE: 5.134821
R^2: -1.785358692325302
loss: 0.092218  [    0/ 1575]
loss: 2.416094  [  160/ 1575]
loss: 17.052046  [  320/ 1575]
loss: 63.165992  [  480/ 1575]
loss: 143.982072  [  640/ 1575]
loss: 74.142897  [  800/ 1575]
loss: 2.936530  [  960/ 1575]
loss: 0.982043  [ 1120/ 1575]
loss: 0.900595  [ 1280/ 1575]
loss: 0.412089  [ 1440/ 1575]
Test Error: 
MSE: 37755.960496
RMSE: 194.308931
MAE: 13.892493
R^2: -117.0378100993745
loss: 4.035393  [    0/ 1575]
loss: 0.721819  [  160/ 1575]
loss: 1.180866  [  320/ 1575]
loss: 2.056358  [  480/ 1575]
loss: 0.685179  [  640/ 1575]
loss: 1.470373  [  800/ 1575]
loss: 0.235321  [  960/ 1575]
loss: 1.259990  [ 1120/ 1575]
loss: 0.105141  [ 1280/ 1575]
loss: 0.024065  [ 1440/ 1575]
Test Error: 
MSE: 1955.449521
RMSE: 44.220465
MAE: 6.436653
R^2: -5.1133917988215645
loss: 0.194832  [    0/ 1575]
loss: 0.058518  [  160/ 1575]
loss: 0.452827  [  320/ 1575]
loss: 0.033529  [  480/ 1575]
loss: 0.136471  [  640/ 1575]
loss: 0.114768  [  800/ 1575]
loss: 4.857428  [  960/ 1575]
loss: 6.097413  [ 1120/ 1575]
loss: 0.017728  [ 1280/ 1575]
loss: 5.500507  [ 1440/ 1575]
Test Error: 
MSE: 70912.448744
RMSE: 266.293914
MAE: 16.298196
R^2: -220.69612555002246
loss: 7.067335  [    0/ 1575]
loss: 1.273220  [  160/ 1575]
loss: 4.500342  [  320/ 1575]
loss: 16.336079  [  480/ 1575]
loss: 9.057560  [  640/ 1575]
loss: 3.618818  [  800/ 1575]
loss: 0.264260  [  960/ 1575]
loss: 9.560972  [ 1120/ 1575]
loss: 13.611832  [ 1280/ 1575]
loss: 11.221635  [ 1440/ 1575]
Test Error: 
MSE: 62064.828184
RMSE: 249.128136
MAE: 15.750306
R^2: -193.0354928510386
loss: 6.211214  [    0/ 1575]
loss: 1.810994  [  160/ 1575]
loss: 1.195601  [  320/ 1575]
loss: 1.068207  [  480/ 1575]
loss: 9.823472  [  640/ 1575]
loss: 51.461513  [  800/ 1575]
loss: 170.805843  [  960/ 1575]
loss: 108.471440  [ 1120/ 1575]
loss: 0.170061  [ 1280/ 1575]
loss: 10.857933  [ 1440/ 1575]
Test Error: 
MSE: 170940.115218
RMSE: 413.449048
MAE: 20.294840
R^2: -533.4161979507094
loss: 17.778703  [    0/ 1575]
loss: 3.348081  [  160/ 1575]
loss: 0.227364  [  320/ 1575]
loss: 0.639577  [  480/ 1575]
loss: 0.963741  [  640/ 1575]
loss: 1.886240  [  800/ 1575]
loss: 1.404936  [  960/ 1575]
loss: 0.155800  [ 1120/ 1575]
loss: 0.138596  [ 1280/ 1575]
loss: 0.149731  [ 1440/ 1575]
Test Error: 
MSE: 2586.770369
RMSE: 50.860302
MAE: 6.968855
R^2: -7.087112751020268
loss: 0.247921  [    0/ 1575]
loss: 0.200981  [  160/ 1575]
loss: 0.052627  [  320/ 1575]
loss: 0.152385  [  480/ 1575]
loss: 0.310067  [  640/ 1575]
loss: 0.033934  [  800/ 1575]
loss: 0.016407  [  960/ 1575]
loss: 0.168966  [ 1120/ 1575]
loss: 0.143860  [ 1280/ 1575]
loss: 0.031981  [ 1440/ 1575]
Test Error: 
MSE: 529.976747
RMSE: 23.021224
MAE: 4.433856
R^2: -0.656885265939281
Saved PyTorch Model State to dimension_models/model_objects/morgan_emotional_speech_set_valence_wav2vec2_large_ll60k_1664963600_BEST.pt
loss: 0.045211  [    0/ 1575]
loss: 0.177182  [  160/ 1575]
loss: 0.037473  [  320/ 1575]
loss: 0.036047  [  480/ 1575]
loss: 0.050896  [  640/ 1575]
loss: 0.184330  [  800/ 1575]
loss: 1.307474  [  960/ 1575]
loss: 1.305359  [ 1120/ 1575]
loss: 0.122382  [ 1280/ 1575]
loss: 0.387789  [ 1440/ 1575]
Test Error: 
MSE: 1574.478941
RMSE: 39.679704
MAE: 6.060643
R^2: -3.9223498451181023
loss: 0.136989  [    0/ 1575]
loss: 0.464155  [  160/ 1575]
loss: 0.041715  [  320/ 1575]
loss: 0.093456  [  480/ 1575]
loss: 0.282869  [  640/ 1575]
loss: 0.170089  [  800/ 1575]
loss: 0.021606  [  960/ 1575]
loss: 0.026480  [ 1120/ 1575]
loss: 0.448547  [ 1280/ 1575]
loss: 1.852623  [ 1440/ 1575]
Test Error: 
MSE: 45368.007076
RMSE: 212.997669
MAE: 14.566707
R^2: -140.83562365684963
loss: 4.321629  [    0/ 1575]
loss: 9.262682  [  160/ 1575]
loss: 100.737491  [  320/ 1575]
loss: 338.592234  [  480/ 1575]
loss: 41.128389  [  640/ 1575]
loss: 28.128015  [  800/ 1575]
loss: 3.508165  [  960/ 1575]
loss: 1.139201  [ 1120/ 1575]
loss: 11.279072  [ 1280/ 1575]
loss: 8.040994  [ 1440/ 1575]
Test Error: 
MSE: 2235.100079
RMSE: 47.276845
MAE: 6.446937
R^2: -5.987673341161849
loss: 0.213296  [    0/ 1575]
loss: 2.185120  [  160/ 1575]
loss: 0.776239  [  320/ 1575]
loss: 0.036772  [  480/ 1575]
loss: 0.198506  [  640/ 1575]
loss: 0.284612  [  800/ 1575]
loss: 0.059091  [  960/ 1575]
loss: 0.071732  [ 1120/ 1575]
loss: 0.019407  [ 1280/ 1575]
loss: 0.058403  [ 1440/ 1575]
Test Error: 
MSE: 279.416054
RMSE: 16.715743
MAE: 3.653058
R^2: 0.12645159451819066
Saved PyTorch Model State to dimension_models/model_objects/morgan_emotional_speech_set_valence_wav2vec2_large_ll60k_1664963600_BEST.pt
loss: 0.048307  [    0/ 1575]
loss: 0.018368  [  160/ 1575]
loss: 0.039402  [  320/ 1575]
loss: 0.030369  [  480/ 1575]
loss: 0.358006  [  640/ 1575]
loss: 0.125775  [  800/ 1575]
loss: 0.073322  [  960/ 1575]
loss: 0.034585  [ 1120/ 1575]
loss: 0.086253  [ 1280/ 1575]
loss: 0.046318  [ 1440/ 1575]
Test Error: 
MSE: 536.993336
RMSE: 23.173117
MAE: 4.409811
R^2: -0.6788214780530428
loss: 0.040394  [    0/ 1575]
loss: 0.016182  [  160/ 1575]
loss: 0.036507  [  320/ 1575]
loss: 0.022243  [  480/ 1575]
loss: 0.015295  [  640/ 1575]
loss: 0.104886  [  800/ 1575]
loss: 0.150528  [  960/ 1575]
loss: 0.069755  [ 1120/ 1575]
loss: 0.100617  [ 1280/ 1575]
loss: 0.098001  [ 1440/ 1575]
Test Error: 
MSE: 242.391996
RMSE: 15.568943
MAE: 3.545001
R^2: 0.24220123198358579
Saved PyTorch Model State to dimension_models/model_objects/morgan_emotional_speech_set_valence_wav2vec2_large_ll60k_1664963600_BEST.pt
loss: 0.026472  [    0/ 1575]
loss: 0.011860  [  160/ 1575]
loss: 0.056764  [  320/ 1575]
loss: 0.073405  [  480/ 1575]
loss: 0.063504  [  640/ 1575]
loss: 0.054795  [  800/ 1575]
loss: 0.058294  [  960/ 1575]
loss: 0.017751  [ 1120/ 1575]
loss: 0.049429  [ 1280/ 1575]
loss: 0.131532  [ 1440/ 1575]
Test Error: 
MSE: 1236.001476
RMSE: 35.156813
MAE: 5.698245
R^2: -2.864155633860137
loss: 0.155079  [    0/ 1575]
loss: 0.028806  [  160/ 1575]
loss: 0.025618  [  320/ 1575]
loss: 0.019538  [  480/ 1575]
loss: 0.020283  [  640/ 1575]
loss: 0.096995  [  800/ 1575]
loss: 0.263756  [  960/ 1575]
loss: 0.074638  [ 1120/ 1575]
loss: 0.113525  [ 1280/ 1575]
loss: 0.347545  [ 1440/ 1575]
Test Error: 
MSE: 1508.049545
RMSE: 38.833614
MAE: 6.028938
R^2: -3.714669247065846
loss: 0.167334  [    0/ 1575]
loss: 0.021341  [  160/ 1575]
loss: 0.119611  [  320/ 1575]
loss: 0.361337  [  480/ 1575]
loss: 1.022874  [  640/ 1575]
loss: 0.617237  [  800/ 1575]
loss: 0.192424  [  960/ 1575]
loss: 1.093237  [ 1120/ 1575]
loss: 0.282846  [ 1280/ 1575]
loss: 0.505467  [ 1440/ 1575]
Test Error: 
MSE: 4947.492273
RMSE: 70.338413
MAE: 8.302857
R^2: -14.467522100496272
loss: 0.499167  [    0/ 1575]
loss: 0.239586  [  160/ 1575]
loss: 0.313192  [  320/ 1575]
loss: 0.120319  [  480/ 1575]
loss: 0.052534  [  640/ 1575]
loss: 0.137676  [  800/ 1575]
loss: 0.459823  [  960/ 1575]
loss: 0.016620  [ 1120/ 1575]
loss: 0.175487  [ 1280/ 1575]
loss: 0.297686  [ 1440/ 1575]
Test Error: 
MSE: 690.771250
RMSE: 26.282527
MAE: 4.770503
R^2: -1.1595828731725613
loss: 0.045579  [    0/ 1575]
loss: 2.351913  [  160/ 1575]
loss: 0.040123  [  320/ 1575]
loss: 3.570408  [  480/ 1575]
loss: 3.256902  [  640/ 1575]
loss: 1.058678  [  800/ 1575]
loss: 0.235927  [  960/ 1575]
loss: 3.827205  [ 1120/ 1575]
loss: 2.596833  [ 1280/ 1575]
loss: 0.015550  [ 1440/ 1575]
Test Error: 
MSE: 7614.530651
RMSE: 87.261278
MAE: 9.281671
R^2: -22.805579601376554
loss: 0.799628  [    0/ 1575]
loss: 0.712070  [  160/ 1575]
loss: 2.223930  [  320/ 1575]
loss: 8.990007  [  480/ 1575]
loss: 22.078129  [  640/ 1575]
loss: 59.101209  [  800/ 1575]
loss: 50.154939  [  960/ 1575]
loss: 1.576820  [ 1120/ 1575]
loss: 9.321691  [ 1280/ 1575]
loss: 4.932530  [ 1440/ 1575]
Test Error: 
MSE: 1148.540237
RMSE: 33.890120
MAE: 5.343902
R^2: -2.590722433984721
loss: 0.139050  [    0/ 1575]
loss: 4.561329  [  160/ 1575]
loss: 6.068912  [  320/ 1575]
loss: 1.293601  [  480/ 1575]
loss: 1.118467  [  640/ 1575]
loss: 2.273132  [  800/ 1575]
loss: 0.505871  [  960/ 1575]
loss: 0.323492  [ 1120/ 1575]
loss: 0.356260  [ 1280/ 1575]
loss: 0.051667  [ 1440/ 1575]
Test Error: 
MSE: 2923.056770
RMSE: 54.065301
MAE: 7.206577
R^2: -8.138456959750961
loss: 0.318868  [    0/ 1575]
loss: 0.088379  [  160/ 1575]
loss: 0.160291  [  320/ 1575]
loss: 0.364220  [  480/ 1575]
loss: 0.213276  [  640/ 1575]
loss: 0.243141  [  800/ 1575]
loss: 0.020962  [  960/ 1575]
loss: 0.123204  [ 1120/ 1575]
loss: 0.473842  [ 1280/ 1575]
loss: 2.385023  [ 1440/ 1575]
Test Error: 
MSE: 4604.461337
RMSE: 67.856181
MAE: 8.149079
R^2: -13.395092213354488
loss: 0.452618  [    0/ 1575]
loss: 1.502007  [  160/ 1575]
loss: 0.895149  [  320/ 1575]
loss: 0.044436  [  480/ 1575]
loss: 0.022321  [  640/ 1575]
loss: 0.061847  [  800/ 1575]
loss: 0.215481  [  960/ 1575]
loss: 0.683712  [ 1120/ 1575]
loss: 0.020446  [ 1280/ 1575]
loss: 1.092287  [ 1440/ 1575]
Test Error: 
MSE: 7601.066449
RMSE: 87.184095
MAE: 9.285386
R^2: -22.763485984359132
loss: 0.832049  [    0/ 1575]
loss: 4.356763  [  160/ 1575]
loss: 24.279864  [  320/ 1575]
loss: 74.238961  [  480/ 1575]
loss: 131.728060  [  640/ 1575]
loss: 5.819316  [  800/ 1575]
loss: 0.256096  [  960/ 1575]
loss: 0.344028  [ 1120/ 1575]
loss: 1.837556  [ 1280/ 1575]
loss: 5.097869  [ 1440/ 1575]
Test Error: 
MSE: 79845.712474
RMSE: 282.569836
MAE: 16.784995
R^2: -248.6245075581684
loss: 7.849201  [    0/ 1575]
loss: 6.771608  [  160/ 1575]
loss: 4.251601  [  320/ 1575]
loss: 2.512068  [  480/ 1575]
loss: 1.022296  [  640/ 1575]
loss: 0.263331  [  800/ 1575]
loss: 0.040616  [  960/ 1575]
loss: 0.140759  [ 1120/ 1575]
loss: 0.100648  [ 1280/ 1575]
loss: 0.272485  [ 1440/ 1575]
Test Error: 
MSE: 2333.016589
RMSE: 48.301310
MAE: 6.819207
R^2: -6.293793232187719
loss: 0.256697  [    0/ 1575]
loss: 0.105475  [  160/ 1575]
loss: 0.018568  [  320/ 1575]
loss: 0.031430  [  480/ 1575]
loss: 0.189813  [  640/ 1575]
loss: 0.109720  [  800/ 1575]
loss: 0.010394  [  960/ 1575]
loss: 0.036770  [ 1120/ 1575]
loss: 0.011498  [ 1280/ 1575]
loss: 0.070721  [ 1440/ 1575]
Test Error: 
MSE: 183.337205
RMSE: 13.540207
MAE: 3.299380
R^2: 0.4268263372386115
Saved PyTorch Model State to dimension_models/model_objects/morgan_emotional_speech_set_valence_wav2vec2_large_ll60k_1664963600_BEST.pt
loss: 0.018143  [    0/ 1575]
loss: 0.055365  [  160/ 1575]
loss: 0.058836  [  320/ 1575]
loss: 0.044956  [  480/ 1575]
loss: 0.298266  [  640/ 1575]
loss: 0.818807  [  800/ 1575]
loss: 0.610816  [  960/ 1575]
loss: 0.825269  [ 1120/ 1575]
loss: 0.706997  [ 1280/ 1575]
loss: 0.360603  [ 1440/ 1575]
Test Error: 
MSE: 793.013384
RMSE: 28.160493
MAE: 5.054121
R^2: -1.4792261153532031
loss: 0.071240  [    0/ 1575]
loss: 0.066525  [  160/ 1575]
loss: 0.012494  [  320/ 1575]
loss: 0.832316  [  480/ 1575]
loss: 0.524659  [  640/ 1575]
loss: 0.020074  [  800/ 1575]
loss: 0.160013  [  960/ 1575]
loss: 0.240213  [ 1120/ 1575]
loss: 0.062213  [ 1280/ 1575]
loss: 0.331084  [ 1440/ 1575]
Test Error: 
MSE: 4561.622016
RMSE: 67.539781
MAE: 8.142690
R^2: -13.261162111524621
loss: 0.427582  [    0/ 1575]
loss: 0.223920  [  160/ 1575]
loss: 0.210171  [  320/ 1575]
loss: 0.368544  [  480/ 1575]
loss: 0.081522  [  640/ 1575]
loss: 0.339999  [  800/ 1575]
loss: 0.176885  [  960/ 1575]
loss: 0.026051  [ 1120/ 1575]
loss: 0.047382  [ 1280/ 1575]
loss: 0.113969  [ 1440/ 1575]
Test Error: 
MSE: 2331.757321
RMSE: 48.288273
MAE: 6.834529
R^2: -6.289856335994968
loss: 0.257852  [    0/ 1575]
loss: 0.183016  [  160/ 1575]
loss: 0.198246  [  320/ 1575]
loss: 1.828150  [  480/ 1575]
loss: 0.241005  [  640/ 1575]
loss: 0.445474  [  800/ 1575]
loss: 0.044194  [  960/ 1575]
loss: 0.211335  [ 1120/ 1575]
loss: 0.025108  [ 1280/ 1575]
loss: 0.102396  [ 1440/ 1575]
Test Error: 
MSE: 15147.714264
RMSE: 123.076051
MAE: 11.063895
R^2: -46.35684104425647
loss: 1.500893  [    0/ 1575]
loss: 3.086868  [  160/ 1575]
loss: 8.819390  [  320/ 1575]
loss: 21.820743  [  480/ 1575]
loss: 19.852734  [  640/ 1575]
loss: 0.145077  [  800/ 1575]
loss: 20.412693  [  960/ 1575]
loss: 1.821810  [ 1120/ 1575]
loss: 5.597557  [ 1280/ 1575]
loss: 2.733887  [ 1440/ 1575]
Test Error: 
MSE: 51432.015907
RMSE: 226.786278
MAE: 15.038130
R^2: -159.79375141921955
loss: 5.106641  [    0/ 1575]
loss: 7.549713  [  160/ 1575]
loss: 0.447762  [  320/ 1575]
loss: 1.741773  [  480/ 1575]
loss: 0.562543  [  640/ 1575]
loss: 2.896763  [  800/ 1575]
loss: 0.080140  [  960/ 1575]
loss: 1.934171  [ 1120/ 1575]
loss: 1.267863  [ 1280/ 1575]
loss: 0.599649  [ 1440/ 1575]
Test Error: 
MSE: 2376.144977
RMSE: 48.745718
MAE: 6.848445
R^2: -6.4286270524540425
loss: 0.217363  [    0/ 1575]
loss: 0.428660  [  160/ 1575]
loss: 1.083021  [  320/ 1575]
loss: 0.038977  [  480/ 1575]
loss: 1.193873  [  640/ 1575]
loss: 0.025090  [  800/ 1575]
loss: 0.351244  [  960/ 1575]
loss: 0.035689  [ 1120/ 1575]
loss: 0.380229  [ 1280/ 1575]
loss: 0.047923  [ 1440/ 1575]
Test Error: 
MSE: 278.985805
RMSE: 16.702868
MAE: 3.692078
R^2: 0.12779669748233535
loss: 0.033399  [    0/ 1575]
loss: 0.469494  [  160/ 1575]
loss: 0.555693  [  320/ 1575]
loss: 3.306594  [  480/ 1575]
loss: 0.174795  [  640/ 1575]
loss: 1.616289  [  800/ 1575]
loss: 3.825919  [  960/ 1575]
loss: 6.682626  [ 1120/ 1575]
loss: 5.058027  [ 1280/ 1575]
loss: 1.022016  [ 1440/ 1575]
Test Error: 
MSE: 431.493420
RMSE: 20.772420
MAE: 4.104985
R^2: -0.34899331505101805
