Using learning rate: 0.001
Using sequence aggregation method: mean
Using optimizer: adam
Using cpu device
DimensionPredictor(
  (softmax): Softmax(dim=0)
  (first_projection): Linear(in_features=1280, out_features=256, bias=True)
  (second_projection): Linear(in_features=256, out_features=1, bias=True)
)
loss: 3.039710  [    0/ 1575]
loss: 635.339980  [  160/ 1575]
loss: 374.399023  [  320/ 1575]
loss: 165.723258  [  480/ 1575]
loss: 13.249109  [  640/ 1575]
loss: 25.645339  [  800/ 1575]
loss: 49.343362  [  960/ 1575]
loss: 20.000232  [ 1120/ 1575]
loss: 3.864827  [ 1280/ 1575]
loss: 1.766266  [ 1440/ 1575]
Test Error: 
MSE: 48051.077174
RMSE: 219.205559
MAE: 13.894155
R^2: -149.22380169924446
Saved PyTorch Model State to dimension_models/model_objects/morgan_emotional_speech_set_valence_hubert_xtralarge_ll60k_1664624221_BEST.pt
loss: 5.566468  [    0/ 1575]
loss: 5.228831  [  160/ 1575]
loss: 3.010492  [  320/ 1575]
loss: 0.992211  [  480/ 1575]
loss: 0.519001  [  640/ 1575]
loss: 0.513495  [  800/ 1575]
loss: 0.767420  [  960/ 1575]
loss: 0.533847  [ 1120/ 1575]
loss: 0.526686  [ 1280/ 1575]
loss: 0.359083  [ 1440/ 1575]
Test Error: 
MSE: 2805.360026
RMSE: 52.965649
MAE: 6.504162
R^2: -7.770497415825137
Saved PyTorch Model State to dimension_models/model_objects/morgan_emotional_speech_set_valence_hubert_xtralarge_ll60k_1664624221_BEST.pt
loss: 0.179494  [    0/ 1575]
loss: 0.282683  [  160/ 1575]
loss: 0.324481  [  320/ 1575]
loss: 0.369046  [  480/ 1575]
loss: 0.191633  [  640/ 1575]
loss: 0.160816  [  800/ 1575]
loss: 0.158025  [  960/ 1575]
loss: 0.153929  [ 1120/ 1575]
loss: 0.162251  [ 1280/ 1575]
loss: 0.248535  [ 1440/ 1575]
Test Error: 
MSE: 1535.325468
RMSE: 39.183229
MAE: 5.539862
R^2: -3.79994294145458
Saved PyTorch Model State to dimension_models/model_objects/morgan_emotional_speech_set_valence_hubert_xtralarge_ll60k_1664624221_BEST.pt
loss: 0.159339  [    0/ 1575]
loss: 0.126073  [  160/ 1575]
loss: 0.090670  [  320/ 1575]
loss: 0.105028  [  480/ 1575]
loss: 0.229596  [  640/ 1575]
loss: 0.233099  [  800/ 1575]
loss: 0.188244  [  960/ 1575]
loss: 0.209403  [ 1120/ 1575]
loss: 0.111606  [ 1280/ 1575]
loss: 0.108221  [ 1440/ 1575]
Test Error: 
MSE: 1365.977614
RMSE: 36.959134
MAE: 5.470893
R^2: -3.270504684722588
Saved PyTorch Model State to dimension_models/model_objects/morgan_emotional_speech_set_valence_hubert_xtralarge_ll60k_1664624221_BEST.pt
loss: 0.128873  [    0/ 1575]
loss: 0.104374  [  160/ 1575]
loss: 0.131937  [  320/ 1575]
loss: 0.104508  [  480/ 1575]
loss: 0.078822  [  640/ 1575]
loss: 0.096866  [  800/ 1575]
loss: 0.081727  [  960/ 1575]
loss: 0.060868  [ 1120/ 1575]
loss: 0.098528  [ 1280/ 1575]
loss: 0.072878  [ 1440/ 1575]
Test Error: 
MSE: 862.860705
RMSE: 29.374491
MAE: 4.861678
R^2: -1.6975922940328263
Saved PyTorch Model State to dimension_models/model_objects/morgan_emotional_speech_set_valence_hubert_xtralarge_ll60k_1664624221_BEST.pt
loss: 0.072732  [    0/ 1575]
loss: 0.067734  [  160/ 1575]
loss: 0.080656  [  320/ 1575]
loss: 0.063769  [  480/ 1575]
loss: 0.059797  [  640/ 1575]
loss: 0.068257  [  800/ 1575]
loss: 0.092115  [  960/ 1575]
loss: 0.115950  [ 1120/ 1575]
loss: 0.071402  [ 1280/ 1575]
loss: 0.075679  [ 1440/ 1575]
Test Error: 
MSE: 835.113987
RMSE: 28.898339
MAE: 4.835992
R^2: -1.6108467370591435
Saved PyTorch Model State to dimension_models/model_objects/morgan_emotional_speech_set_valence_hubert_xtralarge_ll60k_1664624221_BEST.pt
loss: 0.084788  [    0/ 1575]
loss: 0.057205  [  160/ 1575]
loss: 0.078041  [  320/ 1575]
loss: 0.066914  [  480/ 1575]
loss: 0.068893  [  640/ 1575]
loss: 0.068358  [  800/ 1575]
loss: 0.054075  [  960/ 1575]
loss: 0.060501  [ 1120/ 1575]
loss: 0.056956  [ 1280/ 1575]
loss: 0.044183  [ 1440/ 1575]
Test Error: 
MSE: 555.489399
RMSE: 23.568823
MAE: 4.316068
R^2: -0.7366463813073298
Saved PyTorch Model State to dimension_models/model_objects/morgan_emotional_speech_set_valence_hubert_xtralarge_ll60k_1664624221_BEST.pt
loss: 0.057847  [    0/ 1575]
loss: 0.034665  [  160/ 1575]
loss: 0.053182  [  320/ 1575]
loss: 0.053752  [  480/ 1575]
loss: 0.039689  [  640/ 1575]
loss: 0.027788  [  800/ 1575]
loss: 0.055961  [  960/ 1575]
loss: 0.071738  [ 1120/ 1575]
loss: 0.060592  [ 1280/ 1575]
loss: 0.040697  [ 1440/ 1575]
Test Error: 
MSE: 505.031718
RMSE: 22.472911
MAE: 4.261212
R^2: -0.5788987281338873
Saved PyTorch Model State to dimension_models/model_objects/morgan_emotional_speech_set_valence_hubert_xtralarge_ll60k_1664624221_BEST.pt
loss: 0.048545  [    0/ 1575]
loss: 0.050700  [  160/ 1575]
loss: 0.043045  [  320/ 1575]
loss: 0.048789  [  480/ 1575]
loss: 0.032562  [  640/ 1575]
loss: 0.045214  [  800/ 1575]
loss: 0.064911  [  960/ 1575]
loss: 0.033185  [ 1120/ 1575]
loss: 0.038808  [ 1280/ 1575]
loss: 0.030259  [ 1440/ 1575]
Test Error: 
MSE: 555.328540
RMSE: 23.565410
MAE: 4.424447
R^2: -0.7361434822553587
loss: 0.063302  [    0/ 1575]
loss: 0.087111  [  160/ 1575]
loss: 0.039912  [  320/ 1575]
loss: 0.043796  [  480/ 1575]
loss: 0.029413  [  640/ 1575]
loss: 0.035024  [  800/ 1575]
loss: 0.036204  [  960/ 1575]
loss: 0.034273  [ 1120/ 1575]
loss: 0.032461  [ 1280/ 1575]
loss: 0.033241  [ 1440/ 1575]
Test Error: 
MSE: 379.987116
RMSE: 19.493258
MAE: 3.984058
R^2: -0.18796731446175396
Saved PyTorch Model State to dimension_models/model_objects/morgan_emotional_speech_set_valence_hubert_xtralarge_ll60k_1664624221_BEST.pt
loss: 0.029233  [    0/ 1575]
loss: 0.035354  [  160/ 1575]
loss: 0.021028  [  320/ 1575]
loss: 0.035193  [  480/ 1575]
loss: 0.017084  [  640/ 1575]
loss: 0.033166  [  800/ 1575]
loss: 0.021294  [  960/ 1575]
loss: 0.026962  [ 1120/ 1575]
loss: 0.033246  [ 1280/ 1575]
loss: 0.030893  [ 1440/ 1575]
Test Error: 
MSE: 449.015364
RMSE: 21.189983
MAE: 4.164740
R^2: -0.40377279617474393
loss: 0.045991  [    0/ 1575]
loss: 0.030463  [  160/ 1575]
loss: 0.022853  [  320/ 1575]
loss: 0.019876  [  480/ 1575]
loss: 0.031196  [  640/ 1575]
loss: 0.029094  [  800/ 1575]
loss: 0.048722  [  960/ 1575]
loss: 0.035858  [ 1120/ 1575]
loss: 0.021572  [ 1280/ 1575]
loss: 0.052110  [ 1440/ 1575]
Test Error: 
MSE: 383.467531
RMSE: 19.582327
MAE: 3.917562
R^2: -0.19884826048077664
loss: 0.018185  [    0/ 1575]
loss: 0.029328  [  160/ 1575]
loss: 0.045063  [  320/ 1575]
loss: 0.017775  [  480/ 1575]
loss: 0.027236  [  640/ 1575]
loss: 0.019029  [  800/ 1575]
loss: 0.026971  [  960/ 1575]
loss: 0.015665  [ 1120/ 1575]
loss: 0.029439  [ 1280/ 1575]
loss: 0.025549  [ 1440/ 1575]
Test Error: 
MSE: 558.501482
RMSE: 23.632636
MAE: 4.469488
R^2: -0.7460631634649648
loss: 0.052309  [    0/ 1575]
loss: 0.020196  [  160/ 1575]
loss: 0.033805  [  320/ 1575]
loss: 0.041757  [  480/ 1575]
loss: 0.016448  [  640/ 1575]
loss: 0.016908  [  800/ 1575]
loss: 0.022768  [  960/ 1575]
loss: 0.020531  [ 1120/ 1575]
loss: 0.020187  [ 1280/ 1575]
loss: 0.048236  [ 1440/ 1575]
Test Error: 
MSE: 305.377708
RMSE: 17.475060
MAE: 3.770490
R^2: 0.045286746381556164
Saved PyTorch Model State to dimension_models/model_objects/morgan_emotional_speech_set_valence_hubert_xtralarge_ll60k_1664624221_BEST.pt
loss: 0.015937  [    0/ 1575]
loss: 0.015749  [  160/ 1575]
loss: 0.029667  [  320/ 1575]
loss: 0.026785  [  480/ 1575]
loss: 0.020172  [  640/ 1575]
loss: 0.025278  [  800/ 1575]
loss: 0.025432  [  960/ 1575]
loss: 0.025268  [ 1120/ 1575]
loss: 0.025624  [ 1280/ 1575]
loss: 0.024204  [ 1440/ 1575]
Test Error: 
MSE: 331.000339
RMSE: 18.193415
MAE: 3.857253
R^2: -0.034818203359133326
loss: 0.028373  [    0/ 1575]
loss: 0.024230  [  160/ 1575]
loss: 0.015546  [  320/ 1575]
loss: 0.024622  [  480/ 1575]
loss: 0.013790  [  640/ 1575]
loss: 0.021201  [  800/ 1575]
loss: 0.020132  [  960/ 1575]
loss: 0.015150  [ 1120/ 1575]
loss: 0.015029  [ 1280/ 1575]
loss: 0.018839  [ 1440/ 1575]
Test Error: 
MSE: 292.392522
RMSE: 17.099489
MAE: 3.739743
R^2: 0.08588279721935665
Saved PyTorch Model State to dimension_models/model_objects/morgan_emotional_speech_set_valence_hubert_xtralarge_ll60k_1664624221_BEST.pt
loss: 0.013152  [    0/ 1575]
loss: 0.022431  [  160/ 1575]
loss: 0.019767  [  320/ 1575]
loss: 0.017774  [  480/ 1575]
loss: 0.017439  [  640/ 1575]
loss: 0.021692  [  800/ 1575]
loss: 0.028243  [  960/ 1575]
loss: 0.013237  [ 1120/ 1575]
loss: 0.018810  [ 1280/ 1575]
loss: 0.021072  [ 1440/ 1575]
Test Error: 
MSE: 268.145479
RMSE: 16.375148
MAE: 3.600081
R^2: 0.1616871967230903
Saved PyTorch Model State to dimension_models/model_objects/morgan_emotional_speech_set_valence_hubert_xtralarge_ll60k_1664624221_BEST.pt
loss: 0.015406  [    0/ 1575]
loss: 0.016351  [  160/ 1575]
loss: 0.015484  [  320/ 1575]
loss: 0.023418  [  480/ 1575]
loss: 0.007061  [  640/ 1575]
loss: 0.011615  [  800/ 1575]
loss: 0.019651  [  960/ 1575]
loss: 0.009617  [ 1120/ 1575]
loss: 0.017833  [ 1280/ 1575]
loss: 0.011224  [ 1440/ 1575]
Test Error: 
MSE: 336.667998
RMSE: 18.348515
MAE: 3.791803
R^2: -0.05253720599363754
loss: 0.030873  [    0/ 1575]
loss: 0.007053  [  160/ 1575]
loss: 0.018013  [  320/ 1575]
loss: 0.016230  [  480/ 1575]
loss: 0.016774  [  640/ 1575]
loss: 0.015987  [  800/ 1575]
loss: 0.015324  [  960/ 1575]
loss: 0.012164  [ 1120/ 1575]
loss: 0.019429  [ 1280/ 1575]
loss: 0.014439  [ 1440/ 1575]
Test Error: 
MSE: 569.137063
RMSE: 23.856594
MAE: 4.388244
R^2: -0.7793135624339818
loss: 0.041920  [    0/ 1575]
loss: 0.016988  [  160/ 1575]
loss: 0.015052  [  320/ 1575]
loss: 0.013098  [  480/ 1575]
loss: 0.025809  [  640/ 1575]
loss: 0.013476  [  800/ 1575]
loss: 0.010808  [  960/ 1575]
loss: 0.016431  [ 1120/ 1575]
loss: 0.017373  [ 1280/ 1575]
loss: 0.013871  [ 1440/ 1575]
Test Error: 
MSE: 339.850359
RMSE: 18.435031
MAE: 3.796616
R^2: -0.06248633582838048
loss: 0.023286  [    0/ 1575]
loss: 0.041590  [  160/ 1575]
loss: 0.034390  [  320/ 1575]
loss: 0.016980  [  480/ 1575]
loss: 0.023076  [  640/ 1575]
loss: 0.012852  [  800/ 1575]
loss: 0.012843  [  960/ 1575]
loss: 0.020668  [ 1120/ 1575]
loss: 0.011470  [ 1280/ 1575]
loss: 0.015246  [ 1440/ 1575]
Test Error: 
MSE: 315.062275
RMSE: 17.749994
MAE: 3.750578
R^2: 0.01500953730230803
loss: 0.013286  [    0/ 1575]
loss: 0.012885  [  160/ 1575]
loss: 0.012290  [  320/ 1575]
loss: 0.025140  [  480/ 1575]
loss: 0.030549  [  640/ 1575]
loss: 0.042023  [  800/ 1575]
loss: 0.017030  [  960/ 1575]
loss: 0.026472  [ 1120/ 1575]
loss: 0.020018  [ 1280/ 1575]
loss: 0.011157  [ 1440/ 1575]
Test Error: 
MSE: 283.717094
RMSE: 16.843904
MAE: 3.658055
R^2: 0.11300509718032703
loss: 0.014304  [    0/ 1575]
loss: 0.009479  [  160/ 1575]
loss: 0.014349  [  320/ 1575]
loss: 0.012685  [  480/ 1575]
loss: 0.007445  [  640/ 1575]
loss: 0.016053  [  800/ 1575]
loss: 0.011166  [  960/ 1575]
loss: 0.009996  [ 1120/ 1575]
loss: 0.020962  [ 1280/ 1575]
loss: 0.016326  [ 1440/ 1575]
Test Error: 
MSE: 346.784059
RMSE: 18.622139
MAE: 3.826906
R^2: -0.08416340906638653
loss: 0.022293  [    0/ 1575]
loss: 0.017021  [  160/ 1575]
loss: 0.025833  [  320/ 1575]
loss: 0.012923  [  480/ 1575]
loss: 0.017570  [  640/ 1575]
loss: 0.012778  [  800/ 1575]
loss: 0.009527  [  960/ 1575]
loss: 0.011064  [ 1120/ 1575]
loss: 0.010753  [ 1280/ 1575]
loss: 0.014061  [ 1440/ 1575]
Test Error: 
MSE: 226.811276
RMSE: 15.060255
MAE: 3.458464
R^2: 0.29091179279984825
Saved PyTorch Model State to dimension_models/model_objects/morgan_emotional_speech_set_valence_hubert_xtralarge_ll60k_1664624221_BEST.pt
loss: 0.008852  [    0/ 1575]
loss: 0.014971  [  160/ 1575]
loss: 0.011165  [  320/ 1575]
loss: 0.012498  [  480/ 1575]
loss: 0.016592  [  640/ 1575]
loss: 0.025332  [  800/ 1575]
loss: 0.018712  [  960/ 1575]
loss: 0.011915  [ 1120/ 1575]
loss: 0.021696  [ 1280/ 1575]
loss: 0.023931  [ 1440/ 1575]
Test Error: 
MSE: 249.637989
RMSE: 15.799936
MAE: 3.564799
R^2: 0.2195478250245031
loss: 0.011172  [    0/ 1575]
loss: 0.017703  [  160/ 1575]
loss: 0.018577  [  320/ 1575]
loss: 0.009179  [  480/ 1575]
loss: 0.015572  [  640/ 1575]
loss: 0.019743  [  800/ 1575]
loss: 0.032492  [  960/ 1575]
loss: 0.032885  [ 1120/ 1575]
loss: 0.008238  [ 1280/ 1575]
loss: 0.021786  [ 1440/ 1575]
Test Error: 
MSE: 452.039839
RMSE: 21.261229
MAE: 4.251833
R^2: -0.4132283208603642
loss: 0.026957  [    0/ 1575]
loss: 0.037044  [  160/ 1575]
loss: 0.013376  [  320/ 1575]
loss: 0.010081  [  480/ 1575]
loss: 0.010029  [  640/ 1575]
loss: 0.016621  [  800/ 1575]
loss: 0.019923  [  960/ 1575]
loss: 0.008354  [ 1120/ 1575]
loss: 0.009963  [ 1280/ 1575]
loss: 0.018555  [ 1440/ 1575]
Test Error: 
MSE: 237.315764
RMSE: 15.405056
MAE: 3.483819
R^2: 0.25807123695520673
loss: 0.012949  [    0/ 1575]
loss: 0.019247  [  160/ 1575]
loss: 0.009466  [  320/ 1575]
loss: 0.012212  [  480/ 1575]
loss: 0.006594  [  640/ 1575]
loss: 0.015380  [  800/ 1575]
loss: 0.012523  [  960/ 1575]
loss: 0.010531  [ 1120/ 1575]
loss: 0.016643  [ 1280/ 1575]
loss: 0.012380  [ 1440/ 1575]
Test Error: 
MSE: 195.299497
RMSE: 13.974960
MAE: 3.356465
R^2: 0.38942819400292716
Saved PyTorch Model State to dimension_models/model_objects/morgan_emotional_speech_set_valence_hubert_xtralarge_ll60k_1664624221_BEST.pt
loss: 0.007408  [    0/ 1575]
loss: 0.016898  [  160/ 1575]
loss: 0.008093  [  320/ 1575]
loss: 0.008612  [  480/ 1575]
loss: 0.032001  [  640/ 1575]
loss: 0.025939  [  800/ 1575]
loss: 0.022456  [  960/ 1575]
loss: 0.013718  [ 1120/ 1575]
loss: 0.014332  [ 1280/ 1575]
loss: 0.010116  [ 1440/ 1575]
Test Error: 
MSE: 241.751564
RMSE: 15.548362
MAE: 3.575321
R^2: 0.24420343628985997
loss: 0.020973  [    0/ 1575]
loss: 0.007328  [  160/ 1575]
loss: 0.022097  [  320/ 1575]
loss: 0.010783  [  480/ 1575]
loss: 0.015586  [  640/ 1575]
loss: 0.011894  [  800/ 1575]
loss: 0.016470  [  960/ 1575]
loss: 0.010173  [ 1120/ 1575]
loss: 0.027385  [ 1280/ 1575]
loss: 0.028914  [ 1440/ 1575]
Test Error: 
MSE: 861.867188
RMSE: 29.357575
MAE: 5.031242
R^2: -1.6944862264555245
loss: 0.069239  [    0/ 1575]
loss: 0.016106  [  160/ 1575]
loss: 0.027500  [  320/ 1575]
loss: 0.007681  [  480/ 1575]
loss: 0.033883  [  640/ 1575]
loss: 0.023011  [  800/ 1575]
loss: 0.012245  [  960/ 1575]
loss: 0.017557  [ 1120/ 1575]
loss: 0.009547  [ 1280/ 1575]
loss: 0.006558  [ 1440/ 1575]
Test Error: 
MSE: 268.902586
RMSE: 16.398249
MAE: 3.610713
R^2: 0.15932022473778495
loss: 0.015499  [    0/ 1575]
loss: 0.014882  [  160/ 1575]
loss: 0.021109  [  320/ 1575]
loss: 0.021566  [  480/ 1575]
loss: 0.044318  [  640/ 1575]
loss: 0.013227  [  800/ 1575]
loss: 0.022515  [  960/ 1575]
loss: 0.011616  [ 1120/ 1575]
loss: 0.010175  [ 1280/ 1575]
loss: 0.010188  [ 1440/ 1575]
Test Error: 
MSE: 420.596149
RMSE: 20.508441
MAE: 4.125187
R^2: -0.31492478941823454
loss: 0.032387  [    0/ 1575]
loss: 0.016295  [  160/ 1575]
loss: 0.014060  [  320/ 1575]
loss: 0.023031  [  480/ 1575]
loss: 0.015067  [  640/ 1575]
loss: 0.008806  [  800/ 1575]
loss: 0.010444  [  960/ 1575]
loss: 0.022509  [ 1120/ 1575]
loss: 0.009003  [ 1280/ 1575]
loss: 0.031271  [ 1440/ 1575]
Test Error: 
MSE: 236.817593
RMSE: 15.388879
MAE: 3.534489
R^2: 0.25962868692341856
loss: 0.011732  [    0/ 1575]
loss: 0.012608  [  160/ 1575]
loss: 0.011720  [  320/ 1575]
loss: 0.009956  [  480/ 1575]
loss: 0.011320  [  640/ 1575]
loss: 0.009333  [  800/ 1575]
loss: 0.016088  [  960/ 1575]
loss: 0.005642  [ 1120/ 1575]
loss: 0.012721  [ 1280/ 1575]
loss: 0.007291  [ 1440/ 1575]
Test Error: 
MSE: 182.038982
RMSE: 13.492182
MAE: 3.279769
R^2: 0.43088501791084666
Saved PyTorch Model State to dimension_models/model_objects/morgan_emotional_speech_set_valence_hubert_xtralarge_ll60k_1664624221_BEST.pt
loss: 0.009298  [    0/ 1575]
loss: 0.009062  [  160/ 1575]
loss: 0.013133  [  320/ 1575]
loss: 0.004892  [  480/ 1575]
loss: 0.014835  [  640/ 1575]
loss: 0.006887  [  800/ 1575]
loss: 0.004611  [  960/ 1575]
loss: 0.009773  [ 1120/ 1575]
loss: 0.009650  [ 1280/ 1575]
loss: 0.012125  [ 1440/ 1575]
Test Error: 
MSE: 275.267477
RMSE: 16.591187
MAE: 3.645317
R^2: 0.13942143834317489
loss: 0.015634  [    0/ 1575]
loss: 0.019380  [  160/ 1575]
loss: 0.010498  [  320/ 1575]
loss: 0.015994  [  480/ 1575]
loss: 0.025813  [  640/ 1575]
loss: 0.029636  [  800/ 1575]
loss: 0.005911  [  960/ 1575]
loss: 0.011810  [ 1120/ 1575]
loss: 0.026354  [ 1280/ 1575]
loss: 0.032377  [ 1440/ 1575]
Test Error: 
MSE: 402.279807
RMSE: 20.056914
MAE: 4.072378
R^2: -0.2576617519710138
loss: 0.028781  [    0/ 1575]
loss: 0.006772  [  160/ 1575]
loss: 0.010139  [  320/ 1575]
loss: 0.014524  [  480/ 1575]
loss: 0.019892  [  640/ 1575]
loss: 0.005919  [  800/ 1575]
loss: 0.009699  [  960/ 1575]
loss: 0.005090  [ 1120/ 1575]
loss: 0.005122  [ 1280/ 1575]
loss: 0.010704  [ 1440/ 1575]
Test Error: 
MSE: 171.522126
RMSE: 13.096646
MAE: 3.239042
R^2: 0.4637642401606299
Saved PyTorch Model State to dimension_models/model_objects/morgan_emotional_speech_set_valence_hubert_xtralarge_ll60k_1664624221_BEST.pt
loss: 0.004932  [    0/ 1575]
loss: 0.017019  [  160/ 1575]
loss: 0.005696  [  320/ 1575]
loss: 0.008533  [  480/ 1575]
loss: 0.005717  [  640/ 1575]
loss: 0.006339  [  800/ 1575]
loss: 0.009108  [  960/ 1575]
loss: 0.008167  [ 1120/ 1575]
loss: 0.009289  [ 1280/ 1575]
loss: 0.009985  [ 1440/ 1575]
Test Error: 
MSE: 267.302808
RMSE: 16.349398
MAE: 3.635173
R^2: 0.16432166932428394
loss: 0.010809  [    0/ 1575]
loss: 0.012212  [  160/ 1575]
loss: 0.017690  [  320/ 1575]
loss: 0.015087  [  480/ 1575]
loss: 0.013714  [  640/ 1575]
loss: 0.019866  [  800/ 1575]
loss: 0.030050  [  960/ 1575]
loss: 0.014678  [ 1120/ 1575]
loss: 0.008338  [ 1280/ 1575]
loss: 0.007776  [ 1440/ 1575]
Test Error: 
MSE: 222.051236
RMSE: 14.901384
MAE: 3.468874
R^2: 0.3057932757276596
loss: 0.015838  [    0/ 1575]
loss: 0.010453  [  160/ 1575]
loss: 0.007062  [  320/ 1575]
loss: 0.007649  [  480/ 1575]
loss: 0.015790  [  640/ 1575]
loss: 0.010709  [  800/ 1575]
loss: 0.015402  [  960/ 1575]
loss: 0.018163  [ 1120/ 1575]
loss: 0.005743  [ 1280/ 1575]
loss: 0.008390  [ 1440/ 1575]
Test Error: 
MSE: 185.280715
RMSE: 13.611786
MAE: 3.328789
R^2: 0.4207502720304124
loss: 0.005691  [    0/ 1575]
loss: 0.004324  [  160/ 1575]
loss: 0.015340  [  320/ 1575]
loss: 0.008265  [  480/ 1575]
loss: 0.009941  [  640/ 1575]
loss: 0.009049  [  800/ 1575]
loss: 0.007945  [  960/ 1575]
loss: 0.005969  [ 1120/ 1575]
loss: 0.007023  [ 1280/ 1575]
loss: 0.008028  [ 1440/ 1575]
Test Error: 
MSE: 286.992304
RMSE: 16.940847
MAE: 3.724934
R^2: 0.10276569084872467
loss: 0.017095  [    0/ 1575]
loss: 0.078669  [  160/ 1575]
loss: 0.031363  [  320/ 1575]
loss: 0.040367  [  480/ 1575]
loss: 0.136591  [  640/ 1575]
loss: 0.057714  [  800/ 1575]
loss: 0.038828  [  960/ 1575]
loss: 0.009937  [ 1120/ 1575]
loss: 0.013301  [ 1280/ 1575]
loss: 0.023787  [ 1440/ 1575]
Test Error: 
MSE: 555.947763
RMSE: 23.578545
MAE: 4.487030
R^2: -0.7380793828423289
loss: 0.049785  [    0/ 1575]
loss: 0.049181  [  160/ 1575]
loss: 0.022734  [  320/ 1575]
loss: 0.015841  [  480/ 1575]
loss: 0.014036  [  640/ 1575]
loss: 0.008347  [  800/ 1575]
loss: 0.089769  [  960/ 1575]
loss: 0.018179  [ 1120/ 1575]
loss: 0.017504  [ 1280/ 1575]
loss: 0.043822  [ 1440/ 1575]
Test Error: 
MSE: 198.717674
RMSE: 14.096726
MAE: 3.375013
R^2: 0.378741827621507
loss: 0.008511  [    0/ 1575]
loss: 0.013186  [  160/ 1575]
loss: 0.028730  [  320/ 1575]
loss: 0.026932  [  480/ 1575]
loss: 0.095755  [  640/ 1575]
loss: 0.051357  [  800/ 1575]
loss: 0.022946  [  960/ 1575]
loss: 0.022996  [ 1120/ 1575]
loss: 0.055085  [ 1280/ 1575]
loss: 0.025890  [ 1440/ 1575]
Test Error: 
MSE: 522.564305
RMSE: 22.859665
MAE: 4.283561
R^2: -0.6337114818292595
loss: 0.049560  [    0/ 1575]
loss: 0.014875  [  160/ 1575]
loss: 0.017479  [  320/ 1575]
loss: 0.020192  [  480/ 1575]
loss: 0.017280  [  640/ 1575]
loss: 0.028183  [  800/ 1575]
loss: 0.045533  [  960/ 1575]
loss: 0.049642  [ 1120/ 1575]
loss: 0.025659  [ 1280/ 1575]
loss: 0.056699  [ 1440/ 1575]
Test Error: 
MSE: 443.622942
RMSE: 21.062358
MAE: 4.148214
R^2: -0.38691427449563
loss: 0.021406  [    0/ 1575]
loss: 0.014226  [  160/ 1575]
loss: 0.029655  [  320/ 1575]
loss: 0.023200  [  480/ 1575]
loss: 0.017964  [  640/ 1575]
loss: 0.032127  [  800/ 1575]
loss: 0.009851  [  960/ 1575]
loss: 0.115786  [ 1120/ 1575]
loss: 0.026245  [ 1280/ 1575]
loss: 0.145753  [ 1440/ 1575]
Test Error: 
MSE: 927.223927
RMSE: 30.450352
MAE: 5.193022
R^2: -1.8988133374539578
loss: 0.097318  [    0/ 1575]
loss: 0.042614  [  160/ 1575]
loss: 0.066909  [  320/ 1575]
loss: 0.035951  [  480/ 1575]
loss: 0.035492  [  640/ 1575]
loss: 0.015914  [  800/ 1575]
loss: 0.037334  [  960/ 1575]
loss: 0.018725  [ 1120/ 1575]
loss: 0.011281  [ 1280/ 1575]
loss: 0.024317  [ 1440/ 1575]
Test Error: 
MSE: 287.825191
RMSE: 16.965412
MAE: 3.670312
R^2: 0.10016180924890783
loss: 0.015669  [    0/ 1575]
loss: 0.065218  [  160/ 1575]
loss: 0.018248  [  320/ 1575]
loss: 0.019297  [  480/ 1575]
loss: 0.016730  [  640/ 1575]
loss: 0.037775  [  800/ 1575]
loss: 0.024376  [  960/ 1575]
loss: 0.061152  [ 1120/ 1575]
loss: 0.044576  [ 1280/ 1575]
loss: 0.019693  [ 1440/ 1575]
Test Error: 
MSE: 608.302428
RMSE: 24.663788
MAE: 4.601032
R^2: -0.901757643314292
loss: 0.059268  [    0/ 1575]
loss: 0.049209  [  160/ 1575]
loss: 0.086610  [  320/ 1575]
loss: 0.014581  [  480/ 1575]
loss: 0.023694  [  640/ 1575]
loss: 0.036140  [  800/ 1575]
loss: 0.024593  [  960/ 1575]
loss: 0.069782  [ 1120/ 1575]
loss: 0.041298  [ 1280/ 1575]
loss: 0.027167  [ 1440/ 1575]
Test Error: 
MSE: 1239.887067
RMSE: 35.212030
MAE: 5.674432
R^2: -2.876303296519006
loss: 0.112927  [    0/ 1575]
loss: 0.027391  [  160/ 1575]
loss: 0.016356  [  320/ 1575]
loss: 0.017463  [  480/ 1575]
loss: 0.062471  [  640/ 1575]
loss: 0.058075  [  800/ 1575]
loss: 0.030699  [  960/ 1575]
loss: 0.015124  [ 1120/ 1575]
loss: 0.046394  [ 1280/ 1575]
loss: 0.020341  [ 1440/ 1575]
Test Error: 
MSE: 365.383903
RMSE: 19.115018
MAE: 3.885239
R^2: -0.14231276710187335
loss: 0.025123  [    0/ 1575]
loss: 0.035315  [  160/ 1575]
loss: 0.064962  [  320/ 1575]
loss: 0.029457  [  480/ 1575]
loss: 0.143295  [  640/ 1575]
loss: 0.079106  [  800/ 1575]
loss: 0.053611  [  960/ 1575]
loss: 0.098718  [ 1120/ 1575]
loss: 0.172658  [ 1280/ 1575]
loss: 0.053734  [ 1440/ 1575]
Test Error: 
MSE: 3472.246912
RMSE: 58.925775
MAE: 7.372023
R^2: -9.855409747464401
loss: 0.345126  [    0/ 1575]
loss: 0.589832  [  160/ 1575]
loss: 0.197790  [  320/ 1575]
loss: 0.384552  [  480/ 1575]
loss: 0.065792  [  640/ 1575]
loss: 0.022658  [  800/ 1575]
loss: 0.173186  [  960/ 1575]
loss: 0.181563  [ 1120/ 1575]
loss: 0.392910  [ 1280/ 1575]
loss: 0.409689  [ 1440/ 1575]
Test Error: 
MSE: 946.411395
RMSE: 30.763800
MAE: 4.936285
R^2: -1.958799804032994
loss: 0.084098  [    0/ 1575]
loss: 0.277845  [  160/ 1575]
loss: 0.774862  [  320/ 1575]
loss: 0.258459  [  480/ 1575]
loss: 0.351457  [  640/ 1575]
loss: 1.114655  [  800/ 1575]
loss: 1.503997  [  960/ 1575]
loss: 0.350369  [ 1120/ 1575]
loss: 0.137336  [ 1280/ 1575]
loss: 0.462896  [ 1440/ 1575]
Test Error: 
MSE: 8656.023568
RMSE: 93.037753
MAE: 9.177819
R^2: -26.061636166888444
loss: 0.894071  [    0/ 1575]
loss: 0.470079  [  160/ 1575]
loss: 3.058327  [  320/ 1575]
loss: 0.259065  [  480/ 1575]
loss: 2.017341  [  640/ 1575]
loss: 0.191453  [  800/ 1575]
loss: 0.955299  [  960/ 1575]
loss: 0.198234  [ 1120/ 1575]
loss: 0.506829  [ 1280/ 1575]
loss: 1.408483  [ 1440/ 1575]
Test Error: 
MSE: 11213.352517
RMSE: 105.893118
MAE: 9.693200
R^2: -34.05670515680294
loss: 1.260206  [    0/ 1575]
loss: 1.262537  [  160/ 1575]
loss: 0.875264  [  320/ 1575]
loss: 0.390881  [  480/ 1575]
loss: 0.727787  [  640/ 1575]
loss: 0.385932  [  800/ 1575]
loss: 1.196970  [  960/ 1575]
loss: 0.251634  [ 1120/ 1575]
loss: 0.446932  [ 1280/ 1575]
loss: 0.270253  [ 1440/ 1575]
Test Error: 
MSE: 1463.187980
RMSE: 38.251640
MAE: 5.481860
R^2: -3.5744169316044516
loss: 0.103162  [    0/ 1575]
loss: 0.100735  [  160/ 1575]
loss: 0.102190  [  320/ 1575]
loss: 0.249273  [  480/ 1575]
loss: 0.105394  [  640/ 1575]
loss: 0.075356  [  800/ 1575]
loss: 0.051658  [  960/ 1575]
loss: 0.172870  [ 1120/ 1575]
loss: 0.139098  [ 1280/ 1575]
loss: 0.039988  [ 1440/ 1575]
Test Error: 
MSE: 388.173960
RMSE: 19.702131
MAE: 4.027729
R^2: -0.21356213752552344
loss: 0.031566  [    0/ 1575]
loss: 0.027602  [  160/ 1575]
loss: 0.030085  [  320/ 1575]
loss: 0.022287  [  480/ 1575]
loss: 0.025429  [  640/ 1575]
loss: 0.054127  [  800/ 1575]
loss: 0.087135  [  960/ 1575]
loss: 0.179560  [ 1120/ 1575]
loss: 0.170906  [ 1280/ 1575]
loss: 0.093370  [ 1440/ 1575]
Test Error: 
MSE: 939.954674
RMSE: 30.658680
MAE: 4.988133
R^2: -1.9386139267998828
loss: 0.094509  [    0/ 1575]
loss: 0.203489  [  160/ 1575]
loss: 0.277620  [  320/ 1575]
loss: 0.321476  [  480/ 1575]
loss: 0.041889  [  640/ 1575]
loss: 0.046017  [  800/ 1575]
loss: 0.036424  [  960/ 1575]
loss: 0.054616  [ 1120/ 1575]
loss: 0.029125  [ 1280/ 1575]
loss: 0.125022  [ 1440/ 1575]
Test Error: 
MSE: 350.093123
RMSE: 18.710776
MAE: 3.780153
R^2: -0.09450865630651273
loss: 0.043846  [    0/ 1575]
loss: 0.036481  [  160/ 1575]
loss: 0.027744  [  320/ 1575]
loss: 0.019565  [  480/ 1575]
loss: 0.060921  [  640/ 1575]
loss: 0.025887  [  800/ 1575]
loss: 0.083493  [  960/ 1575]
loss: 0.084217  [ 1120/ 1575]
loss: 0.037734  [ 1280/ 1575]
loss: 0.020537  [ 1440/ 1575]
Test Error: 
MSE: 345.483710
RMSE: 18.587192
MAE: 3.828983
R^2: -0.08009808407588159
loss: 0.022588  [    0/ 1575]
loss: 0.049249  [  160/ 1575]
loss: 0.012510  [  320/ 1575]
loss: 0.044220  [  480/ 1575]
loss: 0.017859  [  640/ 1575]
loss: 0.215891  [  800/ 1575]
loss: 0.038781  [  960/ 1575]
loss: 0.027436  [ 1120/ 1575]
loss: 0.088993  [ 1280/ 1575]
loss: 0.027193  [ 1440/ 1575]
Test Error: 
MSE: 1246.149761
RMSE: 35.300846
MAE: 5.449343
R^2: -2.895882580188013
loss: 0.114425  [    0/ 1575]
loss: 0.032993  [  160/ 1575]
loss: 0.084008  [  320/ 1575]
loss: 0.099326  [  480/ 1575]
loss: 0.060043  [  640/ 1575]
loss: 0.108349  [  800/ 1575]
loss: 0.057168  [  960/ 1575]
loss: 0.187785  [ 1120/ 1575]
loss: 0.044037  [ 1280/ 1575]
loss: 0.171699  [ 1440/ 1575]
Test Error: 
MSE: 727.542745
RMSE: 26.973000
MAE: 4.694568
R^2: -1.274542911696463
loss: 0.078936  [    0/ 1575]
loss: 0.313016  [  160/ 1575]
loss: 0.069517  [  320/ 1575]
loss: 0.151654  [  480/ 1575]
loss: 0.156041  [  640/ 1575]
loss: 0.161950  [  800/ 1575]
loss: 0.133674  [  960/ 1575]
loss: 0.111815  [ 1120/ 1575]
loss: 0.159820  [ 1280/ 1575]
loss: 0.106742  [ 1440/ 1575]
Test Error: 
MSE: 808.184655
RMSE: 28.428589
MAE: 4.692712
R^2: -1.526656600239495
loss: 0.058849  [    0/ 1575]
loss: 0.032887  [  160/ 1575]
loss: 0.046142  [  320/ 1575]
loss: 0.055253  [  480/ 1575]
loss: 0.040489  [  640/ 1575]
loss: 0.087248  [  800/ 1575]
loss: 0.022413  [  960/ 1575]
loss: 0.104168  [ 1120/ 1575]
loss: 0.084361  [ 1280/ 1575]
loss: 0.063326  [ 1440/ 1575]
Test Error: 
MSE: 1763.015259
RMSE: 41.988275
MAE: 6.111260
R^2: -4.511777678729494
loss: 0.153103  [    0/ 1575]
