Using learning rate: 0.0005
Using sequence aggregation method: mean
Using optimizer: adam
Using cpu device
DimensionPredictor(
  (softmax): Softmax(dim=0)
  (first_projection): Linear(in_features=768, out_features=256, bias=True)
  (second_projection): Linear(in_features=256, out_features=1, bias=True)
)
loss: 0.308129  [    0/ 1575]
loss: 0.022432  [  160/ 1575]
loss: 0.075195  [  320/ 1575]
loss: 0.031900  [  480/ 1575]
loss: 0.039172  [  640/ 1575]
loss: 0.037331  [  800/ 1575]
loss: 0.022880  [  960/ 1575]
loss: 0.018885  [ 1120/ 1575]
loss: 0.018662  [ 1280/ 1575]
loss: 0.014560  [ 1440/ 1575]
Test Error: 
MSE: 196.204299
RMSE: 14.007294
MAE: 3.447121
R^2: 0.3865994810615253
Saved PyTorch Model State to dimension_models/model_objects/morgan_emotional_speech_set_valence_hubert_base_ls960_1661714297_BEST.pt
loss: 0.024195  [    0/ 1575]
loss: 0.012926  [  160/ 1575]
loss: 0.014199  [  320/ 1575]
loss: 0.016842  [  480/ 1575]
loss: 0.011496  [  640/ 1575]
loss: 0.012849  [  800/ 1575]
loss: 0.008880  [  960/ 1575]
loss: 0.013359  [ 1120/ 1575]
loss: 0.012150  [ 1280/ 1575]
loss: 0.008512  [ 1440/ 1575]
Test Error: 
MSE: 104.835729
RMSE: 10.238932
MAE: 2.917236
R^2: 0.6722483110794966
Saved PyTorch Model State to dimension_models/model_objects/morgan_emotional_speech_set_valence_hubert_base_ls960_1661714297_BEST.pt
loss: 0.008384  [    0/ 1575]
loss: 0.006398  [  160/ 1575]
loss: 0.006993  [  320/ 1575]
loss: 0.010555  [  480/ 1575]
loss: 0.008680  [  640/ 1575]
loss: 0.010859  [  800/ 1575]
loss: 0.006170  [  960/ 1575]
loss: 0.004741  [ 1120/ 1575]
loss: 0.005231  [ 1280/ 1575]
loss: 0.006431  [ 1440/ 1575]
Test Error: 
MSE: 73.123423
RMSE: 8.551223
MAE: 2.653232
R^2: 0.7713916267716403
Saved PyTorch Model State to dimension_models/model_objects/morgan_emotional_speech_set_valence_hubert_base_ls960_1661714297_BEST.pt
loss: 0.008321  [    0/ 1575]
loss: 0.008129  [  160/ 1575]
loss: 0.006921  [  320/ 1575]
loss: 0.008539  [  480/ 1575]
loss: 0.006889  [  640/ 1575]
loss: 0.007370  [  800/ 1575]
loss: 0.007852  [  960/ 1575]
loss: 0.004416  [ 1120/ 1575]
loss: 0.005199  [ 1280/ 1575]
loss: 0.005019  [ 1440/ 1575]
Test Error: 
MSE: 55.312556
RMSE: 7.437241
MAE: 2.467097
R^2: 0.8270743771825773
Saved PyTorch Model State to dimension_models/model_objects/morgan_emotional_speech_set_valence_hubert_base_ls960_1661714297_BEST.pt
loss: 0.004985  [    0/ 1575]
loss: 0.006486  [  160/ 1575]
loss: 0.008590  [  320/ 1575]
loss: 0.003312  [  480/ 1575]
loss: 0.004094  [  640/ 1575]
loss: 0.005571  [  800/ 1575]
loss: 0.005919  [  960/ 1575]
loss: 0.005095  [ 1120/ 1575]
loss: 0.003169  [ 1280/ 1575]
loss: 0.003197  [ 1440/ 1575]
Test Error: 
MSE: 46.197038
RMSE: 6.796840
MAE: 2.367216
R^2: 0.8555725479465196
Saved PyTorch Model State to dimension_models/model_objects/morgan_emotional_speech_set_valence_hubert_base_ls960_1661714297_BEST.pt
loss: 0.003905  [    0/ 1575]
loss: 0.003371  [  160/ 1575]
loss: 0.005091  [  320/ 1575]
loss: 0.004600  [  480/ 1575]
loss: 0.003644  [  640/ 1575]
loss: 0.005205  [  800/ 1575]
loss: 0.005399  [  960/ 1575]
loss: 0.005004  [ 1120/ 1575]
loss: 0.002190  [ 1280/ 1575]
loss: 0.003493  [ 1440/ 1575]
Test Error: 
MSE: 38.477033
RMSE: 6.202986
MAE: 2.254630
R^2: 0.8797078741196306
Saved PyTorch Model State to dimension_models/model_objects/morgan_emotional_speech_set_valence_hubert_base_ls960_1661714297_BEST.pt
loss: 0.003797  [    0/ 1575]
loss: 0.002023  [  160/ 1575]
loss: 0.003879  [  320/ 1575]
loss: 0.003767  [  480/ 1575]
loss: 0.002941  [  640/ 1575]
loss: 0.005021  [  800/ 1575]
loss: 0.002289  [  960/ 1575]
loss: 0.004341  [ 1120/ 1575]
loss: 0.003218  [ 1280/ 1575]
loss: 0.004638  [ 1440/ 1575]
Test Error: 
MSE: 36.460495
RMSE: 6.038253
MAE: 2.215855
R^2: 0.8860122512190276
Saved PyTorch Model State to dimension_models/model_objects/morgan_emotional_speech_set_valence_hubert_base_ls960_1661714297_BEST.pt
loss: 0.004570  [    0/ 1575]
loss: 0.004100  [  160/ 1575]
loss: 0.004005  [  320/ 1575]
loss: 0.002796  [  480/ 1575]
loss: 0.003591  [  640/ 1575]
loss: 0.003205  [  800/ 1575]
loss: 0.004485  [  960/ 1575]
loss: 0.002573  [ 1120/ 1575]
loss: 0.002905  [ 1280/ 1575]
loss: 0.002387  [ 1440/ 1575]
Test Error: 
MSE: 35.565366
RMSE: 5.963670
MAE: 2.184596
R^2: 0.888810725036194
Saved PyTorch Model State to dimension_models/model_objects/morgan_emotional_speech_set_valence_hubert_base_ls960_1661714297_BEST.pt
loss: 0.002926  [    0/ 1575]
loss: 0.003617  [  160/ 1575]
loss: 0.003020  [  320/ 1575]
loss: 0.004161  [  480/ 1575]
loss: 0.003607  [  640/ 1575]
loss: 0.004657  [  800/ 1575]
loss: 0.004270  [  960/ 1575]
loss: 0.003292  [ 1120/ 1575]
loss: 0.002437  [ 1280/ 1575]
loss: 0.002613  [ 1440/ 1575]
Test Error: 
MSE: 34.060113
RMSE: 5.836104
MAE: 2.173570
R^2: 0.893516650465904
Saved PyTorch Model State to dimension_models/model_objects/morgan_emotional_speech_set_valence_hubert_base_ls960_1661714297_BEST.pt
loss: 0.002993  [    0/ 1575]
loss: 0.003254  [  160/ 1575]
loss: 0.004023  [  320/ 1575]
loss: 0.002623  [  480/ 1575]
loss: 0.002778  [  640/ 1575]
loss: 0.004213  [  800/ 1575]
loss: 0.003523  [  960/ 1575]
loss: 0.003238  [ 1120/ 1575]
loss: 0.002648  [ 1280/ 1575]
loss: 0.002962  [ 1440/ 1575]
Test Error: 
MSE: 32.652826
RMSE: 5.714265
MAE: 2.146664
R^2: 0.8979163006246981
Saved PyTorch Model State to dimension_models/model_objects/morgan_emotional_speech_set_valence_hubert_base_ls960_1661714297_BEST.pt
loss: 0.004312  [    0/ 1575]
loss: 0.003857  [  160/ 1575]
loss: 0.003524  [  320/ 1575]
loss: 0.002834  [  480/ 1575]
loss: 0.002530  [  640/ 1575]
loss: 0.002280  [  800/ 1575]
loss: 0.002997  [  960/ 1575]
loss: 0.002829  [ 1120/ 1575]
loss: 0.003197  [ 1280/ 1575]
loss: 0.004028  [ 1440/ 1575]
Test Error: 
MSE: 32.635279
RMSE: 5.712730
MAE: 2.138711
R^2: 0.8979711582873632
Saved PyTorch Model State to dimension_models/model_objects/morgan_emotional_speech_set_valence_hubert_base_ls960_1661714297_BEST.pt
loss: 0.002411  [    0/ 1575]
loss: 0.002817  [  160/ 1575]
loss: 0.003743  [  320/ 1575]
loss: 0.004717  [  480/ 1575]
loss: 0.003459  [  640/ 1575]
loss: 0.003863  [  800/ 1575]
loss: 0.001669  [  960/ 1575]
loss: 0.003771  [ 1120/ 1575]
loss: 0.004476  [ 1280/ 1575]
loss: 0.002058  [ 1440/ 1575]
Test Error: 
MSE: 35.408687
RMSE: 5.950520
MAE: 2.203109
R^2: 0.8893005543930059
loss: 0.001969  [    0/ 1575]
loss: 0.002728  [  160/ 1575]
loss: 0.004110  [  320/ 1575]
loss: 0.004018  [  480/ 1575]
loss: 0.003288  [  640/ 1575]
loss: 0.002616  [  800/ 1575]
loss: 0.002801  [  960/ 1575]
loss: 0.003749  [ 1120/ 1575]
loss: 0.002617  [ 1280/ 1575]
loss: 0.003461  [ 1440/ 1575]
Test Error: 
MSE: 35.688937
RMSE: 5.974022
MAE: 2.182162
R^2: 0.8884243979200566
loss: 0.002660  [    0/ 1575]
loss: 0.002188  [  160/ 1575]
loss: 0.002495  [  320/ 1575]
loss: 0.003219  [  480/ 1575]
loss: 0.002716  [  640/ 1575]
loss: 0.002200  [  800/ 1575]
loss: 0.003958  [  960/ 1575]
loss: 0.002259  [ 1120/ 1575]
loss: 0.002709  [ 1280/ 1575]
loss: 0.004170  [ 1440/ 1575]
Test Error: 
MSE: 31.832399
RMSE: 5.642021
MAE: 2.133323
R^2: 0.9004812317541881
Saved PyTorch Model State to dimension_models/model_objects/morgan_emotional_speech_set_valence_hubert_base_ls960_1661714297_BEST.pt
loss: 0.002211  [    0/ 1575]
loss: 0.002621  [  160/ 1575]
loss: 0.002225  [  320/ 1575]
loss: 0.003387  [  480/ 1575]
loss: 0.002775  [  640/ 1575]
loss: 0.003143  [  800/ 1575]
loss: 0.001990  [  960/ 1575]
loss: 0.003268  [ 1120/ 1575]
loss: 0.003123  [ 1280/ 1575]
loss: 0.002570  [ 1440/ 1575]
Test Error: 
MSE: 32.839107
RMSE: 5.730542
MAE: 2.149152
R^2: 0.8973339237066398
loss: 0.003446  [    0/ 1575]
loss: 0.002398  [  160/ 1575]
loss: 0.002716  [  320/ 1575]
loss: 0.003413  [  480/ 1575]
loss: 0.001642  [  640/ 1575]
loss: 0.002426  [  800/ 1575]
loss: 0.002114  [  960/ 1575]
loss: 0.002638  [ 1120/ 1575]
loss: 0.002949  [ 1280/ 1575]
loss: 0.002833  [ 1440/ 1575]
Test Error: 
MSE: 30.825367
RMSE: 5.552060
MAE: 2.117374
R^2: 0.903629552653926
Saved PyTorch Model State to dimension_models/model_objects/morgan_emotional_speech_set_valence_hubert_base_ls960_1661714297_BEST.pt
loss: 0.002532  [    0/ 1575]
loss: 0.003075  [  160/ 1575]
loss: 0.002950  [  320/ 1575]
loss: 0.002165  [  480/ 1575]
loss: 0.002128  [  640/ 1575]
loss: 0.003108  [  800/ 1575]
loss: 0.005228  [  960/ 1575]
loss: 0.003664  [ 1120/ 1575]
loss: 0.002108  [ 1280/ 1575]
loss: 0.001090  [ 1440/ 1575]
Test Error: 
MSE: 31.855812
RMSE: 5.644095
MAE: 2.127993
R^2: 0.9004080351582713
loss: 0.001528  [    0/ 1575]
loss: 0.002463  [  160/ 1575]
loss: 0.001765  [  320/ 1575]
loss: 0.002011  [  480/ 1575]
loss: 0.003799  [  640/ 1575]
loss: 0.003404  [  800/ 1575]
loss: 0.001925  [  960/ 1575]
loss: 0.002801  [ 1120/ 1575]
loss: 0.002151  [ 1280/ 1575]
loss: 0.002598  [ 1440/ 1575]
Test Error: 
MSE: 30.264532
RMSE: 5.501321
MAE: 2.107573
R^2: 0.9053829106246754
Saved PyTorch Model State to dimension_models/model_objects/morgan_emotional_speech_set_valence_hubert_base_ls960_1661714297_BEST.pt
loss: 0.002587  [    0/ 1575]
loss: 0.003388  [  160/ 1575]
loss: 0.003352  [  320/ 1575]
loss: 0.002034  [  480/ 1575]
loss: 0.002312  [  640/ 1575]
loss: 0.001942  [  800/ 1575]
loss: 0.003300  [  960/ 1575]
loss: 0.002993  [ 1120/ 1575]
loss: 0.003321  [ 1280/ 1575]
loss: 0.003957  [ 1440/ 1575]
Test Error: 
MSE: 31.678345
RMSE: 5.628352
MAE: 2.135548
R^2: 0.9009628581702687
loss: 0.003499  [    0/ 1575]
loss: 0.003792  [  160/ 1575]
loss: 0.001908  [  320/ 1575]
loss: 0.002745  [  480/ 1575]
loss: 0.002086  [  640/ 1575]
loss: 0.003780  [  800/ 1575]
loss: 0.001842  [  960/ 1575]
loss: 0.002402  [ 1120/ 1575]
loss: 0.002573  [ 1280/ 1575]
loss: 0.001998  [ 1440/ 1575]
Test Error: 
MSE: 29.552993
RMSE: 5.436266
MAE: 2.093008
R^2: 0.9076074217614352
Saved PyTorch Model State to dimension_models/model_objects/morgan_emotional_speech_set_valence_hubert_base_ls960_1661714297_BEST.pt
loss: 0.002316  [    0/ 1575]
loss: 0.002090  [  160/ 1575]
loss: 0.002438  [  320/ 1575]
loss: 0.002245  [  480/ 1575]
loss: 0.003879  [  640/ 1575]
loss: 0.001708  [  800/ 1575]
loss: 0.003679  [  960/ 1575]
loss: 0.002273  [ 1120/ 1575]
loss: 0.002914  [ 1280/ 1575]
loss: 0.001829  [ 1440/ 1575]
Test Error: 
MSE: 31.786881
RMSE: 5.637986
MAE: 2.122060
R^2: 0.9006235367163836
loss: 0.002338  [    0/ 1575]
loss: 0.002349  [  160/ 1575]
loss: 0.003696  [  320/ 1575]
loss: 0.003674  [  480/ 1575]
loss: 0.003391  [  640/ 1575]
loss: 0.002225  [  800/ 1575]
loss: 0.003278  [  960/ 1575]
loss: 0.003493  [ 1120/ 1575]
loss: 0.001808  [ 1280/ 1575]
loss: 0.002124  [ 1440/ 1575]
Test Error: 
MSE: 30.495356
RMSE: 5.522260
MAE: 2.115191
R^2: 0.9046612775184473
loss: 0.003304  [    0/ 1575]
loss: 0.002710  [  160/ 1575]
loss: 0.003148  [  320/ 1575]
loss: 0.002644  [  480/ 1575]
loss: 0.002726  [  640/ 1575]
loss: 0.001993  [  800/ 1575]
loss: 0.002279  [  960/ 1575]
loss: 0.001857  [ 1120/ 1575]
loss: 0.002777  [ 1280/ 1575]
loss: 0.002811  [ 1440/ 1575]
Test Error: 
MSE: 32.036347
RMSE: 5.660066
MAE: 2.125849
R^2: 0.8998436216358718
loss: 0.002920  [    0/ 1575]
loss: 0.001668  [  160/ 1575]
loss: 0.001928  [  320/ 1575]
loss: 0.003740  [  480/ 1575]
loss: 0.002688  [  640/ 1575]
loss: 0.002487  [  800/ 1575]
loss: 0.001415  [  960/ 1575]
loss: 0.001544  [ 1120/ 1575]
loss: 0.002788  [ 1280/ 1575]
loss: 0.002646  [ 1440/ 1575]
Test Error: 
MSE: 35.170313
RMSE: 5.930456
MAE: 2.199939
R^2: 0.8900457920088993
loss: 0.001128  [    0/ 1575]
loss: 0.002276  [  160/ 1575]
loss: 0.002333  [  320/ 1575]
loss: 0.002388  [  480/ 1575]
loss: 0.002107  [  640/ 1575]
loss: 0.002131  [  800/ 1575]
loss: 0.003528  [  960/ 1575]
loss: 0.002198  [ 1120/ 1575]
loss: 0.001833  [ 1280/ 1575]
loss: 0.002735  [ 1440/ 1575]
Test Error: 
MSE: 29.512244
RMSE: 5.432517
MAE: 2.091528
R^2: 0.907734816900822
Saved PyTorch Model State to dimension_models/model_objects/morgan_emotional_speech_set_valence_hubert_base_ls960_1661714297_BEST.pt
loss: 0.001447  [    0/ 1575]
loss: 0.002719  [  160/ 1575]
loss: 0.003163  [  320/ 1575]
loss: 0.003261  [  480/ 1575]
loss: 0.001912  [  640/ 1575]
loss: 0.001730  [  800/ 1575]
loss: 0.002560  [  960/ 1575]
loss: 0.003060  [ 1120/ 1575]
loss: 0.002958  [ 1280/ 1575]
loss: 0.003489  [ 1440/ 1575]
Test Error: 
MSE: 36.039276
RMSE: 6.003272
MAE: 2.183600
R^2: 0.8873291211794417
loss: 0.003402  [    0/ 1575]
loss: 0.004038  [  160/ 1575]
loss: 0.002464  [  320/ 1575]
loss: 0.002212  [  480/ 1575]
loss: 0.001338  [  640/ 1575]
loss: 0.001327  [  800/ 1575]
loss: 0.001757  [  960/ 1575]
loss: 0.003014  [ 1120/ 1575]
loss: 0.003303  [ 1280/ 1575]
loss: 0.003530  [ 1440/ 1575]
Test Error: 
MSE: 29.791983
RMSE: 5.458203
MAE: 2.110358
R^2: 0.9068602588240616
loss: 0.001787  [    0/ 1575]
loss: 0.004050  [  160/ 1575]
loss: 0.002361  [  320/ 1575]
loss: 0.002104  [  480/ 1575]
loss: 0.002485  [  640/ 1575]
loss: 0.002824  [  800/ 1575]
loss: 0.003667  [  960/ 1575]
loss: 0.002027  [ 1120/ 1575]
loss: 0.002337  [ 1280/ 1575]
loss: 0.003009  [ 1440/ 1575]
Test Error: 
MSE: 28.792386
RMSE: 5.365854
MAE: 2.068521
R^2: 0.9099853326117318
Saved PyTorch Model State to dimension_models/model_objects/morgan_emotional_speech_set_valence_hubert_base_ls960_1661714297_BEST.pt
loss: 0.001200  [    0/ 1575]
loss: 0.003536  [  160/ 1575]
loss: 0.001977  [  320/ 1575]
loss: 0.002957  [  480/ 1575]
loss: 0.002173  [  640/ 1575]
loss: 0.002827  [  800/ 1575]
loss: 0.001448  [  960/ 1575]
loss: 0.002394  [ 1120/ 1575]
loss: 0.002611  [ 1280/ 1575]
loss: 0.002624  [ 1440/ 1575]
Test Error: 
MSE: 34.334447
RMSE: 5.859560
MAE: 2.147935
R^2: 0.8926589911239836
loss: 0.002751  [    0/ 1575]
loss: 0.001748  [  160/ 1575]
loss: 0.002445  [  320/ 1575]
loss: 0.002037  [  480/ 1575]
loss: 0.002670  [  640/ 1575]
loss: 0.002414  [  800/ 1575]
loss: 0.002350  [  960/ 1575]
loss: 0.002828  [ 1120/ 1575]
loss: 0.003080  [ 1280/ 1575]
loss: 0.002584  [ 1440/ 1575]
Test Error: 
MSE: 30.077499
RMSE: 5.484296
MAE: 2.114792
R^2: 0.9059676388182851
loss: 0.001993  [    0/ 1575]
loss: 0.003039  [  160/ 1575]
loss: 0.002648  [  320/ 1575]
loss: 0.002638  [  480/ 1575]
loss: 0.001666  [  640/ 1575]
loss: 0.002066  [  800/ 1575]
loss: 0.003059  [  960/ 1575]
loss: 0.001398  [ 1120/ 1575]
loss: 0.003692  [ 1280/ 1575]
loss: 0.002458  [ 1440/ 1575]
Test Error: 
MSE: 30.230377
RMSE: 5.498216
MAE: 2.113662
R^2: 0.9054896906155718
loss: 0.001810  [    0/ 1575]
loss: 0.002269  [  160/ 1575]
loss: 0.001542  [  320/ 1575]
loss: 0.002668  [  480/ 1575]
loss: 0.003842  [  640/ 1575]
loss: 0.002565  [  800/ 1575]
loss: 0.001751  [  960/ 1575]
loss: 0.002010  [ 1120/ 1575]
loss: 0.001895  [ 1280/ 1575]
loss: 0.003158  [ 1440/ 1575]
Test Error: 
MSE: 33.503692
RMSE: 5.788237
MAE: 2.171255
R^2: 0.8952562097519597
loss: 0.001913  [    0/ 1575]
loss: 0.002101  [  160/ 1575]
loss: 0.001593  [  320/ 1575]
loss: 0.002429  [  480/ 1575]
loss: 0.001820  [  640/ 1575]
loss: 0.002404  [  800/ 1575]
loss: 0.002754  [  960/ 1575]
loss: 0.001848  [ 1120/ 1575]
loss: 0.002156  [ 1280/ 1575]
loss: 0.001662  [ 1440/ 1575]
Test Error: 
MSE: 28.492316
RMSE: 5.337819
MAE: 2.068992
R^2: 0.91092345428716
Saved PyTorch Model State to dimension_models/model_objects/morgan_emotional_speech_set_valence_hubert_base_ls960_1661714297_BEST.pt
loss: 0.002113  [    0/ 1575]
loss: 0.002613  [  160/ 1575]
loss: 0.001780  [  320/ 1575]
loss: 0.001973  [  480/ 1575]
loss: 0.001694  [  640/ 1575]
loss: 0.001723  [  800/ 1575]
loss: 0.001772  [  960/ 1575]
loss: 0.003017  [ 1120/ 1575]
loss: 0.003292  [ 1280/ 1575]
loss: 0.002002  [ 1440/ 1575]
Test Error: 
MSE: 31.500572
RMSE: 5.612537
MAE: 2.109548
R^2: 0.9015186335291434
loss: 0.001848  [    0/ 1575]
loss: 0.001886  [  160/ 1575]
loss: 0.003396  [  320/ 1575]
loss: 0.003232  [  480/ 1575]
loss: 0.003630  [  640/ 1575]
loss: 0.002189  [  800/ 1575]
loss: 0.001619  [  960/ 1575]
loss: 0.001476  [ 1120/ 1575]
loss: 0.002228  [ 1280/ 1575]
loss: 0.001947  [ 1440/ 1575]
Test Error: 
MSE: 33.549154
RMSE: 5.792163
MAE: 2.171592
R^2: 0.8951140786276023
loss: 0.002431  [    0/ 1575]
loss: 0.002181  [  160/ 1575]
loss: 0.002152  [  320/ 1575]
loss: 0.002217  [  480/ 1575]
loss: 0.002730  [  640/ 1575]
loss: 0.001463  [  800/ 1575]
loss: 0.001632  [  960/ 1575]
loss: 0.002038  [ 1120/ 1575]
loss: 0.002411  [ 1280/ 1575]
loss: 0.002634  [ 1440/ 1575]
Test Error: 
MSE: 29.946538
RMSE: 5.472343
MAE: 2.085017
R^2: 0.9063770675877533
loss: 0.001832  [    0/ 1575]
loss: 0.001354  [  160/ 1575]
loss: 0.003360  [  320/ 1575]
loss: 0.003345  [  480/ 1575]
loss: 0.001948  [  640/ 1575]
loss: 0.002465  [  800/ 1575]
loss: 0.002337  [  960/ 1575]
loss: 0.003002  [ 1120/ 1575]
loss: 0.001264  [ 1280/ 1575]
loss: 0.002010  [ 1440/ 1575]
Test Error: 
MSE: 28.795731
RMSE: 5.366165
MAE: 2.072758
R^2: 0.9099748746907954
loss: 0.001912  [    0/ 1575]
loss: 0.002863  [  160/ 1575]
loss: 0.001437  [  320/ 1575]
loss: 0.002122  [  480/ 1575]
loss: 0.002735  [  640/ 1575]
loss: 0.002510  [  800/ 1575]
loss: 0.002839  [  960/ 1575]
loss: 0.002738  [ 1120/ 1575]
loss: 0.003551  [ 1280/ 1575]
loss: 0.001958  [ 1440/ 1575]
Test Error: 
MSE: 29.083237
RMSE: 5.392888
MAE: 2.078303
R^2: 0.9090760343161821
loss: 0.002180  [    0/ 1575]
loss: 0.002667  [  160/ 1575]
loss: 0.003255  [  320/ 1575]
loss: 0.001520  [  480/ 1575]
loss: 0.001718  [  640/ 1575]
loss: 0.003579  [  800/ 1575]
loss: 0.001942  [  960/ 1575]
loss: 0.003299  [ 1120/ 1575]
loss: 0.002220  [ 1280/ 1575]
loss: 0.001794  [ 1440/ 1575]
Test Error: 
MSE: 28.738974
RMSE: 5.360874
MAE: 2.077156
R^2: 0.9101523163129833
loss: 0.002645  [    0/ 1575]
loss: 0.001635  [  160/ 1575]
loss: 0.001795  [  320/ 1575]
loss: 0.002918  [  480/ 1575]
loss: 0.002387  [  640/ 1575]
loss: 0.002621  [  800/ 1575]
loss: 0.002607  [  960/ 1575]
loss: 0.002355  [ 1120/ 1575]
loss: 0.001584  [ 1280/ 1575]
loss: 0.002507  [ 1440/ 1575]
Test Error: 
MSE: 36.322674
RMSE: 6.026830
MAE: 2.217860
R^2: 0.8864431238874927
loss: 0.003243  [    0/ 1575]
loss: 0.002581  [  160/ 1575]
loss: 0.002005  [  320/ 1575]
loss: 0.001943  [  480/ 1575]
loss: 0.001613  [  640/ 1575]
loss: 0.002064  [  800/ 1575]
loss: 0.001713  [  960/ 1575]
loss: 0.002664  [ 1120/ 1575]
loss: 0.001964  [ 1280/ 1575]
loss: 0.002102  [ 1440/ 1575]
Test Error: 
MSE: 30.148971
RMSE: 5.490808
MAE: 2.111781
R^2: 0.9057441938434582
loss: 0.001379  [    0/ 1575]
loss: 0.001960  [  160/ 1575]
loss: 0.001148  [  320/ 1575]
loss: 0.002178  [  480/ 1575]
loss: 0.001439  [  640/ 1575]
loss: 0.002202  [  800/ 1575]
loss: 0.001949  [  960/ 1575]
loss: 0.001704  [ 1120/ 1575]
loss: 0.001982  [ 1280/ 1575]
loss: 0.001931  [ 1440/ 1575]
Test Error: 
MSE: 28.909504
RMSE: 5.376756
MAE: 2.081812
R^2: 0.9096191835502243
loss: 0.001378  [    0/ 1575]
loss: 0.001483  [  160/ 1575]
loss: 0.002270  [  320/ 1575]
loss: 0.002481  [  480/ 1575]
loss: 0.002472  [  640/ 1575]
loss: 0.002310  [  800/ 1575]
loss: 0.003329  [  960/ 1575]
loss: 0.002507  [ 1120/ 1575]
loss: 0.002780  [ 1280/ 1575]
loss: 0.003371  [ 1440/ 1575]
Test Error: 
MSE: 34.817721
RMSE: 5.900654
MAE: 2.154210
R^2: 0.891148111828497
loss: 0.002573  [    0/ 1575]
loss: 0.002070  [  160/ 1575]
loss: 0.002334  [  320/ 1575]
loss: 0.002560  [  480/ 1575]
loss: 0.002093  [  640/ 1575]
loss: 0.004308  [  800/ 1575]
loss: 0.001791  [  960/ 1575]
loss: 0.002653  [ 1120/ 1575]
loss: 0.003415  [ 1280/ 1575]
loss: 0.003065  [ 1440/ 1575]
Test Error: 
MSE: 43.094197
RMSE: 6.564617
MAE: 2.314938
R^2: 0.8652730702111023
loss: 0.002509  [    0/ 1575]
loss: 0.003083  [  160/ 1575]
loss: 0.001860  [  320/ 1575]
loss: 0.001506  [  480/ 1575]
loss: 0.002281  [  640/ 1575]
loss: 0.002343  [  800/ 1575]
loss: 0.002736  [  960/ 1575]
loss: 0.001084  [ 1120/ 1575]
loss: 0.001835  [ 1280/ 1575]
loss: 0.003059  [ 1440/ 1575]
Test Error: 
MSE: 31.112443
RMSE: 5.577853
MAE: 2.107404
R^2: 0.9027320548933485
loss: 0.002485  [    0/ 1575]
loss: 0.004251  [  160/ 1575]
loss: 0.002138  [  320/ 1575]
loss: 0.001793  [  480/ 1575]
loss: 0.001786  [  640/ 1575]
loss: 0.002500  [  800/ 1575]
loss: 0.001810  [  960/ 1575]
loss: 0.003070  [ 1120/ 1575]
loss: 0.002560  [ 1280/ 1575]
loss: 0.002652  [ 1440/ 1575]
Test Error: 
MSE: 43.239436
RMSE: 6.575670
MAE: 2.312071
R^2: 0.8648190043089317
loss: 0.002066  [    0/ 1575]
loss: 0.002016  [  160/ 1575]
loss: 0.004055  [  320/ 1575]
loss: 0.002210  [  480/ 1575]
loss: 0.001047  [  640/ 1575]
loss: 0.002371  [  800/ 1575]
loss: 0.002136  [  960/ 1575]
loss: 0.001765  [ 1120/ 1575]
loss: 0.001931  [ 1280/ 1575]
loss: 0.002207  [ 1440/ 1575]
Test Error: 
MSE: 28.579480
RMSE: 5.345978
MAE: 2.062235
R^2: 0.9106509493208149
loss: 0.002219  [    0/ 1575]
loss: 0.002073  [  160/ 1575]
loss: 0.002715  [  320/ 1575]
loss: 0.001866  [  480/ 1575]
loss: 0.003164  [  640/ 1575]
loss: 0.001417  [  800/ 1575]
loss: 0.001546  [  960/ 1575]
loss: 0.003831  [ 1120/ 1575]
loss: 0.002071  [ 1280/ 1575]
loss: 0.002274  [ 1440/ 1575]
Test Error: 
MSE: 36.239441
RMSE: 6.019920
MAE: 2.220401
R^2: 0.8867033384289953
loss: 0.002483  [    0/ 1575]
loss: 0.002474  [  160/ 1575]
loss: 0.002225  [  320/ 1575]
loss: 0.001559  [  480/ 1575]
loss: 0.001811  [  640/ 1575]
loss: 0.002002  [  800/ 1575]
loss: 0.001337  [  960/ 1575]
loss: 0.001770  [ 1120/ 1575]
loss: 0.001831  [ 1280/ 1575]
loss: 0.002138  [ 1440/ 1575]
Test Error: 
MSE: 28.745526
RMSE: 5.361485
MAE: 2.073035
R^2: 0.9101318348995662
loss: 0.002239  [    0/ 1575]
loss: 0.001128  [  160/ 1575]
loss: 0.002442  [  320/ 1575]
loss: 0.001302  [  480/ 1575]
loss: 0.001440  [  640/ 1575]
loss: 0.001870  [  800/ 1575]
loss: 0.002045  [  960/ 1575]
loss: 0.002056  [ 1120/ 1575]
loss: 0.002755  [ 1280/ 1575]
loss: 0.002167  [ 1440/ 1575]
Test Error: 
MSE: 32.352401
RMSE: 5.687917
MAE: 2.118301
R^2: 0.8988555304113841
loss: 0.002597  [    0/ 1575]
loss: 0.001361  [  160/ 1575]
loss: 0.001571  [  320/ 1575]
loss: 0.001470  [  480/ 1575]
loss: 0.001749  [  640/ 1575]
loss: 0.002430  [  800/ 1575]
loss: 0.002472  [  960/ 1575]
loss: 0.001941  [ 1120/ 1575]
loss: 0.002907  [ 1280/ 1575]
loss: 0.002305  [ 1440/ 1575]
Test Error: 
MSE: 27.789600
RMSE: 5.271584
MAE: 2.063725
R^2: 0.9131203803792806
Saved PyTorch Model State to dimension_models/model_objects/morgan_emotional_speech_set_valence_hubert_base_ls960_1661714297_BEST.pt
loss: 0.001120  [    0/ 1575]
loss: 0.002260  [  160/ 1575]
loss: 0.001386  [  320/ 1575]
loss: 0.001830  [  480/ 1575]
loss: 0.002735  [  640/ 1575]
loss: 0.001903  [  800/ 1575]
loss: 0.002470  [  960/ 1575]
loss: 0.002250  [ 1120/ 1575]
loss: 0.001980  [ 1280/ 1575]
loss: 0.002080  [ 1440/ 1575]
Test Error: 
MSE: 30.005262
RMSE: 5.477706
MAE: 2.106180
R^2: 0.9061934768444921
loss: 0.000849  [    0/ 1575]
loss: 0.001602  [  160/ 1575]
loss: 0.002440  [  320/ 1575]
loss: 0.001409  [  480/ 1575]
loss: 0.001497  [  640/ 1575]
loss: 0.001732  [  800/ 1575]
loss: 0.002775  [  960/ 1575]
loss: 0.002034  [ 1120/ 1575]
loss: 0.000961  [ 1280/ 1575]
loss: 0.001641  [ 1440/ 1575]
Test Error: 
MSE: 29.665481
RMSE: 5.446603
MAE: 2.104281
R^2: 0.9072557447973153
loss: 0.001595  [    0/ 1575]
loss: 0.001310  [  160/ 1575]
loss: 0.001590  [  320/ 1575]
loss: 0.001889  [  480/ 1575]
loss: 0.002712  [  640/ 1575]
loss: 0.002029  [  800/ 1575]
loss: 0.001768  [  960/ 1575]
loss: 0.000763  [ 1120/ 1575]
loss: 0.001126  [ 1280/ 1575]
loss: 0.002600  [ 1440/ 1575]
Test Error: 
MSE: 35.496668
RMSE: 5.957908
MAE: 2.197837
R^2: 0.8890254972019542
loss: 0.001699  [    0/ 1575]
loss: 0.003361  [  160/ 1575]
loss: 0.001827  [  320/ 1575]
loss: 0.001739  [  480/ 1575]
loss: 0.003291  [  640/ 1575]
loss: 0.001603  [  800/ 1575]
loss: 0.001057  [  960/ 1575]
loss: 0.001740  [ 1120/ 1575]
loss: 0.001486  [ 1280/ 1575]
loss: 0.003329  [ 1440/ 1575]
Test Error: 
MSE: 28.378252
RMSE: 5.327124
MAE: 2.074874
R^2: 0.9112800562151142
loss: 0.001591  [    0/ 1575]
loss: 0.002487  [  160/ 1575]
loss: 0.002368  [  320/ 1575]
loss: 0.001066  [  480/ 1575]
loss: 0.002406  [  640/ 1575]
loss: 0.002532  [  800/ 1575]
loss: 0.002226  [  960/ 1575]
loss: 0.002374  [ 1120/ 1575]
loss: 0.001734  [ 1280/ 1575]
loss: 0.003017  [ 1440/ 1575]
Test Error: 
MSE: 34.307324
RMSE: 5.857245
MAE: 2.186719
R^2: 0.89274378426743
loss: 0.002333  [    0/ 1575]
loss: 0.002358  [  160/ 1575]
loss: 0.001503  [  320/ 1575]
loss: 0.001512  [  480/ 1575]
loss: 0.001235  [  640/ 1575]
loss: 0.001883  [  800/ 1575]
loss: 0.001989  [  960/ 1575]
loss: 0.001198  [ 1120/ 1575]
loss: 0.003384  [ 1280/ 1575]
loss: 0.002009  [ 1440/ 1575]
Test Error: 
MSE: 29.190381
RMSE: 5.402812
MAE: 2.080597
R^2: 0.9087410659755631
loss: 0.001716  [    0/ 1575]
loss: 0.001910  [  160/ 1575]
loss: 0.001638  [  320/ 1575]
loss: 0.001091  [  480/ 1575]
loss: 0.002233  [  640/ 1575]
loss: 0.001844  [  800/ 1575]
loss: 0.002387  [  960/ 1575]
loss: 0.002190  [ 1120/ 1575]
loss: 0.002697  [ 1280/ 1575]
loss: 0.001575  [ 1440/ 1575]
Test Error: 
MSE: 30.107322
RMSE: 5.487014
MAE: 2.105449
R^2: 0.9058744035410015
loss: 0.002328  [    0/ 1575]
loss: 0.002317  [  160/ 1575]
loss: 0.001151  [  320/ 1575]
loss: 0.002467  [  480/ 1575]
loss: 0.002167  [  640/ 1575]
loss: 0.002642  [  800/ 1575]
loss: 0.003348  [  960/ 1575]
loss: 0.001196  [ 1120/ 1575]
loss: 0.001839  [ 1280/ 1575]
loss: 0.002408  [ 1440/ 1575]
Test Error: 
MSE: 28.438744
RMSE: 5.332799
MAE: 2.083876
R^2: 0.9110909365371116
loss: 0.001826  [    0/ 1575]
loss: 0.001676  [  160/ 1575]
loss: 0.001206  [  320/ 1575]
loss: 0.001916  [  480/ 1575]
loss: 0.002579  [  640/ 1575]
loss: 0.001424  [  800/ 1575]
loss: 0.002305  [  960/ 1575]
loss: 0.003483  [ 1120/ 1575]
loss: 0.003254  [ 1280/ 1575]
loss: 0.001688  [ 1440/ 1575]
Test Error: 
MSE: 47.328935
RMSE: 6.879603
MAE: 2.368733
R^2: 0.8520338569304441
loss: 0.004058  [    0/ 1575]
loss: 0.003033  [  160/ 1575]
loss: 0.002727  [  320/ 1575]
loss: 0.001705  [  480/ 1575]
loss: 0.002501  [  640/ 1575]
loss: 0.001388  [  800/ 1575]
loss: 0.001111  [  960/ 1575]
loss: 0.000997  [ 1120/ 1575]
loss: 0.001590  [ 1280/ 1575]
loss: 0.001717  [ 1440/ 1575]
Test Error: 
MSE: 28.993340
RMSE: 5.384546
MAE: 2.082895
R^2: 0.9093570832673107
loss: 0.002872  [    0/ 1575]
loss: 0.002227  [  160/ 1575]
loss: 0.001989  [  320/ 1575]
loss: 0.002808  [  480/ 1575]
loss: 0.001786  [  640/ 1575]
loss: 0.002869  [  800/ 1575]
loss: 0.001321  [  960/ 1575]
loss: 0.001954  [ 1120/ 1575]
loss: 0.001441  [ 1280/ 1575]
loss: 0.002455  [ 1440/ 1575]
Test Error: 
MSE: 29.612411
RMSE: 5.441729
MAE: 2.097685
R^2: 0.9074216608888099
loss: 0.001988  [    0/ 1575]
loss: 0.001799  [  160/ 1575]
loss: 0.001808  [  320/ 1575]
loss: 0.001086  [  480/ 1575]
loss: 0.001615  [  640/ 1575]
loss: 0.002192  [  800/ 1575]
loss: 0.002992  [  960/ 1575]
loss: 0.002000  [ 1120/ 1575]
loss: 0.002350  [ 1280/ 1575]
loss: 0.002267  [ 1440/ 1575]
Test Error: 
MSE: 31.170903
RMSE: 5.583091
MAE: 2.121826
R^2: 0.902549289216912
loss: 0.001754  [    0/ 1575]
loss: 0.001961  [  160/ 1575]
loss: 0.001718  [  320/ 1575]
loss: 0.002186  [  480/ 1575]
loss: 0.001923  [  640/ 1575]
loss: 0.001548  [  800/ 1575]
loss: 0.001723  [  960/ 1575]
loss: 0.000966  [ 1120/ 1575]
loss: 0.003375  [ 1280/ 1575]
loss: 0.001954  [ 1440/ 1575]
Test Error: 
MSE: 29.683692
RMSE: 5.448274
MAE: 2.100419
R^2: 0.9071988107153283
loss: 0.001125  [    0/ 1575]
loss: 0.001648  [  160/ 1575]
loss: 0.002380  [  320/ 1575]
loss: 0.001295  [  480/ 1575]
loss: 0.001914  [  640/ 1575]
loss: 0.001691  [  800/ 1575]
loss: 0.001603  [  960/ 1575]
loss: 0.002634  [ 1120/ 1575]
loss: 0.001679  [ 1280/ 1575]
loss: 0.001697  [ 1440/ 1575]
Test Error: 
MSE: 32.352993
RMSE: 5.687969
MAE: 2.145447
R^2: 0.8988536814055206
loss: 0.001248  [    0/ 1575]
loss: 0.002954  [  160/ 1575]
loss: 0.001011  [  320/ 1575]
loss: 0.001792  [  480/ 1575]
loss: 0.002512  [  640/ 1575]
loss: 0.002094  [  800/ 1575]
loss: 0.002572  [  960/ 1575]
loss: 0.001951  [ 1120/ 1575]
loss: 0.002377  [ 1280/ 1575]
loss: 0.001790  [ 1440/ 1575]
Test Error: 
MSE: 30.050652
RMSE: 5.481848
MAE: 2.114630
R^2: 0.9060515712698367
loss: 0.002418  [    0/ 1575]
loss: 0.002945  [  160/ 1575]
loss: 0.001724  [  320/ 1575]
loss: 0.001279  [  480/ 1575]
loss: 0.001603  [  640/ 1575]
loss: 0.002275  [  800/ 1575]
loss: 0.001480  [  960/ 1575]
loss: 0.002026  [ 1120/ 1575]
loss: 0.002076  [ 1280/ 1575]
loss: 0.002264  [ 1440/ 1575]
Test Error: 
MSE: 42.814228
RMSE: 6.543258
MAE: 2.284960
R^2: 0.8661483478645369
loss: 0.004101  [    0/ 1575]
loss: 0.002916  [  160/ 1575]
loss: 0.001906  [  320/ 1575]
loss: 0.001786  [  480/ 1575]
loss: 0.002065  [  640/ 1575]
loss: 0.002135  [  800/ 1575]
loss: 0.001730  [  960/ 1575]
loss: 0.000878  [ 1120/ 1575]
loss: 0.001810  [ 1280/ 1575]
loss: 0.001316  [ 1440/ 1575]
Test Error: 
MSE: 29.509184
RMSE: 5.432236
MAE: 2.100376
R^2: 0.9077443813282688
loss: 0.001782  [    0/ 1575]
loss: 0.002011  [  160/ 1575]
loss: 0.001344  [  320/ 1575]
loss: 0.001757  [  480/ 1575]
loss: 0.002634  [  640/ 1575]
loss: 0.002131  [  800/ 1575]
loss: 0.002047  [  960/ 1575]
loss: 0.001829  [ 1120/ 1575]
loss: 0.002733  [ 1280/ 1575]
loss: 0.002266  [ 1440/ 1575]
Test Error: 
MSE: 30.677991
RMSE: 5.538772
MAE: 2.119188
R^2: 0.9040903000850312
loss: 0.001275  [    0/ 1575]
loss: 0.002153  [  160/ 1575]
loss: 0.001936  [  320/ 1575]
loss: 0.001163  [  480/ 1575]
loss: 0.001125  [  640/ 1575]
loss: 0.001796  [  800/ 1575]
loss: 0.001753  [  960/ 1575]
loss: 0.002082  [ 1120/ 1575]
loss: 0.001415  [ 1280/ 1575]
loss: 0.001574  [ 1440/ 1575]
Test Error: 
MSE: 30.345595
RMSE: 5.508684
MAE: 2.115264
R^2: 0.9051294794346019
loss: 0.001783  [    0/ 1575]
loss: 0.001995  [  160/ 1575]
loss: 0.002884  [  320/ 1575]
loss: 0.001391  [  480/ 1575]
loss: 0.002029  [  640/ 1575]
loss: 0.002756  [  800/ 1575]
loss: 0.001477  [  960/ 1575]
loss: 0.000991  [ 1120/ 1575]
loss: 0.002163  [ 1280/ 1575]
loss: 0.002567  [ 1440/ 1575]
Test Error: 
MSE: 28.702835
RMSE: 5.357503
MAE: 2.076473
R^2: 0.910265299463787
loss: 0.001391  [    0/ 1575]
loss: 0.002480  [  160/ 1575]
loss: 0.001903  [  320/ 1575]
loss: 0.001852  [  480/ 1575]
loss: 0.001659  [  640/ 1575]
loss: 0.002200  [  800/ 1575]
loss: 0.002333  [  960/ 1575]
loss: 0.002315  [ 1120/ 1575]
loss: 0.002503  [ 1280/ 1575]
loss: 0.002717  [ 1440/ 1575]
Test Error: 
MSE: 31.020712
RMSE: 5.569624
MAE: 2.124645
R^2: 0.9030188393432902
loss: 0.001331  [    0/ 1575]
loss: 0.002187  [  160/ 1575]
loss: 0.002248  [  320/ 1575]
loss: 0.001720  [  480/ 1575]
loss: 0.002317  [  640/ 1575]
loss: 0.001755  [  800/ 1575]
loss: 0.001777  [  960/ 1575]
loss: 0.003162  [ 1120/ 1575]
loss: 0.002245  [ 1280/ 1575]
loss: 0.002065  [ 1440/ 1575]
Test Error: 
MSE: 32.032531
RMSE: 5.659729
MAE: 2.135616
R^2: 0.8998555517841179
loss: 0.003149  [    0/ 1575]
loss: 0.001216  [  160/ 1575]
loss: 0.001291  [  320/ 1575]
loss: 0.002384  [  480/ 1575]
loss: 0.002625  [  640/ 1575]
loss: 0.001534  [  800/ 1575]
loss: 0.001674  [  960/ 1575]
loss: 0.001663  [ 1120/ 1575]
loss: 0.001288  [ 1280/ 1575]
loss: 0.000916  [ 1440/ 1575]
Test Error: 
MSE: 29.602377
RMSE: 5.440807
MAE: 2.101109
R^2: 0.9074530293987146
loss: 0.001083  [    0/ 1575]
loss: 0.002203  [  160/ 1575]
loss: 0.001159  [  320/ 1575]
loss: 0.002384  [  480/ 1575]
loss: 0.001882  [  640/ 1575]
loss: 0.001929  [  800/ 1575]
loss: 0.001319  [  960/ 1575]
loss: 0.002286  [ 1120/ 1575]
loss: 0.001789  [ 1280/ 1575]
loss: 0.003228  [ 1440/ 1575]
Test Error: 
MSE: 32.945463
RMSE: 5.739814
MAE: 2.160921
R^2: 0.897001421401984
loss: 0.001472  [    0/ 1575]
loss: 0.001699  [  160/ 1575]
loss: 0.001517  [  320/ 1575]
loss: 0.001624  [  480/ 1575]
loss: 0.002343  [  640/ 1575]
loss: 0.002463  [  800/ 1575]
loss: 0.001925  [  960/ 1575]
loss: 0.001618  [ 1120/ 1575]
loss: 0.002537  [ 1280/ 1575]
loss: 0.002434  [ 1440/ 1575]
Test Error: 
MSE: 29.491534
RMSE: 5.430611
MAE: 2.089537
R^2: 0.9077995623050603
loss: 0.000985  [    0/ 1575]
loss: 0.002210  [  160/ 1575]
loss: 0.001670  [  320/ 1575]
loss: 0.001456  [  480/ 1575]
loss: 0.001942  [  640/ 1575]
loss: 0.001633  [  800/ 1575]
loss: 0.002644  [  960/ 1575]
loss: 0.001757  [ 1120/ 1575]
loss: 0.002103  [ 1280/ 1575]
loss: 0.001592  [ 1440/ 1575]
Test Error: 
MSE: 40.427159
RMSE: 6.358236
MAE: 2.249274
R^2: 0.8736111269221373
loss: 0.002666  [    0/ 1575]
loss: 0.003790  [  160/ 1575]
loss: 0.001682  [  320/ 1575]
loss: 0.001133  [  480/ 1575]
loss: 0.003189  [  640/ 1575]
loss: 0.002629  [  800/ 1575]
loss: 0.001982  [  960/ 1575]
loss: 0.001709  [ 1120/ 1575]
loss: 0.001825  [ 1280/ 1575]
loss: 0.001966  [ 1440/ 1575]
Test Error: 
MSE: 29.673718
RMSE: 5.447359
MAE: 2.100761
R^2: 0.9072299934116349
loss: 0.001465  [    0/ 1575]
loss: 0.001646  [  160/ 1575]
loss: 0.001977  [  320/ 1575]
loss: 0.001617  [  480/ 1575]
loss: 0.001639  [  640/ 1575]
loss: 0.001775  [  800/ 1575]
loss: 0.000974  [  960/ 1575]
loss: 0.001411  [ 1120/ 1575]
loss: 0.002171  [ 1280/ 1575]
loss: 0.001622  [ 1440/ 1575]
Test Error: 
MSE: 30.502736
RMSE: 5.522928
MAE: 2.115799
R^2: 0.9046382047773175
loss: 0.001498  [    0/ 1575]
loss: 0.000677  [  160/ 1575]
loss: 0.001349  [  320/ 1575]
loss: 0.001673  [  480/ 1575]
loss: 0.003098  [  640/ 1575]
loss: 0.001418  [  800/ 1575]
loss: 0.003621  [  960/ 1575]
loss: 0.001983  [ 1120/ 1575]
loss: 0.001700  [ 1280/ 1575]
loss: 0.002175  [ 1440/ 1575]
Test Error: 
MSE: 28.556819
RMSE: 5.343858
MAE: 2.083105
R^2: 0.910721796454006
loss: 0.002119  [    0/ 1575]
loss: 0.001527  [  160/ 1575]
loss: 0.002262  [  320/ 1575]
loss: 0.001152  [  480/ 1575]
loss: 0.001406  [  640/ 1575]
loss: 0.003421  [  800/ 1575]
loss: 0.001510  [  960/ 1575]
loss: 0.001745  [ 1120/ 1575]
loss: 0.002174  [ 1280/ 1575]
loss: 0.002726  [ 1440/ 1575]
Test Error: 
MSE: 36.085224
RMSE: 6.007098
MAE: 2.208702
R^2: 0.8871854724039563
loss: 0.002893  [    0/ 1575]
loss: 0.003198  [  160/ 1575]
loss: 0.001403  [  320/ 1575]
loss: 0.002370  [  480/ 1575]
loss: 0.001650  [  640/ 1575]
loss: 0.002913  [  800/ 1575]
loss: 0.001678  [  960/ 1575]
loss: 0.003854  [ 1120/ 1575]
loss: 0.001492  [ 1280/ 1575]
loss: 0.001555  [ 1440/ 1575]
Test Error: 
MSE: 28.762326
RMSE: 5.363052
MAE: 2.081992
R^2: 0.9100793123508158
loss: 0.001189  [    0/ 1575]
loss: 0.002460  [  160/ 1575]
loss: 0.001623  [  320/ 1575]
loss: 0.001911  [  480/ 1575]
loss: 0.004924  [  640/ 1575]
loss: 0.002410  [  800/ 1575]
loss: 0.001985  [  960/ 1575]
loss: 0.002475  [ 1120/ 1575]
loss: 0.001268  [ 1280/ 1575]
loss: 0.001758  [ 1440/ 1575]
Test Error: 
MSE: 29.636329
RMSE: 5.443926
MAE: 2.103649
R^2: 0.9073468845475152
loss: 0.001312  [    0/ 1575]
loss: 0.001813  [  160/ 1575]
loss: 0.002099  [  320/ 1575]
loss: 0.002009  [  480/ 1575]
loss: 0.001608  [  640/ 1575]
loss: 0.001815  [  800/ 1575]
loss: 0.001854  [  960/ 1575]
loss: 0.002358  [ 1120/ 1575]
loss: 0.002416  [ 1280/ 1575]
loss: 0.002442  [ 1440/ 1575]
Test Error: 
MSE: 32.564669
RMSE: 5.706546
MAE: 2.143436
R^2: 0.8981919098533231
loss: 0.002217  [    0/ 1575]
loss: 0.001576  [  160/ 1575]
loss: 0.001311  [  320/ 1575]
loss: 0.001245  [  480/ 1575]
loss: 0.001594  [  640/ 1575]
loss: 0.001879  [  800/ 1575]
loss: 0.001859  [  960/ 1575]
loss: 0.001584  [ 1120/ 1575]
loss: 0.002153  [ 1280/ 1575]
loss: 0.001883  [ 1440/ 1575]
Test Error: 
MSE: 27.785761
RMSE: 5.271220
MAE: 2.061539
R^2: 0.9131323822645767
Saved PyTorch Model State to dimension_models/model_objects/morgan_emotional_speech_set_valence_hubert_base_ls960_1661714297_BEST.pt
loss: 0.001365  [    0/ 1575]
loss: 0.001487  [  160/ 1575]
loss: 0.001512  [  320/ 1575]
loss: 0.001996  [  480/ 1575]
loss: 0.002223  [  640/ 1575]
loss: 0.001185  [  800/ 1575]
loss: 0.001848  [  960/ 1575]
loss: 0.002356  [ 1120/ 1575]
loss: 0.002283  [ 1280/ 1575]
loss: 0.001834  [ 1440/ 1575]
Test Error: 
MSE: 29.857740
RMSE: 5.464224
MAE: 2.102989
R^2: 0.9066546786005989
loss: 0.000996  [    0/ 1575]
loss: 0.001748  [  160/ 1575]
loss: 0.002442  [  320/ 1575]
loss: 0.001444  [  480/ 1575]
loss: 0.002544  [  640/ 1575]
loss: 0.001317  [  800/ 1575]
loss: 0.002140  [  960/ 1575]
loss: 0.001679  [ 1120/ 1575]
loss: 0.001990  [ 1280/ 1575]
loss: 0.003113  [ 1440/ 1575]
Test Error: 
MSE: 30.838218
RMSE: 5.553217
MAE: 2.119745
R^2: 0.9035893750100443
loss: 0.002589  [    0/ 1575]
loss: 0.002096  [  160/ 1575]
loss: 0.002014  [  320/ 1575]
loss: 0.001103  [  480/ 1575]
loss: 0.002265  [  640/ 1575]
loss: 0.001741  [  800/ 1575]
loss: 0.001121  [  960/ 1575]
loss: 0.003785  [ 1120/ 1575]
loss: 0.002194  [ 1280/ 1575]
loss: 0.002835  [ 1440/ 1575]
Test Error: 
MSE: 28.808892
RMSE: 5.367392
MAE: 2.085458
R^2: 0.9099337296293089
loss: 0.001372  [    0/ 1575]
loss: 0.001544  [  160/ 1575]
loss: 0.001529  [  320/ 1575]
loss: 0.001662  [  480/ 1575]
loss: 0.002421  [  640/ 1575]
loss: 0.002368  [  800/ 1575]
loss: 0.001623  [  960/ 1575]
loss: 0.001368  [ 1120/ 1575]
loss: 0.001305  [ 1280/ 1575]
loss: 0.001072  [ 1440/ 1575]
Test Error: 
MSE: 31.067397
RMSE: 5.573813
MAE: 2.110631
R^2: 0.9028728863320151
loss: 0.001958  [    0/ 1575]
loss: 0.002112  [  160/ 1575]
loss: 0.001186  [  320/ 1575]
loss: 0.001529  [  480/ 1575]
loss: 0.001544  [  640/ 1575]
loss: 0.001531  [  800/ 1575]
loss: 0.002233  [  960/ 1575]
loss: 0.002238  [ 1120/ 1575]
loss: 0.002138  [ 1280/ 1575]
loss: 0.002123  [ 1440/ 1575]
Test Error: 
MSE: 30.630146
RMSE: 5.534451
MAE: 2.105662
R^2: 0.9042398782295896
loss: 0.002086  [    0/ 1575]
loss: 0.002377  [  160/ 1575]
loss: 0.002913  [  320/ 1575]
loss: 0.001806  [  480/ 1575]
loss: 0.002840  [  640/ 1575]
loss: 0.001431  [  800/ 1575]
loss: 0.001466  [  960/ 1575]
loss: 0.001619  [ 1120/ 1575]
loss: 0.001722  [ 1280/ 1575]
loss: 0.001654  [ 1440/ 1575]
Test Error: 
MSE: 29.101557
RMSE: 5.394586
MAE: 2.083759
R^2: 0.9090187622358199
loss: 0.002141  [    0/ 1575]
loss: 0.000774  [  160/ 1575]
loss: 0.001895  [  320/ 1575]
loss: 0.000839  [  480/ 1575]
loss: 0.001169  [  640/ 1575]
loss: 0.001761  [  800/ 1575]
loss: 0.001951  [  960/ 1575]
loss: 0.001737  [ 1120/ 1575]
loss: 0.001532  [ 1280/ 1575]
loss: 0.002074  [ 1440/ 1575]
Test Error: 
MSE: 30.261101
RMSE: 5.501009
MAE: 2.105407
R^2: 0.9053936375498721
loss: 0.001840  [    0/ 1575]
loss: 0.002388  [  160/ 1575]
loss: 0.002315  [  320/ 1575]
loss: 0.001591  [  480/ 1575]
loss: 0.001722  [  640/ 1575]
loss: 0.001543  [  800/ 1575]
loss: 0.001934  [  960/ 1575]
loss: 0.001537  [ 1120/ 1575]
loss: 0.002455  [ 1280/ 1575]
loss: 0.001135  [ 1440/ 1575]
Test Error: 
MSE: 39.706897
RMSE: 6.301341
MAE: 2.267469
R^2: 0.8758629066273912
loss: 0.001789  [    0/ 1575]
loss: 0.002275  [  160/ 1575]
loss: 0.001303  [  320/ 1575]
loss: 0.001773  [  480/ 1575]
loss: 0.002864  [  640/ 1575]
loss: 0.001765  [  800/ 1575]
loss: 0.001678  [  960/ 1575]
loss: 0.000954  [ 1120/ 1575]
loss: 0.002077  [ 1280/ 1575]
loss: 0.001151  [ 1440/ 1575]
Test Error: 
MSE: 35.616803
RMSE: 5.967981
MAE: 2.192825
R^2: 0.8886499142621836
loss: 0.001521  [    0/ 1575]
loss: 0.001438  [  160/ 1575]
loss: 0.001341  [  320/ 1575]
loss: 0.001177  [  480/ 1575]
loss: 0.001545  [  640/ 1575]
loss: 0.002628  [  800/ 1575]
loss: 0.002486  [  960/ 1575]
loss: 0.002121  [ 1120/ 1575]
loss: 0.001901  [ 1280/ 1575]
loss: 0.001878  [ 1440/ 1575]
Test Error: 
MSE: 34.150493
RMSE: 5.843842
MAE: 2.168747
R^2: 0.8932340904851662
loss: 0.001966  [    0/ 1575]
loss: 0.004652  [  160/ 1575]
loss: 0.002099  [  320/ 1575]
loss: 0.002623  [  480/ 1575]
loss: 0.001975  [  640/ 1575]
loss: 0.001901  [  800/ 1575]
loss: 0.001555  [  960/ 1575]
loss: 0.001811  [ 1120/ 1575]
loss: 0.001445  [ 1280/ 1575]
loss: 0.001590  [ 1440/ 1575]
Test Error: 
MSE: 28.658609
RMSE: 5.353374
MAE: 2.066095
R^2: 0.9104035642943767
loss: 0.001577  [    0/ 1575]
loss: 0.001210  [  160/ 1575]
loss: 0.001556  [  320/ 1575]
loss: 0.002938  [  480/ 1575]
loss: 0.002262  [  640/ 1575]
loss: 0.002193  [  800/ 1575]
loss: 0.001732  [  960/ 1575]
loss: 0.001581  [ 1120/ 1575]
loss: 0.001689  [ 1280/ 1575]
loss: 0.001759  [ 1440/ 1575]
Test Error: 
MSE: 31.075181
RMSE: 5.574512
MAE: 2.108251
R^2: 0.9028485514093202
loss: 0.001861  [    0/ 1575]
loss: 0.001185  [  160/ 1575]
loss: 0.001404  [  320/ 1575]
loss: 0.001314  [  480/ 1575]
loss: 0.001519  [  640/ 1575]
loss: 0.001776  [  800/ 1575]
loss: 0.001581  [  960/ 1575]
loss: 0.002770  [ 1120/ 1575]
loss: 0.001450  [ 1280/ 1575]
loss: 0.001589  [ 1440/ 1575]
Test Error: 
MSE: 28.959531
RMSE: 5.381406
MAE: 2.072171
R^2: 0.9094627823904227
loss: 0.001439  [    0/ 1575]
loss: 0.002281  [  160/ 1575]
loss: 0.001497  [  320/ 1575]
loss: 0.001548  [  480/ 1575]
loss: 0.001785  [  640/ 1575]
loss: 0.001913  [  800/ 1575]
loss: 0.002039  [  960/ 1575]
loss: 0.001318  [ 1120/ 1575]
loss: 0.001314  [ 1280/ 1575]
loss: 0.001997  [ 1440/ 1575]
Test Error: 
MSE: 31.017368
RMSE: 5.569324
MAE: 2.124653
R^2: 0.9030292940737791
loss: 0.001741  [    0/ 1575]
loss: 0.002523  [  160/ 1575]
loss: 0.002192  [  320/ 1575]
loss: 0.001594  [  480/ 1575]
loss: 0.001819  [  640/ 1575]
loss: 0.001676  [  800/ 1575]
loss: 0.001535  [  960/ 1575]
loss: 0.001133  [ 1120/ 1575]
loss: 0.001882  [ 1280/ 1575]
loss: 0.001431  [ 1440/ 1575]
Test Error: 
MSE: 31.450668
RMSE: 5.608090
MAE: 2.132229
R^2: 0.9016746515837052
loss: 0.001425  [    0/ 1575]
loss: 0.002224  [  160/ 1575]
loss: 0.000936  [  320/ 1575]
loss: 0.001645  [  480/ 1575]
loss: 0.002195  [  640/ 1575]
loss: 0.001611  [  800/ 1575]
loss: 0.002019  [  960/ 1575]
loss: 0.001589  [ 1120/ 1575]
loss: 0.002382  [ 1280/ 1575]
loss: 0.001227  [ 1440/ 1575]
Test Error: 
MSE: 44.388761
RMSE: 6.662489
MAE: 2.327505
R^2: 0.8612258285449138
loss: 0.002163  [    0/ 1575]
loss: 0.000981  [  160/ 1575]
loss: 0.002470  [  320/ 1575]
loss: 0.002472  [  480/ 1575]
loss: 0.001575  [  640/ 1575]
loss: 0.001389  [  800/ 1575]
loss: 0.001217  [  960/ 1575]
loss: 0.001063  [ 1120/ 1575]
loss: 0.001718  [ 1280/ 1575]
loss: 0.001555  [ 1440/ 1575]
Test Error: 
MSE: 28.783688
RMSE: 5.365043
MAE: 2.069413
R^2: 0.9100125251177239
loss: 0.001317  [    0/ 1575]
loss: 0.001880  [  160/ 1575]
loss: 0.002047  [  320/ 1575]
loss: 0.001780  [  480/ 1575]
loss: 0.001433  [  640/ 1575]
loss: 0.002505  [  800/ 1575]
loss: 0.001444  [  960/ 1575]
loss: 0.001427  [ 1120/ 1575]
loss: 0.001740  [ 1280/ 1575]
loss: 0.001418  [ 1440/ 1575]
Test Error: 
MSE: 30.908873
RMSE: 5.559575
MAE: 2.128814
R^2: 0.9033684830665506
loss: 0.001758  [    0/ 1575]
loss: 0.001077  [  160/ 1575]
loss: 0.001364  [  320/ 1575]
loss: 0.001919  [  480/ 1575]
loss: 0.001720  [  640/ 1575]
loss: 0.001079  [  800/ 1575]
loss: 0.002013  [  960/ 1575]
loss: 0.003410  [ 1120/ 1575]
loss: 0.001856  [ 1280/ 1575]
loss: 0.003102  [ 1440/ 1575]
Test Error: 
MSE: 29.243549
RMSE: 5.407731
MAE: 2.072834
R^2: 0.9085748459816082
loss: 0.001428  [    0/ 1575]
loss: 0.001502  [  160/ 1575]
loss: 0.001614  [  320/ 1575]
loss: 0.002457  [  480/ 1575]
loss: 0.001830  [  640/ 1575]
loss: 0.003047  [  800/ 1575]
loss: 0.001659  [  960/ 1575]
loss: 0.001536  [ 1120/ 1575]
loss: 0.001622  [ 1280/ 1575]
loss: 0.002538  [ 1440/ 1575]
Test Error: 
MSE: 31.363689
RMSE: 5.600329
MAE: 2.125489
R^2: 0.9019465765764542
loss: 0.001952  [    0/ 1575]
loss: 0.001752  [  160/ 1575]
loss: 0.001581  [  320/ 1575]
loss: 0.001175  [  480/ 1575]
loss: 0.001639  [  640/ 1575]
loss: 0.001179  [  800/ 1575]
loss: 0.001531  [  960/ 1575]
loss: 0.002428  [ 1120/ 1575]
loss: 0.002051  [ 1280/ 1575]
loss: 0.001601  [ 1440/ 1575]
Test Error: 
MSE: 29.540606
RMSE: 5.435127
MAE: 2.093702
R^2: 0.9076461464223311
loss: 0.002006  [    0/ 1575]
loss: 0.001529  [  160/ 1575]
loss: 0.002486  [  320/ 1575]
loss: 0.001393  [  480/ 1575]
loss: 0.001199  [  640/ 1575]
loss: 0.001535  [  800/ 1575]
loss: 0.001115  [  960/ 1575]
loss: 0.001292  [ 1120/ 1575]
loss: 0.001749  [ 1280/ 1575]
loss: 0.002476  [ 1440/ 1575]
Test Error: 
MSE: 31.197297
RMSE: 5.585454
MAE: 2.122177
R^2: 0.9024667736580122
loss: 0.001218  [    0/ 1575]
loss: 0.002617  [  160/ 1575]
loss: 0.001463  [  320/ 1575]
loss: 0.000914  [  480/ 1575]
loss: 0.002484  [  640/ 1575]
loss: 0.001557  [  800/ 1575]
loss: 0.002268  [  960/ 1575]
loss: 0.001790  [ 1120/ 1575]
loss: 0.002312  [ 1280/ 1575]
loss: 0.002624  [ 1440/ 1575]
Test Error: 
MSE: 29.993979
RMSE: 5.476676
MAE: 2.098446
R^2: 0.9062287502369599
loss: 0.001557  [    0/ 1575]
loss: 0.001658  [  160/ 1575]
loss: 0.001542  [  320/ 1575]
loss: 0.002171  [  480/ 1575]
loss: 0.001198  [  640/ 1575]
loss: 0.001966  [  800/ 1575]
loss: 0.001593  [  960/ 1575]
loss: 0.001603  [ 1120/ 1575]
loss: 0.001679  [ 1280/ 1575]
loss: 0.001779  [ 1440/ 1575]
Test Error: 
MSE: 29.343715
RMSE: 5.416984
MAE: 2.085469
R^2: 0.9082616938923378
loss: 0.000886  [    0/ 1575]
loss: 0.001628  [  160/ 1575]
loss: 0.001606  [  320/ 1575]
loss: 0.001551  [  480/ 1575]
loss: 0.002202  [  640/ 1575]
loss: 0.001686  [  800/ 1575]
loss: 0.001574  [  960/ 1575]
loss: 0.002316  [ 1120/ 1575]
loss: 0.002280  [ 1280/ 1575]
loss: 0.001295  [ 1440/ 1575]
Test Error: 
MSE: 29.654319
RMSE: 5.445578
MAE: 2.099300
R^2: 0.9072906416448906
loss: 0.001437  [    0/ 1575]
loss: 0.001621  [  160/ 1575]
loss: 0.001604  [  320/ 1575]
loss: 0.002117  [  480/ 1575]
loss: 0.001534  [  640/ 1575]
loss: 0.001382  [  800/ 1575]
loss: 0.001048  [  960/ 1575]
loss: 0.003277  [ 1120/ 1575]
loss: 0.001409  [ 1280/ 1575]
loss: 0.002008  [ 1440/ 1575]
Test Error: 
MSE: 29.360660
RMSE: 5.418548
MAE: 2.093425
R^2: 0.9082087176249017
loss: 0.001063  [    0/ 1575]
loss: 0.000921  [  160/ 1575]
loss: 0.001992  [  320/ 1575]
loss: 0.001926  [  480/ 1575]
loss: 0.001952  [  640/ 1575]
loss: 0.001559  [  800/ 1575]
loss: 0.001982  [  960/ 1575]
loss: 0.002146  [ 1120/ 1575]
loss: 0.001380  [ 1280/ 1575]
loss: 0.001636  [ 1440/ 1575]
Test Error: 
MSE: 30.479259
RMSE: 5.520802
MAE: 2.115887
R^2: 0.9047116015751067
loss: 0.000815  [    0/ 1575]
loss: 0.001026  [  160/ 1575]
loss: 0.000996  [  320/ 1575]
loss: 0.001996  [  480/ 1575]
loss: 0.002057  [  640/ 1575]
loss: 0.001305  [  800/ 1575]
loss: 0.001655  [  960/ 1575]
loss: 0.001240  [ 1120/ 1575]
loss: 0.002024  [ 1280/ 1575]
loss: 0.002213  [ 1440/ 1575]
Test Error: 
MSE: 29.292827
RMSE: 5.412285
MAE: 2.087877
R^2: 0.9084207878844545
loss: 0.001850  [    0/ 1575]
loss: 0.002246  [  160/ 1575]
loss: 0.001233  [  320/ 1575]
loss: 0.001413  [  480/ 1575]
loss: 0.001643  [  640/ 1575]
loss: 0.001458  [  800/ 1575]
loss: 0.001701  [  960/ 1575]
loss: 0.001917  [ 1120/ 1575]
loss: 0.001607  [ 1280/ 1575]
loss: 0.001059  [ 1440/ 1575]
Test Error: 
MSE: 29.140133
RMSE: 5.398160
MAE: 2.083970
R^2: 0.9088981582599508
loss: 0.001496  [    0/ 1575]
loss: 0.001508  [  160/ 1575]
loss: 0.001656  [  320/ 1575]
loss: 0.001844  [  480/ 1575]
loss: 0.002151  [  640/ 1575]
loss: 0.001562  [  800/ 1575]
loss: 0.002030  [  960/ 1575]
loss: 0.001982  [ 1120/ 1575]
loss: 0.001599  [ 1280/ 1575]
loss: 0.002495  [ 1440/ 1575]
Test Error: 
MSE: 30.472065
RMSE: 5.520151
MAE: 2.111078
R^2: 0.9047340942739159
loss: 0.000900  [    0/ 1575]
loss: 0.002107  [  160/ 1575]
loss: 0.001321  [  320/ 1575]
loss: 0.001448  [  480/ 1575]
loss: 0.002872  [  640/ 1575]
loss: 0.002039  [  800/ 1575]
loss: 0.003110  [  960/ 1575]
loss: 0.001536  [ 1120/ 1575]
loss: 0.001534  [ 1280/ 1575]
loss: 0.001681  [ 1440/ 1575]
Test Error: 
MSE: 28.993193
RMSE: 5.384533
MAE: 2.079444
R^2: 0.9093575426614963
loss: 0.001553  [    0/ 1575]
loss: 0.001878  [  160/ 1575]
loss: 0.001843  [  320/ 1575]
loss: 0.001679  [  480/ 1575]
loss: 0.001191  [  640/ 1575]
loss: 0.003473  [  800/ 1575]
loss: 0.002394  [  960/ 1575]
loss: 0.001565  [ 1120/ 1575]
loss: 0.001707  [ 1280/ 1575]
loss: 0.001105  [ 1440/ 1575]
Test Error: 
MSE: 29.240858
RMSE: 5.407482
MAE: 2.087988
R^2: 0.9085832589735403
loss: 0.001536  [    0/ 1575]
loss: 0.001600  [  160/ 1575]
loss: 0.002807  [  320/ 1575]
loss: 0.001479  [  480/ 1575]
loss: 0.002342  [  640/ 1575]
loss: 0.001854  [  800/ 1575]
loss: 0.000902  [  960/ 1575]
loss: 0.002447  [ 1120/ 1575]
loss: 0.002142  [ 1280/ 1575]
loss: 0.001955  [ 1440/ 1575]
Test Error: 
MSE: 29.438425
RMSE: 5.425719
MAE: 2.087535
R^2: 0.9079655993102483
loss: 0.001889  [    0/ 1575]
loss: 0.001454  [  160/ 1575]
loss: 0.001526  [  320/ 1575]
loss: 0.001950  [  480/ 1575]
loss: 0.002448  [  640/ 1575]
loss: 0.001450  [  800/ 1575]
loss: 0.001355  [  960/ 1575]
loss: 0.000917  [ 1120/ 1575]
loss: 0.001554  [ 1280/ 1575]
loss: 0.001391  [ 1440/ 1575]
Test Error: 
MSE: 29.045416
RMSE: 5.389380
MAE: 2.077287
R^2: 0.9091942782507603
loss: 0.001784  [    0/ 1575]
loss: 0.001922  [  160/ 1575]
loss: 0.001402  [  320/ 1575]
loss: 0.003005  [  480/ 1575]
loss: 0.001642  [  640/ 1575]
loss: 0.002610  [  800/ 1575]
loss: 0.001660  [  960/ 1575]
loss: 0.001902  [ 1120/ 1575]
loss: 0.001589  [ 1280/ 1575]
loss: 0.002040  [ 1440/ 1575]
Test Error: 
MSE: 31.275357
RMSE: 5.592437
MAE: 2.128179
R^2: 0.9022227330064637
loss: 0.002157  [    0/ 1575]
loss: 0.001582  [  160/ 1575]
loss: 0.002693  [  320/ 1575]
loss: 0.001603  [  480/ 1575]
loss: 0.001826  [  640/ 1575]
loss: 0.001814  [  800/ 1575]
loss: 0.001289  [  960/ 1575]
loss: 0.001650  [ 1120/ 1575]
loss: 0.002156  [ 1280/ 1575]
loss: 0.002627  [ 1440/ 1575]
Test Error: 
MSE: 29.740262
RMSE: 5.453463
MAE: 2.097360
R^2: 0.9070219561639766
loss: 0.001253  [    0/ 1575]
loss: 0.001974  [  160/ 1575]
loss: 0.002391  [  320/ 1575]
loss: 0.001181  [  480/ 1575]
loss: 0.001546  [  640/ 1575]
loss: 0.002542  [  800/ 1575]
loss: 0.001397  [  960/ 1575]
loss: 0.001553  [ 1120/ 1575]
loss: 0.001161  [ 1280/ 1575]
loss: 0.001422  [ 1440/ 1575]
Test Error: 
MSE: 35.132963
RMSE: 5.927307
MAE: 2.193223
R^2: 0.8901625596175535
loss: 0.002072  [    0/ 1575]
loss: 0.001947  [  160/ 1575]
loss: 0.001263  [  320/ 1575]
loss: 0.001932  [  480/ 1575]
loss: 0.001197  [  640/ 1575]
loss: 0.002819  [  800/ 1575]
loss: 0.004070  [  960/ 1575]
loss: 0.001842  [ 1120/ 1575]
loss: 0.001184  [ 1280/ 1575]
loss: 0.001436  [ 1440/ 1575]
Test Error: 
MSE: 29.820663
RMSE: 5.460830
MAE: 2.087857
R^2: 0.9067705945507999
loss: 0.002105  [    0/ 1575]
loss: 0.001167  [  160/ 1575]
loss: 0.002140  [  320/ 1575]
loss: 0.001907  [  480/ 1575]
loss: 0.000803  [  640/ 1575]
loss: 0.002677  [  800/ 1575]
loss: 0.001986  [  960/ 1575]
loss: 0.001780  [ 1120/ 1575]
loss: 0.003165  [ 1280/ 1575]
loss: 0.002237  [ 1440/ 1575]
Test Error: 
MSE: 35.284419
RMSE: 5.940069
MAE: 2.186695
R^2: 0.8896890579670153
loss: 0.002121  [    0/ 1575]
loss: 0.002808  [  160/ 1575]
loss: 0.001410  [  320/ 1575]
loss: 0.000991  [  480/ 1575]
loss: 0.001341  [  640/ 1575]
loss: 0.001828  [  800/ 1575]
loss: 0.002737  [  960/ 1575]
loss: 0.002208  [ 1120/ 1575]
loss: 0.001285  [ 1280/ 1575]
loss: 0.001762  [ 1440/ 1575]
Test Error: 
MSE: 29.633711
RMSE: 5.443685
MAE: 2.097205
R^2: 0.9073550684316204
loss: 0.001673  [    0/ 1575]
loss: 0.001573  [  160/ 1575]
loss: 0.002722  [  320/ 1575]
loss: 0.002050  [  480/ 1575]
loss: 0.001150  [  640/ 1575]
loss: 0.002270  [  800/ 1575]
loss: 0.002195  [  960/ 1575]
loss: 0.001856  [ 1120/ 1575]
loss: 0.002098  [ 1280/ 1575]
loss: 0.001353  [ 1440/ 1575]
Test Error: 
MSE: 49.750134
RMSE: 7.053378
MAE: 2.395886
R^2: 0.844464374939585
loss: 0.002925  [    0/ 1575]
loss: 0.002390  [  160/ 1575]
loss: 0.002431  [  320/ 1575]
loss: 0.002569  [  480/ 1575]
loss: 0.002087  [  640/ 1575]
loss: 0.001589  [  800/ 1575]
loss: 0.001548  [  960/ 1575]
loss: 0.002515  [ 1120/ 1575]
loss: 0.001610  [ 1280/ 1575]
loss: 0.000570  [ 1440/ 1575]
Test Error: 
MSE: 36.803679
RMSE: 6.066604
MAE: 2.206424
R^2: 0.8849393404752709
loss: 0.001923  [    0/ 1575]
loss: 0.002642  [  160/ 1575]
loss: 0.002769  [  320/ 1575]
loss: 0.001639  [  480/ 1575]
loss: 0.002397  [  640/ 1575]
loss: 0.003928  [  800/ 1575]
loss: 0.002582  [  960/ 1575]
loss: 0.001499  [ 1120/ 1575]
loss: 0.002225  [ 1280/ 1575]
loss: 0.001608  [ 1440/ 1575]
Test Error: 
MSE: 33.207499
RMSE: 5.762595
MAE: 2.145364
R^2: 0.8961822093285696
loss: 0.002563  [    0/ 1575]
loss: 0.001441  [  160/ 1575]
loss: 0.001475  [  320/ 1575]
loss: 0.001078  [  480/ 1575]
loss: 0.001553  [  640/ 1575]
loss: 0.001339  [  800/ 1575]
loss: 0.002124  [  960/ 1575]
loss: 0.001576  [ 1120/ 1575]
loss: 0.001399  [ 1280/ 1575]
loss: 0.002056  [ 1440/ 1575]
Test Error: 
MSE: 31.541764
RMSE: 5.616205
MAE: 2.128234
R^2: 0.9013898540862141
loss: 0.001665  [    0/ 1575]
loss: 0.001627  [  160/ 1575]
loss: 0.001945  [  320/ 1575]
loss: 0.001626  [  480/ 1575]
loss: 0.002392  [  640/ 1575]
loss: 0.000751  [  800/ 1575]
loss: 0.000997  [  960/ 1575]
loss: 0.000710  [ 1120/ 1575]
loss: 0.001988  [ 1280/ 1575]
loss: 0.002031  [ 1440/ 1575]
Test Error: 
MSE: 29.810455
RMSE: 5.459895
MAE: 2.097133
R^2: 0.9068025074322452
loss: 0.001263  [    0/ 1575]
loss: 0.001541  [  160/ 1575]
loss: 0.001479  [  320/ 1575]
loss: 0.002016  [  480/ 1575]
loss: 0.001142  [  640/ 1575]
loss: 0.001968  [  800/ 1575]
loss: 0.001551  [  960/ 1575]
loss: 0.001559  [ 1120/ 1575]
loss: 0.002329  [ 1280/ 1575]
loss: 0.002870  [ 1440/ 1575]
Test Error: 
MSE: 30.955735
RMSE: 5.563788
MAE: 2.118274
R^2: 0.9032219777236093
loss: 0.001858  [    0/ 1575]
loss: 0.002343  [  160/ 1575]
loss: 0.002420  [  320/ 1575]
loss: 0.001009  [  480/ 1575]
loss: 0.001595  [  640/ 1575]
loss: 0.001936  [  800/ 1575]
loss: 0.001702  [  960/ 1575]
loss: 0.001104  [ 1120/ 1575]
loss: 0.001166  [ 1280/ 1575]
loss: 0.001923  [ 1440/ 1575]
Test Error: 
MSE: 36.340555
RMSE: 6.028313
MAE: 2.191659
R^2: 0.8863872219016481
loss: 0.001636  [    0/ 1575]
loss: 0.001623  [  160/ 1575]
loss: 0.001485  [  320/ 1575]
loss: 0.001746  [  480/ 1575]
loss: 0.001991  [  640/ 1575]
loss: 0.002446  [  800/ 1575]
loss: 0.002356  [  960/ 1575]
loss: 0.001356  [ 1120/ 1575]
loss: 0.001301  [ 1280/ 1575]
loss: 0.001161  [ 1440/ 1575]
Test Error: 
MSE: 29.944266
RMSE: 5.472135
MAE: 2.098459
R^2: 0.9063841686417354
loss: 0.001345  [    0/ 1575]
loss: 0.000788  [  160/ 1575]
loss: 0.001796  [  320/ 1575]
loss: 0.001711  [  480/ 1575]
loss: 0.001412  [  640/ 1575]
loss: 0.002152  [  800/ 1575]
loss: 0.001313  [  960/ 1575]
loss: 0.000789  [ 1120/ 1575]
loss: 0.001443  [ 1280/ 1575]
loss: 0.001712  [ 1440/ 1575]
Test Error: 
MSE: 29.877686
RMSE: 5.466048
MAE: 2.097632
R^2: 0.9065923215371018
loss: 0.002672  [    0/ 1575]
loss: 0.001631  [  160/ 1575]
loss: 0.001234  [  320/ 1575]
loss: 0.001447  [  480/ 1575]
loss: 0.002421  [  640/ 1575]
loss: 0.001345  [  800/ 1575]
loss: 0.001679  [  960/ 1575]
loss: 0.001667  [ 1120/ 1575]
loss: 0.000905  [ 1280/ 1575]
loss: 0.001065  [ 1440/ 1575]
Test Error: 
MSE: 29.518493
RMSE: 5.433092
MAE: 2.092597
R^2: 0.9077152785100046
loss: 0.001702  [    0/ 1575]
loss: 0.001231  [  160/ 1575]
loss: 0.002209  [  320/ 1575]
loss: 0.002580  [  480/ 1575]
loss: 0.002283  [  640/ 1575]
loss: 0.001805  [  800/ 1575]
loss: 0.001761  [  960/ 1575]
loss: 0.001283  [ 1120/ 1575]
loss: 0.001667  [ 1280/ 1575]
loss: 0.001258  [ 1440/ 1575]
Test Error: 
MSE: 29.233132
RMSE: 5.406767
MAE: 2.085574
R^2: 0.9086074141060141
loss: 0.001797  [    0/ 1575]
loss: 0.001594  [  160/ 1575]
loss: 0.001804  [  320/ 1575]
loss: 0.001541  [  480/ 1575]
loss: 0.003355  [  640/ 1575]
loss: 0.001494  [  800/ 1575]
loss: 0.001453  [  960/ 1575]
loss: 0.001634  [ 1120/ 1575]
loss: 0.001810  [ 1280/ 1575]
loss: 0.002059  [ 1440/ 1575]
Test Error: 
MSE: 30.287071
RMSE: 5.503369
MAE: 2.099395
R^2: 0.905312444845545
loss: 0.001696  [    0/ 1575]
loss: 0.001560  [  160/ 1575]
loss: 0.001671  [  320/ 1575]
loss: 0.001675  [  480/ 1575]
loss: 0.001261  [  640/ 1575]
loss: 0.001574  [  800/ 1575]
loss: 0.002026  [  960/ 1575]
loss: 0.001343  [ 1120/ 1575]
loss: 0.002294  [ 1280/ 1575]
loss: 0.001114  [ 1440/ 1575]
Test Error: 
MSE: 31.605690
RMSE: 5.621894
MAE: 2.132084
R^2: 0.9011900003456964
loss: 0.001507  [    0/ 1575]
loss: 0.003245  [  160/ 1575]
loss: 0.002736  [  320/ 1575]
loss: 0.001180  [  480/ 1575]
loss: 0.001469  [  640/ 1575]
loss: 0.002199  [  800/ 1575]
loss: 0.001072  [  960/ 1575]
loss: 0.002076  [ 1120/ 1575]
loss: 0.001477  [ 1280/ 1575]
loss: 0.001365  [ 1440/ 1575]
Test Error: 
MSE: 29.492498
RMSE: 5.430700
MAE: 2.092311
R^2: 0.9077965491672111
loss: 0.001038  [    0/ 1575]
loss: 0.001067  [  160/ 1575]
loss: 0.001123  [  320/ 1575]
loss: 0.001021  [  480/ 1575]
loss: 0.001424  [  640/ 1575]
loss: 0.001354  [  800/ 1575]
loss: 0.001320  [  960/ 1575]
loss: 0.002291  [ 1120/ 1575]
loss: 0.001830  [ 1280/ 1575]
loss: 0.001405  [ 1440/ 1575]
Test Error: 
MSE: 34.519563
RMSE: 5.875335
MAE: 2.185337
R^2: 0.8920802555648102
loss: 0.001972  [    0/ 1575]
loss: 0.001339  [  160/ 1575]
loss: 0.001676  [  320/ 1575]
loss: 0.002056  [  480/ 1575]
loss: 0.001848  [  640/ 1575]
loss: 0.002654  [  800/ 1575]
loss: 0.001431  [  960/ 1575]
loss: 0.001363  [ 1120/ 1575]
loss: 0.001140  [ 1280/ 1575]
loss: 0.001265  [ 1440/ 1575]
Test Error: 
MSE: 29.647154
RMSE: 5.444920
MAE: 2.085385
R^2: 0.9073130408927018
loss: 0.001100  [    0/ 1575]
loss: 0.001319  [  160/ 1575]
loss: 0.001604  [  320/ 1575]
loss: 0.000702  [  480/ 1575]
loss: 0.001722  [  640/ 1575]
loss: 0.000754  [  800/ 1575]
loss: 0.001389  [  960/ 1575]
loss: 0.001899  [ 1120/ 1575]
loss: 0.002171  [ 1280/ 1575]
loss: 0.001534  [ 1440/ 1575]
Test Error: 
MSE: 36.081353
RMSE: 6.006776
MAE: 2.194383
R^2: 0.8871975743140607
loss: 0.003056  [    0/ 1575]
loss: 0.001738  [  160/ 1575]
loss: 0.001974  [  320/ 1575]
loss: 0.001383  [  480/ 1575]
loss: 0.001709  [  640/ 1575]
loss: 0.001389  [  800/ 1575]
loss: 0.001487  [  960/ 1575]
loss: 0.002757  [ 1120/ 1575]
loss: 0.001365  [ 1280/ 1575]
loss: 0.001487  [ 1440/ 1575]
Test Error: 
MSE: 34.994760
RMSE: 5.915637
MAE: 2.187637
R^2: 0.8905946289031247
loss: 0.001019  [    0/ 1575]
loss: 0.001266  [  160/ 1575]
loss: 0.001834  [  320/ 1575]
loss: 0.001410  [  480/ 1575]
loss: 0.000969  [  640/ 1575]
loss: 0.001469  [  800/ 1575]
loss: 0.002149  [  960/ 1575]
loss: 0.001221  [ 1120/ 1575]
loss: 0.001734  [ 1280/ 1575]
loss: 0.002543  [ 1440/ 1575]
Test Error: 
MSE: 31.292770
RMSE: 5.593994
MAE: 2.119887
R^2: 0.9021682949332868
loss: 0.000967  [    0/ 1575]
loss: 0.002116  [  160/ 1575]
loss: 0.001405  [  320/ 1575]
loss: 0.001718  [  480/ 1575]
loss: 0.002046  [  640/ 1575]
loss: 0.001134  [  800/ 1575]
loss: 0.001668  [  960/ 1575]
loss: 0.001766  [ 1120/ 1575]
loss: 0.001115  [ 1280/ 1575]
loss: 0.002953  [ 1440/ 1575]
Test Error: 
MSE: 30.449863
RMSE: 5.518139
MAE: 2.099783
R^2: 0.9048035046859438
loss: 0.001590  [    0/ 1575]
loss: 0.002189  [  160/ 1575]
loss: 0.001853  [  320/ 1575]
loss: 0.001628  [  480/ 1575]
loss: 0.001240  [  640/ 1575]
loss: 0.002572  [  800/ 1575]
loss: 0.002199  [  960/ 1575]
loss: 0.001138  [ 1120/ 1575]
loss: 0.001207  [ 1280/ 1575]
loss: 0.002107  [ 1440/ 1575]
Test Error: 
MSE: 38.758606
RMSE: 6.225641
MAE: 2.252683
R^2: 0.8788275845713029
loss: 0.001991  [    0/ 1575]
loss: 0.002501  [  160/ 1575]
loss: 0.001426  [  320/ 1575]
loss: 0.002188  [  480/ 1575]
loss: 0.001174  [  640/ 1575]
loss: 0.001592  [  800/ 1575]
loss: 0.002131  [  960/ 1575]
loss: 0.002095  [ 1120/ 1575]
loss: 0.001557  [ 1280/ 1575]
loss: 0.002066  [ 1440/ 1575]
Test Error: 
MSE: 32.162083
RMSE: 5.671162
MAE: 2.147225
R^2: 0.8994505300834328
loss: 0.001860  [    0/ 1575]
loss: 0.001009  [  160/ 1575]
loss: 0.001463  [  320/ 1575]
loss: 0.000990  [  480/ 1575]
loss: 0.001617  [  640/ 1575]
loss: 0.001861  [  800/ 1575]
loss: 0.001721  [  960/ 1575]
loss: 0.001837  [ 1120/ 1575]
loss: 0.001960  [ 1280/ 1575]
loss: 0.001530  [ 1440/ 1575]
Test Error: 
MSE: 30.641488
RMSE: 5.535475
MAE: 2.108252
R^2: 0.9042044197488824
loss: 0.000980  [    0/ 1575]
loss: 0.001616  [  160/ 1575]
loss: 0.001506  [  320/ 1575]
loss: 0.001606  [  480/ 1575]
loss: 0.002499  [  640/ 1575]
loss: 0.001963  [  800/ 1575]
loss: 0.001610  [  960/ 1575]
loss: 0.001697  [ 1120/ 1575]
loss: 0.001023  [ 1280/ 1575]
loss: 0.001562  [ 1440/ 1575]
Test Error: 
MSE: 30.868975
RMSE: 5.555985
MAE: 2.118285
R^2: 0.9034932204805831
loss: 0.001618  [    0/ 1575]
loss: 0.001410  [  160/ 1575]
loss: 0.001587  [  320/ 1575]
loss: 0.001719  [  480/ 1575]
loss: 0.001537  [  640/ 1575]
loss: 0.001388  [  800/ 1575]
loss: 0.001015  [  960/ 1575]
loss: 0.002150  [ 1120/ 1575]
loss: 0.001457  [ 1280/ 1575]
loss: 0.000931  [ 1440/ 1575]
Test Error: 
MSE: 33.053948
RMSE: 5.749256
MAE: 2.155802
R^2: 0.8966622607924203
loss: 0.001567  [    0/ 1575]
loss: 0.001444  [  160/ 1575]
loss: 0.001363  [  320/ 1575]
loss: 0.002197  [  480/ 1575]
loss: 0.001588  [  640/ 1575]
loss: 0.001307  [  800/ 1575]
loss: 0.001647  [  960/ 1575]
loss: 0.001771  [ 1120/ 1575]
loss: 0.002176  [ 1280/ 1575]
loss: 0.001250  [ 1440/ 1575]
Test Error: 
MSE: 29.689420
RMSE: 5.448800
MAE: 2.106015
R^2: 0.9071809025598296
loss: 0.000993  [    0/ 1575]
loss: 0.000938  [  160/ 1575]
loss: 0.001183  [  320/ 1575]
loss: 0.000968  [  480/ 1575]
loss: 0.001054  [  640/ 1575]
loss: 0.001818  [  800/ 1575]
loss: 0.000763  [  960/ 1575]
loss: 0.001433  [ 1120/ 1575]
loss: 0.002444  [ 1280/ 1575]
loss: 0.002007  [ 1440/ 1575]
Test Error: 
MSE: 30.041480
RMSE: 5.481011
MAE: 2.099364
R^2: 0.9060802452552803
loss: 0.001494  [    0/ 1575]
loss: 0.001190  [  160/ 1575]
loss: 0.001484  [  320/ 1575]
loss: 0.001993  [  480/ 1575]
loss: 0.001819  [  640/ 1575]
loss: 0.001414  [  800/ 1575]
loss: 0.001988  [  960/ 1575]
loss: 0.002332  [ 1120/ 1575]
loss: 0.002421  [ 1280/ 1575]
loss: 0.002199  [ 1440/ 1575]
Test Error: 
MSE: 30.445107
RMSE: 5.517708
MAE: 2.113253
R^2: 0.9048183725871619
loss: 0.001154  [    0/ 1575]
loss: 0.001928  [  160/ 1575]
loss: 0.001124  [  320/ 1575]
loss: 0.000930  [  480/ 1575]
loss: 0.001911  [  640/ 1575]
loss: 0.001251  [  800/ 1575]
loss: 0.001461  [  960/ 1575]
loss: 0.002371  [ 1120/ 1575]
loss: 0.001712  [ 1280/ 1575]
loss: 0.001459  [ 1440/ 1575]
Test Error: 
MSE: 31.695847
RMSE: 5.629906
MAE: 2.131648
R^2: 0.9009081402074793
loss: 0.002419  [    0/ 1575]
loss: 0.001494  [  160/ 1575]
loss: 0.001183  [  320/ 1575]
loss: 0.001627  [  480/ 1575]
loss: 0.001157  [  640/ 1575]
loss: 0.001681  [  800/ 1575]
loss: 0.002052  [  960/ 1575]
loss: 0.000970  [ 1120/ 1575]
loss: 0.003091  [ 1280/ 1575]
loss: 0.001755  [ 1440/ 1575]
Test Error: 
MSE: 32.212623
RMSE: 5.675617
MAE: 2.147117
R^2: 0.8992925250121588
loss: 0.001157  [    0/ 1575]
loss: 0.001779  [  160/ 1575]
loss: 0.001276  [  320/ 1575]
loss: 0.001096  [  480/ 1575]
loss: 0.001363  [  640/ 1575]
loss: 0.001128  [  800/ 1575]
loss: 0.002723  [  960/ 1575]
loss: 0.001457  [ 1120/ 1575]
loss: 0.001355  [ 1280/ 1575]
loss: 0.002620  [ 1440/ 1575]
Test Error: 
MSE: 36.319788
RMSE: 6.026590
MAE: 2.198864
R^2: 0.886452147110131
loss: 0.002087  [    0/ 1575]
loss: 0.001508  [  160/ 1575]
loss: 0.001381  [  320/ 1575]
loss: 0.001798  [  480/ 1575]
loss: 0.001539  [  640/ 1575]
loss: 0.001446  [  800/ 1575]
loss: 0.001277  [  960/ 1575]
loss: 0.001208  [ 1120/ 1575]
loss: 0.001530  [ 1280/ 1575]
loss: 0.001127  [ 1440/ 1575]
Test Error: 
MSE: 31.803561
RMSE: 5.639465
MAE: 2.128385
R^2: 0.9005713897750001
loss: 0.001576  [    0/ 1575]
loss: 0.001393  [  160/ 1575]
loss: 0.003291  [  320/ 1575]
loss: 0.001877  [  480/ 1575]
loss: 0.001939  [  640/ 1575]
loss: 0.001378  [  800/ 1575]
loss: 0.001887  [  960/ 1575]
loss: 0.001789  [ 1120/ 1575]
loss: 0.001618  [ 1280/ 1575]
loss: 0.001930  [ 1440/ 1575]
Test Error: 
MSE: 31.016663
RMSE: 5.569261
MAE: 2.115616
R^2: 0.9030314980201184
loss: 0.001501  [    0/ 1575]
loss: 0.001900  [  160/ 1575]
loss: 0.001368  [  320/ 1575]
loss: 0.002776  [  480/ 1575]
loss: 0.001302  [  640/ 1575]
loss: 0.001782  [  800/ 1575]
loss: 0.001559  [  960/ 1575]
loss: 0.001748  [ 1120/ 1575]
loss: 0.001236  [ 1280/ 1575]
loss: 0.001442  [ 1440/ 1575]
Test Error: 
MSE: 47.046785
RMSE: 6.859066
MAE: 2.362818
R^2: 0.8529159522834802
loss: 0.003137  [    0/ 1575]
loss: 0.001899  [  160/ 1575]
loss: 0.001809  [  320/ 1575]
loss: 0.001570  [  480/ 1575]
loss: 0.001107  [  640/ 1575]
loss: 0.001593  [  800/ 1575]
loss: 0.001893  [  960/ 1575]
loss: 0.001860  [ 1120/ 1575]
loss: 0.001471  [ 1280/ 1575]
loss: 0.001178  [ 1440/ 1575]
Test Error: 
MSE: 29.761926
RMSE: 5.455449
MAE: 2.088163
R^2: 0.9069542268488099
loss: 0.001552  [    0/ 1575]
loss: 0.000915  [  160/ 1575]
loss: 0.002245  [  320/ 1575]
loss: 0.002308  [  480/ 1575]
loss: 0.001757  [  640/ 1575]
loss: 0.001938  [  800/ 1575]
loss: 0.001265  [  960/ 1575]
loss: 0.001347  [ 1120/ 1575]
loss: 0.000894  [ 1280/ 1575]
loss: 0.001602  [ 1440/ 1575]
Test Error: 
MSE: 29.982848
RMSE: 5.475660
MAE: 2.109584
R^2: 0.906263550393996
loss: 0.001064  [    0/ 1575]
loss: 0.001189  [  160/ 1575]
loss: 0.001635  [  320/ 1575]
loss: 0.001198  [  480/ 1575]
loss: 0.000794  [  640/ 1575]
loss: 0.002365  [  800/ 1575]
loss: 0.001374  [  960/ 1575]
loss: 0.001508  [ 1120/ 1575]
loss: 0.001306  [ 1280/ 1575]
loss: 0.002454  [ 1440/ 1575]
Test Error: 
MSE: 32.397406
RMSE: 5.691872
MAE: 2.143647
R^2: 0.8987148315271715
loss: 0.001943  [    0/ 1575]
loss: 0.001915  [  160/ 1575]
loss: 0.001321  [  320/ 1575]
loss: 0.002136  [  480/ 1575]
loss: 0.001632  [  640/ 1575]
loss: 0.001689  [  800/ 1575]
loss: 0.001906  [  960/ 1575]
loss: 0.001890  [ 1120/ 1575]
loss: 0.001280  [ 1280/ 1575]
loss: 0.001433  [ 1440/ 1575]
Test Error: 
MSE: 35.066322
RMSE: 5.921682
MAE: 2.174230
R^2: 0.8903709041555724
loss: 0.002008  [    0/ 1575]
loss: 0.001457  [  160/ 1575]
loss: 0.001618  [  320/ 1575]
loss: 0.001518  [  480/ 1575]
loss: 0.001118  [  640/ 1575]
loss: 0.001398  [  800/ 1575]
loss: 0.001223  [  960/ 1575]
loss: 0.001484  [ 1120/ 1575]
loss: 0.001218  [ 1280/ 1575]
loss: 0.002525  [ 1440/ 1575]
Test Error: 
MSE: 33.964428
RMSE: 5.827901
MAE: 2.178469
R^2: 0.8938157928456385
loss: 0.001770  [    0/ 1575]
loss: 0.002228  [  160/ 1575]
loss: 0.002102  [  320/ 1575]
loss: 0.001207  [  480/ 1575]
loss: 0.001650  [  640/ 1575]
loss: 0.001378  [  800/ 1575]
loss: 0.001771  [  960/ 1575]
loss: 0.001077  [ 1120/ 1575]
loss: 0.001103  [ 1280/ 1575]
loss: 0.001731  [ 1440/ 1575]
Test Error: 
MSE: 30.922194
RMSE: 5.560773
MAE: 2.122399
R^2: 0.9033268396117934
loss: 0.001096  [    0/ 1575]
loss: 0.001864  [  160/ 1575]
loss: 0.001293  [  320/ 1575]
loss: 0.001464  [  480/ 1575]
loss: 0.001712  [  640/ 1575]
loss: 0.001387  [  800/ 1575]
loss: 0.001701  [  960/ 1575]
loss: 0.000957  [ 1120/ 1575]
loss: 0.001480  [ 1280/ 1575]
loss: 0.002117  [ 1440/ 1575]
Test Error: 
MSE: 32.560872
RMSE: 5.706213
MAE: 2.151999
R^2: 0.8982037801923449
loss: 0.001415  [    0/ 1575]
loss: 0.002584  [  160/ 1575]
loss: 0.001640  [  320/ 1575]
loss: 0.001383  [  480/ 1575]
loss: 0.001569  [  640/ 1575]
loss: 0.001851  [  800/ 1575]
loss: 0.001570  [  960/ 1575]
loss: 0.001292  [ 1120/ 1575]
loss: 0.001702  [ 1280/ 1575]
loss: 0.002259  [ 1440/ 1575]
Test Error: 
MSE: 32.726941
RMSE: 5.720747
MAE: 2.154135
R^2: 0.8976845931365727
loss: 0.001308  [    0/ 1575]
loss: 0.001966  [  160/ 1575]
loss: 0.003019  [  320/ 1575]
loss: 0.001521  [  480/ 1575]
loss: 0.001361  [  640/ 1575]
loss: 0.002838  [  800/ 1575]
loss: 0.001888  [  960/ 1575]
loss: 0.002193  [ 1120/ 1575]
loss: 0.002241  [ 1280/ 1575]
loss: 0.001794  [ 1440/ 1575]
Test Error: 
MSE: 30.068761
RMSE: 5.483499
MAE: 2.102989
R^2: 0.9059949572655097
loss: 0.001392  [    0/ 1575]
loss: 0.001392  [  160/ 1575]
loss: 0.000900  [  320/ 1575]
loss: 0.001379  [  480/ 1575]
loss: 0.001696  [  640/ 1575]
loss: 0.001499  [  800/ 1575]
loss: 0.001824  [  960/ 1575]
loss: 0.001153  [ 1120/ 1575]
loss: 0.001871  [ 1280/ 1575]
loss: 0.001796  [ 1440/ 1575]
Test Error: 
MSE: 31.131584
RMSE: 5.579568
MAE: 2.123792
R^2: 0.9026722143450842
loss: 0.001206  [    0/ 1575]
loss: 0.000886  [  160/ 1575]
loss: 0.001145  [  320/ 1575]
loss: 0.001764  [  480/ 1575]
loss: 0.001483  [  640/ 1575]
loss: 0.001544  [  800/ 1575]
loss: 0.001281  [  960/ 1575]
loss: 0.001346  [ 1120/ 1575]
loss: 0.002432  [ 1280/ 1575]
loss: 0.001140  [ 1440/ 1575]
Test Error: 
MSE: 34.127401
RMSE: 5.841866
MAE: 2.180428
R^2: 0.8933062855956784
loss: 0.001584  [    0/ 1575]
loss: 0.001172  [  160/ 1575]
loss: 0.001357  [  320/ 1575]
loss: 0.001134  [  480/ 1575]
loss: 0.001516  [  640/ 1575]
loss: 0.001753  [  800/ 1575]
loss: 0.001116  [  960/ 1575]
loss: 0.002282  [ 1120/ 1575]
loss: 0.001773  [ 1280/ 1575]
loss: 0.001935  [ 1440/ 1575]
Test Error: 
MSE: 32.629497
RMSE: 5.712223
MAE: 2.153026
R^2: 0.8979892353026849
loss: 0.001574  [    0/ 1575]
loss: 0.002402  [  160/ 1575]
loss: 0.001419  [  320/ 1575]
loss: 0.000985  [  480/ 1575]
loss: 0.001726  [  640/ 1575]
loss: 0.001248  [  800/ 1575]
loss: 0.001320  [  960/ 1575]
loss: 0.001359  [ 1120/ 1575]
loss: 0.001180  [ 1280/ 1575]
loss: 0.001545  [ 1440/ 1575]
Test Error: 
MSE: 30.386045
RMSE: 5.512354
MAE: 2.111210
R^2: 0.905003019455033
loss: 0.001307  [    0/ 1575]
loss: 0.001400  [  160/ 1575]
loss: 0.001284  [  320/ 1575]
loss: 0.001107  [  480/ 1575]
loss: 0.001747  [  640/ 1575]
loss: 0.001690  [  800/ 1575]
loss: 0.001418  [  960/ 1575]
loss: 0.001886  [ 1120/ 1575]
loss: 0.000851  [ 1280/ 1575]
loss: 0.001358  [ 1440/ 1575]
Test Error: 
MSE: 39.584416
RMSE: 6.291615
MAE: 2.264252
R^2: 0.8762458245433352
loss: 0.002428  [    0/ 1575]
loss: 0.003663  [  160/ 1575]
loss: 0.001165  [  320/ 1575]
loss: 0.002264  [  480/ 1575]
loss: 0.001321  [  640/ 1575]
loss: 0.002134  [  800/ 1575]
loss: 0.001982  [  960/ 1575]
loss: 0.001154  [ 1120/ 1575]
loss: 0.001409  [ 1280/ 1575]
loss: 0.001029  [ 1440/ 1575]
Test Error: 
MSE: 40.851330
RMSE: 6.391505
MAE: 2.282468
R^2: 0.8722850257193749
loss: 0.001642  [    0/ 1575]
loss: 0.002518  [  160/ 1575]
loss: 0.001922  [  320/ 1575]
loss: 0.000948  [  480/ 1575]
loss: 0.001205  [  640/ 1575]
loss: 0.001517  [  800/ 1575]
loss: 0.001855  [  960/ 1575]
loss: 0.001529  [ 1120/ 1575]
loss: 0.001224  [ 1280/ 1575]
loss: 0.002214  [ 1440/ 1575]
Test Error: 
MSE: 33.160544
RMSE: 5.758519
MAE: 2.157566
R^2: 0.8963290049743549
loss: 0.002433  [    0/ 1575]
loss: 0.001087  [  160/ 1575]
loss: 0.002085  [  320/ 1575]
loss: 0.001904  [  480/ 1575]
loss: 0.001432  [  640/ 1575]
loss: 0.002098  [  800/ 1575]
loss: 0.002001  [  960/ 1575]
loss: 0.002224  [ 1120/ 1575]
loss: 0.001958  [ 1280/ 1575]
loss: 0.001263  [ 1440/ 1575]
Test Error: 
MSE: 33.827423
RMSE: 5.816135
MAE: 2.152717
R^2: 0.894244116387503
loss: 0.002088  [    0/ 1575]
loss: 0.001809  [  160/ 1575]
loss: 0.001215  [  320/ 1575]
loss: 0.001280  [  480/ 1575]
loss: 0.001509  [  640/ 1575]
loss: 0.002231  [  800/ 1575]
loss: 0.002022  [  960/ 1575]
loss: 0.001105  [ 1120/ 1575]
loss: 0.001117  [ 1280/ 1575]
loss: 0.002184  [ 1440/ 1575]
Test Error: 
MSE: 30.236031
RMSE: 5.498730
MAE: 2.095917
R^2: 0.9054720154025575
loss: 0.001601  [    0/ 1575]
loss: 0.001555  [  160/ 1575]
loss: 0.000903  [  320/ 1575]
loss: 0.001642  [  480/ 1575]
loss: 0.001628  [  640/ 1575]
loss: 0.001825  [  800/ 1575]
loss: 0.001585  [  960/ 1575]
loss: 0.001753  [ 1120/ 1575]
loss: 0.001192  [ 1280/ 1575]
loss: 0.001368  [ 1440/ 1575]
Test Error: 
MSE: 30.827473
RMSE: 5.552249
MAE: 2.117068
R^2: 0.9036229689295526
loss: 0.002075  [    0/ 1575]
loss: 0.001416  [  160/ 1575]
loss: 0.002784  [  320/ 1575]
loss: 0.001255  [  480/ 1575]
loss: 0.001630  [  640/ 1575]
loss: 0.001646  [  800/ 1575]
loss: 0.001374  [  960/ 1575]
loss: 0.001432  [ 1120/ 1575]
loss: 0.001980  [ 1280/ 1575]
loss: 0.003080  [ 1440/ 1575]
Test Error: 
MSE: 31.356944
RMSE: 5.599727
MAE: 2.133652
R^2: 0.9019676638675794
loss: 0.001109  [    0/ 1575]
loss: 0.001534  [  160/ 1575]
loss: 0.002257  [  320/ 1575]
loss: 0.001343  [  480/ 1575]
loss: 0.001603  [  640/ 1575]
loss: 0.000990  [  800/ 1575]
loss: 0.001118  [  960/ 1575]
loss: 0.001677  [ 1120/ 1575]
loss: 0.002161  [ 1280/ 1575]
loss: 0.002777  [ 1440/ 1575]
Test Error: 
MSE: 30.556307
RMSE: 5.527776
MAE: 2.122043
R^2: 0.9044707238942312
loss: 0.000692  [    0/ 1575]
loss: 0.002403  [  160/ 1575]
loss: 0.002295  [  320/ 1575]
loss: 0.001677  [  480/ 1575]
loss: 0.002809  [  640/ 1575]
loss: 0.001745  [  800/ 1575]
loss: 0.001410  [  960/ 1575]
loss: 0.000864  [ 1120/ 1575]
loss: 0.001468  [ 1280/ 1575]
loss: 0.001043  [ 1440/ 1575]
Test Error: 
MSE: 34.626782
RMSE: 5.884453
MAE: 2.174335
R^2: 0.8917450538908622
loss: 0.001964  [    0/ 1575]
loss: 0.001216  [  160/ 1575]
loss: 0.001274  [  320/ 1575]
loss: 0.001147  [  480/ 1575]
loss: 0.002184  [  640/ 1575]
loss: 0.001924  [  800/ 1575]
loss: 0.001277  [  960/ 1575]
loss: 0.001818  [ 1120/ 1575]
loss: 0.001813  [ 1280/ 1575]
loss: 0.002095  [ 1440/ 1575]
Test Error: 
MSE: 31.690677
RMSE: 5.629447
MAE: 2.135656
R^2: 0.9009243021605243
loss: 0.001255  [    0/ 1575]
loss: 0.001935  [  160/ 1575]
loss: 0.001578  [  320/ 1575]
loss: 0.002165  [  480/ 1575]
loss: 0.001442  [  640/ 1575]
loss: 0.001056  [  800/ 1575]
loss: 0.001050  [  960/ 1575]
loss: 0.001420  [ 1120/ 1575]
loss: 0.001730  [ 1280/ 1575]
loss: 0.003289  [ 1440/ 1575]
Test Error: 
MSE: 31.914768
RMSE: 5.649316
MAE: 2.141065
R^2: 0.9002237180363248
loss: 0.001445  [    0/ 1575]
loss: 0.001763  [  160/ 1575]
loss: 0.001748  [  320/ 1575]
loss: 0.001727  [  480/ 1575]
loss: 0.001202  [  640/ 1575]
loss: 0.001976  [  800/ 1575]
loss: 0.001414  [  960/ 1575]
loss: 0.002005  [ 1120/ 1575]
loss: 0.001899  [ 1280/ 1575]
loss: 0.001278  [ 1440/ 1575]
Test Error: 
MSE: 30.052874
RMSE: 5.482050
MAE: 2.100221
R^2: 0.9060446256246046
loss: 0.001800  [    0/ 1575]
loss: 0.001434  [  160/ 1575]
loss: 0.002111  [  320/ 1575]
loss: 0.001700  [  480/ 1575]
loss: 0.001399  [  640/ 1575]
loss: 0.001133  [  800/ 1575]
loss: 0.001736  [  960/ 1575]
loss: 0.001306  [ 1120/ 1575]
loss: 0.001507  [ 1280/ 1575]
loss: 0.001676  [ 1440/ 1575]
Test Error: 
MSE: 38.547033
RMSE: 6.208626
MAE: 2.247974
R^2: 0.8794890309693695
loss: 0.001479  [    0/ 1575]
loss: 0.001646  [  160/ 1575]
loss: 0.001077  [  320/ 1575]
loss: 0.001532  [  480/ 1575]
loss: 0.001873  [  640/ 1575]
loss: 0.002311  [  800/ 1575]
loss: 0.001123  [  960/ 1575]
loss: 0.001347  [ 1120/ 1575]
loss: 0.001553  [ 1280/ 1575]
loss: 0.001736  [ 1440/ 1575]
Test Error: 
MSE: 30.136830
RMSE: 5.489702
MAE: 2.099853
R^2: 0.9057821512304574
loss: 0.000966  [    0/ 1575]
loss: 0.001109  [  160/ 1575]
loss: 0.001937  [  320/ 1575]
loss: 0.001651  [  480/ 1575]
loss: 0.002087  [  640/ 1575]
loss: 0.000822  [  800/ 1575]
loss: 0.001433  [  960/ 1575]
loss: 0.001223  [ 1120/ 1575]
loss: 0.001881  [ 1280/ 1575]
loss: 0.001519  [ 1440/ 1575]
Test Error: 
MSE: 34.978289
RMSE: 5.914245
MAE: 2.190898
R^2: 0.8906461222118831
loss: 0.002083  [    0/ 1575]
loss: 0.001990  [  160/ 1575]
loss: 0.001733  [  320/ 1575]
loss: 0.001904  [  480/ 1575]
loss: 0.001106  [  640/ 1575]
loss: 0.001914  [  800/ 1575]
loss: 0.001389  [  960/ 1575]
loss: 0.001004  [ 1120/ 1575]
loss: 0.002165  [ 1280/ 1575]
loss: 0.001485  [ 1440/ 1575]
Test Error: 
MSE: 31.579628
RMSE: 5.619575
MAE: 2.135307
R^2: 0.9012714779980487
loss: 0.001258  [    0/ 1575]
loss: 0.002086  [  160/ 1575]
loss: 0.001152  [  320/ 1575]
loss: 0.002141  [  480/ 1575]
loss: 0.002073  [  640/ 1575]
loss: 0.001871  [  800/ 1575]
loss: 0.001845  [  960/ 1575]
loss: 0.001120  [ 1120/ 1575]
loss: 0.001380  [ 1280/ 1575]
loss: 0.001354  [ 1440/ 1575]
Test Error: 
MSE: 31.405906
RMSE: 5.604097
MAE: 2.140493
R^2: 0.9018145936427044
loss: 0.001612  [    0/ 1575]
loss: 0.002058  [  160/ 1575]
loss: 0.002173  [  320/ 1575]
loss: 0.001453  [  480/ 1575]
loss: 0.001643  [  640/ 1575]
loss: 0.001456  [  800/ 1575]
loss: 0.001420  [  960/ 1575]
loss: 0.001172  [ 1120/ 1575]
loss: 0.001501  [ 1280/ 1575]
loss: 0.000954  [ 1440/ 1575]
Test Error: 
MSE: 31.339775
RMSE: 5.598194
MAE: 2.115811
R^2: 0.9020213389761988
loss: 0.001418  [    0/ 1575]
loss: 0.001072  [  160/ 1575]
loss: 0.001545  [  320/ 1575]
loss: 0.002182  [  480/ 1575]
loss: 0.001436  [  640/ 1575]
loss: 0.001396  [  800/ 1575]
loss: 0.001933  [  960/ 1575]
loss: 0.001778  [ 1120/ 1575]
loss: 0.001210  [ 1280/ 1575]
loss: 0.001628  [ 1440/ 1575]
Test Error: 
MSE: 29.280748
RMSE: 5.411169
MAE: 2.093739
R^2: 0.9084585504257439
loss: 0.001762  [    0/ 1575]
loss: 0.001555  [  160/ 1575]
loss: 0.001334  [  320/ 1575]
loss: 0.001379  [  480/ 1575]
loss: 0.001130  [  640/ 1575]
loss: 0.001293  [  800/ 1575]
loss: 0.001092  [  960/ 1575]
loss: 0.002202  [ 1120/ 1575]
loss: 0.001398  [ 1280/ 1575]
loss: 0.001809  [ 1440/ 1575]
Test Error: 
MSE: 30.674562
RMSE: 5.538462
MAE: 2.118926
R^2: 0.9041010205704997
loss: 0.001539  [    0/ 1575]
loss: 0.001680  [  160/ 1575]
loss: 0.002062  [  320/ 1575]
loss: 0.001489  [  480/ 1575]
loss: 0.001363  [  640/ 1575]
loss: 0.001003  [  800/ 1575]
loss: 0.001996  [  960/ 1575]
loss: 0.001242  [ 1120/ 1575]
loss: 0.001549  [ 1280/ 1575]
loss: 0.001669  [ 1440/ 1575]
Test Error: 
MSE: 34.451386
RMSE: 5.869530
MAE: 2.178339
R^2: 0.8922934000189662
loss: 0.001660  [    0/ 1575]
loss: 0.000893  [  160/ 1575]
loss: 0.002856  [  320/ 1575]
loss: 0.001298  [  480/ 1575]
loss: 0.001987  [  640/ 1575]
loss: 0.002291  [  800/ 1575]
loss: 0.002104  [  960/ 1575]
loss: 0.001958  [ 1120/ 1575]
loss: 0.003057  [ 1280/ 1575]
loss: 0.002249  [ 1440/ 1575]
Test Error: 
MSE: 29.755605
RMSE: 5.454870
MAE: 2.101301
R^2: 0.9069739882337589
loss: 0.001087  [    0/ 1575]
loss: 0.001337  [  160/ 1575]
loss: 0.001643  [  320/ 1575]
loss: 0.000887  [  480/ 1575]
loss: 0.001442  [  640/ 1575]
loss: 0.001789  [  800/ 1575]
loss: 0.001738  [  960/ 1575]
loss: 0.001213  [ 1120/ 1575]
loss: 0.001804  [ 1280/ 1575]
loss: 0.001390  [ 1440/ 1575]
Test Error: 
MSE: 30.910292
RMSE: 5.559703
MAE: 2.122425
R^2: 0.9033640476569801
loss: 0.001521  [    0/ 1575]
loss: 0.001964  [  160/ 1575]
loss: 0.001364  [  320/ 1575]
loss: 0.001884  [  480/ 1575]
loss: 0.002385  [  640/ 1575]
loss: 0.001049  [  800/ 1575]
loss: 0.001431  [  960/ 1575]
loss: 0.001594  [ 1120/ 1575]
loss: 0.002573  [ 1280/ 1575]
loss: 0.001782  [ 1440/ 1575]
Test Error: 
MSE: 29.878402
RMSE: 5.466114
MAE: 2.106403
R^2: 0.9065900828377057
loss: 0.001239  [    0/ 1575]
loss: 0.001305  [  160/ 1575]
loss: 0.001765  [  320/ 1575]
loss: 0.000988  [  480/ 1575]
loss: 0.001298  [  640/ 1575]
loss: 0.001255  [  800/ 1575]
loss: 0.001328  [  960/ 1575]
loss: 0.001329  [ 1120/ 1575]
loss: 0.001253  [ 1280/ 1575]
loss: 0.001666  [ 1440/ 1575]
Test Error: 
MSE: 32.229368
RMSE: 5.677092
MAE: 2.141754
R^2: 0.8992401740481725
loss: 0.001194  [    0/ 1575]
loss: 0.002351  [  160/ 1575]
loss: 0.001150  [  320/ 1575]
loss: 0.001782  [  480/ 1575]
loss: 0.001134  [  640/ 1575]
loss: 0.003480  [  800/ 1575]
loss: 0.001453  [  960/ 1575]
loss: 0.001641  [ 1120/ 1575]
loss: 0.002155  [ 1280/ 1575]
loss: 0.001443  [ 1440/ 1575]
Test Error: 
MSE: 35.891443
RMSE: 5.990947
MAE: 2.182488
R^2: 0.887791298966967
loss: 0.002483  [    0/ 1575]
loss: 0.002984  [  160/ 1575]
loss: 0.001507  [  320/ 1575]
loss: 0.001630  [  480/ 1575]
loss: 0.001322  [  640/ 1575]
loss: 0.001908  [  800/ 1575]
loss: 0.001411  [  960/ 1575]
loss: 0.002587  [ 1120/ 1575]
loss: 0.001818  [ 1280/ 1575]
loss: 0.001786  [ 1440/ 1575]
Test Error: 
MSE: 48.588059
RMSE: 6.970514
MAE: 2.390866
R^2: 0.8480974134033465
loss: 0.002383  [    0/ 1575]
loss: 0.001741  [  160/ 1575]
loss: 0.001558  [  320/ 1575]
loss: 0.001943  [  480/ 1575]
loss: 0.001763  [  640/ 1575]
loss: 0.001105  [  800/ 1575]
loss: 0.001329  [  960/ 1575]
loss: 0.001540  [ 1120/ 1575]
loss: 0.001550  [ 1280/ 1575]
loss: 0.000616  [ 1440/ 1575]
Test Error: 
MSE: 35.177746
RMSE: 5.931083
MAE: 2.171309
R^2: 0.8900225541437573
loss: 0.002111  [    0/ 1575]
loss: 0.003430  [  160/ 1575]
loss: 0.001662  [  320/ 1575]
loss: 0.001683  [  480/ 1575]
loss: 0.001498  [  640/ 1575]
loss: 0.001179  [  800/ 1575]
loss: 0.001465  [  960/ 1575]
loss: 0.001331  [ 1120/ 1575]
loss: 0.002232  [ 1280/ 1575]
loss: 0.002027  [ 1440/ 1575]
Test Error: 
MSE: 29.750850
RMSE: 5.454434
MAE: 2.101777
R^2: 0.9069888544772398
loss: 0.001374  [    0/ 1575]
loss: 0.001177  [  160/ 1575]
loss: 0.002132  [  320/ 1575]
loss: 0.001494  [  480/ 1575]
loss: 0.001122  [  640/ 1575]
loss: 0.001000  [  800/ 1575]
loss: 0.001787  [  960/ 1575]
loss: 0.001670  [ 1120/ 1575]
loss: 0.001656  [ 1280/ 1575]
loss: 0.001944  [ 1440/ 1575]
Test Error: 
MSE: 30.685555
RMSE: 5.539454
MAE: 2.112252
R^2: 0.9040666505438891
loss: 0.002170  [    0/ 1575]
loss: 0.001551  [  160/ 1575]
loss: 0.001325  [  320/ 1575]
loss: 0.001676  [  480/ 1575]
loss: 0.001219  [  640/ 1575]
loss: 0.001617  [  800/ 1575]
loss: 0.000797  [  960/ 1575]
loss: 0.001715  [ 1120/ 1575]
loss: 0.001537  [ 1280/ 1575]
loss: 0.001266  [ 1440/ 1575]
Test Error: 
MSE: 31.059170
RMSE: 5.573075
MAE: 2.107394
R^2: 0.9028986063784036
loss: 0.001622  [    0/ 1575]
loss: 0.001620  [  160/ 1575]
loss: 0.001477  [  320/ 1575]
loss: 0.001710  [  480/ 1575]
loss: 0.000736  [  640/ 1575]
loss: 0.002015  [  800/ 1575]
loss: 0.001697  [  960/ 1575]
loss: 0.001360  [ 1120/ 1575]
loss: 0.001500  [ 1280/ 1575]
loss: 0.002170  [ 1440/ 1575]
Test Error: 
MSE: 29.942877
RMSE: 5.472008
MAE: 2.096861
R^2: 0.9063885137225176
loss: 0.001468  [    0/ 1575]
loss: 0.001694  [  160/ 1575]
loss: 0.002149  [  320/ 1575]
loss: 0.001799  [  480/ 1575]
loss: 0.001129  [  640/ 1575]
loss: 0.001120  [  800/ 1575]
loss: 0.001807  [  960/ 1575]
loss: 0.001587  [ 1120/ 1575]
loss: 0.002177  [ 1280/ 1575]
loss: 0.001906  [ 1440/ 1575]
Test Error: 
MSE: 30.499834
RMSE: 5.522665
MAE: 2.105510
R^2: 0.9046472785132814
loss: 0.001582  [    0/ 1575]
loss: 0.001807  [  160/ 1575]
loss: 0.001614  [  320/ 1575]
loss: 0.001735  [  480/ 1575]
loss: 0.000899  [  640/ 1575]
loss: 0.001624  [  800/ 1575]
loss: 0.001499  [  960/ 1575]
loss: 0.001095  [ 1120/ 1575]
loss: 0.001701  [ 1280/ 1575]
loss: 0.002666  [ 1440/ 1575]
Test Error: 
MSE: 29.649832
RMSE: 5.445166
MAE: 2.097653
R^2: 0.9073046686596984
loss: 0.001493  [    0/ 1575]
loss: 0.000927  [  160/ 1575]
loss: 0.001734  [  320/ 1575]
loss: 0.001016  [  480/ 1575]
loss: 0.001509  [  640/ 1575]
loss: 0.001690  [  800/ 1575]
loss: 0.002401  [  960/ 1575]
loss: 0.001378  [ 1120/ 1575]
loss: 0.001395  [ 1280/ 1575]
loss: 0.001531  [ 1440/ 1575]
Test Error: 
MSE: 30.218068
RMSE: 5.497096
MAE: 2.107052
R^2: 0.9055281738561924
loss: 0.002847  [    0/ 1575]
loss: 0.001420  [  160/ 1575]
loss: 0.000863  [  320/ 1575]
loss: 0.001691  [  480/ 1575]
loss: 0.000852  [  640/ 1575]
loss: 0.001311  [  800/ 1575]
loss: 0.001413  [  960/ 1575]
loss: 0.001163  [ 1120/ 1575]
loss: 0.001598  [ 1280/ 1575]
loss: 0.001448  [ 1440/ 1575]
Test Error: 
MSE: 34.171894
RMSE: 5.845673
MAE: 2.155319
R^2: 0.8931671859879675
loss: 0.002504  [    0/ 1575]
loss: 0.001730  [  160/ 1575]
loss: 0.001276  [  320/ 1575]
loss: 0.001273  [  480/ 1575]
loss: 0.001862  [  640/ 1575]
loss: 0.001263  [  800/ 1575]
loss: 0.002228  [  960/ 1575]
loss: 0.002343  [ 1120/ 1575]
loss: 0.002380  [ 1280/ 1575]
loss: 0.002420  [ 1440/ 1575]
Test Error: 
MSE: 30.497102
RMSE: 5.522418
MAE: 2.113174
R^2: 0.9046558177522462
loss: 0.001400  [    0/ 1575]
loss: 0.000817  [  160/ 1575]
loss: 0.002610  [  320/ 1575]
loss: 0.001353  [  480/ 1575]
loss: 0.001591  [  640/ 1575]
loss: 0.001300  [  800/ 1575]
loss: 0.001785  [  960/ 1575]
loss: 0.001319  [ 1120/ 1575]
loss: 0.001564  [ 1280/ 1575]
loss: 0.001652  [ 1440/ 1575]
Test Error: 
MSE: 37.953735
RMSE: 6.160660
MAE: 2.244181
R^2: 0.8813438812820696
loss: 0.002061  [    0/ 1575]
loss: 0.001289  [  160/ 1575]
loss: 0.001846  [  320/ 1575]
loss: 0.001240  [  480/ 1575]
loss: 0.001695  [  640/ 1575]
loss: 0.001801  [  800/ 1575]
loss: 0.001620  [  960/ 1575]
loss: 0.001571  [ 1120/ 1575]
loss: 0.002202  [ 1280/ 1575]
loss: 0.001072  [ 1440/ 1575]
Test Error: 
MSE: 29.986652
RMSE: 5.476007
MAE: 2.101366
R^2: 0.9062516570272513
loss: 0.001758  [    0/ 1575]
loss: 0.001031  [  160/ 1575]
loss: 0.001621  [  320/ 1575]
loss: 0.001341  [  480/ 1575]
loss: 0.001441  [  640/ 1575]
loss: 0.001014  [  800/ 1575]
loss: 0.001915  [  960/ 1575]
loss: 0.001721  [ 1120/ 1575]
loss: 0.001213  [ 1280/ 1575]
loss: 0.001426  [ 1440/ 1575]
Test Error: 
MSE: 33.793264
RMSE: 5.813197
MAE: 2.169184
R^2: 0.8943509087821355
loss: 0.001692  [    0/ 1575]
loss: 0.000945  [  160/ 1575]
loss: 0.001426  [  320/ 1575]
loss: 0.001647  [  480/ 1575]
loss: 0.001757  [  640/ 1575]
loss: 0.001950  [  800/ 1575]
loss: 0.002148  [  960/ 1575]
loss: 0.002312  [ 1120/ 1575]
loss: 0.002348  [ 1280/ 1575]
loss: 0.002193  [ 1440/ 1575]
Test Error: 
MSE: 30.500780
RMSE: 5.522751
MAE: 2.099465
R^2: 0.904644319571966
loss: 0.001845  [    0/ 1575]
loss: 0.001811  [  160/ 1575]
loss: 0.000948  [  320/ 1575]
loss: 0.001460  [  480/ 1575]
loss: 0.000884  [  640/ 1575]
loss: 0.002351  [  800/ 1575]
loss: 0.002047  [  960/ 1575]
loss: 0.001379  [ 1120/ 1575]
loss: 0.001878  [ 1280/ 1575]
loss: 0.002258  [ 1440/ 1575]
Test Error: 
MSE: 35.623545
RMSE: 5.968546
MAE: 2.200153
R^2: 0.8886288374272339
loss: 0.001583  [    0/ 1575]
loss: 0.001827  [  160/ 1575]
loss: 0.001831  [  320/ 1575]
loss: 0.001217  [  480/ 1575]
loss: 0.002033  [  640/ 1575]
loss: 0.001181  [  800/ 1575]
loss: 0.001068  [  960/ 1575]
loss: 0.001391  [ 1120/ 1575]
loss: 0.001539  [ 1280/ 1575]
loss: 0.001393  [ 1440/ 1575]
Test Error: 
MSE: 31.040596
RMSE: 5.571409
MAE: 2.113980
R^2: 0.9029566736990313
loss: 0.001204  [    0/ 1575]
loss: 0.000767  [  160/ 1575]
loss: 0.001415  [  320/ 1575]
loss: 0.001716  [  480/ 1575]
loss: 0.001415  [  640/ 1575]
loss: 0.001369  [  800/ 1575]
loss: 0.001525  [  960/ 1575]
loss: 0.001227  [ 1120/ 1575]
loss: 0.001314  [ 1280/ 1575]
loss: 0.001633  [ 1440/ 1575]
Test Error: 
MSE: 29.964237
RMSE: 5.473960
MAE: 2.102745
R^2: 0.9063217334349548
loss: 0.001238  [    0/ 1575]
loss: 0.000761  [  160/ 1575]
loss: 0.001845  [  320/ 1575]
loss: 0.001448  [  480/ 1575]
loss: 0.001262  [  640/ 1575]
loss: 0.001189  [  800/ 1575]
loss: 0.001525  [  960/ 1575]
loss: 0.001127  [ 1120/ 1575]
loss: 0.001297  [ 1280/ 1575]
loss: 0.001092  [ 1440/ 1575]
Test Error: 
MSE: 31.994033
RMSE: 5.656327
MAE: 2.139464
R^2: 0.8999759089816113
loss: 0.001137  [    0/ 1575]
loss: 0.001915  [  160/ 1575]
loss: 0.001905  [  320/ 1575]
loss: 0.001298  [  480/ 1575]
loss: 0.001434  [  640/ 1575]
loss: 0.001061  [  800/ 1575]
loss: 0.001598  [  960/ 1575]
loss: 0.001345  [ 1120/ 1575]
loss: 0.001881  [ 1280/ 1575]
loss: 0.001339  [ 1440/ 1575]
Test Error: 
MSE: 30.986413
RMSE: 5.566544
MAE: 2.110459
R^2: 0.9031260670303065
loss: 0.001504  [    0/ 1575]
loss: 0.001608  [  160/ 1575]
loss: 0.001221  [  320/ 1575]
loss: 0.001629  [  480/ 1575]
loss: 0.000940  [  640/ 1575]
loss: 0.001269  [  800/ 1575]
loss: 0.002548  [  960/ 1575]
loss: 0.000747  [ 1120/ 1575]
loss: 0.001764  [ 1280/ 1575]
loss: 0.001128  [ 1440/ 1575]
Test Error: 
MSE: 29.688464
RMSE: 5.448712
MAE: 2.094134
R^2: 0.9071838919539699
loss: 0.001329  [    0/ 1575]
loss: 0.001680  [  160/ 1575]
loss: 0.001532  [  320/ 1575]
loss: 0.000996  [  480/ 1575]
loss: 0.001281  [  640/ 1575]
loss: 0.001604  [  800/ 1575]
loss: 0.001631  [  960/ 1575]
loss: 0.001327  [ 1120/ 1575]
loss: 0.001369  [ 1280/ 1575]
loss: 0.001319  [ 1440/ 1575]
Test Error: 
MSE: 32.127027
RMSE: 5.668071
MAE: 2.147260
R^2: 0.8995601251072378
loss: 0.002190  [    0/ 1575]
loss: 0.000967  [  160/ 1575]
loss: 0.001274  [  320/ 1575]
loss: 0.001025  [  480/ 1575]
loss: 0.001271  [  640/ 1575]
loss: 0.001397  [  800/ 1575]
loss: 0.001337  [  960/ 1575]
loss: 0.001311  [ 1120/ 1575]
loss: 0.001487  [ 1280/ 1575]
loss: 0.001628  [ 1440/ 1575]
Test Error: 
MSE: 33.449542
RMSE: 5.783558
MAE: 2.148074
R^2: 0.8954255001612399
loss: 0.002740  [    0/ 1575]
loss: 0.002324  [  160/ 1575]
loss: 0.002133  [  320/ 1575]
loss: 0.001231  [  480/ 1575]
loss: 0.000610  [  640/ 1575]
loss: 0.001097  [  800/ 1575]
loss: 0.001866  [  960/ 1575]
loss: 0.001300  [ 1120/ 1575]
loss: 0.002231  [ 1280/ 1575]
loss: 0.001331  [ 1440/ 1575]
Test Error: 
MSE: 31.407278
RMSE: 5.604220
MAE: 2.130764
R^2: 0.9018103030194441
loss: 0.001053  [    0/ 1575]
loss: 0.001151  [  160/ 1575]
loss: 0.001898  [  320/ 1575]
loss: 0.001588  [  480/ 1575]
loss: 0.001521  [  640/ 1575]
loss: 0.001159  [  800/ 1575]
loss: 0.001668  [  960/ 1575]
loss: 0.001019  [ 1120/ 1575]
loss: 0.001153  [ 1280/ 1575]
loss: 0.001345  [ 1440/ 1575]
Test Error: 
MSE: 31.938372
RMSE: 5.651404
MAE: 2.141093
R^2: 0.9001499253452586
loss: 0.001370  [    0/ 1575]
loss: 0.001575  [  160/ 1575]
loss: 0.000827  [  320/ 1575]
loss: 0.001178  [  480/ 1575]
loss: 0.001050  [  640/ 1575]
loss: 0.001278  [  800/ 1575]
loss: 0.001581  [  960/ 1575]
loss: 0.001864  [ 1120/ 1575]
loss: 0.000855  [ 1280/ 1575]
loss: 0.001949  [ 1440/ 1575]
Test Error: 
MSE: 30.655510
RMSE: 5.536742
MAE: 2.109556
R^2: 0.90416058343435
loss: 0.001534  [    0/ 1575]
loss: 0.000855  [  160/ 1575]
loss: 0.001335  [  320/ 1575]
loss: 0.002076  [  480/ 1575]
loss: 0.001564  [  640/ 1575]
loss: 0.001810  [  800/ 1575]
loss: 0.001137  [  960/ 1575]
loss: 0.001338  [ 1120/ 1575]
loss: 0.002372  [ 1280/ 1575]
loss: 0.002081  [ 1440/ 1575]
Test Error: 
MSE: 31.114649
RMSE: 5.578051
MAE: 2.117913
R^2: 0.9027251588839628
loss: 0.001211  [    0/ 1575]
loss: 0.001356  [  160/ 1575]
loss: 0.001350  [  320/ 1575]
loss: 0.001201  [  480/ 1575]
loss: 0.001173  [  640/ 1575]
loss: 0.001494  [  800/ 1575]
loss: 0.001339  [  960/ 1575]
loss: 0.001260  [ 1120/ 1575]
loss: 0.001321  [ 1280/ 1575]
loss: 0.001099  [ 1440/ 1575]
Test Error: 
MSE: 41.975559
RMSE: 6.478855
MAE: 2.306079
R^2: 0.8687703067847337
loss: 0.001185  [    0/ 1575]
loss: 0.002915  [  160/ 1575]
loss: 0.001476  [  320/ 1575]
loss: 0.001513  [  480/ 1575]
loss: 0.000822  [  640/ 1575]
loss: 0.003355  [  800/ 1575]
loss: 0.001523  [  960/ 1575]
loss: 0.001611  [ 1120/ 1575]
loss: 0.001813  [ 1280/ 1575]
loss: 0.001193  [ 1440/ 1575]
Test Error: 
MSE: 30.653427
RMSE: 5.536554
MAE: 2.117444
R^2: 0.9041670943048842
loss: 0.001483  [    0/ 1575]
loss: 0.001768  [  160/ 1575]
loss: 0.001289  [  320/ 1575]
loss: 0.000983  [  480/ 1575]
loss: 0.001113  [  640/ 1575]
loss: 0.001600  [  800/ 1575]
loss: 0.001658  [  960/ 1575]
loss: 0.001956  [ 1120/ 1575]
loss: 0.001355  [ 1280/ 1575]
loss: 0.001999  [ 1440/ 1575]
Test Error: 
MSE: 40.889629
RMSE: 6.394500
MAE: 2.281683
R^2: 0.8721652912636817
loss: 0.002457  [    0/ 1575]
loss: 0.002009  [  160/ 1575]
loss: 0.001597  [  320/ 1575]
loss: 0.001266  [  480/ 1575]
loss: 0.001424  [  640/ 1575]
loss: 0.001329  [  800/ 1575]
loss: 0.001246  [  960/ 1575]
loss: 0.001505  [ 1120/ 1575]
loss: 0.001445  [ 1280/ 1575]
loss: 0.001320  [ 1440/ 1575]
Test Error: 
MSE: 31.054340
RMSE: 5.572642
MAE: 2.127793
R^2: 0.9029137049001587
loss: 0.001200  [    0/ 1575]
loss: 0.000976  [  160/ 1575]
loss: 0.001126  [  320/ 1575]
loss: 0.001513  [  480/ 1575]
loss: 0.001339  [  640/ 1575]
loss: 0.001307  [  800/ 1575]
loss: 0.000766  [  960/ 1575]
loss: 0.001959  [ 1120/ 1575]
loss: 0.001765  [ 1280/ 1575]
loss: 0.001149  [ 1440/ 1575]
Test Error: 
MSE: 30.461598
RMSE: 5.519203
MAE: 2.106542
R^2: 0.9047668176913202
loss: 0.001414  [    0/ 1575]
loss: 0.001222  [  160/ 1575]
loss: 0.001113  [  320/ 1575]
loss: 0.001505  [  480/ 1575]
loss: 0.001312  [  640/ 1575]
loss: 0.001653  [  800/ 1575]
loss: 0.001083  [  960/ 1575]
loss: 0.001144  [ 1120/ 1575]
loss: 0.002095  [ 1280/ 1575]
loss: 0.001448  [ 1440/ 1575]
Test Error: 
MSE: 36.435605
RMSE: 6.036191
MAE: 2.223847
R^2: 0.8860900649071489
loss: 0.001053  [    0/ 1575]
loss: 0.001478  [  160/ 1575]
loss: 0.002468  [  320/ 1575]
loss: 0.001447  [  480/ 1575]
loss: 0.001544  [  640/ 1575]
loss: 0.001580  [  800/ 1575]
loss: 0.001307  [  960/ 1575]
loss: 0.001010  [ 1120/ 1575]
loss: 0.001669  [ 1280/ 1575]
loss: 0.001881  [ 1440/ 1575]
Test Error: 
MSE: 42.130483
RMSE: 6.490800
MAE: 2.304487
R^2: 0.8682859643847071
loss: 0.002369  [    0/ 1575]
loss: 0.000840  [  160/ 1575]
loss: 0.001141  [  320/ 1575]
loss: 0.002726  [  480/ 1575]
loss: 0.002104  [  640/ 1575]
loss: 0.001801  [  800/ 1575]
loss: 0.001727  [  960/ 1575]
loss: 0.001521  [ 1120/ 1575]
loss: 0.001100  [ 1280/ 1575]
loss: 0.000991  [ 1440/ 1575]
Test Error: 
MSE: 43.457698
RMSE: 6.592245
MAE: 2.321369
R^2: 0.8641366451217236
loss: 0.001700  [    0/ 1575]
loss: 0.002755  [  160/ 1575]
loss: 0.001653  [  320/ 1575]
loss: 0.000656  [  480/ 1575]
loss: 0.000880  [  640/ 1575]
loss: 0.001570  [  800/ 1575]
loss: 0.001800  [  960/ 1575]
loss: 0.000929  [ 1120/ 1575]
loss: 0.000744  [ 1280/ 1575]
loss: 0.001151  [ 1440/ 1575]
Test Error: 
MSE: 34.142414
RMSE: 5.843151
MAE: 2.179331
R^2: 0.8932593484443885
loss: 0.001695  [    0/ 1575]
loss: 0.001762  [  160/ 1575]
loss: 0.001114  [  320/ 1575]
loss: 0.001219  [  480/ 1575]
loss: 0.001467  [  640/ 1575]
loss: 0.001478  [  800/ 1575]
loss: 0.000834  [  960/ 1575]
loss: 0.001541  [ 1120/ 1575]
loss: 0.001990  [ 1280/ 1575]
loss: 0.003175  [ 1440/ 1575]
Test Error: 
MSE: 30.704762
RMSE: 5.541188
MAE: 2.125184
R^2: 0.9040066025524699
loss: 0.001163  [    0/ 1575]
loss: 0.001645  [  160/ 1575]
loss: 0.001665  [  320/ 1575]
loss: 0.001423  [  480/ 1575]
loss: 0.001419  [  640/ 1575]
loss: 0.001939  [  800/ 1575]
loss: 0.001501  [  960/ 1575]
loss: 0.001791  [ 1120/ 1575]
loss: 0.001163  [ 1280/ 1575]
